[{"Plan": {"Node Type": "Limit", "Parallel Aware": false, "Async Capable": false, "Startup Cost": 234494.85, "Total Cost": 369878711.61, "Plan Rows": 11, "Plan Width": 100, "Actual Startup Time": 4470.931, "Actual Total Time": 4491.187, "Actual Rows": 1, "Actual Loops": 1, "Plans": [{"Node Type": "Aggregate", "Strategy": "Sorted", "Partial Mode": "Simple", "Parent Relationship": "Outer", "Parallel Aware": false, "Async Capable": false, "Startup Cost": 234494.85, "Total Cost": 369878711.61, "Plan Rows": 11, "Plan Width": 100, "Actual Startup Time": 4470.93, "Actual Total Time": 4491.186, "Actual Rows": 1, "Actual Loops": 1, "Group Key": ["customer_demographics.cd_gender", "customer_demographics.cd_marital_status", "customer_demographics.cd_education_status", "customer_demographics.cd_purchase_estimate", "customer_demographics.cd_credit_rating", "customer_demographics.cd_dep_count", "customer_demographics.cd_dep_employed_count", "customer_demographics.cd_dep_college_count"], "Plans": [{"Node Type": "Nested Loop", "Parent Relationship": "Outer", "Parallel Aware": false, "Async Capable": false, "Join Type": "Inner", "Startup Cost": 234494.85, "Total Cost": 369878711.25, "Plan Rows": 11, "Plan Width": 52, "Actual Startup Time": 3900.739, "Actual Total Time": 4491.177, "Actual Rows": 1, "Actual Loops": 1, "Inner Unique": false, "Join Filter": "(c.c_current_cdemo_sk = customer_demographics.cd_demo_sk)", "Rows Removed by Join Filter": 1920799, "Plans": [{"Node Type": "Gather Merge", "Parent Relationship": "Outer", "Parallel Aware": false, "Async Capable": false, "Startup Cost": 164016.97, "Total Cost": 387725.78, "Plan Rows": 1920800, "Plan Width": 56, "Actual Startup Time": 2658.822, "Actual Total Time": 3984.306, "Actual Rows": 1920800, "Actual Loops": 1, "Workers Planned": 2, "Workers Launched": 2, "Plans": [{"Node Type": "Sort", "Parent Relationship": "Outer", "Parallel Aware": false, "Async Capable": false, "Startup Cost": 163016.95, "Total Cost": 165017.78, "Plan Rows": 800333, "Plan Width": 56, "Actual Startup Time": 2629.159, "Actual Total Time": 3414.874, "Actual Rows": 640267, "Actual Loops": 3, "Sort Key": ["customer_demographics.cd_gender", "customer_demographics.cd_marital_status", "customer_demographics.cd_education_status", "customer_demographics.cd_purchase_estimate", "customer_demographics.cd_credit_rating", "customer_demographics.cd_dep_count", "customer_demographics.cd_dep_employed_count", "customer_demographics.cd_dep_college_count"], "Sort Method": "external merge", "Sort Space Used": 44208, "Sort Space Type": "Disk", "Workers": [{"Worker Number": 0, "Sort Method": "external merge", "Sort Space Used": 42928, "Sort Space Type": "Disk"}, {"Worker Number": 1, "Sort Method": "external merge", "Sort Space Used": 44464, "Sort Space Type": "Disk"}], "Plans": [{"Node Type": "Seq Scan", "Parent Relationship": "Outer", "Parallel Aware": true, "Async Capable": false, "Relation Name": "customer_demographics", "Alias": "customer_demographics", "Startup Cost": 0.0, "Total Cost": 29831.33, "Plan Rows": 800333, "Plan Width": 56, "Actual Startup Time": 0.03, "Actual Total Time": 67.106, "Actual Rows": 640267, "Actual Loops": 3, "Workers": []}]}]}, {"Node Type": "Materialize", "Parent Relationship": "Inner", "Parallel Aware": false, "Async Capable": false, "Startup Cost": 70477.87, "Total Cost": 369174053.5, "Plan Rows": 11, "Plan Width": 4, "Actual Startup Time": 0.0, "Actual Total Time": 0.0, "Actual Rows": 1, "Actual Loops": 1920800, "Plans": [{"Node Type": "Nested Loop", "Parent Relationship": "Outer", "Parallel Aware": false, "Async Capable": false, "Join Type": "Inner", "Startup Cost": 70477.87, "Total Cost": 369174053.44, "Plan Rows": 11, "Plan Width": 4, "Actual Startup Time": 280.926, "Actual Total Time": 292.22, "Actual Rows": 1, "Actual Loops": 1, "Inner Unique": true, "Plans": [{"Node Type": "Nested Loop", "Parent Relationship": "Outer", "Parallel Aware": false, "Async Capable": false, "Join Type": "Inner", "Startup Cost": 70477.58, "Total Cost": 369172804.19, "Plan Rows": 3295, "Plan Width": 8, "Actual Startup Time": 278.65, "Actual Total Time": 290.679, "Actual Rows": 726, "Actual Loops": 1, "Inner Unique": true, "Plans": [{"Node Type": "Aggregate", "Strategy": "Hashed", "Partial Mode": "Simple", "Parent Relationship": "Outer", "Parallel Aware": false, "Async Capable": false, "Startup Cost": 70477.29, "Total Cost": 70523.26, "Plan Rows": 4597, "Plan Width": 4, "Actual Startup Time": 120.257, "Actual Total Time": 120.891, "Actual Rows": 8709, "Actual Loops": 1, "Group Key": ["store_sales.ss_customer_sk"], "Planned Partitions": 0, "HashAgg Batches": 1, "Peak Memory Usage": 913, "Disk Usage": 0, "Plans": [{"Node Type": "Gather", "Parent Relationship": "Outer", "Parallel Aware": false, "Async Capable": false, "Startup Cost": 3157.88, "Total Cost": 70465.8, "Plan Rows": 4597, "Plan Width": 4, "Actual Startup Time": 3.963, "Actual Total Time": 112.861, "Actual Rows": 104446, "Actual Loops": 1, "Workers Planned": 2, "Workers Launched": 2, "Single Copy": false, "Plans": [{"Node Type": "Hash Join", "Parent Relationship": "Outer", "Parallel Aware": true, "Async Capable": false, "Join Type": "Inner", "Startup Cost": 2157.88, "Total Cost": 69006.1, "Plan Rows": 1915, "Plan Width": 4, "Actual Startup Time": 2.221, "Actual Total Time": 110.654, "Actual Rows": 34815, "Actual Loops": 3, "Inner Unique": true, "Hash Cond": "(store_sales.ss_sold_date_sk = date_dim.d_date_sk)", "Workers": [], "Plans": [{"Node Type": "Seq Scan", "Parent Relationship": "Outer", "Parallel Aware": true, "Async Capable": false, "Relation Name": "store_sales", "Alias": "store_sales", "Startup Cost": 0.0, "Total Cost": 63697.62, "Plan Rows": 1200162, "Plan Width": 8, "Actual Startup Time": 0.044, "Actual Total Time": 57.958, "Actual Rows": 960135, "Actual Loops": 3, "Workers": []}, {"Node Type": "Hash", "Parent Relationship": "Inner", "Parallel Aware": true, "Async Capable": false, "Startup Cost": 2156.97, "Total Cost": 2156.97, "Plan Rows": 72, "Plan Width": 4, "Actual Startup Time": 1.992, "Actual Total Time": 1.993, "Actual Rows": 41, "Actual Loops": 3, "Hash Buckets": 1024, "Original Hash Buckets": 1024, "Hash Batches": 1, "Original Hash Batches": 1, "Peak Memory Usage": 72, "Workers": [], "Plans": [{"Node Type": "Seq Scan", "Parent Relationship": "Outer", "Parallel Aware": true, "Async Capable": false, "Relation Name": "date_dim", "Alias": "date_dim", "Startup Cost": 0.0, "Total Cost": 2156.97, "Plan Rows": 72, "Plan Width": 4, "Actual Startup Time": 1.216, "Actual Total Time": 1.962, "Actual Rows": 41, "Actual Loops": 3, "Filter": "((d_moy >= 3) AND (d_moy <= 6) AND (d_year = 2001))", "Rows Removed by Filter": 24309, "Workers": []}]}]}]}]}, {"Node Type": "Index Scan", "Parent Relationship": "Inner", "Parallel Aware": false, "Async Capable": false, "Scan Direction": "Forward", "Index Name": "customer_pkey", "Relation Name": "customer", "Alias": "c", "Startup Cost": 0.29, "Total Cost": 83538.81, "Plan Rows": 1, "Plan Width": 12, "Actual Startup Time": 0.019, "Actual Total Time": 0.019, "Actual Rows": 0, "Actual Loops": 8709, "Index Cond": "(c_customer_sk = store_sales.ss_customer_sk)", "Rows Removed by Index Recheck": 0, "Filter": "((hashed SubPlan 2) OR (hashed SubPlan 4))", "Rows Removed by Filter": 1, "Plans": [{"Node Type": "Gather", "Parent Relationship": "SubPlan", "Subplan Name": "SubPlan 2", "Parallel Aware": false, "Async Capable": false, "Startup Cost": 3157.88, "Total Cost": 25829.28, "Plan Rows": 1201, "Plan Width": 4, "Actual Startup Time": 3.616, "Actual Total Time": 34.16, "Actual Rows": 28575, "Actual Loops": 1, "Workers Planned": 2, "Workers Launched": 2, "Single Copy": false, "Plans": [{"Node Type": "Hash Join", "Parent Relationship": "Outer", "Parallel Aware": true, "Async Capable": false, "Join Type": "Inner", "Startup Cost": 2157.88, "Total Cost": 24709.18, "Plan Rows": 500, "Plan Width": 4, "Actual Startup Time": 2.106, "Actual Total Time": 32.4, "Actual Rows": 9525, "Actual Loops": 3, "Inner Unique": true, "Hash Cond": "(web_sales.ws_sold_date_sk = date_dim_1.d_date_sk)", "Workers": [], "Plans": [{"Node Type": "Seq Scan", "Parent Relationship": "Outer", "Parallel Aware": true, "Async Capable": false, "Relation Name": "web_sales", "Alias": "web_sales", "Startup Cost": 0.0, "Total Cost": 21764.43, "Plan Rows": 299743, "Plan Width": 8, "Actual Startup Time": 0.04, "Actual Total Time": 17.706, "Actual Rows": 239795, "Actual Loops": 3, "Workers": []}, {"Node Type": "Hash", "Parent Relationship": "Inner", "Parallel Aware": true, "Async Capable": false, "Startup Cost": 2156.97, "Total Cost": 2156.97, "Plan Rows": 72, "Plan Width": 4, "Actual Startup Time": 1.917, "Actual Total Time": 1.917, "Actual Rows": 41, "Actual Loops": 3, "Hash Buckets": 1024, "Original Hash Buckets": 1024, "Hash Batches": 1, "Original Hash Batches": 1, "Peak Memory Usage": 104, "Workers": [], "Plans": [{"Node Type": "Seq Scan", "Parent Relationship": "Outer", "Parallel Aware": true, "Async Capable": false, "Relation Name": "date_dim", "Alias": "date_dim_1", "Startup Cost": 0.0, "Total Cost": 2156.97, "Plan Rows": 72, "Plan Width": 4, "Actual Startup Time": 0.859, "Actual Total Time": 1.886, "Actual Rows": 41, "Actual Loops": 3, "Filter": "((d_moy >= 3) AND (d_moy <= 6) AND (d_year = 2001))", "Rows Removed by Filter": 24309, "Workers": []}]}]}]}, {"Node Type": "Gather", "Parent Relationship": "SubPlan", "Subplan Name": "SubPlan 4", "Parallel Aware": false, "Async Capable": false, "Startup Cost": 3157.88, "Total Cost": 48386.12, "Plan Rows": 2397, "Plan Width": 4, "Actual Startup Time": 81.798, "Actual Total Time": 118.328, "Actual Rows": 55039, "Actual Loops": 1, "Workers Planned": 2, "Workers Launched": 2, "Single Copy": false, "Plans": [{"Node Type": "Hash Join", "Parent Relationship": "Outer", "Parallel Aware": true, "Async Capable": false, "Join Type": "Inner", "Startup Cost": 2157.88, "Total Cost": 47146.42, "Plan Rows": 999, "Plan Width": 4, "Actual Startup Time": 80.231, "Actual Total Time": 113.509, "Actual Rows": 18346, "Actual Loops": 3, "Inner Unique": true, "Hash Cond": "(catalog_sales.cs_sold_date_sk = date_dim_2.d_date_sk)", "Workers": [], "Plans": [{"Node Type": "Seq Scan", "Parent Relationship": "Outer", "Parallel Aware": true, "Async Capable": false, "Relation Name": "catalog_sales", "Alias": "catalog_sales", "Startup Cost": 0.0, "Total Cost": 43411.7, "Plan Rows": 600670, "Plan Width": 8, "Actual Startup Time": 0.021, "Actual Total Time": 64.289, "Actual Rows": 480516, "Actual Loops": 3, "Workers": []}, {"Node Type": "Hash", "Parent Relationship": "Inner", "Parallel Aware": true, "Async Capable": false, "Startup Cost": 2156.97, "Total Cost": 2156.97, "Plan Rows": 72, "Plan Width": 4, "Actual Startup Time": 1.898, "Actual Total Time": 1.898, "Actual Rows": 41, "Actual Loops": 3, "Hash Buckets": 1024, "Original Hash Buckets": 1024, "Hash Batches": 1, "Original Hash Batches": 1, "Peak Memory Usage": 104, "Workers": [], "Plans": [{"Node Type": "Seq Scan", "Parent Relationship": "Outer", "Parallel Aware": true, "Async Capable": false, "Relation Name": "date_dim", "Alias": "date_dim_2", "Startup Cost": 0.0, "Total Cost": 2156.97, "Plan Rows": 72, "Plan Width": 4, "Actual Startup Time": 0.853, "Actual Total Time": 1.858, "Actual Rows": 41, "Actual Loops": 3, "Filter": "((d_moy >= 3) AND (d_moy <= 6) AND (d_year = 2001))", "Rows Removed by Filter": 24309, "Workers": []}]}]}]}]}]}, {"Node Type": "Index Scan", "Parent Relationship": "Inner", "Parallel Aware": false, "Async Capable": false, "Scan Direction": "Forward", "Index Name": "customer_address_pkey", "Relation Name": "customer_address", "Alias": "ca", "Startup Cost": 0.29, "Total Cost": 0.38, "Plan Rows": 1, "Plan Width": 4, "Actual Startup Time": 0.002, "Actual Total Time": 0.002, "Actual Rows": 0, "Actual Loops": 726, "Index Cond": "(ca_address_sk = c.c_current_addr_sk)", "Rows Removed by Index Recheck": 0, "Filter": "((ca_county)::text = ANY ('{\"Fairfield County\",\"Campbell County\",\"Washtenaw County\",\"Escambia County\",\"Cleburne County\"}'::text[]))", "Rows Removed by Filter": 1}]}]}]}]}]}, "Planning Time": 0.443, "Triggers": [], "Execution Time": 4510.362}]