[{"Plan": {"Node Type": "Limit", "Parallel Aware": false, "Async Capable": false, "Startup Cost": 25669.05, "Total Cost": 25669.3, "Plan Rows": 100, "Plan Width": 291, "Actual Startup Time": 56.562, "Actual Total Time": 56.609, "Actual Rows": 100, "Actual Loops": 1, "Plans": [{"Node Type": "Sort", "Parent Relationship": "Outer", "Parallel Aware": false, "Async Capable": false, "Startup Cost": 25669.05, "Total Cost": 25669.3, "Plan Rows": 100, "Plan Width": 291, "Actual Startup Time": 56.562, "Actual Total Time": 56.605, "Actual Rows": 100, "Actual Loops": 1, "Sort Key": ["item.i_category", "item.i_class", "item.i_item_id", "item.i_item_desc", "((((sum(web_sales.ws_ext_sales_price)) * '100'::numeric) / sum((sum(web_sales.ws_ext_sales_price))) OVER (?)))"], "Sort Method": "top-N heapsort", "Sort Space Used": 100, "Sort Space Type": "Memory", "Plans": [{"Node Type": "WindowAgg", "Parent Relationship": "Outer", "Parallel Aware": false, "Async Capable": false, "Startup Cost": 25663.48, "Total Cost": 25665.73, "Plan Rows": 100, "Plan Width": 291, "Actual Startup Time": 54.152, "Actual Total Time": 55.091, "Actual Rows": 1553, "Actual Loops": 1, "Plans": [{"Node Type": "Sort", "Parent Relationship": "Outer", "Parallel Aware": false, "Async Capable": false, "Startup Cost": 25663.48, "Total Cost": 25663.73, "Plan Rows": 100, "Plan Width": 259, "Actual Startup Time": 54.118, "Actual Total Time": 54.215, "Actual Rows": 1553, "Actual Loops": 1, "Sort Key": ["item.i_class"], "Sort Method": "quicksort", "Sort Space Used": 645, "Sort Space Type": "Memory", "Plans": [{"Node Type": "Aggregate", "Strategy": "Sorted", "Partial Mode": "Finalize", "Parent Relationship": "Outer", "Parallel Aware": false, "Async Capable": false, "Startup Cost": 25646.48, "Total Cost": 25660.16, "Plan Rows": 100, "Plan Width": 259, "Actual Startup Time": 48.793, "Actual Total Time": 52.178, "Actual Rows": 1553, "Actual Loops": 1, "Group Key": ["item.i_item_id", "item.i_item_desc", "item.i_category", "item.i_class", "item.i_current_price"], "Plans": [{"Node Type": "Gather Merge", "Parent Relationship": "Outer", "Parallel Aware": false, "Async Capable": false, "Startup Cost": 25646.48, "Total Cost": 25657.44, "Plan Rows": 84, "Plan Width": 259, "Actual Startup Time": 48.786, "Actual Total Time": 51.224, "Actual Rows": 1975, "Actual Loops": 1, "Workers Planned": 2, "Workers Launched": 2, "Plans": [{"Node Type": "Aggregate", "Strategy": "Sorted", "Partial Mode": "Partial", "Parent Relationship": "Outer", "Parallel Aware": false, "Async Capable": false, "Startup Cost": 24646.46, "Total Cost": 24647.72, "Plan Rows": 42, "Plan Width": 259, "Actual Startup Time": 46.494, "Actual Total Time": 46.863, "Actual Rows": 658, "Actual Loops": 3, "Group Key": ["item.i_item_id", "item.i_item_desc", "item.i_category", "item.i_class", "item.i_current_price"], "Workers": [], "Plans": [{"Node Type": "Sort", "Parent Relationship": "Outer", "Parallel Aware": false, "Async Capable": false, "Startup Cost": 24646.46, "Total Cost": 24646.56, "Plan Rows": 42, "Plan Width": 233, "Actual Startup Time": 46.484, "Actual Total Time": 46.508, "Actual Rows": 755, "Actual Loops": 3, "Sort Key": ["item.i_item_id", "item.i_item_desc", "item.i_category", "item.i_class", "item.i_current_price"], "Sort Method": "quicksort", "Sort Space Used": 293, "Sort Space Type": "Memory", "Workers": [{"Worker Number": 0, "Sort Method": "quicksort", "Sort Space Used": 304, "Sort Space Type": "Memory"}, {"Worker Number": 1, "Sort Method": "quicksort", "Sort Space Used": 341, "Sort Space Type": "Memory"}], "Plans": [{"Node Type": "Nested Loop", "Parent Relationship": "Outer", "Parallel Aware": false, "Async Capable": false, "Join Type": "Inner", "Startup Cost": 2050.09, "Total Cost": 24645.33, "Plan Rows": 42, "Plan Width": 233, "Actual Startup Time": 3.284, "Actual Total Time": 42.933, "Actual Rows": 755, "Actual Loops": 3, "Inner Unique": true, "Workers": [], "Plans": [{"Node Type": "Hash Join", "Parent Relationship": "Outer", "Parallel Aware": true, "Async Capable": false, "Join Type": "Inner", "Startup Cost": 2049.8, "Total Cost": 24601.1, "Plan Rows": 140, "Plan Width": 10, "Actual Startup Time": 3.226, "Actual Total Time": 37.436, "Actual Rows": 2485, "Actual Loops": 3, "Inner Unique": true, "Hash Cond": "(web_sales.ws_sold_date_sk = date_dim.d_date_sk)", "Workers": [], "Plans": [{"Node Type": "Seq Scan", "Parent Relationship": "Outer", "Parallel Aware": true, "Async Capable": false, "Relation Name": "web_sales", "Alias": "web_sales", "Startup Cost": 0.0, "Total Cost": 21764.43, "Plan Rows": 299743, "Plan Width": 14, "Actual Startup Time": 0.035, "Actual Total Time": 21.366, "Actual Rows": 239795, "Actual Loops": 3, "Workers": []}, {"Node Type": "Hash", "Parent Relationship": "Inner", "Parallel Aware": true, "Async Capable": false, "Startup Cost": 2049.55, "Total Cost": 2049.55, "Plan Rows": 20, "Plan Width": 4, "Actual Startup Time": 3.083, "Actual Total Time": 3.083, "Actual Rows": 10, "Actual Loops": 3, "Hash Buckets": 1024, "Original Hash Buckets": 1024, "Hash Batches": 1, "Original Hash Batches": 1, "Peak Memory Usage": 72, "Workers": [], "Plans": [{"Node Type": "Seq Scan", "Parent Relationship": "Outer", "Parallel Aware": true, "Async Capable": false, "Relation Name": "date_dim", "Alias": "date_dim", "Startup Cost": 0.0, "Total Cost": 2049.55, "Plan Rows": 20, "Plan Width": 4, "Actual Startup Time": 1.786, "Actual Total Time": 3.063, "Actual Rows": 10, "Actual Loops": 3, "Filter": "((d_date >= '2001-06-15'::date) AND (d_date <= '2001-07-15 00:00:00'::timestamp without time zone))", "Rows Removed by Filter": 24339, "Workers": []}]}]}, {"Node Type": "Index Scan", "Parent Relationship": "Inner", "Parallel Aware": false, "Async Capable": false, "Scan Direction": "Forward", "Index Name": "item_pkey", "Relation Name": "item", "Alias": "item", "Startup Cost": 0.29, "Total Cost": 0.32, "Plan Rows": 1, "Plan Width": 231, "Actual Startup Time": 0.002, "Actual Total Time": 0.002, "Actual Rows": 0, "Actual Loops": 7455, "Index Cond": "(i_item_sk = web_sales.ws_item_sk)", "Rows Removed by Index Recheck": 0, "Filter": "(i_category = ANY ('{Men,Books,Electronics}'::bpchar[]))", "Rows Removed by Filter": 1, "Workers": []}]}]}]}]}]}]}]}]}]}, "Planning Time": 0.247, "Triggers": [], "Execution Time": 56.687}]