[{"Plan": {"Node Type": "Limit", "Parallel Aware": false, "Async Capable": false, "Startup Cost": 305346.84, "Total Cost": 305347.08, "Plan Rows": 13, "Plan Width": 108, "Actual Startup Time": 15545.403, "Actual Total Time": 15545.775, "Actual Rows": 100, "Actual Loops": 1, "Plans": [{"Node Type": "Hash Join", "Parent Relationship": "InitPlan", "Subplan Name": "CTE cross_items", "Parallel Aware": false, "Async Capable": false, "Join Type": "Inner", "Startup Cost": 159909.49, "Total Cost": 161461.24, "Plan Rows": 1, "Plan Width": 4, "Actual Startup Time": 890.12, "Actual Total Time": 895.839, "Actual Rows": 16193, "Actual Loops": 1, "Inner Unique": true, "Hash Cond": "((item_3.i_brand_id = tmp.brand_id) AND (item_3.i_class_id = tmp.class_id) AND (item_3.i_category_id = tmp.category_id))", "Plans": [{"Node Type": "Seq Scan", "Parent Relationship": "Outer", "Parallel Aware": false, "Async Capable": false, "Relation Name": "item", "Alias": "item_3", "Startup Cost": 0.0, "Total Cost": 1410.0, "Plan Rows": 18000, "Plan Width": 16, "Actual Startup Time": 0.002, "Actual Total Time": 1.207, "Actual Rows": 18000, "Actual Loops": 1}, {"Node Type": "Hash", "Parent Relationship": "Inner", "Parallel Aware": false, "Async Capable": false, "Startup Cost": 159877.99, "Total Cost": 159877.99, "Plan Rows": 1800, "Plan Width": 12, "Actual Startup Time": 890.114, "Actual Total Time": 890.294, "Actual Rows": 3792, "Actual Loops": 1, "Hash Buckets": 4096, "Original Hash Buckets": 2048, "Hash Batches": 1, "Original Hash Batches": 1, "Peak Memory Usage": 195, "Plans": [{"Node Type": "Subquery Scan", "Parent Relationship": "Outer", "Parallel Aware": false, "Async Capable": false, "Alias": "tmp", "Startup Cost": 4528.27, "Total Cost": 159877.99, "Plan Rows": 1800, "Plan Width": 12, "Actual Startup Time": 889.531, "Actual Total Time": 890.02, "Actual Rows": 3837, "Actual Loops": 1, "Plans": [{"Node Type": "SetOp", "Strategy": "Hashed", "Parent Relationship": "Subquery", "Parallel Aware": false, "Async Capable": false, "Command": "Intersect", "Startup Cost": 4528.27, "Total Cost": 159859.99, "Plan Rows": 1800, "Plan Width": 16, "Actual Startup Time": 889.529, "Actual Total Time": 889.825, "Actual Rows": 3837, "Actual Loops": 1, "Plans": [{"Node Type": "Append", "Parent Relationship": "Outer", "Parallel Aware": false, "Async Capable": false, "Startup Cost": 4528.27, "Total Cost": 159741.15, "Plan Rows": 15845, "Plan Width": 16, "Actual Startup Time": 762.68, "Actual Total Time": 857.712, "Actual Rows": 435895, "Actual Loops": 1, "Subplans Removed": 0, "Plans": [{"Node Type": "Result", "Parent Relationship": "Member", "Parallel Aware": false, "Async Capable": false, "Startup Cost": 4528.27, "Total Cost": 131022.04, "Plan Rows": 1800, "Plan Width": 16, "Actual Startup Time": 762.68, "Actual Total Time": 763.142, "Actual Rows": 3837, "Actual Loops": 1, "Plans": [{"Node Type": "SetOp", "Strategy": "Hashed", "Parent Relationship": "Outer", "Parallel Aware": false, "Async Capable": false, "Command": "Intersect", "Startup Cost": 4528.27, "Total Cost": 131004.04, "Plan Rows": 1800, "Plan Width": 16, "Actual Startup Time": 762.676, "Actual Total Time": 762.951, "Actual Rows": 3837, "Actual Loops": 1, "Plans": [{"Node Type": "Append", "Parent Relationship": "Outer", "Parallel Aware": false, "Async Capable": false, "Startup Cost": 4528.27, "Total Cost": 130390.5, "Plan Rows": 81806, "Plan Width": 16, "Actual Startup Time": 6.225, "Actual Total Time": 580.744, "Actual Rows": 2504247, "Actual Loops": 1, "Subplans Removed": 0, "Plans": [{"Node Type": "Subquery Scan", "Parent Relationship": "Member", "Parallel Aware": false, "Async Capable": false, "Alias": "*SELECT* 1", "Startup Cost": 4528.27, "Total Cost": 77350.02, "Plan Rows": 53770, "Plan Width": 16, "Actual Startup Time": 6.225, "Actual Total Time": 319.014, "Actual Rows": 1644312, "Actual Loops": 1, "Plans": [{"Node Type": "Gather", "Parent Relationship": "Subquery", "Parallel Aware": false, "Async Capable": false, "Startup Cost": 4528.27, "Total Cost": 76812.32, "Plan Rows": 53770, "Plan Width": 12, "Actual Startup Time": 6.224, "Actual Total Time": 236.935, "Actual Rows": 1644312, "Actual Loops": 1, "Workers Planned": 2, "Workers Launched": 2, "Single Copy": false, "Plans": [{"Node Type": "Hash Join", "Parent Relationship": "Outer", "Parallel Aware": true, "Async Capable": false, "Join Type": "Inner", "Startup Cost": 3528.27, "Total Cost": 70435.32, "Plan Rows": 22404, "Plan Width": 12, "Actual Startup Time": 4.488, "Actual Total Time": 230.833, "Actual Rows": 548104, "Actual Loops": 3, "Inner Unique": true, "Hash Cond": "(store_sales_1.ss_item_sk = iss.i_item_sk)", "Workers": [], "Plans": [{"Node Type": "Hash Join", "Parent Relationship": "Outer", "Parallel Aware": true, "Async Capable": false, "Join Type": "Inner", "Startup Cost": 2060.04, "Total Cost": 68908.26, "Plan Rows": 22404, "Plan Width": 4, "Actual Startup Time": 2.093, "Actual Total Time": 151.518, "Actual Rows": 548104, "Actual Loops": 3, "Inner Unique": true, "Hash Cond": "(store_sales_1.ss_sold_date_sk = d1.d_date_sk)", "Workers": [], "Plans": [{"Node Type": "Seq Scan", "Parent Relationship": "Outer", "Parallel Aware": true, "Async Capable": false, "Relation Name": "store_sales", "Alias": "store_sales_1", "Startup Cost": 0.0, "Total Cost": 63697.62, "Plan Rows": 1200162, "Plan Width": 8, "Actual Startup Time": 0.034, "Actual Total Time": 73.417, "Actual Rows": 960135, "Actual Loops": 3, "Workers": []}, {"Node Type": "Hash", "Parent Relationship": "Inner", "Parallel Aware": true, "Async Capable": false, "Startup Cost": 2049.55, "Total Cost": 2049.55, "Plan Rows": 839, "Plan Width": 4, "Actual Startup Time": 2.018, "Actual Total Time": 2.019, "Actual Rows": 365, "Actual Loops": 3, "Hash Buckets": 2048, "Original Hash Buckets": 2048, "Hash Batches": 1, "Original Hash Batches": 1, "Peak Memory Usage": 112, "Workers": [], "Plans": [{"Node Type": "Seq Scan", "Parent Relationship": "Outer", "Parallel Aware": true, "Async Capable": false, "Relation Name": "date_dim", "Alias": "d1", "Startup Cost": 0.0, "Total Cost": 2049.55, "Plan Rows": 839, "Plan Width": 4, "Actual Startup Time": 0.933, "Actual Total Time": 1.949, "Actual Rows": 365, "Actual Loops": 3, "Filter": "((d_year >= 1999) AND (d_year <= 2001))", "Rows Removed by Filter": 23984, "Workers": []}]}]}, {"Node Type": "Hash", "Parent Relationship": "Inner", "Parallel Aware": true, "Async Capable": false, "Startup Cost": 1335.88, "Total Cost": 1335.88, "Plan Rows": 10588, "Plan Width": 16, "Actual Startup Time": 2.287, "Actual Total Time": 2.287, "Actual Rows": 6000, "Actual Loops": 3, "Hash Buckets": 32768, "Original Hash Buckets": 32768, "Hash Batches": 1, "Original Hash Batches": 1, "Peak Memory Usage": 1152, "Workers": [], "Plans": [{"Node Type": "Seq Scan", "Parent Relationship": "Outer", "Parallel Aware": true, "Async Capable": false, "Relation Name": "item", "Alias": "iss", "Startup Cost": 0.0, "Total Cost": 1335.88, "Plan Rows": 10588, "Plan Width": 16, "Actual Startup Time": 0.003, "Actual Total Time": 1.56, "Actual Rows": 6000, "Actual Loops": 3, "Workers": []}]}]}]}]}, {"Node Type": "Subquery Scan", "Parent Relationship": "Member", "Parallel Aware": false, "Async Capable": false, "Alias": "*SELECT* 2", "Startup Cost": 4528.27, "Total Cost": 52631.45, "Plan Rows": 28036, "Plan Width": 16, "Actual Startup Time": 17.279, "Actual Total Time": 172.981, "Actual Rows": 859935, "Actual Loops": 1, "Plans": [{"Node Type": "Gather", "Parent Relationship": "Subquery", "Parallel Aware": false, "Async Capable": false, "Startup Cost": 4528.27, "Total Cost": 52351.09, "Plan Rows": 28036, "Plan Width": 12, "Actual Startup Time": 17.278, "Actual Total Time": 133.609, "Actual Rows": 859935, "Actual Loops": 1, "Workers Planned": 2, "Workers Launched": 2, "Single Copy": false, "Plans": [{"Node Type": "Hash Join", "Parent Relationship": "Outer", "Parallel Aware": true, "Async Capable": false, "Join Type": "Inner", "Startup Cost": 3528.27, "Total Cost": 48547.49, "Plan Rows": 11682, "Plan Width": 12, "Actual Startup Time": 15.374, "Actual Total Time": 130.92, "Actual Rows": 286645, "Actual Loops": 3, "Inner Unique": true, "Hash Cond": "(catalog_sales_1.cs_item_sk = ics.i_item_sk)", "Workers": [], "Plans": [{"Node Type": "Hash Join", "Parent Relationship": "Outer", "Parallel Aware": true, "Async Capable": false, "Join Type": "Inner", "Startup Cost": 2060.04, "Total Cost": 47048.58, "Plan Rows": 11682, "Plan Width": 4, "Actual Startup Time": 12.899, "Actual Total Time": 97.089, "Actual Rows": 286645, "Actual Loops": 3, "Inner Unique": true, "Hash Cond": "(catalog_sales_1.cs_sold_date_sk = d2.d_date_sk)", "Workers": [], "Plans": [{"Node Type": "Seq Scan", "Parent Relationship": "Outer", "Parallel Aware": true, "Async Capable": false, "Relation Name": "catalog_sales", "Alias": "catalog_sales_1", "Startup Cost": 0.0, "Total Cost": 43411.7, "Plan Rows": 600670, "Plan Width": 8, "Actual Startup Time": 0.062, "Actual Total Time": 51.661, "Actual Rows": 480516, "Actual Loops": 3, "Workers": []}, {"Node Type": "Hash", "Parent Relationship": "Inner", "Parallel Aware": true, "Async Capable": false, "Startup Cost": 2049.55, "Total Cost": 2049.55, "Plan Rows": 839, "Plan Width": 4, "Actual Startup Time": 1.987, "Actual Total Time": 1.988, "Actual Rows": 365, "Actual Loops": 3, "Hash Buckets": 2048, "Original Hash Buckets": 2048, "Hash Batches": 1, "Original Hash Batches": 1, "Peak Memory Usage": 112, "Workers": [], "Plans": [{"Node Type": "Seq Scan", "Parent Relationship": "Outer", "Parallel Aware": true, "Async Capable": false, "Relation Name": "date_dim", "Alias": "d2", "Startup Cost": 0.0, "Total Cost": 2049.55, "Plan Rows": 839, "Plan Width": 4, "Actual Startup Time": 0.908, "Actual Total Time": 1.898, "Actual Rows": 365, "Actual Loops": 3, "Filter": "((d_year >= 1999) AND (d_year <= 2001))", "Rows Removed by Filter": 23984, "Workers": []}]}]}, {"Node Type": "Hash", "Parent Relationship": "Inner", "Parallel Aware": true, "Async Capable": false, "Startup Cost": 1335.88, "Total Cost": 1335.88, "Plan Rows": 10588, "Plan Width": 16, "Actual Startup Time": 2.379, "Actual Total Time": 2.379, "Actual Rows": 6000, "Actual Loops": 3, "Hash Buckets": 32768, "Original Hash Buckets": 32768, "Hash Batches": 1, "Original Hash Batches": 1, "Peak Memory Usage": 1152, "Workers": [], "Plans": [{"Node Type": "Seq Scan", "Parent Relationship": "Outer", "Parallel Aware": true, "Async Capable": false, "Relation Name": "item", "Alias": "ics", "Startup Cost": 0.0, "Total Cost": 1335.88, "Plan Rows": 10588, "Plan Width": 16, "Actual Startup Time": 0.004, "Actual Total Time": 1.642, "Actual Rows": 6000, "Actual Loops": 3, "Workers": []}]}]}]}]}]}]}]}, {"Node Type": "Subquery Scan", "Parent Relationship": "Member", "Parallel Aware": false, "Async Capable": false, "Alias": "*SELECT* 3", "Startup Cost": 4528.27, "Total Cost": 28639.88, "Plan Rows": 14045, "Plan Width": 16, "Actual Startup Time": 6.227, "Actual Total Time": 79.627, "Actual Rows": 432058, "Actual Loops": 1, "Plans": [{"Node Type": "Gather", "Parent Relationship": "Subquery", "Parallel Aware": false, "Async Capable": false, "Startup Cost": 4528.27, "Total Cost": 28499.43, "Plan Rows": 14045, "Plan Width": 12, "Actual Startup Time": 6.226, "Actual Total Time": 59.972, "Actual Rows": 432058, "Actual Loops": 1, "Workers Planned": 2, "Workers Launched": 2, "Single Copy": false, "Plans": [{"Node Type": "Hash Join", "Parent Relationship": "Outer", "Parallel Aware": true, "Async Capable": false, "Join Type": "Inner", "Startup Cost": 3528.27, "Total Cost": 26094.93, "Plan Rows": 5852, "Plan Width": 12, "Actual Startup Time": 4.721, "Actual Total Time": 62.086, "Actual Rows": 144019, "Actual Loops": 3, "Inner Unique": true, "Hash Cond": "(web_sales_1.ws_item_sk = iws.i_item_sk)", "Workers": [], "Plans": [{"Node Type": "Hash Join", "Parent Relationship": "Outer", "Parallel Aware": true, "Async Capable": false, "Join Type": "Inner", "Startup Cost": 2060.04, "Total Cost": 24611.34, "Plan Rows": 5852, "Plan Width": 4, "Actual Startup Time": 2.148, "Actual Total Time": 43.423, "Actual Rows": 144019, "Actual Loops": 3, "Inner Unique": true, "Hash Cond": "(web_sales_1.ws_sold_date_sk = d3.d_date_sk)", "Workers": [], "Plans": [{"Node Type": "Seq Scan", "Parent Relationship": "Outer", "Parallel Aware": true, "Async Capable": false, "Relation Name": "web_sales", "Alias": "web_sales_1", "Startup Cost": 0.0, "Total Cost": 21764.43, "Plan Rows": 299743, "Plan Width": 8, "Actual Startup Time": 0.054, "Actual Total Time": 23.029, "Actual Rows": 239795, "Actual Loops": 3, "Workers": []}, {"Node Type": "Hash", "Parent Relationship": "Inner", "Parallel Aware": true, "Async Capable": false, "Startup Cost": 2049.55, "Total Cost": 2049.55, "Plan Rows": 839, "Plan Width": 4, "Actual Startup Time": 2.053, "Actual Total Time": 2.054, "Actual Rows": 365, "Actual Loops": 3, "Hash Buckets": 2048, "Original Hash Buckets": 2048, "Hash Batches": 1, "Original Hash Batches": 1, "Peak Memory Usage": 112, "Workers": [], "Plans": [{"Node Type": "Seq Scan", "Parent Relationship": "Outer", "Parallel Aware": true, "Async Capable": false, "Relation Name": "date_dim", "Alias": "d3", "Startup Cost": 0.0, "Total Cost": 2049.55, "Plan Rows": 839, "Plan Width": 4, "Actual Startup Time": 1.031, "Actual Total Time": 1.977, "Actual Rows": 365, "Actual Loops": 3, "Filter": "((d_year >= 1999) AND (d_year <= 2001))", "Rows Removed by Filter": 23984, "Workers": []}]}]}, {"Node Type": "Hash", "Parent Relationship": "Inner", "Parallel Aware": true, "Async Capable": false, "Startup Cost": 1335.88, "Total Cost": 1335.88, "Plan Rows": 10588, "Plan Width": 16, "Actual Startup Time": 2.473, "Actual Total Time": 2.473, "Actual Rows": 6000, "Actual Loops": 3, "Hash Buckets": 32768, "Original Hash Buckets": 32768, "Hash Batches": 1, "Original Hash Batches": 1, "Peak Memory Usage": 1184, "Workers": [], "Plans": [{"Node Type": "Seq Scan", "Parent Relationship": "Outer", "Parallel Aware": true, "Async Capable": false, "Relation Name": "item", "Alias": "iws", "Startup Cost": 0.0, "Total Cost": 1335.88, "Plan Rows": 10588, "Plan Width": 16, "Actual Startup Time": 0.003, "Actual Total Time": 1.69, "Actual Rows": 6000, "Actual Loops": 3, "Workers": []}]}]}]}]}]}]}]}]}]}, {"Node Type": "Aggregate", "Strategy": "Plain", "Partial Mode": "Finalize", "Parent Relationship": "InitPlan", "Subplan Name": "CTE avg_sales", "Parallel Aware": false, "Async Capable": false, "Startup Cost": 143725.06, "Total Cost": 143725.07, "Plan Rows": 1, "Plan Width": 32, "Actual Startup Time": 434.997, "Actual Total Time": 435.136, "Actual Rows": 1, "Actual Loops": 1, "Plans": [{"Node Type": "Gather", "Parent Relationship": "Outer", "Parallel Aware": false, "Async Capable": false, "Startup Cost": 143724.83, "Total Cost": 143725.04, "Plan Rows": 2, "Plan Width": 32, "Actual Startup Time": 434.917, "Actual Total Time": 435.123, "Actual Rows": 3, "Actual Loops": 1, "Workers Planned": 2, "Workers Launched": 2, "Single Copy": false, "Plans": [{"Node Type": "Aggregate", "Strategy": "Plain", "Partial Mode": "Partial", "Parent Relationship": "Outer", "Parallel Aware": false, "Async Capable": false, "Startup Cost": 142724.83, "Total Cost": 142724.84, "Plan Rows": 1, "Plan Width": 32, "Actual Startup Time": 432.415, "Actual Total Time": 432.417, "Actual Rows": 1, "Actual Loops": 3, "Workers": [], "Plans": [{"Node Type": "Append", "Parent Relationship": "Outer", "Parallel Aware": true, "Async Capable": false, "Startup Cost": 2060.04, "Total Cost": 142005.95, "Plan Rows": 95851, "Plan Width": 10, "Actual Startup Time": 13.728, "Actual Total Time": 332.467, "Actual Rows": 978768, "Actual Loops": 3, "Workers": [], "Subplans Removed": 0, "Plans": [{"Node Type": "Hash Join", "Parent Relationship": "Member", "Parallel Aware": true, "Async Capable": false, "Join Type": "Inner", "Startup Cost": 2060.04, "Total Cost": 68908.26, "Plan Rows": 22404, "Plan Width": 10, "Actual Startup Time": 1.995, "Actual Total Time": 156.513, "Actual Rows": 548104, "Actual Loops": 3, "Inner Unique": true, "Hash Cond": "(store_sales_2.ss_sold_date_sk = date_dim_3.d_date_sk)", "Workers": [], "Plans": [{"Node Type": "Seq Scan", "Parent Relationship": "Outer", "Parallel Aware": true, "Async Capable": false, "Relation Name": "store_sales", "Alias": "store_sales_2", "Startup Cost": 0.0, "Total Cost": 63697.62, "Plan Rows": 1200162, "Plan Width": 14, "Actual Startup Time": 0.038, "Actual Total Time": 60.468, "Actual Rows": 960135, "Actual Loops": 3, "Workers": []}, {"Node Type": "Hash", "Parent Relationship": "Inner", "Parallel Aware": true, "Async Capable": false, "Startup Cost": 2049.55, "Total Cost": 2049.55, "Plan Rows": 839, "Plan Width": 4, "Actual Startup Time": 1.886, "Actual Total Time": 1.886, "Actual Rows": 365, "Actual Loops": 3, "Hash Buckets": 2048, "Original Hash Buckets": 2048, "Hash Batches": 1, "Original Hash Batches": 1, "Peak Memory Usage": 80, "Workers": [], "Plans": [{"Node Type": "Seq Scan", "Parent Relationship": "Outer", "Parallel Aware": true, "Async Capable": false, "Relation Name": "date_dim", "Alias": "date_dim_3", "Startup Cost": 0.0, "Total Cost": 2049.55, "Plan Rows": 839, "Plan Width": 4, "Actual Startup Time": 2.575, "Actual Total Time": 5.573, "Actual Rows": 1096, "Actual Loops": 1, "Filter": "((d_year >= 1999) AND (d_year <= 2001))", "Rows Removed by Filter": 71953, "Workers": []}]}]}, {"Node Type": "Hash Join", "Parent Relationship": "Member", "Parallel Aware": true, "Async Capable": false, "Join Type": "Inner", "Startup Cost": 2060.04, "Total Cost": 47048.58, "Plan Rows": 11682, "Plan Width": 10, "Actual Startup Time": 14.134, "Actual Total Time": 140.95, "Actual Rows": 429968, "Actual Loops": 2, "Inner Unique": true, "Hash Cond": "(catalog_sales_2.cs_sold_date_sk = date_dim_4.d_date_sk)", "Workers": [], "Plans": [{"Node Type": "Seq Scan", "Parent Relationship": "Outer", "Parallel Aware": true, "Async Capable": false, "Relation Name": "catalog_sales", "Alias": "catalog_sales_2", "Startup Cost": 0.0, "Total Cost": 43411.7, "Plan Rows": 600670, "Plan Width": 14, "Actual Startup Time": 0.024, "Actual Total Time": 62.345, "Actual Rows": 720774, "Actual Loops": 2, "Workers": []}, {"Node Type": "Hash", "Parent Relationship": "Inner", "Parallel Aware": true, "Async Capable": false, "Startup Cost": 2049.55, "Total Cost": 2049.55, "Plan Rows": 839, "Plan Width": 4, "Actual Startup Time": 2.716, "Actual Total Time": 2.716, "Actual Rows": 548, "Actual Loops": 2, "Hash Buckets": 2048, "Original Hash Buckets": 2048, "Hash Batches": 1, "Original Hash Batches": 1, "Peak Memory Usage": 80, "Workers": [], "Plans": [{"Node Type": "Seq Scan", "Parent Relationship": "Outer", "Parallel Aware": true, "Async Capable": false, "Relation Name": "date_dim", "Alias": "date_dim_4", "Startup Cost": 0.0, "Total Cost": 2049.55, "Plan Rows": 839, "Plan Width": 4, "Actual Startup Time": 2.55, "Actual Total Time": 5.35, "Actual Rows": 1096, "Actual Loops": 1, "Filter": "((d_year >= 1999) AND (d_year <= 2001))", "Rows Removed by Filter": 71953, "Workers": []}]}]}, {"Node Type": "Hash Join", "Parent Relationship": "Member", "Parallel Aware": true, "Async Capable": false, "Join Type": "Inner", "Startup Cost": 2060.04, "Total Cost": 24611.34, "Plan Rows": 5852, "Plan Width": 10, "Actual Startup Time": 7.073, "Actual Total Time": 144.126, "Actual Rows": 432058, "Actual Loops": 1, "Inner Unique": true, "Hash Cond": "(web_sales_2.ws_sold_date_sk = date_dim_5.d_date_sk)", "Workers": [], "Plans": [{"Node Type": "Seq Scan", "Parent Relationship": "Outer", "Parallel Aware": true, "Async Capable": false, "Relation Name": "web_sales", "Alias": "web_sales_2", "Startup Cost": 0.0, "Total Cost": 21764.43, "Plan Rows": 299743, "Plan Width": 14, "Actual Startup Time": 0.005, "Actual Total Time": 58.365, "Actual Rows": 719384, "Actual Loops": 1, "Workers": []}, {"Node Type": "Hash", "Parent Relationship": "Inner", "Parallel Aware": true, "Async Capable": false, "Startup Cost": 2049.55, "Total Cost": 2049.55, "Plan Rows": 839, "Plan Width": 4, "Actual Startup Time": 7.046, "Actual Total Time": 7.046, "Actual Rows": 1096, "Actual Loops": 1, "Hash Buckets": 2048, "Original Hash Buckets": 2048, "Hash Batches": 1, "Original Hash Batches": 1, "Peak Memory Usage": 80, "Workers": [], "Plans": [{"Node Type": "Seq Scan", "Parent Relationship": "Outer", "Parallel Aware": true, "Async Capable": false, "Relation Name": "date_dim", "Alias": "date_dim_5", "Startup Cost": 0.0, "Total Cost": 2049.55, "Plan Rows": 839, "Plan Width": 4, "Actual Startup Time": 3.459, "Actual Total Time": 6.976, "Actual Rows": 1096, "Actual Loops": 1, "Filter": "((d_year >= 1999) AND (d_year <= 2001))", "Rows Removed by Filter": 71953, "Workers": []}]}]}]}]}]}]}, {"Node Type": "Aggregate", "Strategy": "Sorted", "Partial Mode": "Simple", "Parent Relationship": "Outer", "Parallel Aware": false, "Async Capable": false, "Startup Cost": 160.53, "Total Cost": 160.78, "Plan Rows": 13, "Plan Width": 108, "Actual Startup Time": 15545.402, "Actual Total Time": 15545.449, "Actual Rows": 100, "Actual Loops": 1, "Grouping Sets": [{"Group Keys": [["('store'::text)", "item.i_brand_id", "item.i_class_id", "item.i_category_id"], ["('store'::text)", "item.i_brand_id", "item.i_class_id"], ["('store'::text)", "item.i_brand_id"], ["('store'::text)"], []]}], "Plans": [{"Node Type": "Sort", "Parent Relationship": "Outer", "Parallel Aware": false, "Async Capable": false, "Startup Cost": 160.53, "Total Cost": 160.54, "Plan Rows": 3, "Plan Width": 84, "Actual Startup Time": 15545.393, "Actual Total Time": 15545.4, "Actual Rows": 71, "Actual Loops": 1, "Sort Key": ["('store'::text)", "item.i_brand_id", "item.i_class_id", "item.i_category_id"], "Sort Method": "quicksort", "Sort Space Used": 1155, "Sort Space Type": "Memory", "Plans": [{"Node Type": "Append", "Parent Relationship": "Outer", "Parallel Aware": false, "Async Capable": false, "Startup Cost": 82.82, "Total Cost": 160.51, "Plan Rows": 3, "Plan Width": 84, "Actual Startup Time": 9923.542, "Actual Total Time": 15541.34, "Actual Rows": 9856, "Actual Loops": 1, "Subplans Removed": 0, "Plans": [{"Node Type": "Aggregate", "Strategy": "Sorted", "Partial Mode": "Simple", "Parent Relationship": "Member", "Parallel Aware": false, "Async Capable": false, "Startup Cost": 82.82, "Total Cost": 82.86, "Plan Rows": 1, "Plan Width": 84, "Actual Startup Time": 9923.541, "Actual Total Time": 9941.592, "Actual Rows": 3509, "Actual Loops": 1, "Group Key": ["item.i_brand_id", "item.i_class_id", "item.i_category_id"], "Filter": "(sum(((store_sales.ss_quantity)::numeric * store_sales.ss_list_price)) > $6)", "Rows Removed by Filter": 20, "Plans": [{"Node Type": "CTE Scan", "Parent Relationship": "InitPlan", "Subplan Name": "InitPlan 3 (returns $6)", "Parallel Aware": false, "Async Capable": false, "CTE Name": "avg_sales", "Alias": "avg_sales", "Startup Cost": 0.0, "Total Cost": 0.02, "Plan Rows": 1, "Plan Width": 32, "Actual Startup Time": 434.999, "Actual Total Time": 434.999, "Actual Rows": 1, "Actual Loops": 1}, {"Node Type": "Sort", "Parent Relationship": "Outer", "Parallel Aware": false, "Async Capable": false, "Startup Cost": 82.8, "Total Cost": 82.8, "Plan Rows": 1, "Plan Width": 22, "Actual Startup Time": 9488.526, "Actual Total Time": 9493.668, "Actual Rows": 86582, "Actual Loops": 1, "Sort Key": ["item.i_brand_id", "item.i_class_id", "item.i_category_id"], "Sort Method": "external merge", "Sort Space Used": 2776, "Sort Space Type": "Disk", "Plans": [{"Node Type": "Nested Loop", "Parent Relationship": "Outer", "Parallel Aware": false, "Async Capable": false, "Join Type": "Inner", "Startup Cost": 1.03, "Total Cost": 82.79, "Plan Rows": 1, "Plan Width": 22, "Actual Startup Time": 898.886, "Actual Total Time": 9468.257, "Actual Rows": 86582, "Actual Loops": 1, "Inner Unique": true, "Plans": [{"Node Type": "Nested Loop", "Parent Relationship": "Outer", "Parallel Aware": false, "Async Capable": false, "Join Type": "Inner", "Startup Cost": 0.74, "Total Cost": 27.27, "Plan Rows": 175, "Plan Width": 26, "Actual Startup Time": 898.836, "Actual Total Time": 7473.953, "Actual Rows": 2755979, "Actual Loops": 1, "Inner Unique": false, "Plans": [{"Node Type": "Nested Loop", "Parent Relationship": "Outer", "Parallel Aware": false, "Async Capable": false, "Join Type": "Inner", "Startup Cost": 0.31, "Total Cost": 8.34, "Plan Rows": 1, "Plan Width": 20, "Actual Startup Time": 898.808, "Actual Total Time": 986.6, "Actual Rows": 16193, "Actual Loops": 1, "Inner Unique": true, "Plans": [{"Node Type": "Aggregate", "Strategy": "Hashed", "Partial Mode": "Simple", "Parent Relationship": "Outer", "Parallel Aware": false, "Async Capable": false, "Startup Cost": 0.02, "Total Cost": 0.03, "Plan Rows": 1, "Plan Width": 4, "Actual Startup Time": 898.797, "Actual Total Time": 905.533, "Actual Rows": 16193, "Actual Loops": 1, "Group Key": ["cross_items.ss_item_sk"], "Planned Partitions": 0, "HashAgg Batches": 1, "Peak Memory Usage": 1577, "Disk Usage": 0, "Plans": [{"Node Type": "CTE Scan", "Parent Relationship": "Outer", "Parallel Aware": false, "Async Capable": false, "CTE Name": "cross_items", "Alias": "cross_items", "Startup Cost": 0.0, "Total Cost": 0.02, "Plan Rows": 1, "Plan Width": 4, "Actual Startup Time": 890.121, "Actual Total Time": 896.831, "Actual Rows": 16193, "Actual Loops": 1}]}, {"Node Type": "Index Scan", "Parent Relationship": "Inner", "Parallel Aware": false, "Async Capable": false, "Scan Direction": "Forward", "Index Name": "item_pkey", "Relation Name": "item", "Alias": "item", "Startup Cost": 0.29, "Total Cost": 8.3, "Plan Rows": 1, "Plan Width": 16, "Actual Startup Time": 0.005, "Actual Total Time": 0.005, "Actual Rows": 1, "Actual Loops": 16193, "Index Cond": "(i_item_sk = cross_items.ss_item_sk)", "Rows Removed by Index Recheck": 0}]}, {"Node Type": "Index Scan", "Parent Relationship": "Inner", "Parallel Aware": false, "Async Capable": false, "Scan Direction": "Forward", "Index Name": "store_sales_pkey", "Relation Name": "store_sales", "Alias": "store_sales", "Startup Cost": 0.43, "Total Cost": 17.18, "Plan Rows": 175, "Plan Width": 18, "Actual Startup Time": 0.015, "Actual Total Time": 0.386, "Actual Rows": 170, "Actual Loops": 16193, "Index Cond": "(ss_item_sk = item.i_item_sk)", "Rows Removed by Index Recheck": 0}]}, {"Node Type": "Index Scan", "Parent Relationship": "Inner", "Parallel Aware": false, "Async Capable": false, "Scan Direction": "Forward", "Index Name": "date_dim_pkey", "Relation Name": "date_dim", "Alias": "date_dim", "Startup Cost": 0.29, "Total Cost": 0.32, "Plan Rows": 1, "Plan Width": 4, "Actual Startup Time": 0.001, "Actual Total Time": 0.001, "Actual Rows": 0, "Actual Loops": 2755979, "Index Cond": "(d_date_sk = store_sales.ss_sold_date_sk)", "Rows Removed by Index Recheck": 0, "Filter": "((d_year = 2001) AND (d_moy = 11))", "Rows Removed by Filter": 1}]}]}]}, {"Node Type": "Aggregate", "Strategy": "Sorted", "Partial Mode": "Simple", "Parent Relationship": "Member", "Parallel Aware": false, "Async Capable": false, "Startup Cost": 48.55, "Total Cost": 48.58, "Plan Rows": 1, "Plan Width": 84, "Actual Startup Time": 3993.785, "Actual Total Time": 4003.266, "Actual Rows": 3408, "Actual Loops": 1, "Group Key": ["item_1.i_brand_id", "item_1.i_class_id", "item_1.i_category_id"], "Filter": "(sum(((catalog_sales.cs_quantity)::numeric * catalog_sales.cs_list_price)) > $7)", "Rows Removed by Filter": 109, "Plans": [{"Node Type": "CTE Scan", "Parent Relationship": "InitPlan", "Subplan Name": "InitPlan 4 (returns $7)", "Parallel Aware": false, "Async Capable": false, "CTE Name": "avg_sales", "Alias": "avg_sales_1", "Startup Cost": 0.0, "Total Cost": 0.02, "Plan Rows": 1, "Plan Width": 32, "Actual Startup Time": 0.001, "Actual Total Time": 0.001, "Actual Rows": 1, "Actual Loops": 1}, {"Node Type": "Sort", "Parent Relationship": "Outer", "Parallel Aware": false, "Async Capable": false, "Startup Cost": 48.53, "Total Cost": 48.53, "Plan Rows": 1, "Plan Width": 22, "Actual Startup Time": 3993.77, "Actual Total Time": 3995.914, "Actual Rows": 46537, "Actual Loops": 1, "Sort Key": ["item_1.i_brand_id", "item_1.i_class_id", "item_1.i_category_id"], "Sort Method": "external merge", "Sort Space Used": 1504, "Sort Space Type": "Disk", "Plans": [{"Node Type": "Nested Loop", "Parent Relationship": "Outer", "Parallel Aware": false, "Async Capable": false, "Join Type": "Inner", "Startup Cost": 1.03, "Total Cost": 48.52, "Plan Rows": 1, "Plan Width": 22, "Actual Startup Time": 2.707, "Actual Total Time": 3982.403, "Actual Rows": 46537, "Actual Loops": 1, "Inner Unique": true, "Plans": [{"Node Type": "Nested Loop", "Parent Relationship": "Outer", "Parallel Aware": false, "Async Capable": false, "Join Type": "Inner", "Startup Cost": 0.74, "Total Cost": 20.72, "Plan Rows": 87, "Plan Width": 26, "Actual Startup Time": 2.246, "Actual Total Time": 3032.262, "Actual Rows": 1379742, "Actual Loops": 1, "Inner Unique": false, "Plans": [{"Node Type": "Nested Loop", "Parent Relationship": "Outer", "Parallel Aware": false, "Async Capable": false, "Join Type": "Inner", "Startup Cost": 0.31, "Total Cost": 8.34, "Plan Rows": 1, "Plan Width": 20, "Actual Startup Time": 2.221, "Actual Total Time": 78.158, "Actual Rows": 16193, "Actual Loops": 1, "Inner Unique": true, "Plans": [{"Node Type": "Aggregate", "Strategy": "Hashed", "Partial Mode": "Simple", "Parent Relationship": "Outer", "Parallel Aware": false, "Async Capable": false, "Startup Cost": 0.02, "Total Cost": 0.03, "Plan Rows": 1, "Plan Width": 4, "Actual Startup Time": 2.189, "Actual Total Time": 7.166, "Actual Rows": 16193, "Actual Loops": 1, "Group Key": ["cross_items_1.ss_item_sk"], "Planned Partitions": 0, "HashAgg Batches": 1, "Peak Memory Usage": 1577, "Disk Usage": 0, "Plans": [{"Node Type": "CTE Scan", "Parent Relationship": "Outer", "Parallel Aware": false, "Async Capable": false, "CTE Name": "cross_items", "Alias": "cross_items_1", "Startup Cost": 0.0, "Total Cost": 0.02, "Plan Rows": 1, "Plan Width": 4, "Actual Startup Time": 0.003, "Actual Total Time": 0.445, "Actual Rows": 16193, "Actual Loops": 1}]}, {"Node Type": "Index Scan", "Parent Relationship": "Inner", "Parallel Aware": false, "Async Capable": false, "Scan Direction": "Forward", "Index Name": "item_pkey", "Relation Name": "item", "Alias": "item_1", "Startup Cost": 0.29, "Total Cost": 8.3, "Plan Rows": 1, "Plan Width": 16, "Actual Startup Time": 0.004, "Actual Total Time": 0.004, "Actual Rows": 1, "Actual Loops": 16193, "Index Cond": "(i_item_sk = cross_items_1.ss_item_sk)", "Rows Removed by Index Recheck": 0}]}, {"Node Type": "Index Scan", "Parent Relationship": "Inner", "Parallel Aware": false, "Async Capable": false, "Scan Direction": "Forward", "Index Name": "catalog_sales_pkey", "Relation Name": "catalog_sales", "Alias": "catalog_sales", "Startup Cost": 0.43, "Total Cost": 11.51, "Plan Rows": 87, "Plan Width": 18, "Actual Startup Time": 0.009, "Actual Total Time": 0.173, "Actual Rows": 85, "Actual Loops": 16193, "Index Cond": "(cs_item_sk = item_1.i_item_sk)", "Rows Removed by Index Recheck": 0}]}, {"Node Type": "Index Scan", "Parent Relationship": "Inner", "Parallel Aware": false, "Async Capable": false, "Scan Direction": "Forward", "Index Name": "date_dim_pkey", "Relation Name": "date_dim", "Alias": "date_dim_1", "Startup Cost": 0.29, "Total Cost": 0.32, "Plan Rows": 1, "Plan Width": 4, "Actual Startup Time": 0.001, "Actual Total Time": 0.001, "Actual Rows": 0, "Actual Loops": 1379742, "Index Cond": "(d_date_sk = catalog_sales.cs_sold_date_sk)", "Rows Removed by Index Recheck": 0, "Filter": "((d_year = 2001) AND (d_moy = 11))", "Rows Removed by Filter": 1}]}]}]}, {"Node Type": "Aggregate", "Strategy": "Sorted", "Partial Mode": "Simple", "Parent Relationship": "Member", "Parallel Aware": false, "Async Capable": false, "Startup Cost": 28.99, "Total Cost": 29.03, "Plan Rows": 1, "Plan Width": 84, "Actual Startup Time": 1591.603, "Actual Total Time": 1596.158, "Actual Rows": 2939, "Actual Loops": 1, "Group Key": ["item_2.i_brand_id", "item_2.i_class_id", "item_2.i_category_id"], "Filter": "(sum(((web_sales.ws_quantity)::numeric * web_sales.ws_list_price)) > $8)", "Rows Removed by Filter": 423, "Plans": [{"Node Type": "CTE Scan", "Parent Relationship": "InitPlan", "Subplan Name": "InitPlan 5 (returns $8)", "Parallel Aware": false, "Async Capable": false, "CTE Name": "avg_sales", "Alias": "avg_sales_2", "Startup Cost": 0.0, "Total Cost": 0.02, "Plan Rows": 1, "Plan Width": 32, "Actual Startup Time": 0.001, "Actual Total Time": 0.001, "Actual Rows": 1, "Actual Loops": 1}, {"Node Type": "Sort", "Parent Relationship": "Outer", "Parallel Aware": false, "Async Capable": false, "Startup Cost": 28.97, "Total Cost": 28.97, "Plan Rows": 1, "Plan Width": 22, "Actual Startup Time": 1591.588, "Actual Total Time": 1592.122, "Actual Rows": 23443, "Actual Loops": 1, "Sort Key": ["item_2.i_brand_id", "item_2.i_class_id", "item_2.i_category_id"], "Sort Method": "quicksort", "Sort Space Used": 2600, "Sort Space Type": "Memory", "Plans": [{"Node Type": "Nested Loop", "Parent Relationship": "Outer", "Parallel Aware": false, "Async Capable": false, "Join Type": "Inner", "Startup Cost": 1.03, "Total Cost": 28.96, "Plan Rows": 1, "Plan Width": 22, "Actual Startup Time": 2.307, "Actual Total Time": 1587.327, "Actual Rows": 23443, "Actual Loops": 1, "Inner Unique": true, "Plans": [{"Node Type": "Nested Loop", "Parent Relationship": "Outer", "Parallel Aware": false, "Async Capable": false, "Join Type": "Inner", "Startup Cost": 0.73, "Total Cost": 14.7, "Plan Rows": 44, "Plan Width": 26, "Actual Startup Time": 2.283, "Actual Total Time": 1092.858, "Actual Rows": 688471, "Actual Loops": 1, "Inner Unique": false, "Plans": [{"Node Type": "Nested Loop", "Parent Relationship": "Outer", "Parallel Aware": false, "Async Capable": false, "Join Type": "Inner", "Startup Cost": 0.31, "Total Cost": 8.34, "Plan Rows": 1, "Plan Width": 20, "Actual Startup Time": 2.265, "Actual Total Time": 70.604, "Actual Rows": 16193, "Actual Loops": 1, "Inner Unique": true, "Plans": [{"Node Type": "Aggregate", "Strategy": "Hashed", "Partial Mode": "Simple", "Parent Relationship": "Outer", "Parallel Aware": false, "Async Capable": false, "Startup Cost": 0.02, "Total Cost": 0.03, "Plan Rows": 1, "Plan Width": 4, "Actual Startup Time": 2.245, "Actual Total Time": 5.859, "Actual Rows": 16193, "Actual Loops": 1, "Group Key": ["cross_items_2.ss_item_sk"], "Planned Partitions": 0, "HashAgg Batches": 1, "Peak Memory Usage": 1577, "Disk Usage": 0, "Plans": [{"Node Type": "CTE Scan", "Parent Relationship": "Outer", "Parallel Aware": false, "Async Capable": false, "CTE Name": "cross_items", "Alias": "cross_items_2", "Startup Cost": 0.0, "Total Cost": 0.02, "Plan Rows": 1, "Plan Width": 4, "Actual Startup Time": 0.001, "Actual Total Time": 0.46, "Actual Rows": 16193, "Actual Loops": 1}]}, {"Node Type": "Index Scan", "Parent Relationship": "Inner", "Parallel Aware": false, "Async Capable": false, "Scan Direction": "Forward", "Index Name": "item_pkey", "Relation Name": "item", "Alias": "item_2", "Startup Cost": 0.29, "Total Cost": 8.3, "Plan Rows": 1, "Plan Width": 16, "Actual Startup Time": 0.004, "Actual Total Time": 0.004, "Actual Rows": 1, "Actual Loops": 16193, "Index Cond": "(i_item_sk = cross_items_2.ss_item_sk)", "Rows Removed by Index Recheck": 0}]}, {"Node Type": "Index Scan", "Parent Relationship": "Inner", "Parallel Aware": false, "Async Capable": false, "Scan Direction": "Forward", "Index Name": "web_sales_pkey", "Relation Name": "web_sales", "Alias": "web_sales", "Startup Cost": 0.42, "Total Cost": 5.92, "Plan Rows": 44, "Plan Width": 18, "Actual Startup Time": 0.005, "Actual Total Time": 0.058, "Actual Rows": 43, "Actual Loops": 16193, "Index Cond": "(ws_item_sk = item_2.i_item_sk)", "Rows Removed by Index Recheck": 0}]}, {"Node Type": "Index Scan", "Parent Relationship": "Inner", "Parallel Aware": false, "Async Capable": false, "Scan Direction": "Forward", "Index Name": "date_dim_pkey", "Relation Name": "date_dim", "Alias": "date_dim_2", "Startup Cost": 0.29, "Total Cost": 0.32, "Plan Rows": 1, "Plan Width": 4, "Actual Startup Time": 0.001, "Actual Total Time": 0.001, "Actual Rows": 0, "Actual Loops": 688471, "Index Cond": "(d_date_sk = web_sales.ws_sold_date_sk)", "Rows Removed by Index Recheck": 0, "Filter": "((d_year = 2001) AND (d_moy = 11))", "Rows Removed by Filter": 1}]}]}]}]}]}]}]}, "Planning Time": 1.024, "Triggers": [], "Execution Time": 15547.873}]