[{"Plan": {"Node Type": "Limit", "Parallel Aware": false, "Async Capable": false, "Startup Cost": 48557.0, "Total Cost": 48569.33, "Plan Rows": 100, "Plan Width": 43, "Actual Startup Time": 113.563, "Actual Total Time": 115.256, "Actual Rows": 100, "Actual Loops": 1, "Plans": [{"Node Type": "Aggregate", "Strategy": "Sorted", "Partial Mode": "Finalize", "Parent Relationship": "Outer", "Parallel Aware": false, "Async Capable": false, "Startup Cost": 48557.0, "Total Cost": 48583.63, "Plan Rows": 216, "Plan Width": 43, "Actual Startup Time": 113.562, "Actual Total Time": 115.252, "Actual Rows": 100, "Actual Loops": 1, "Group Key": ["customer_address.ca_zip"], "Plans": [{"Node Type": "Gather Merge", "Parent Relationship": "Outer", "Parallel Aware": false, "Async Capable": false, "Startup Cost": 48557.0, "Total Cost": 48579.58, "Plan Rows": 180, "Plan Width": 43, "Actual Startup Time": 113.558, "Actual Total Time": 115.198, "Actual Rows": 148, "Actual Loops": 1, "Workers Planned": 2, "Workers Launched": 2, "Plans": [{"Node Type": "Aggregate", "Strategy": "Sorted", "Partial Mode": "Partial", "Parent Relationship": "Outer", "Parallel Aware": false, "Async Capable": false, "Startup Cost": 47556.98, "Total Cost": 47558.78, "Plan Rows": 90, "Plan Width": 43, "Actual Startup Time": 111.112, "Actual Total Time": 111.214, "Actual Rows": 77, "Actual Loops": 3, "Group Key": ["customer_address.ca_zip"], "Workers": [], "Plans": [{"Node Type": "Sort", "Parent Relationship": "Outer", "Parallel Aware": false, "Async Capable": false, "Startup Cost": 47556.98, "Total Cost": 47557.2, "Plan Rows": 90, "Plan Width": 17, "Actual Startup Time": 111.102, "Actual Total Time": 111.122, "Actual Rows": 901, "Actual Loops": 3, "Sort Key": ["customer_address.ca_zip"], "Sort Method": "quicksort", "Sort Space Used": 145, "Sort Space Type": "Memory", "Workers": [{"Worker Number": 0, "Sort Method": "quicksort", "Sort Space Used": 101, "Sort Space Type": "Memory"}, {"Worker Number": 1, "Sort Method": "quicksort", "Sort Space Used": 130, "Sort Space Type": "Memory"}], "Plans": [{"Node Type": "Nested Loop", "Parent Relationship": "Outer", "Parallel Aware": false, "Async Capable": false, "Join Type": "Inner", "Startup Cost": 2050.82, "Total Cost": 47554.06, "Plan Rows": 90, "Plan Width": 17, "Actual Startup Time": 45.781, "Actual Total Time": 109.828, "Actual Rows": 1114, "Actual Loops": 3, "Inner Unique": true, "Join Filter": "((substr((customer_address.ca_zip)::text, 1, 5) = ANY ('{85669,86197,88274,83405,86475,85392,85460,80348,81792}'::text[])) OR (customer_address.ca_state = ANY ('{CA,WA,GA}'::bpchar[])) OR (catalog_sales.cs_sales_price > '500'::numeric))", "Rows Removed by Join Filter": 12641, "Workers": [], "Plans": [{"Node Type": "Nested Loop", "Parent Relationship": "Outer", "Parallel Aware": false, "Async Capable": false, "Join Type": "Inner", "Startup Cost": 2050.51, "Total Cost": 47273.45, "Plan Rows": 733, "Plan Width": 10, "Actual Startup Time": 42.12, "Actual Total Time": 91.794, "Actual Rows": 13755, "Actual Loops": 3, "Inner Unique": true, "Workers": [], "Plans": [{"Node Type": "Hash Join", "Parent Relationship": "Outer", "Parallel Aware": true, "Async Capable": false, "Join Type": "Inner", "Startup Cost": 2050.21, "Total Cost": 47038.76, "Plan Rows": 737, "Plan Width": 10, "Actual Startup Time": 42.017, "Actual Total Time": 75.218, "Actual Rows": 13783, "Actual Loops": 3, "Inner Unique": true, "Hash Cond": "(catalog_sales.cs_sold_date_sk = date_dim.d_date_sk)", "Workers": [], "Plans": [{"Node Type": "Seq Scan", "Parent Relationship": "Outer", "Parallel Aware": true, "Async Capable": false, "Relation Name": "catalog_sales", "Alias": "catalog_sales", "Startup Cost": 0.0, "Total Cost": 43411.7, "Plan Rows": 600670, "Plan Width": 14, "Actual Startup Time": 0.027, "Actual Total Time": 38.22, "Actual Rows": 480516, "Actual Loops": 3, "Workers": []}, {"Node Type": "Hash", "Parent Relationship": "Inner", "Parallel Aware": true, "Async Capable": false, "Startup Cost": 2049.55, "Total Cost": 2049.55, "Plan Rows": 53, "Plan Width": 4, "Actual Startup Time": 3.056, "Actual Total Time": 3.056, "Actual Rows": 30, "Actual Loops": 3, "Hash Buckets": 1024, "Original Hash Buckets": 1024, "Hash Batches": 1, "Original Hash Batches": 1, "Peak Memory Usage": 72, "Workers": [], "Plans": [{"Node Type": "Seq Scan", "Parent Relationship": "Outer", "Parallel Aware": true, "Async Capable": false, "Relation Name": "date_dim", "Alias": "date_dim", "Startup Cost": 0.0, "Total Cost": 2049.55, "Plan Rows": 53, "Plan Width": 4, "Actual Startup Time": 1.92, "Actual Total Time": 3.031, "Actual Rows": 30, "Actual Loops": 3, "Filter": "((d_qoy = 2) AND (d_year = 2001))", "Rows Removed by Filter": 24319, "Workers": []}]}]}, {"Node Type": "Index Scan", "Parent Relationship": "Inner", "Parallel Aware": false, "Async Capable": false, "Scan Direction": "Forward", "Index Name": "customer_pkey", "Relation Name": "customer", "Alias": "customer", "Startup Cost": 0.29, "Total Cost": 0.32, "Plan Rows": 1, "Plan Width": 8, "Actual Startup Time": 0.001, "Actual Total Time": 0.001, "Actual Rows": 1, "Actual Loops": 41350, "Index Cond": "(c_customer_sk = catalog_sales.cs_bill_customer_sk)", "Rows Removed by Index Recheck": 0, "Workers": []}]}, {"Node Type": "Index Scan", "Parent Relationship": "Inner", "Parallel Aware": false, "Async Capable": false, "Scan Direction": "Forward", "Index Name": "customer_address_pkey", "Relation Name": "customer_address", "Alias": "customer_address", "Startup Cost": 0.29, "Total Cost": 0.36, "Plan Rows": 1, "Plan Width": 18, "Actual Startup Time": 0.001, "Actual Total Time": 0.001, "Actual Rows": 1, "Actual Loops": 41265, "Index Cond": "(ca_address_sk = customer.c_current_addr_sk)", "Rows Removed by Index Recheck": 0, "Workers": []}]}]}]}]}]}]}, "Planning Time": 0.294, "Triggers": [], "Execution Time": 115.295}]