[{"Plan": {"Node Type": "Limit", "Parallel Aware": false, "Async Capable": false, "Startup Cost": 67061.68, "Total Cost": 67061.68, "Plan Rows": 1, "Plan Width": 72, "Actual Startup Time": 265.97, "Actual Total Time": 268.549, "Actual Rows": 1, "Actual Loops": 1, "Plans": [{"Node Type": "Sort", "Parent Relationship": "Outer", "Parallel Aware": false, "Async Capable": false, "Startup Cost": 67061.68, "Total Cost": 67061.68, "Plan Rows": 1, "Plan Width": 72, "Actual Startup Time": 265.969, "Actual Total Time": 268.547, "Actual Rows": 1, "Actual Loops": 1, "Sort Key": ["(count(DISTINCT cs1.cs_order_number))"], "Sort Method": "quicksort", "Sort Space Used": 25, "Sort Space Type": "Memory", "Plans": [{"Node Type": "Aggregate", "Strategy": "Plain", "Partial Mode": "Simple", "Parent Relationship": "Outer", "Parallel Aware": false, "Async Capable": false, "Startup Cost": 67061.66, "Total Cost": 67061.67, "Plan Rows": 1, "Plan Width": 72, "Actual Startup Time": 265.965, "Actual Total Time": 268.543, "Actual Rows": 1, "Actual Loops": 1, "Plans": [{"Node Type": "Nested Loop", "Parent Relationship": "Outer", "Parallel Aware": false, "Async Capable": false, "Join Type": "Inner", "Startup Cost": 6798.36, "Total Cost": 67061.59, "Plan Rows": 8, "Plan Width": 16, "Actual Startup Time": 96.733, "Actual Total Time": 268.422, "Actual Rows": 172, "Actual Loops": 1, "Inner Unique": true, "Join Filter": "(cs1.cs_call_center_sk = call_center.cc_call_center_sk)", "Rows Removed by Join Filter": 345, "Plans": [{"Node Type": "Gather", "Parent Relationship": "Outer", "Parallel Aware": false, "Async Capable": false, "Startup Cost": 6798.36, "Total Cost": 67059.82, "Plan Rows": 8, "Plan Width": 20, "Actual Startup Time": 96.707, "Actual Total Time": 268.303, "Actual Rows": 172, "Actual Loops": 1, "Workers Planned": 2, "Workers Launched": 2, "Single Copy": false, "Plans": [{"Node Type": "Nested Loop", "Parent Relationship": "Outer", "Parallel Aware": false, "Async Capable": false, "Join Type": "Semi", "Startup Cost": 5798.36, "Total Cost": 66059.02, "Plan Rows": 3, "Plan Width": 20, "Actual Startup Time": 97.588, "Actual Total Time": 263.221, "Actual Rows": 57, "Actual Loops": 3, "Inner Unique": false, "Workers": [], "Plans": [{"Node Type": "Nested Loop", "Parent Relationship": "Outer", "Parallel Aware": false, "Async Capable": false, "Join Type": "Inner", "Startup Cost": 5797.93, "Total Cost": 51228.19, "Plan Rows": 3, "Plan Width": 24, "Actual Startup Time": 94.358, "Actual Total Time": 112.984, "Actual Rows": 57, "Actual Loops": 3, "Inner Unique": true, "Workers": [], "Plans": [{"Node Type": "Hash Join", "Parent Relationship": "Outer", "Parallel Aware": true, "Async Capable": false, "Join Type": "Anti", "Startup Cost": 5797.63, "Total Cost": 50869.69, "Plan Rows": 4188, "Plan Width": 28, "Actual Startup Time": 14.687, "Actual Total Time": 110.333, "Actual Rows": 3456, "Actual Loops": 3, "Inner Unique": false, "Hash Cond": "(cs1.cs_order_number = cr1.cr_order_number)", "Workers": [], "Plans": [{"Node Type": "Hash Join", "Parent Relationship": "Outer", "Parallel Aware": true, "Async Capable": false, "Join Type": "Inner", "Startup Cost": 1462.25, "Total Cost": 46450.84, "Plan Rows": 12347, "Plan Width": 28, "Actual Startup Time": 3.972, "Actual Total Time": 98.727, "Actual Rows": 9998, "Actual Loops": 3, "Inner Unique": true, "Hash Cond": "(cs1.cs_ship_addr_sk = customer_address.ca_address_sk)", "Workers": [], "Plans": [{"Node Type": "Seq Scan", "Parent Relationship": "Outer", "Parallel Aware": true, "Async Capable": false, "Relation Name": "catalog_sales", "Alias": "cs1", "Startup Cost": 0.0, "Total Cost": 43411.7, "Plan Rows": 600670, "Plan Width": 32, "Actual Startup Time": 0.029, "Actual Total Time": 43.982, "Actual Rows": 480516, "Actual Loops": 3, "Workers": []}, {"Node Type": "Hash", "Parent Relationship": "Inner", "Parallel Aware": true, "Async Capable": false, "Startup Cost": 1454.65, "Total Cost": 1454.65, "Plan Rows": 608, "Plan Width": 4, "Actual Startup Time": 3.724, "Actual Total Time": 3.725, "Actual Rows": 346, "Actual Loops": 3, "Hash Buckets": 2048, "Original Hash Buckets": 2048, "Hash Batches": 1, "Original Hash Batches": 1, "Peak Memory Usage": 112, "Workers": [], "Plans": [{"Node Type": "Seq Scan", "Parent Relationship": "Outer", "Parallel Aware": true, "Async Capable": false, "Relation Name": "customer_address", "Alias": "customer_address", "Startup Cost": 0.0, "Total Cost": 1454.65, "Plan Rows": 608, "Plan Width": 4, "Actual Startup Time": 0.034, "Actual Total Time": 3.647, "Actual Rows": 346, "Actual Loops": 3, "Filter": "(ca_state = 'PA'::bpchar)", "Rows Removed by Filter": 16321, "Workers": []}]}]}, {"Node Type": "Hash", "Parent Relationship": "Inner", "Parallel Aware": true, "Async Capable": false, "Startup Cost": 3585.03, "Total Cost": 3585.03, "Plan Rows": 60028, "Plan Width": 4, "Actual Startup Time": 10.07, "Actual Total Time": 10.071, "Actual Rows": 48022, "Actual Loops": 3, "Hash Buckets": 262144, "Original Hash Buckets": 262144, "Hash Batches": 1, "Original Hash Batches": 1, "Peak Memory Usage": 7712, "Workers": [], "Plans": [{"Node Type": "Index Only Scan", "Parent Relationship": "Outer", "Parallel Aware": true, "Async Capable": false, "Scan Direction": "Forward", "Index Name": "catalog_returns_pkey", "Relation Name": "catalog_returns", "Alias": "cr1", "Startup Cost": 0.42, "Total Cost": 3585.03, "Plan Rows": 60028, "Plan Width": 4, "Actual Startup Time": 0.063, "Actual Total Time": 3.718, "Actual Rows": 48022, "Actual Loops": 3, "Heap Fetches": 0, "Workers": []}]}]}, {"Node Type": "Memoize", "Parent Relationship": "Inner", "Parallel Aware": false, "Async Capable": false, "Startup Cost": 0.3, "Total Cost": 0.33, "Plan Rows": 1, "Plan Width": 4, "Actual Startup Time": 0.001, "Actual Total Time": 0.001, "Actual Rows": 0, "Actual Loops": 10369, "Cache Key": "cs1.cs_ship_date_sk", "Cache Mode": "logical", "Cache Hits": 2364, "Cache Misses": 1523, "Cache Evictions": 0, "Cache Overflows": 0, "Peak Memory Usage": 103, "Workers": [{"Worker Number": 0, "Cache Hits": 1891, "Cache Misses": 1462, "Cache Evictions": 0, "Cache Overflows": 0, "Peak Memory Usage": 99}, {"Worker Number": 1, "Cache Hits": 1740, "Cache Misses": 1389, "Cache Evictions": 0, "Cache Overflows": 0, "Peak Memory Usage": 94}], "Plans": [{"Node Type": "Index Scan", "Parent Relationship": "Outer", "Parallel Aware": false, "Async Capable": false, "Scan Direction": "Forward", "Index Name": "date_dim_pkey", "Relation Name": "date_dim", "Alias": "date_dim", "Startup Cost": 0.29, "Total Cost": 0.32, "Plan Rows": 1, "Plan Width": 4, "Actual Startup Time": 0.001, "Actual Total Time": 0.001, "Actual Rows": 0, "Actual Loops": 4374, "Index Cond": "(d_date_sk = cs1.cs_ship_date_sk)", "Rows Removed by Index Recheck": 0, "Filter": "((d_date >= '2002-04-01'::date) AND (d_date <= '2002-05-31 00:00:00'::timestamp without time zone))", "Rows Removed by Filter": 1, "Workers": []}]}]}, {"Node Type": "Index Scan", "Parent Relationship": "Inner", "Parallel Aware": false, "Async Capable": false, "Scan Direction": "Forward", "Index Name": "catalog_sales_pkey", "Relation Name": "catalog_sales", "Alias": "cs2", "Startup Cost": 0.43, "Total Cost": 10812.75, "Plan Rows": 10, "Plan Width": 8, "Actual Startup Time": 2.62, "Actual Total Time": 2.62, "Actual Rows": 1, "Actual Loops": 172, "Index Cond": "(cs_order_number = cs1.cs_order_number)", "Rows Removed by Index Recheck": 0, "Filter": "(cs1.cs_warehouse_sk <> cs_warehouse_sk)", "Rows Removed by Filter": 0, "Workers": []}]}]}, {"Node Type": "Materialize", "Parent Relationship": "Inner", "Parallel Aware": false, "Async Capable": false, "Startup Cost": 0.0, "Total Cost": 1.13, "Plan Rows": 6, "Plan Width": 4, "Actual Startup Time": 0.0, "Actual Total Time": 0.0, "Actual Rows": 3, "Actual Loops": 172, "Plans": [{"Node Type": "Seq Scan", "Parent Relationship": "Outer", "Parallel Aware": false, "Async Capable": false, "Relation Name": "call_center", "Alias": "call_center", "Startup Cost": 0.0, "Total Cost": 1.1, "Plan Rows": 6, "Plan Width": 4, "Actual Startup Time": 0.021, "Actual Total Time": 0.025, "Actual Rows": 6, "Actual Loops": 1, "Filter": "((cc_county)::text = ANY ('{\"Williamson County\",\"Williamson County\",\"Williamson County\",\"Williamson County\",\"Williamson County\"}'::text[]))", "Rows Removed by Filter": 0}]}]}]}]}]}, "Planning Time": 0.932, "Triggers": [], "Execution Time": 268.688}]