[{"Plan": {"Node Type": "Limit", "Parallel Aware": false, "Async Capable": false, "Startup Cost": 49650.94, "Total Cost": 49651.19, "Plan Rows": 100, "Plan Width": 272, "Actual Startup Time": 262.564, "Actual Total Time": 262.624, "Actual Rows": 100, "Actual Loops": 1, "Plans": [{"Node Type": "Sort", "Parent Relationship": "Outer", "Parallel Aware": false, "Async Capable": false, "Startup Cost": 49650.94, "Total Cost": 49651.43, "Plan Rows": 197, "Plan Width": 272, "Actual Startup Time": 262.563, "Actual Total Time": 262.62, "Actual Rows": 100, "Actual Loops": 1, "Sort Key": ["customer_address.ca_country", "customer_address.ca_state", "customer_address.ca_county", "item.i_item_id"], "Sort Method": "top-N heapsort", "Sort Space Used": 47, "Sort Space Type": "Memory", "Plans": [{"Node Type": "Aggregate", "Strategy": "Sorted", "Partial Mode": "Simple", "Parent Relationship": "Outer", "Parallel Aware": false, "Async Capable": false, "Startup Cost": 49635.81, "Total Cost": 49643.43, "Plan Rows": 197, "Plan Width": 272, "Actual Startup Time": 249.744, "Actual Total Time": 259.101, "Actual Rows": 7122, "Actual Loops": 1, "Grouping Sets": [{"Group Keys": [["item.i_item_id", "customer_address.ca_country", "customer_address.ca_state", "customer_address.ca_county"], ["item.i_item_id", "customer_address.ca_country", "customer_address.ca_state"], ["item.i_item_id", "customer_address.ca_country"], ["item.i_item_id"], []]}], "Plans": [{"Node Type": "Sort", "Parent Relationship": "Outer", "Parallel Aware": false, "Async Capable": false, "Startup Cost": 49635.81, "Total Cost": 49635.93, "Plan Rows": 49, "Plan Width": 81, "Actual Startup Time": 249.728, "Actual Total Time": 249.904, "Actual Rows": 1866, "Actual Loops": 1, "Sort Key": ["item.i_item_id", "customer_address.ca_country", "customer_address.ca_state", "customer_address.ca_county"], "Sort Method": "quicksort", "Sort Space Used": 311, "Sort Space Type": "Memory", "Plans": [{"Node Type": "Gather", "Parent Relationship": "Outer", "Parallel Aware": false, "Async Capable": false, "Startup Cost": 2946.51, "Total Cost": 49634.43, "Plan Rows": 49, "Plan Width": 81, "Actual Startup Time": 52.386, "Actual Total Time": 239.682, "Actual Rows": 1866, "Actual Loops": 1, "Workers Planned": 2, "Workers Launched": 2, "Single Copy": false, "Plans": [{"Node Type": "Nested Loop", "Parent Relationship": "Outer", "Parallel Aware": false, "Async Capable": false, "Join Type": "Inner", "Startup Cost": 1946.51, "Total Cost": 48629.53, "Plan Rows": 20, "Plan Width": 81, "Actual Startup Time": 47.637, "Actual Total Time": 237.714, "Actual Rows": 622, "Actual Loops": 3, "Inner Unique": true, "Workers": [], "Plans": [{"Node Type": "Nested Loop", "Parent Relationship": "Outer", "Parallel Aware": false, "Async Capable": false, "Join Type": "Inner", "Startup Cost": 1946.22, "Total Cost": 48623.36, "Plan Rows": 20, "Plan Width": 68, "Actual Startup Time": 47.619, "Actual Total Time": 234.794, "Actual Rows": 622, "Actual Loops": 3, "Inner Unique": true, "Workers": [], "Plans": [{"Node Type": "Nested Loop", "Parent Relationship": "Outer", "Parallel Aware": false, "Async Capable": false, "Join Type": "Inner", "Startup Cost": 1945.8, "Total Cost": 48605.01, "Plan Rows": 21, "Plan Width": 72, "Actual Startup Time": 47.589, "Actual Total Time": 234.03, "Actual Rows": 634, "Actual Loops": 3, "Inner Unique": true, "Workers": [], "Plans": [{"Node Type": "Nested Loop", "Parent Relationship": "Outer", "Parallel Aware": false, "Async Capable": false, "Join Type": "Inner", "Startup Cost": 1945.51, "Total Cost": 48560.5, "Plan Rows": 107, "Plan Width": 45, "Actual Startup Time": 43.123, "Actual Total Time": 229.562, "Actual Rows": 3314, "Actual Loops": 3, "Inner Unique": true, "Workers": [], "Plans": [{"Node Type": "Nested Loop", "Parent Relationship": "Outer", "Parallel Aware": false, "Async Capable": false, "Join Type": "Inner", "Startup Cost": 1945.21, "Total Cost": 48489.45, "Plan Rows": 218, "Plan Width": 37, "Actual Startup Time": 41.294, "Actual Total Time": 220.559, "Actual Rows": 6968, "Actual Loops": 3, "Inner Unique": true, "Workers": [], "Plans": [{"Node Type": "Hash Join", "Parent Relationship": "Outer", "Parallel Aware": true, "Async Capable": false, "Join Type": "Inner", "Startup Cost": 1944.79, "Total Cost": 46933.33, "Plan Rows": 2963, "Plan Width": 37, "Actual Startup Time": 39.712, "Actual Total Time": 87.777, "Actual Rows": 95569, "Actual Loops": 3, "Inner Unique": true, "Hash Cond": "(catalog_sales.cs_sold_date_sk = date_dim.d_date_sk)", "Workers": [], "Plans": [{"Node Type": "Seq Scan", "Parent Relationship": "Outer", "Parallel Aware": true, "Async Capable": false, "Relation Name": "catalog_sales", "Alias": "catalog_sales", "Startup Cost": 0.0, "Total Cost": 43411.7, "Plan Rows": 600670, "Plan Width": 41, "Actual Startup Time": 0.031, "Actual Total Time": 43.431, "Actual Rows": 480516, "Actual Loops": 3, "Workers": []}, {"Node Type": "Hash", "Parent Relationship": "Inner", "Parallel Aware": true, "Async Capable": false, "Startup Cost": 1942.12, "Total Cost": 1942.12, "Plan Rows": 213, "Plan Width": 4, "Actual Startup Time": 1.695, "Actual Total Time": 1.695, "Actual Rows": 122, "Actual Loops": 3, "Hash Buckets": 1024, "Original Hash Buckets": 1024, "Hash Batches": 1, "Original Hash Batches": 1, "Peak Memory Usage": 40, "Workers": [], "Plans": [{"Node Type": "Seq Scan", "Parent Relationship": "Outer", "Parallel Aware": true, "Async Capable": false, "Relation Name": "date_dim", "Alias": "date_dim", "Startup Cost": 0.0, "Total Cost": 1942.12, "Plan Rows": 213, "Plan Width": 4, "Actual Startup Time": 1.353, "Actual Total Time": 1.669, "Actual Rows": 122, "Actual Loops": 3, "Filter": "(d_year = 2001)", "Rows Removed by Filter": 24228, "Workers": []}]}]}, {"Node Type": "Index Scan", "Parent Relationship": "Inner", "Parallel Aware": false, "Async Capable": false, "Scan Direction": "Forward", "Index Name": "customer_demographics_pkey", "Relation Name": "customer_demographics", "Alias": "cd1", "Startup Cost": 0.43, "Total Cost": 0.53, "Plan Rows": 1, "Plan Width": 8, "Actual Startup Time": 0.001, "Actual Total Time": 0.001, "Actual Rows": 0, "Actual Loops": 286707, "Index Cond": "(cd_demo_sk = catalog_sales.cs_bill_cdemo_sk)", "Rows Removed by Index Recheck": 0, "Filter": "((cd_gender = 'F'::bpchar) AND (cd_education_status = 'Primary'::bpchar))", "Rows Removed by Filter": 1, "Workers": []}]}, {"Node Type": "Index Scan", "Parent Relationship": "Inner", "Parallel Aware": false, "Async Capable": false, "Scan Direction": "Forward", "Index Name": "customer_pkey", "Relation Name": "customer", "Alias": "customer", "Startup Cost": 0.29, "Total Cost": 0.33, "Plan Rows": 1, "Plan Width": 16, "Actual Startup Time": 0.001, "Actual Total Time": 0.001, "Actual Rows": 0, "Actual Loops": 20904, "Index Cond": "(c_customer_sk = catalog_sales.cs_bill_customer_sk)", "Rows Removed by Index Recheck": 0, "Filter": "(c_birth_month = ANY ('{1,3,7,11,10,4}'::integer[]))", "Rows Removed by Filter": 1, "Workers": []}]}, {"Node Type": "Index Scan", "Parent Relationship": "Inner", "Parallel Aware": false, "Async Capable": false, "Scan Direction": "Forward", "Index Name": "customer_address_pkey", "Relation Name": "customer_address", "Alias": "customer_address", "Startup Cost": 0.29, "Total Cost": 0.42, "Plan Rows": 1, "Plan Width": 35, "Actual Startup Time": 0.001, "Actual Total Time": 0.001, "Actual Rows": 0, "Actual Loops": 9942, "Index Cond": "(ca_address_sk = customer.c_current_addr_sk)", "Rows Removed by Index Recheck": 0, "Filter": "(ca_state = ANY ('{AL,MO,TN,GA,MT,IN,CA}'::bpchar[]))", "Rows Removed by Filter": 1, "Workers": []}]}, {"Node Type": "Index Only Scan", "Parent Relationship": "Inner", "Parallel Aware": false, "Async Capable": false, "Scan Direction": "Forward", "Index Name": "customer_demographics_pkey", "Relation Name": "customer_demographics", "Alias": "cd2", "Startup Cost": 0.43, "Total Cost": 0.87, "Plan Rows": 1, "Plan Width": 4, "Actual Startup Time": 0.001, "Actual Total Time": 0.001, "Actual Rows": 1, "Actual Loops": 1902, "Index Cond": "(cd_demo_sk = customer.c_current_cdemo_sk)", "Rows Removed by Index Recheck": 0, "Heap Fetches": 0, "Workers": []}]}, {"Node Type": "Index Scan", "Parent Relationship": "Inner", "Parallel Aware": false, "Async Capable": false, "Scan Direction": "Forward", "Index Name": "item_pkey", "Relation Name": "item", "Alias": "item", "Startup Cost": 0.29, "Total Cost": 0.31, "Plan Rows": 1, "Plan Width": 21, "Actual Startup Time": 0.004, "Actual Total Time": 0.004, "Actual Rows": 1, "Actual Loops": 1866, "Index Cond": "(i_item_sk = catalog_sales.cs_item_sk)", "Rows Removed by Index Recheck": 0, "Workers": []}]}]}]}]}]}]}, "Planning Time": 1.642, "Triggers": [], "Execution Time": 262.786}]