[{"Plan": {"Node Type": "Limit", "Parallel Aware": false, "Async Capable": false, "Startup Cost": 69951.16, "Total Cost": 69951.2, "Plan Rows": 16, "Plan Width": 142, "Actual Startup Time": 172.192, "Actual Total Time": 173.076, "Actual Rows": 100, "Actual Loops": 1, "Plans": [{"Node Type": "Sort", "Parent Relationship": "Outer", "Parallel Aware": false, "Async Capable": false, "Startup Cost": 69951.16, "Total Cost": 69951.2, "Plan Rows": 16, "Plan Width": 142, "Actual Startup Time": 172.191, "Actual Total Time": 173.071, "Actual Rows": 100, "Actual Loops": 1, "Sort Key": ["(sum(store_sales.ss_ext_sales_price)) DESC", "item.i_brand", "item.i_brand_id", "item.i_manufact_id", "item.i_manufact"], "Sort Method": "quicksort", "Sort Space Used": 61, "Sort Space Type": "Memory", "Plans": [{"Node Type": "Aggregate", "Strategy": "Sorted", "Partial Mode": "Finalize", "Parent Relationship": "Outer", "Parallel Aware": false, "Async Capable": false, "Startup Cost": 69948.62, "Total Cost": 69950.84, "Plan Rows": 16, "Plan Width": 142, "Actual Startup Time": 171.7, "Actual Total Time": 173.001, "Actual Rows": 139, "Actual Loops": 1, "Group Key": ["item.i_brand", "item.i_brand_id", "item.i_manufact_id", "item.i_manufact"], "Plans": [{"Node Type": "Gather Merge", "Parent Relationship": "Outer", "Parallel Aware": false, "Async Capable": false, "Startup Cost": 69948.62, "Total Cost": 69950.43, "Plan Rows": 14, "Plan Width": 142, "Actual Startup Time": 171.691, "Actual Total Time": 172.829, "Actual Rows": 388, "Actual Loops": 1, "Workers Planned": 2, "Workers Launched": 2, "Plans": [{"Node Type": "Aggregate", "Strategy": "Sorted", "Partial Mode": "Partial", "Parent Relationship": "Outer", "Parallel Aware": false, "Async Capable": false, "Startup Cost": 68948.6, "Total Cost": 68948.79, "Plan Rows": 7, "Plan Width": 142, "Actual Startup Time": 168.927, "Actual Total Time": 169.042, "Actual Rows": 129, "Actual Loops": 3, "Group Key": ["item.i_brand", "item.i_brand_id", "item.i_manufact_id", "item.i_manufact"], "Workers": [], "Plans": [{"Node Type": "Sort", "Parent Relationship": "Outer", "Parallel Aware": false, "Async Capable": false, "Startup Cost": 68948.6, "Total Cost": 68948.61, "Plan Rows": 7, "Plan Width": 116, "Actual Startup Time": 168.909, "Actual Total Time": 168.92, "Actual Rows": 399, "Actual Loops": 3, "Sort Key": ["item.i_brand", "item.i_brand_id", "item.i_manufact_id", "item.i_manufact"], "Sort Method": "quicksort", "Sort Space Used": 136, "Sort Space Type": "Memory", "Workers": [{"Worker Number": 0, "Sort Method": "quicksort", "Sort Space Used": 123, "Sort Space Type": "Memory"}, {"Worker Number": 1, "Sort Method": "quicksort", "Sort Space Used": 131, "Sort Space Type": "Memory"}], "Plans": [{"Node Type": "Nested Loop", "Parent Relationship": "Outer", "Parallel Aware": false, "Async Capable": false, "Join Type": "Inner", "Startup Cost": 1365.53, "Total Cost": 68948.5, "Plan Rows": 7, "Plan Width": 116, "Actual Startup Time": 2.963, "Actual Total Time": 167.711, "Actual Rows": 399, "Actual Loops": 3, "Inner Unique": true, "Join Filter": "(substr((customer_address.ca_zip)::text, 1, 5) <> substr((store.s_zip)::text, 1, 5))", "Rows Removed by Join Filter": 14, "Workers": [], "Plans": [{"Node Type": "Nested Loop", "Parent Relationship": "Outer", "Parallel Aware": false, "Async Capable": false, "Join Type": "Inner", "Startup Cost": 1365.24, "Total Cost": 68945.85, "Plan Rows": 7, "Plan Width": 131, "Actual Startup Time": 2.926, "Actual Total Time": 165.266, "Actual Rows": 413, "Actual Loops": 3, "Inner Unique": true, "Workers": [], "Plans": [{"Node Type": "Nested Loop", "Parent Relationship": "Outer", "Parallel Aware": false, "Async Capable": false, "Join Type": "Inner", "Startup Cost": 1364.95, "Total Cost": 68943.65, "Plan Rows": 7, "Plan Width": 131, "Actual Startup Time": 2.887, "Actual Total Time": 162.324, "Actual Rows": 418, "Actual Loops": 3, "Inner Unique": true, "Workers": [], "Plans": [{"Node Type": "Nested Loop", "Parent Relationship": "Outer", "Parallel Aware": false, "Async Capable": false, "Join Type": "Inner", "Startup Cost": 1364.81, "Total Cost": 68942.96, "Plan Rows": 8, "Plan Width": 124, "Actual Startup Time": 2.874, "Actual Total Time": 162.151, "Actual Rows": 430, "Actual Loops": 3, "Inner Unique": true, "Workers": [], "Plans": [{"Node Type": "Hash Join", "Parent Relationship": "Outer", "Parallel Aware": true, "Async Capable": false, "Join Type": "Inner", "Startup Cost": 1364.5, "Total Cost": 68213.29, "Plan Rows": 19536, "Plan Width": 128, "Actual Startup Time": 2.3, "Actual Total Time": 155.801, "Actual Rows": 15223, "Actual Loops": 3, "Inner Unique": true, "Hash Cond": "(store_sales.ss_item_sk = item.i_item_sk)", "Workers": [], "Plans": [{"Node Type": "Seq Scan", "Parent Relationship": "Outer", "Parallel Aware": true, "Async Capable": false, "Relation Name": "store_sales", "Alias": "store_sales", "Startup Cost": 0.0, "Total Cost": 63697.62, "Plan Rows": 1200162, "Plan Width": 22, "Actual Startup Time": 0.024, "Actual Total Time": 65.869, "Actual Rows": 960135, "Actual Loops": 3, "Workers": []}, {"Node Type": "Hash", "Parent Relationship": "Inner", "Parallel Aware": true, "Async Capable": false, "Startup Cost": 1362.35, "Total Cost": 1362.35, "Plan Rows": 172, "Plan Width": 114, "Actual Startup Time": 2.23, "Actual Total Time": 2.23, "Actual Rows": 98, "Actual Loops": 3, "Hash Buckets": 1024, "Original Hash Buckets": 1024, "Hash Batches": 1, "Original Hash Batches": 1, "Peak Memory Usage": 136, "Workers": [], "Plans": [{"Node Type": "Seq Scan", "Parent Relationship": "Outer", "Parallel Aware": true, "Async Capable": false, "Relation Name": "item", "Alias": "item", "Startup Cost": 0.0, "Total Cost": 1362.35, "Plan Rows": 172, "Plan Width": 114, "Actual Startup Time": 0.077, "Actual Total Time": 2.192, "Actual Rows": 98, "Actual Loops": 3, "Filter": "(i_manager_id = 14)", "Rows Removed by Filter": 5902, "Workers": []}]}]}, {"Node Type": "Memoize", "Parent Relationship": "Inner", "Parallel Aware": false, "Async Capable": false, "Startup Cost": 0.3, "Total Cost": 0.33, "Plan Rows": 1, "Plan Width": 4, "Actual Startup Time": 0.0, "Actual Total Time": 0.0, "Actual Rows": 0, "Actual Loops": 45668, "Cache Key": "store_sales.ss_sold_date_sk", "Cache Mode": "logical", "Cache Hits": 13635, "Cache Misses": 1808, "Cache Evictions": 0, "Cache Overflows": 0, "Peak Memory Usage": 122, "Workers": [{"Worker Number": 0, "Cache Hits": 13321, "Cache Misses": 1809, "Cache Evictions": 0, "Cache Overflows": 0, "Peak Memory Usage": 122}, {"Worker Number": 1, "Cache Hits": 13292, "Cache Misses": 1803, "Cache Evictions": 0, "Cache Overflows": 0, "Peak Memory Usage": 121}], "Plans": [{"Node Type": "Index Scan", "Parent Relationship": "Outer", "Parallel Aware": false, "Async Capable": false, "Scan Direction": "Forward", "Index Name": "date_dim_pkey", "Relation Name": "date_dim", "Alias": "date_dim", "Startup Cost": 0.29, "Total Cost": 0.32, "Plan Rows": 1, "Plan Width": 4, "Actual Startup Time": 0.001, "Actual Total Time": 0.001, "Actual Rows": 0, "Actual Loops": 5420, "Index Cond": "(d_date_sk = store_sales.ss_sold_date_sk)", "Rows Removed by Index Recheck": 0, "Filter": "((d_moy = 11) AND (d_year = 2002))", "Rows Removed by Filter": 1, "Workers": []}]}]}, {"Node Type": "Memoize", "Parent Relationship": "Inner", "Parallel Aware": false, "Async Capable": false, "Startup Cost": 0.15, "Total Cost": 0.16, "Plan Rows": 1, "Plan Width": 15, "Actual Startup Time": 0.0, "Actual Total Time": 0.0, "Actual Rows": 1, "Actual Loops": 1290, "Cache Key": "store_sales.ss_store_sk", "Cache Mode": "logical", "Cache Hits": 447, "Cache Misses": 7, "Cache Evictions": 0, "Cache Overflows": 0, "Peak Memory Usage": 1, "Workers": [{"Worker Number": 0, "Cache Hits": 396, "Cache Misses": 7, "Cache Evictions": 0, "Cache Overflows": 0, "Peak Memory Usage": 1}, {"Worker Number": 1, "Cache Hits": 426, "Cache Misses": 7, "Cache Evictions": 0, "Cache Overflows": 0, "Peak Memory Usage": 1}], "Plans": [{"Node Type": "Index Scan", "Parent Relationship": "Outer", "Parallel Aware": false, "Async Capable": false, "Scan Direction": "Forward", "Index Name": "store_pkey", "Relation Name": "store", "Alias": "store", "Startup Cost": 0.14, "Total Cost": 0.15, "Plan Rows": 1, "Plan Width": 15, "Actual Startup Time": 0.002, "Actual Total Time": 0.002, "Actual Rows": 1, "Actual Loops": 21, "Index Cond": "(s_store_sk = store_sales.ss_store_sk)", "Rows Removed by Index Recheck": 0, "Workers": []}]}]}, {"Node Type": "Index Scan", "Parent Relationship": "Inner", "Parallel Aware": false, "Async Capable": false, "Scan Direction": "Forward", "Index Name": "customer_pkey", "Relation Name": "customer", "Alias": "customer", "Startup Cost": 0.29, "Total Cost": 0.31, "Plan Rows": 1, "Plan Width": 8, "Actual Startup Time": 0.007, "Actual Total Time": 0.007, "Actual Rows": 1, "Actual Loops": 1254, "Index Cond": "(c_customer_sk = store_sales.ss_customer_sk)", "Rows Removed by Index Recheck": 0, "Workers": []}]}, {"Node Type": "Index Scan", "Parent Relationship": "Inner", "Parallel Aware": false, "Async Capable": false, "Scan Direction": "Forward", "Index Name": "customer_address_pkey", "Relation Name": "customer_address", "Alias": "customer_address", "Startup Cost": 0.29, "Total Cost": 0.36, "Plan Rows": 1, "Plan Width": 15, "Actual Startup Time": 0.005, "Actual Total Time": 0.005, "Actual Rows": 1, "Actual Loops": 1240, "Index Cond": "(ca_address_sk = customer.c_current_addr_sk)", "Rows Removed by Index Recheck": 0, "Workers": []}]}]}]}]}]}]}]}, "Planning Time": 0.937, "Triggers": [], "Execution Time": 173.128}]