[{"Plan": {"Node Type": "Sort", "Parallel Aware": false, "Async Capable": false, "Startup Cost": 189680.39, "Total Cost": 189680.42, "Plan Rows": 13, "Plan Width": 228, "Actual Startup Time": 389.808, "Actual Total Time": 389.991, "Actual Rows": 2513, "Actual Loops": 1, "Sort Key": ["wswscs.d_week_seq"], "Sort Method": "quicksort", "Sort Space Used": 323, "Sort Space Type": "Memory", "Plans": [{"Node Type": "Aggregate", "Strategy": "Sorted", "Partial Mode": "Finalize", "Parent Relationship": "InitPlan", "Subplan Name": "CTE wswscs", "Parallel Aware": false, "Async Capable": false, "Startup Cost": 180927.61, "Total Cost": 184425.82, "Plan Rows": 10416, "Plan Width": 228, "Actual Startup Time": 375.014, "Actual Total Time": 376.64, "Actual Rows": 263, "Actual Loops": 1, "Group Key": ["date_dim_2.d_week_seq"], "Plans": [{"Node Type": "Gather Merge", "Parent Relationship": "Outer", "Parallel Aware": false, "Async Capable": false, "Startup Cost": 180927.61, "Total Cost": 183358.18, "Plan Rows": 20832, "Plan Width": 228, "Actual Startup Time": 375.003, "Actual Total Time": 375.271, "Actual Rows": 788, "Actual Loops": 1, "Workers Planned": 2, "Workers Launched": 2, "Plans": [{"Node Type": "Sort", "Parent Relationship": "Outer", "Parallel Aware": false, "Async Capable": false, "Startup Cost": 179927.58, "Total Cost": 179953.62, "Plan Rows": 10416, "Plan Width": 228, "Actual Startup Time": 373.175, "Actual Total Time": 373.186, "Actual Rows": 263, "Actual Loops": 3, "Sort Key": ["date_dim_2.d_week_seq"], "Sort Method": "quicksort", "Sort Space Used": 160, "Sort Space Type": "Memory", "Workers": [{"Worker Number": 0, "Sort Method": "quicksort", "Sort Space Used": 160, "Sort Space Type": "Memory"}, {"Worker Number": 1, "Sort Method": "quicksort", "Sort Space Used": 160, "Sort Space Type": "Memory"}], "Plans": [{"Node Type": "Aggregate", "Strategy": "Hashed", "Partial Mode": "Partial", "Parent Relationship": "Outer", "Parallel Aware": false, "Async Capable": false, "Startup Cost": 168394.34, "Total Cost": 179232.5, "Plan Rows": 10416, "Plan Width": 228, "Actual Startup Time": 372.845, "Actual Total Time": 373.116, "Actual Rows": 263, "Actual Loops": 3, "Group Key": ["date_dim_2.d_week_seq"], "Planned Partitions": 4, "HashAgg Batches": 1, "Peak Memory Usage": 881, "Disk Usage": 0, "Workers": [{"Worker Number": 0, "HashAgg Batches": 1, "Peak Memory Usage": 881, "Disk Usage": 0}, {"Worker Number": 1, "HashAgg Batches": 1, "Peak Memory Usage": 881, "Disk Usage": 0}], "Plans": [{"Node Type": "Hash Join", "Parent Relationship": "Outer", "Parallel Aware": true, "Async Capable": false, "Join Type": "Inner", "Startup Cost": 2371.82, "Total Cost": 74413.74, "Plan Rows": 900413, "Plan Width": 20, "Actual Startup Time": 6.558, "Actual Total Time": 222.734, "Actual Rows": 717854, "Actual Loops": 3, "Inner Unique": true, "Hash Cond": "(catalog_sales.cs_sold_date_sk = date_dim_2.d_date_sk)", "Workers": [], "Plans": [{"Node Type": "Append", "Parent Relationship": "Outer", "Parallel Aware": true, "Async Capable": false, "Startup Cost": 0.0, "Total Cost": 69678.19, "Plan Rows": 900413, "Plan Width": 10, "Actual Startup Time": 0.049, "Actual Total Time": 156.192, "Actual Rows": 720311, "Actual Loops": 3, "Workers": [], "Subplans Removed": 0, "Plans": [{"Node Type": "Seq Scan", "Parent Relationship": "Member", "Parallel Aware": true, "Async Capable": false, "Relation Name": "catalog_sales", "Alias": "catalog_sales", "Startup Cost": 0.0, "Total Cost": 43411.7, "Plan Rows": 600670, "Plan Width": 10, "Actual Startup Time": 0.044, "Actual Total Time": 87.374, "Actual Rows": 480516, "Actual Loops": 3, "Workers": []}, {"Node Type": "Seq Scan", "Parent Relationship": "Member", "Parallel Aware": true, "Async Capable": false, "Relation Name": "web_sales", "Alias": "web_sales", "Startup Cost": 0.0, "Total Cost": 21764.43, "Plan Rows": 299743, "Plan Width": 10, "Actual Startup Time": 0.034, "Actual Total Time": 65.329, "Actual Rows": 359692, "Actual Loops": 2, "Workers": []}]}, {"Node Type": "Hash", "Parent Relationship": "Inner", "Parallel Aware": true, "Async Capable": false, "Startup Cost": 1834.7, "Total Cost": 1834.7, "Plan Rows": 42970, "Plan Width": 18, "Actual Startup Time": 6.409, "Actual Total Time": 6.409, "Actual Rows": 24350, "Actual Loops": 3, "Hash Buckets": 131072, "Original Hash Buckets": 131072, "Hash Batches": 1, "Original Hash Batches": 1, "Peak Memory Usage": 5088, "Workers": [], "Plans": [{"Node Type": "Seq Scan", "Parent Relationship": "Outer", "Parallel Aware": true, "Async Capable": false, "Relation Name": "date_dim", "Alias": "date_dim_2", "Startup Cost": 0.0, "Total Cost": 1834.7, "Plan Rows": 42970, "Plan Width": 18, "Actual Startup Time": 0.004, "Actual Total Time": 2.67, "Actual Rows": 24350, "Actual Loops": 3, "Workers": []}]}]}]}]}]}]}, {"Node Type": "Hash Join", "Parent Relationship": "Outer", "Parallel Aware": false, "Async Capable": false, "Join Type": "Inner", "Startup Cost": 5006.36, "Total Cost": 5254.33, "Plan Rows": 13, "Plan Width": 228, "Actual Startup Time": 385.52, "Actual Total Time": 389.546, "Actual Rows": 2513, "Actual Loops": 1, "Inner Unique": false, "Hash Cond": "(wswscs.d_week_seq = date_dim.d_week_seq)", "Plans": [{"Node Type": "CTE Scan", "Parent Relationship": "Outer", "Parallel Aware": false, "Async Capable": false, "CTE Name": "wswscs", "Alias": "wswscs", "Startup Cost": 0.0, "Total Cost": 208.32, "Plan Rows": 10416, "Plan Width": 228, "Actual Startup Time": 375.016, "Actual Total Time": 375.029, "Actual Rows": 263, "Actual Loops": 1}, {"Node Type": "Hash", "Parent Relationship": "Inner", "Parallel Aware": false, "Async Capable": false, "Startup Cost": 5006.2, "Total Cost": 5006.2, "Plan Rows": 13, "Plan Width": 232, "Actual Startup Time": 10.492, "Actual Total Time": 10.493, "Actual Rows": 2513, "Actual Loops": 1, "Hash Buckets": 4096, "Original Hash Buckets": 1024, "Hash Batches": 1, "Original Hash Batches": 1, "Peak Memory Usage": 288, "Plans": [{"Node Type": "Merge Join", "Parent Relationship": "Outer", "Parallel Aware": false, "Async Capable": false, "Join Type": "Inner", "Startup Cost": 5000.64, "Total Cost": 5006.2, "Plan Rows": 13, "Plan Width": 232, "Actual Startup Time": 9.907, "Actual Total Time": 10.131, "Actual Rows": 2513, "Actual Loops": 1, "Inner Unique": false, "Merge Cond": "(((wswscs_1.d_week_seq - 53)) = date_dim.d_week_seq)", "Plans": [{"Node Type": "Sort", "Parent Relationship": "Outer", "Parallel Aware": false, "Async Capable": false, "Startup Cost": 2667.14, "Total Cost": 2668.05, "Plan Rows": 362, "Plan Width": 228, "Actual Startup Time": 5.69, "Actual Total Time": 5.7, "Actual Rows": 365, "Actual Loops": 1, "Sort Key": ["((wswscs_1.d_week_seq - 53))"], "Sort Method": "quicksort", "Sort Space Used": 76, "Sort Space Type": "Memory", "Plans": [{"Node Type": "Hash Join", "Parent Relationship": "Outer", "Parallel Aware": false, "Async Capable": false, "Join Type": "Inner", "Startup Cost": 2322.64, "Total Cost": 2651.76, "Plan Rows": 362, "Plan Width": 228, "Actual Startup Time": 4.391, "Actual Total Time": 5.639, "Actual Rows": 365, "Actual Loops": 1, "Inner Unique": false, "Hash Cond": "(wswscs_1.d_week_seq = date_dim_1.d_week_seq)", "Plans": [{"Node Type": "CTE Scan", "Parent Relationship": "Outer", "Parallel Aware": false, "Async Capable": false, "CTE Name": "wswscs", "Alias": "wswscs_1", "Startup Cost": 0.0, "Total Cost": 208.32, "Plan Rows": 10416, "Plan Width": 228, "Actual Startup Time": 0.0, "Actual Total Time": 1.551, "Actual Rows": 263, "Actual Loops": 1}, {"Node Type": "Hash", "Parent Relationship": "Inner", "Parallel Aware": false, "Async Capable": false, "Startup Cost": 2318.11, "Total Cost": 2318.11, "Plan Rows": 362, "Plan Width": 4, "Actual Startup Time": 4.037, "Actual Total Time": 4.038, "Actual Rows": 365, "Actual Loops": 1, "Hash Buckets": 1024, "Original Hash Buckets": 1024, "Hash Batches": 1, "Original Hash Batches": 1, "Peak Memory Usage": 21, "Plans": [{"Node Type": "Seq Scan", "Parent Relationship": "Outer", "Parallel Aware": false, "Async Capable": false, "Relation Name": "date_dim", "Alias": "date_dim_1", "Startup Cost": 0.0, "Total Cost": 2318.11, "Plan Rows": 362, "Plan Width": 4, "Actual Startup Time": 2.073, "Actual Total Time": 4.02, "Actual Rows": 365, "Actual Loops": 1, "Filter": "(d_year = 1999)", "Rows Removed by Filter": 72684}]}]}]}, {"Node Type": "Sort", "Parent Relationship": "Inner", "Parallel Aware": false, "Async Capable": false, "Startup Cost": 2333.5, "Total Cost": 2334.4, "Plan Rows": 362, "Plan Width": 4, "Actual Startup Time": 4.212, "Actual Total Time": 4.259, "Actual Rows": 2514, "Actual Loops": 1, "Sort Key": ["date_dim.d_week_seq"], "Sort Method": "quicksort", "Sort Space Used": 42, "Sort Space Type": "Memory", "Plans": [{"Node Type": "Seq Scan", "Parent Relationship": "Outer", "Parallel Aware": false, "Async Capable": false, "Relation Name": "date_dim", "Alias": "date_dim", "Startup Cost": 0.0, "Total Cost": 2318.11, "Plan Rows": 362, "Plan Width": 4, "Actual Startup Time": 2.027, "Actual Total Time": 4.193, "Actual Rows": 365, "Actual Loops": 1, "Filter": "(d_year = 1998)", "Rows Removed by Filter": 72684}]}]}]}]}]}, "Planning Time": 0.221, "Triggers": [], "Execution Time": 390.334}]