[{"Plan": {"Node Type": "Limit", "Parallel Aware": false, "Async Capable": false, "Startup Cost": 48158.0, "Total Cost": 48158.25, "Plan Rows": 100, "Plan Width": 291, "Actual Startup Time": 96.531, "Actual Total Time": 96.577, "Actual Rows": 100, "Actual Loops": 1, "Plans": [{"Node Type": "Sort", "Parent Relationship": "Outer", "Parallel Aware": false, "Async Capable": false, "Startup Cost": 48158.0, "Total Cost": 48158.44, "Plan Rows": 176, "Plan Width": 291, "Actual Startup Time": 96.53, "Actual Total Time": 96.573, "Actual Rows": 100, "Actual Loops": 1, "Sort Key": ["item.i_category", "item.i_class", "item.i_item_id", "item.i_item_desc", "((((sum(catalog_sales.cs_ext_sales_price)) * '100'::numeric) / sum((sum(catalog_sales.cs_ext_sales_price))) OVER (?)))"], "Sort Method": "top-N heapsort", "Sort Space Used": 72, "Sort Space Type": "Memory", "Plans": [{"Node Type": "WindowAgg", "Parent Relationship": "Outer", "Parallel Aware": false, "Async Capable": false, "Startup Cost": 48147.48, "Total Cost": 48151.44, "Plan Rows": 176, "Plan Width": 291, "Actual Startup Time": 93.626, "Actual Total Time": 94.849, "Actual Rows": 2150, "Actual Loops": 1, "Plans": [{"Node Type": "Sort", "Parent Relationship": "Outer", "Parallel Aware": false, "Async Capable": false, "Startup Cost": 48147.48, "Total Cost": 48147.92, "Plan Rows": 176, "Plan Width": 259, "Actual Startup Time": 93.606, "Actual Total Time": 93.715, "Actual Rows": 2150, "Actual Loops": 1, "Sort Key": ["item.i_class"], "Sort Method": "quicksort", "Sort Space Used": 922, "Sort Space Type": "Memory", "Plans": [{"Node Type": "Aggregate", "Strategy": "Sorted", "Partial Mode": "Finalize", "Parent Relationship": "Outer", "Parallel Aware": false, "Async Capable": false, "Startup Cost": 48117.12, "Total Cost": 48140.91, "Plan Rows": 176, "Plan Width": 259, "Actual Startup Time": 84.906, "Actual Total Time": 90.778, "Actual Rows": 2150, "Actual Loops": 1, "Group Key": ["item.i_item_id", "item.i_item_desc", "item.i_category", "item.i_class", "item.i_current_price"], "Plans": [{"Node Type": "Gather Merge", "Parent Relationship": "Outer", "Parallel Aware": false, "Async Capable": false, "Startup Cost": 48117.12, "Total Cost": 48136.16, "Plan Rows": 146, "Plan Width": 259, "Actual Startup Time": 84.897, "Actual Total Time": 89.068, "Actual Rows": 3358, "Actual Loops": 1, "Workers Planned": 2, "Workers Launched": 2, "Plans": [{"Node Type": "Aggregate", "Strategy": "Sorted", "Partial Mode": "Partial", "Parent Relationship": "Outer", "Parallel Aware": false, "Async Capable": false, "Startup Cost": 47117.09, "Total Cost": 47119.28, "Plan Rows": 73, "Plan Width": 259, "Actual Startup Time": 82.998, "Actual Total Time": 83.778, "Actual Rows": 1119, "Actual Loops": 3, "Group Key": ["item.i_item_id", "item.i_item_desc", "item.i_category", "item.i_class", "item.i_current_price"], "Workers": [], "Plans": [{"Node Type": "Sort", "Parent Relationship": "Outer", "Parallel Aware": false, "Async Capable": false, "Startup Cost": 47117.09, "Total Cost": 47117.28, "Plan Rows": 73, "Plan Width": 233, "Actual Startup Time": 82.989, "Actual Total Time": 83.055, "Actual Rows": 1418, "Actual Loops": 3, "Sort Key": ["item.i_item_id", "item.i_item_desc", "item.i_category", "item.i_class", "item.i_current_price"], "Sort Method": "quicksort", "Sort Space Used": 605, "Sort Space Type": "Memory", "Workers": [{"Worker Number": 0, "Sort Method": "quicksort", "Sort Space Used": 559, "Sort Space Type": "Memory"}, {"Worker Number": 1, "Sort Method": "quicksort", "Sort Space Used": 611, "Sort Space Type": "Memory"}], "Plans": [{"Node Type": "Nested Loop", "Parent Relationship": "Outer", "Parallel Aware": false, "Async Capable": false, "Join Type": "Inner", "Startup Cost": 2050.06, "Total Cost": 47114.83, "Plan Rows": 73, "Plan Width": 233, "Actual Startup Time": 56.348, "Actual Total Time": 75.9, "Actual Rows": 1418, "Actual Loops": 3, "Inner Unique": true, "Workers": [], "Plans": [{"Node Type": "Hash Join", "Parent Relationship": "Outer", "Parallel Aware": true, "Async Capable": false, "Join Type": "Inner", "Startup Cost": 2049.78, "Total Cost": 47038.32, "Plan Rows": 245, "Plan Width": 10, "Actual Startup Time": 56.231, "Actual Total Time": 70.239, "Actual Rows": 4779, "Actual Loops": 3, "Inner Unique": true, "Hash Cond": "(catalog_sales.cs_sold_date_sk = date_dim.d_date_sk)", "Workers": [], "Plans": [{"Node Type": "Seq Scan", "Parent Relationship": "Outer", "Parallel Aware": true, "Async Capable": false, "Relation Name": "catalog_sales", "Alias": "catalog_sales", "Startup Cost": 0.0, "Total Cost": 43411.7, "Plan Rows": 600670, "Plan Width": 14, "Actual Startup Time": 0.027, "Actual Total Time": 41.472, "Actual Rows": 480516, "Actual Loops": 3, "Workers": []}, {"Node Type": "Hash", "Parent Relationship": "Inner", "Parallel Aware": true, "Async Capable": false, "Startup Cost": 2049.55, "Total Cost": 2049.55, "Plan Rows": 18, "Plan Width": 4, "Actual Startup Time": 1.396, "Actual Total Time": 1.396, "Actual Rows": 10, "Actual Loops": 3, "Hash Buckets": 1024, "Original Hash Buckets": 1024, "Hash Batches": 1, "Original Hash Batches": 1, "Peak Memory Usage": 40, "Workers": [], "Plans": [{"Node Type": "Seq Scan", "Parent Relationship": "Outer", "Parallel Aware": true, "Async Capable": false, "Relation Name": "date_dim", "Alias": "date_dim", "Startup Cost": 0.0, "Total Cost": 2049.55, "Plan Rows": 18, "Plan Width": 4, "Actual Startup Time": 1.011, "Actual Total Time": 1.378, "Actual Rows": 10, "Actual Loops": 3, "Filter": "((d_date >= '2002-06-18'::date) AND (d_date <= '2002-07-18 00:00:00'::timestamp without time zone))", "Rows Removed by Filter": 24339, "Workers": []}]}]}, {"Node Type": "Index Scan", "Parent Relationship": "Inner", "Parallel Aware": false, "Async Capable": false, "Scan Direction": "Forward", "Index Name": "item_pkey", "Relation Name": "item", "Alias": "item", "Startup Cost": 0.29, "Total Cost": 0.31, "Plan Rows": 1, "Plan Width": 231, "Actual Startup Time": 0.001, "Actual Total Time": 0.001, "Actual Rows": 0, "Actual Loops": 14337, "Index Cond": "(i_item_sk = catalog_sales.cs_item_sk)", "Rows Removed by Index Recheck": 0, "Filter": "(i_category = ANY ('{Books,Music,Sports}'::bpchar[]))", "Rows Removed by Filter": 1, "Workers": []}]}]}]}]}]}]}]}]}]}, "Planning Time": 1.048, "Triggers": [], "Execution Time": 96.627}]