[{"Plan": {"Node Type": "Limit", "Parallel Aware": false, "Async Capable": false, "Startup Cost": 129664.79, "Total Cost": 129756.6, "Plan Rows": 69, "Plan Width": 51, "Actual Startup Time": 760.579, "Actual Total Time": 762.171, "Actual Rows": 100, "Actual Loops": 1, "Plans": [{"Node Type": "Aggregate", "Strategy": "Sorted", "Partial Mode": "Finalize", "Parent Relationship": "Outer", "Parallel Aware": false, "Async Capable": false, "Startup Cost": 129664.79, "Total Cost": 129755.91, "Plan Rows": 69, "Plan Width": 51, "Actual Startup Time": 760.578, "Actual Total Time": 762.166, "Actual Rows": 100, "Actual Loops": 1, "Group Key": ["warehouse.w_warehouse_name", "item.i_item_id"], "Filter": "(((CASE WHEN (sum(CASE WHEN (date_dim.d_date < '1999-06-22'::date) THEN inventory.inv_quantity_on_hand ELSE 0 END) > 0) THEN (sum(CASE WHEN (date_dim.d_date >= '1999-06-22'::date) THEN inventory.inv_quantity_on_hand ELSE 0 END) / sum(CASE WHEN (date_dim.d_date < '1999-06-22'::date) THEN inventory.inv_quantity_on_hand ELSE 0 END)) ELSE NULL::bigint END)::numeric >= 0.66666666666666666667) AND ((CASE WHEN (sum(CASE WHEN (date_dim.d_date < '1999-06-22'::date) THEN inventory.inv_quantity_on_hand ELSE 0 END) > 0) THEN (sum(CASE WHEN (date_dim.d_date >= '1999-06-22'::date) THEN inventory.inv_quantity_on_hand ELSE 0 END) / sum(CASE WHEN (date_dim.d_date < '1999-06-22'::date) THEN inventory.inv_quantity_on_hand ELSE 0 END)) ELSE NULL::bigint END)::numeric <= 1.5000000000000000))", "Rows Removed by Filter": 79, "Plans": [{"Node Type": "Gather Merge", "Parent Relationship": "Outer", "Parallel Aware": false, "Async Capable": false, "Startup Cost": 129664.79, "Total Cost": 129731.96, "Plan Rows": 520, "Plan Width": 51, "Actual Startup Time": 760.568, "Actual Total Time": 762.092, "Actual Rows": 515, "Actual Loops": 1, "Workers Planned": 2, "Workers Launched": 2, "Plans": [{"Node Type": "Aggregate", "Strategy": "Sorted", "Partial Mode": "Partial", "Parent Relationship": "Outer", "Parallel Aware": false, "Async Capable": false, "Startup Cost": 128664.76, "Total Cost": 128671.91, "Plan Rows": 260, "Plan Width": 51, "Actual Startup Time": 745.403, "Actual Total Time": 745.654, "Actual Rows": 527, "Actual Loops": 3, "Group Key": ["warehouse.w_warehouse_name", "item.i_item_id"], "Workers": [], "Plans": [{"Node Type": "Sort", "Parent Relationship": "Outer", "Parallel Aware": false, "Async Capable": false, "Startup Cost": 128664.76, "Total Cost": 128665.41, "Plan Rows": 260, "Plan Width": 43, "Actual Startup Time": 745.389, "Actual Total Time": 745.433, "Actual Rows": 1560, "Actual Loops": 3, "Sort Key": ["warehouse.w_warehouse_name", "item.i_item_id"], "Sort Method": "quicksort", "Sort Space Used": 1034, "Sort Space Type": "Memory", "Workers": [{"Worker Number": 0, "Sort Method": "quicksort", "Sort Space Used": 825, "Sort Space Type": "Memory"}, {"Worker Number": 1, "Sort Method": "quicksort", "Sort Space Used": 1036, "Sort Space Type": "Memory"}], "Plans": [{"Node Type": "Hash Join", "Parent Relationship": "Outer", "Parallel Aware": false, "Async Capable": false, "Join Type": "Inner", "Startup Cost": 2051.43, "Total Cost": 128654.33, "Plan Rows": 260, "Plan Width": 43, "Actual Startup Time": 174.976, "Actual Total Time": 707.945, "Actual Rows": 8250, "Actual Loops": 3, "Inner Unique": true, "Hash Cond": "(inventory.inv_warehouse_sk = warehouse.w_warehouse_sk)", "Workers": [], "Plans": [{"Node Type": "Nested Loop", "Parent Relationship": "Outer", "Parallel Aware": false, "Async Capable": false, "Join Type": "Inner", "Startup Cost": 2050.31, "Total Cost": 128651.96, "Plan Rows": 260, "Plan Width": 29, "Actual Startup Time": 174.896, "Actual Total Time": 707.104, "Actual Rows": 8250, "Actual Loops": 3, "Inner Unique": true, "Workers": [], "Plans": [{"Node Type": "Hash Join", "Parent Relationship": "Outer", "Parallel Aware": true, "Async Capable": false, "Join Type": "Inner", "Startup Cost": 2050.03, "Total Cost": 127320.81, "Plan Rows": 4288, "Plan Width": 16, "Actual Startup Time": 174.616, "Actual Total Time": 575.456, "Actual Rows": 135000, "Actual Loops": 3, "Inner Unique": true, "Hash Cond": "(inventory.inv_date_sk = date_dim.d_date_sk)", "Workers": [], "Plans": [{"Node Type": "Seq Scan", "Parent Relationship": "Outer", "Parallel Aware": true, "Async Capable": false, "Relation Name": "inventory", "Alias": "inventory", "Startup Cost": 0.0, "Total Cost": 112424.06, "Plan Rows": 4893706, "Plan Width": 16, "Actual Startup Time": 0.06, "Actual Total Time": 162.823, "Actual Rows": 3915000, "Actual Loops": 3, "Workers": []}, {"Node Type": "Hash", "Parent Relationship": "Inner", "Parallel Aware": true, "Async Capable": false, "Startup Cost": 2049.55, "Total Cost": 2049.55, "Plan Rows": 38, "Plan Width": 8, "Actual Startup Time": 8.055, "Actual Total Time": 8.055, "Actual Rows": 20, "Actual Loops": 3, "Hash Buckets": 1024, "Original Hash Buckets": 1024, "Hash Batches": 1, "Original Hash Batches": 1, "Peak Memory Usage": 40, "Workers": [], "Plans": [{"Node Type": "Seq Scan", "Parent Relationship": "Outer", "Parallel Aware": true, "Async Capable": false, "Relation Name": "date_dim", "Alias": "date_dim", "Startup Cost": 0.0, "Total Cost": 2049.55, "Plan Rows": 38, "Plan Width": 8, "Actual Startup Time": 7.129, "Actual Total Time": 8.029, "Actual Rows": 20, "Actual Loops": 3, "Filter": "((d_date >= '1999-05-23 00:00:00'::timestamp without time zone) AND (d_date <= '1999-07-22 00:00:00'::timestamp without time zone))", "Rows Removed by Filter": 24329, "Workers": []}]}]}, {"Node Type": "Index Scan", "Parent Relationship": "Inner", "Parallel Aware": false, "Async Capable": false, "Scan Direction": "Forward", "Index Name": "item_pkey", "Relation Name": "item", "Alias": "item", "Startup Cost": 0.29, "Total Cost": 0.31, "Plan Rows": 1, "Plan Width": 21, "Actual Startup Time": 0.001, "Actual Total Time": 0.001, "Actual Rows": 0, "Actual Loops": 405000, "Index Cond": "(i_item_sk = inventory.inv_item_sk)", "Rows Removed by Index Recheck": 0, "Filter": "((i_current_price >= 0.99) AND (i_current_price <= 1.49))", "Rows Removed by Filter": 1, "Workers": []}]}, {"Node Type": "Hash", "Parent Relationship": "Inner", "Parallel Aware": false, "Async Capable": false, "Startup Cost": 1.05, "Total Cost": 1.05, "Plan Rows": 5, "Plan Width": 22, "Actual Startup Time": 0.045, "Actual Total Time": 0.045, "Actual Rows": 5, "Actual Loops": 3, "Hash Buckets": 1024, "Original Hash Buckets": 1024, "Hash Batches": 1, "Original Hash Batches": 1, "Peak Memory Usage": 9, "Workers": [], "Plans": [{"Node Type": "Seq Scan", "Parent Relationship": "Outer", "Parallel Aware": false, "Async Capable": false, "Relation Name": "warehouse", "Alias": "warehouse", "Startup Cost": 0.0, "Total Cost": 1.05, "Plan Rows": 5, "Plan Width": 22, "Actual Startup Time": 0.036, "Actual Total Time": 0.037, "Actual Rows": 5, "Actual Loops": 3, "Workers": []}]}]}]}]}]}]}]}, "Planning Time": 6.192, "Triggers": [], "Execution Time": 765.322}]