[{"Plan": {"Node Type": "Limit", "Parallel Aware": false, "Async Capable": false, "Startup Cost": 146098.26, "Total Cost": 146098.51, "Plan Rows": 100, "Plan Width": 236, "Actual Startup Time": 7882.517, "Actual Total Time": 7957.465, "Actual Rows": 100, "Actual Loops": 1, "Plans": [{"Node Type": "Sort", "Parent Relationship": "Outer", "Parallel Aware": false, "Async Capable": false, "Startup Cost": 146098.26, "Total Cost": 146277.91, "Plan Rows": 71857, "Plan Width": 236, "Actual Startup Time": 7882.517, "Actual Total Time": 7957.46, "Actual Rows": 100, "Actual Loops": 1, "Sort Key": ["(avg(inventory.inv_quantity_on_hand))", "item.i_product_name", "item.i_brand", "item.i_class", "item.i_category"], "Sort Method": "top-N heapsort", "Sort Space Used": 65, "Sort Space Type": "Memory", "Plans": [{"Node Type": "Aggregate", "Strategy": "Sorted", "Partial Mode": "Simple", "Parent Relationship": "Outer", "Parallel Aware": false, "Async Capable": false, "Startup Cost": 134366.89, "Total Cost": 143351.94, "Plan Rows": 71857, "Plan Width": 236, "Actual Startup Time": 6682.22, "Actual Total Time": 7951.656, "Actual Rows": 35968, "Actual Loops": 1, "Grouping Sets": [{"Group Keys": [["item.i_product_name", "item.i_brand", "item.i_class", "item.i_category"], ["item.i_product_name", "item.i_brand", "item.i_class"], ["item.i_product_name", "item.i_brand"], ["item.i_product_name"], []]}], "Plans": [{"Node Type": "Gather Merge", "Parent Relationship": "Outer", "Parallel Aware": false, "Async Capable": false, "Startup Cost": 134366.89, "Total Cost": 141669.92, "Plan Rows": 62705, "Plan Width": 208, "Actual Startup Time": 6682.063, "Actual Total Time": 7433.505, "Actual Rows": 2340000, "Actual Loops": 1, "Workers Planned": 2, "Workers Launched": 2, "Plans": [{"Node Type": "Sort", "Parent Relationship": "Outer", "Parallel Aware": false, "Async Capable": false, "Startup Cost": 133366.86, "Total Cost": 133432.18, "Plan Rows": 26127, "Plan Width": 208, "Actual Startup Time": 6654.234, "Actual Total Time": 6915.777, "Actual Rows": 780000, "Actual Loops": 3, "Sort Key": ["item.i_product_name", "item.i_brand", "item.i_class", "item.i_category"], "Sort Method": "external merge", "Sort Space Used": 166736, "Sort Space Type": "Disk", "Workers": [{"Worker Number": 0, "Sort Method": "external merge", "Sort Space Used": 163528, "Sort Space Type": "Disk"}, {"Worker Number": 1, "Sort Method": "external merge", "Sort Space Used": 167472, "Sort Space Type": "Disk"}], "Plans": [{"Node Type": "Hash Join", "Parent Relationship": "Outer", "Parallel Aware": true, "Async Capable": false, "Join Type": "Inner", "Startup Cost": 3520.64, "Total Cost": 128860.02, "Plan Rows": 26127, "Plan Width": 208, "Actual Startup Time": 224.524, "Actual Total Time": 625.594, "Actual Rows": 780000, "Actual Loops": 3, "Inner Unique": true, "Hash Cond": "(inventory.inv_item_sk = item.i_item_sk)", "Workers": [], "Plans": [{"Node Type": "Hash Join", "Parent Relationship": "Outer", "Parallel Aware": true, "Async Capable": false, "Join Type": "Inner", "Startup Cost": 2052.41, "Total Cost": 127323.19, "Plan Rows": 26127, "Plan Width": 8, "Actual Startup Time": 222.025, "Actual Total Time": 525.718, "Actual Rows": 780000, "Actual Loops": 3, "Inner Unique": true, "Hash Cond": "(inventory.inv_date_sk = date_dim.d_date_sk)", "Workers": [], "Plans": [{"Node Type": "Seq Scan", "Parent Relationship": "Outer", "Parallel Aware": true, "Async Capable": false, "Relation Name": "inventory", "Alias": "inventory", "Startup Cost": 0.0, "Total Cost": 112424.06, "Plan Rows": 4893706, "Plan Width": 12, "Actual Startup Time": 0.033, "Actual Total Time": 156.055, "Actual Rows": 3915000, "Actual Loops": 3, "Workers": []}, {"Node Type": "Hash", "Parent Relationship": "Inner", "Parallel Aware": true, "Async Capable": false, "Startup Cost": 2049.55, "Total Cost": 2049.55, "Plan Rows": 229, "Plan Width": 4, "Actual Startup Time": 1.725, "Actual Total Time": 1.725, "Actual Rows": 122, "Actual Loops": 3, "Hash Buckets": 1024, "Original Hash Buckets": 1024, "Hash Batches": 1, "Original Hash Batches": 1, "Peak Memory Usage": 104, "Workers": [], "Plans": [{"Node Type": "Seq Scan", "Parent Relationship": "Outer", "Parallel Aware": true, "Async Capable": false, "Relation Name": "date_dim", "Alias": "date_dim", "Startup Cost": 0.0, "Total Cost": 2049.55, "Plan Rows": 229, "Plan Width": 4, "Actual Startup Time": 0.816, "Actual Total Time": 1.674, "Actual Rows": 122, "Actual Loops": 3, "Filter": "((d_month_seq >= 1200) AND (d_month_seq <= 1211))", "Rows Removed by Filter": 24228, "Workers": []}]}]}, {"Node Type": "Hash", "Parent Relationship": "Inner", "Parallel Aware": true, "Async Capable": false, "Startup Cost": 1335.88, "Total Cost": 1335.88, "Plan Rows": 10588, "Plan Width": 208, "Actual Startup Time": 2.423, "Actual Total Time": 2.423, "Actual Rows": 6000, "Actual Loops": 3, "Hash Buckets": 32768, "Original Hash Buckets": 32768, "Hash Batches": 1, "Original Hash Batches": 1, "Peak Memory Usage": 4512, "Workers": [], "Plans": [{"Node Type": "Seq Scan", "Parent Relationship": "Outer", "Parallel Aware": true, "Async Capable": false, "Relation Name": "item", "Alias": "item", "Startup Cost": 0.0, "Total Cost": 1335.88, "Plan Rows": 10588, "Plan Width": 208, "Actual Startup Time": 0.003, "Actual Total Time": 1.306, "Actual Rows": 6000, "Actual Loops": 3, "Workers": []}]}]}]}]}]}]}]}, "Planning Time": 0.197, "Triggers": [], "Execution Time": 8008.232}]