[{"Plan": {"Node Type": "Aggregate", "Strategy": "Sorted", "Partial Mode": "Simple", "Parallel Aware": false, "Async Capable": false, "Startup Cost": 75568.88, "Total Cost": 75568.91, "Plan Rows": 1, "Plan Width": 358, "Actual Startup Time": 20.899, "Actual Total Time": 21.881, "Actual Rows": 0, "Actual Loops": 1, "Group Key": ["ssales.c_last_name", "ssales.c_first_name", "ssales.s_store_name"], "Filter": "(sum(ssales.netpaid) > $5)", "Rows Removed by Filter": 0, "Plans": [{"Node Type": "Aggregate", "Strategy": "Sorted", "Partial Mode": "Simple", "Parent Relationship": "InitPlan", "Subplan Name": "CTE ssales", "Parallel Aware": false, "Async Capable": false, "Startup Cost": 75568.76, "Total Cost": 75568.81, "Plan Rows": 1, "Plan Width": 158, "Actual Startup Time": 20.889, "Actual Total Time": 21.871, "Actual Rows": 0, "Actual Loops": 1, "Group Key": ["customer.c_last_name", "customer.c_first_name", "store.s_store_name", "customer_address.ca_state", "store.s_state", "item.i_color", "item.i_current_price", "item.i_manager_id", "item.i_units", "item.i_size"], "Plans": [{"Node Type": "Sort", "Parent Relationship": "Outer", "Parallel Aware": false, "Async Capable": false, "Startup Cost": 75568.76, "Total Cost": 75568.77, "Plan Rows": 1, "Plan Width": 132, "Actual Startup Time": 20.889, "Actual Total Time": 21.87, "Actual Rows": 0, "Actual Loops": 1, "Sort Key": ["customer.c_last_name", "customer.c_first_name", "store.s_store_name", "customer_address.ca_state", "store.s_state", "item.i_color", "item.i_current_price", "item.i_manager_id", "item.i_units", "item.i_size"], "Sort Method": "quicksort", "Sort Space Used": 25, "Sort Space Type": "Memory", "Plans": [{"Node Type": "Nested Loop", "Parent Relationship": "Outer", "Parallel Aware": false, "Async Capable": false, "Join Type": "Inner", "Startup Cost": 6915.71, "Total Cost": 75568.75, "Plan Rows": 1, "Plan Width": 132, "Actual Startup Time": 20.882, "Actual Total Time": 21.864, "Actual Rows": 0, "Actual Loops": 1, "Inner Unique": true, "Plans": [{"Node Type": "Gather", "Parent Relationship": "Outer", "Parallel Aware": false, "Async Capable": false, "Startup Cost": 6915.42, "Total Cost": 75568.45, "Plan Rows": 1, "Plan Width": 77, "Actual Startup Time": 20.882, "Actual Total Time": 21.863, "Actual Rows": 0, "Actual Loops": 1, "Workers Planned": 2, "Workers Launched": 2, "Single Copy": false, "Plans": [{"Node Type": "Nested Loop", "Parent Relationship": "Outer", "Parallel Aware": false, "Async Capable": false, "Join Type": "Inner", "Startup Cost": 5915.42, "Total Cost": 74568.35, "Plan Rows": 1, "Plan Width": 77, "Actual Startup Time": 18.392, "Actual Total Time": 18.393, "Actual Rows": 0, "Actual Loops": 3, "Inner Unique": true, "Workers": [], "Plans": [{"Node Type": "Hash Join", "Parent Relationship": "Outer", "Parallel Aware": true, "Async Capable": false, "Join Type": "Inner", "Startup Cost": 5915.0, "Total Cost": 74557.69, "Plan Rows": 24, "Plan Width": 77, "Actual Startup Time": 18.391, "Actual Total Time": 18.393, "Actual Rows": 0, "Actual Loops": 3, "Inner Unique": true, "Hash Cond": "((customer.c_current_addr_sk = customer_address.ca_address_sk) AND (store.s_zip = customer_address.ca_zip))", "Join Filter": "((customer.c_birth_country)::text <> upper((customer_address.ca_country)::text))", "Rows Removed by Join Filter": 0, "Workers": [], "Plans": [{"Node Type": "Hash Join", "Parent Relationship": "Outer", "Parallel Aware": true, "Async Capable": false, "Join Type": "Inner", "Startup Cost": 4092.7, "Total Cost": 72255.61, "Plan Rows": 91387, "Plan Width": 98, "Actual Startup Time": 13.32, "Actual Total Time": 13.321, "Actual Rows": 0, "Actual Loops": 3, "Inner Unique": true, "Hash Cond": "(store_sales.ss_customer_sk = customer.c_customer_sk)", "Workers": [], "Plans": [{"Node Type": "Hash Join", "Parent Relationship": "Outer", "Parallel Aware": false, "Async Capable": false, "Join Type": "Inner", "Startup Cost": 1.16, "Total Cost": 67913.05, "Plan Rows": 95626, "Plan Width": 37, "Actual Startup Time": 0.07, "Actual Total Time": 0.07, "Actual Rows": 0, "Actual Loops": 3, "Inner Unique": true, "Hash Cond": "(store_sales.ss_store_sk = store.s_store_sk)", "Workers": [], "Plans": [{"Node Type": "Seq Scan", "Parent Relationship": "Outer", "Parallel Aware": true, "Async Capable": false, "Relation Name": "store_sales", "Alias": "store_sales", "Startup Cost": 0.0, "Total Cost": 63697.62, "Plan Rows": 1200162, "Plan Width": 22, "Actual Startup Time": 0.035, "Actual Total Time": 0.035, "Actual Rows": 1, "Actual Loops": 3, "Workers": []}, {"Node Type": "Hash", "Parent Relationship": "Inner", "Parallel Aware": false, "Async Capable": false, "Startup Cost": 1.15, "Total Cost": 1.15, "Plan Rows": 1, "Plan Width": 23, "Actual Startup Time": 0.026, "Actual Total Time": 0.027, "Actual Rows": 0, "Actual Loops": 3, "Hash Buckets": 1024, "Original Hash Buckets": 1024, "Hash Batches": 1, "Original Hash Batches": 1, "Peak Memory Usage": 8, "Workers": [], "Plans": [{"Node Type": "Seq Scan", "Parent Relationship": "Outer", "Parallel Aware": false, "Async Capable": false, "Relation Name": "store", "Alias": "store", "Startup Cost": 0.0, "Total Cost": 1.15, "Plan Rows": 1, "Plan Width": 23, "Actual Startup Time": 0.026, "Actual Total Time": 0.026, "Actual Rows": 0, "Actual Loops": 3, "Filter": "(s_market_id = 5)", "Rows Removed by Filter": 12, "Workers": []}]}]}, {"Node Type": "Hash", "Parent Relationship": "Inner", "Parallel Aware": true, "Async Capable": false, "Startup Cost": 3356.24, "Total Cost": 3356.24, "Plan Rows": 58824, "Plan Width": 69, "Actual Startup Time": 13.122, "Actual Total Time": 13.122, "Actual Rows": 33333, "Actual Loops": 3, "Hash Buckets": 131072, "Original Hash Buckets": 131072, "Hash Batches": 1, "Original Hash Batches": 1, "Peak Memory Usage": 11200, "Workers": [], "Plans": [{"Node Type": "Seq Scan", "Parent Relationship": "Outer", "Parallel Aware": true, "Async Capable": false, "Relation Name": "customer", "Alias": "customer", "Startup Cost": 0.0, "Total Cost": 3356.24, "Plan Rows": 58824, "Plan Width": 69, "Actual Startup Time": 0.011, "Actual Total Time": 7.417, "Actual Rows": 33333, "Actual Loops": 3, "Workers": []}]}]}, {"Node Type": "Hash", "Parent Relationship": "Inner", "Parallel Aware": true, "Async Capable": false, "Startup Cost": 1381.12, "Total Cost": 1381.12, "Plan Rows": 29412, "Plan Width": 32, "Actual Startup Time": 4.889, "Actual Total Time": 4.889, "Actual Rows": 16667, "Actual Loops": 3, "Hash Buckets": 65536, "Original Hash Buckets": 65536, "Hash Batches": 1, "Original Hash Batches": 1, "Peak Memory Usage": 3968, "Workers": [], "Plans": [{"Node Type": "Seq Scan", "Parent Relationship": "Outer", "Parallel Aware": true, "Async Capable": false, "Relation Name": "customer_address", "Alias": "customer_address", "Startup Cost": 0.0, "Total Cost": 1381.12, "Plan Rows": 29412, "Plan Width": 32, "Actual Startup Time": 0.007, "Actual Total Time": 2.5, "Actual Rows": 16667, "Actual Loops": 3, "Workers": []}]}]}, {"Node Type": "Index Only Scan", "Parent Relationship": "Inner", "Parallel Aware": false, "Async Capable": false, "Scan Direction": "Forward", "Index Name": "store_returns_pkey", "Relation Name": "store_returns", "Alias": "store_returns", "Startup Cost": 0.42, "Total Cost": 0.44, "Plan Rows": 1, "Plan Width": 8, "Actual Startup Time": 0.0, "Actual Total Time": 0.0, "Actual Rows": 0, "Actual Loops": 0, "Index Cond": "((sr_item_sk = store_sales.ss_item_sk) AND (sr_ticket_number = store_sales.ss_ticket_number))", "Rows Removed by Index Recheck": 0, "Heap Fetches": 0, "Workers": []}]}]}, {"Node Type": "Index Scan", "Parent Relationship": "Inner", "Parallel Aware": false, "Async Capable": false, "Scan Direction": "Forward", "Index Name": "item_pkey", "Relation Name": "item", "Alias": "item", "Startup Cost": 0.29, "Total Cost": 0.31, "Plan Rows": 1, "Plan Width": 67, "Actual Startup Time": 0.0, "Actual Total Time": 0.0, "Actual Rows": 0, "Actual Loops": 0, "Index Cond": "(i_item_sk = store_sales.ss_item_sk)", "Rows Removed by Index Recheck": 0}]}]}]}, {"Node Type": "Aggregate", "Strategy": "Plain", "Partial Mode": "Simple", "Parent Relationship": "InitPlan", "Subplan Name": "InitPlan 2 (returns $5)", "Parallel Aware": false, "Async Capable": false, "Startup Cost": 0.02, "Total Cost": 0.04, "Plan Rows": 1, "Plan Width": 32, "Actual Startup Time": 0.0, "Actual Total Time": 0.0, "Actual Rows": 0, "Actual Loops": 0, "Plans": [{"Node Type": "CTE Scan", "Parent Relationship": "Outer", "Parallel Aware": false, "Async Capable": false, "CTE Name": "ssales", "Alias": "ssales_1", "Startup Cost": 0.0, "Total Cost": 0.02, "Plan Rows": 1, "Plan Width": 32, "Actual Startup Time": 0.0, "Actual Total Time": 0.0, "Actual Rows": 0, "Actual Loops": 0}]}, {"Node Type": "Sort", "Parent Relationship": "Outer", "Parallel Aware": false, "Async Capable": false, "Startup Cost": 0.03, "Total Cost": 0.04, "Plan Rows": 1, "Plan Width": 358, "Actual Startup Time": 20.898, "Actual Total Time": 20.899, "Actual Rows": 0, "Actual Loops": 1, "Sort Key": ["ssales.c_last_name", "ssales.c_first_name", "ssales.s_store_name"], "Sort Method": "quicksort", "Sort Space Used": 25, "Sort Space Type": "Memory", "Plans": [{"Node Type": "CTE Scan", "Parent Relationship": "Outer", "Parallel Aware": false, "Async Capable": false, "CTE Name": "ssales", "Alias": "ssales", "Startup Cost": 0.0, "Total Cost": 0.02, "Plan Rows": 1, "Plan Width": 358, "Actual Startup Time": 20.89, "Actual Total Time": 20.89, "Actual Rows": 0, "Actual Loops": 1, "Filter": "(i_color = 'aquamarine'::bpchar)", "Rows Removed by Filter": 0}]}]}, "Planning Time": 2.457, "Triggers": [], "Execution Time": 21.951}]