[{"Plan": {"Node Type": "Limit", "Parallel Aware": false, "Async Capable": false, "Startup Cost": 6659.69, "Total Cost": 39922.53, "Plan Rows": 100, "Plan Width": 152, "Actual Startup Time": 557.046, "Actual Total Time": 621.4, "Actual Rows": 100, "Actual Loops": 1, "Plans": [{"Node Type": "Aggregate", "Strategy": "Sorted", "Partial Mode": "Simple", "Parent Relationship": "Outer", "Parallel Aware": false, "Async Capable": false, "Startup Cost": 6659.69, "Total Cost": 126073.27, "Plan Rows": 359, "Plan Width": 152, "Actual Startup Time": 557.045, "Actual Total Time": 621.395, "Actual Rows": 100, "Actual Loops": 1, "Grouping Sets": [{"Group Keys": [["item.i_item_id", "store.s_state"], ["item.i_item_id"], []]}], "Plans": [{"Node Type": "Incremental Sort", "Parent Relationship": "Outer", "Parallel Aware": false, "Async Capable": false, "Startup Cost": 6659.69, "Total Cost": 126063.41, "Plan Rows": 179, "Plan Width": 39, "Actual Startup Time": 557.033, "Actual Total Time": 621.277, "Actual Rows": 73, "Actual Loops": 1, "Sort Key": ["item.i_item_id", "store.s_state"], "Presorted Key": ["item.i_item_id"], "Full-sort Groups": {"Group Count": 3, "Sort Methods Used": ["quicksort"], "Sort Space Memory": {"Average Sort Space Used": 27, "Peak Sort Space Used": 27}}, "Plans": [{"Node Type": "Nested Loop", "Parent Relationship": "Outer", "Parallel Aware": false, "Async Capable": false, "Join Type": "Inner", "Startup Cost": 5988.92, "Total Cost": 126055.35, "Plan Rows": 179, "Plan Width": 39, "Actual Startup Time": 525.67, "Actual Total Time": 621.194, "Actual Rows": 99, "Actual Loops": 1, "Inner Unique": false, "Join Filter": "(store_sales.ss_item_sk = item.i_item_sk)", "Rows Removed by Join Filter": 1779788, "Plans": [{"Node Type": "Gather Merge", "Parent Relationship": "Outer", "Parallel Aware": false, "Async Capable": false, "Startup Cost": 3043.71, "Total Cost": 5095.18, "Plan Rows": 18000, "Plan Width": 21, "Actual Startup Time": 77.016, "Actual Total Time": 78.072, "Actual Rows": 229, "Actual Loops": 1, "Workers Planned": 1, "Workers Launched": 1, "Plans": [{"Node Type": "Sort", "Parent Relationship": "Outer", "Parallel Aware": false, "Async Capable": false, "Startup Cost": 2043.7, "Total Cost": 2070.17, "Plan Rows": 10588, "Plan Width": 21, "Actual Startup Time": 47.75, "Actual Total Time": 47.777, "Actual Rows": 775, "Actual Loops": 2, "Sort Key": ["item.i_item_id"], "Sort Method": "quicksort", "Sort Space Used": 1482, "Sort Space Type": "Memory", "Workers": [{"Worker Number": 0, "Sort Method": "quicksort", "Sort Space Used": 405, "Sort Space Type": "Memory"}], "Plans": [{"Node Type": "Seq Scan", "Parent Relationship": "Outer", "Parallel Aware": true, "Async Capable": false, "Relation Name": "item", "Alias": "item", "Startup Cost": 0.0, "Total Cost": 1335.88, "Plan Rows": 10588, "Plan Width": 21, "Actual Startup Time": 0.002, "Actual Total Time": 1.806, "Actual Rows": 9000, "Actual Loops": 2, "Workers": []}]}]}, {"Node Type": "Materialize", "Parent Relationship": "Inner", "Parallel Aware": false, "Async Capable": false, "Startup Cost": 2945.22, "Total Cost": 72630.62, "Plan Rows": 179, "Plan Width": 26, "Actual Startup Time": 0.033, "Actual Total Time": 2.076, "Actual Rows": 7772, "Actual Loops": 229, "Plans": [{"Node Type": "Nested Loop", "Parent Relationship": "Outer", "Parallel Aware": false, "Async Capable": false, "Join Type": "Inner", "Startup Cost": 2945.22, "Total Cost": 72629.73, "Plan Rows": 179, "Plan Width": 26, "Actual Startup Time": 7.659, "Actual Total Time": 441.749, "Actual Rows": 7778, "Actual Loops": 1, "Inner Unique": true, "Join Filter": "(store_sales.ss_store_sk = store.s_store_sk)", "Rows Removed by Join Filter": 36544, "Plans": [{"Node Type": "Gather", "Parent Relationship": "Outer", "Parallel Aware": false, "Async Capable": false, "Startup Cost": 2945.22, "Total Cost": 72597.11, "Plan Rows": 187, "Plan Width": 27, "Actual Startup Time": 7.648, "Actual Total Time": 438.963, "Actual Rows": 7880, "Actual Loops": 1, "Workers Planned": 2, "Workers Launched": 2, "Single Copy": false, "Plans": [{"Node Type": "Nested Loop", "Parent Relationship": "Outer", "Parallel Aware": false, "Async Capable": false, "Join Type": "Inner", "Startup Cost": 1945.21, "Total Cost": 71578.41, "Plan Rows": 78, "Plan Width": 27, "Actual Startup Time": 6.255, "Actual Total Time": 439.398, "Actual Rows": 2627, "Actual Loops": 3, "Inner Unique": true, "Workers": [], "Plans": [{"Node Type": "Hash Join", "Parent Relationship": "Outer", "Parallel Aware": true, "Async Capable": false, "Join Type": "Inner", "Startup Cost": 1944.79, "Total Cost": 68793.01, "Plan Rows": 5683, "Plan Width": 31, "Actual Startup Time": 1.673, "Actual Total Time": 141.478, "Actual Rows": 181380, "Actual Loops": 3, "Inner Unique": true, "Hash Cond": "(store_sales.ss_sold_date_sk = date_dim.d_date_sk)", "Workers": [], "Plans": [{"Node Type": "Seq Scan", "Parent Relationship": "Outer", "Parallel Aware": true, "Async Capable": false, "Relation Name": "store_sales", "Alias": "store_sales", "Startup Cost": 0.0, "Total Cost": 63697.62, "Plan Rows": 1200162, "Plan Width": 35, "Actual Startup Time": 0.03, "Actual Total Time": 64.916, "Actual Rows": 960135, "Actual Loops": 3, "Workers": []}, {"Node Type": "Hash", "Parent Relationship": "Inner", "Parallel Aware": true, "Async Capable": false, "Startup Cost": 1942.12, "Total Cost": 1942.12, "Plan Rows": 213, "Plan Width": 4, "Actual Startup Time": 1.574, "Actual Total Time": 1.574, "Actual Rows": 122, "Actual Loops": 3, "Hash Buckets": 1024, "Original Hash Buckets": 1024, "Hash Batches": 1, "Original Hash Batches": 1, "Peak Memory Usage": 40, "Workers": [], "Plans": [{"Node Type": "Seq Scan", "Parent Relationship": "Outer", "Parallel Aware": true, "Async Capable": false, "Relation Name": "date_dim", "Alias": "date_dim", "Startup Cost": 0.0, "Total Cost": 1942.12, "Plan Rows": 213, "Plan Width": 4, "Actual Startup Time": 1.151, "Actual Total Time": 1.546, "Actual Rows": 122, "Actual Loops": 3, "Filter": "(d_year = 1999)", "Rows Removed by Filter": 24228, "Workers": []}]}]}, {"Node Type": "Index Scan", "Parent Relationship": "Inner", "Parallel Aware": false, "Async Capable": false, "Scan Direction": "Forward", "Index Name": "customer_demographics_pkey", "Relation Name": "customer_demographics", "Alias": "customer_demographics", "Startup Cost": 0.43, "Total Cost": 0.49, "Plan Rows": 1, "Plan Width": 4, "Actual Startup Time": 0.002, "Actual Total Time": 0.002, "Actual Rows": 0, "Actual Loops": 544141, "Index Cond": "(cd_demo_sk = store_sales.ss_cdemo_sk)", "Rows Removed by Index Recheck": 0, "Filter": "((cd_gender = 'M'::bpchar) AND (cd_marital_status = 'W'::bpchar) AND (cd_education_status = 'Secondary'::bpchar))", "Rows Removed by Filter": 1, "Workers": []}]}]}, {"Node Type": "Materialize", "Parent Relationship": "Inner", "Parallel Aware": false, "Async Capable": false, "Startup Cost": 0.0, "Total Cost": 1.27, "Plan Rows": 12, "Plan Width": 7, "Actual Startup Time": 0.0, "Actual Total Time": 0.0, "Actual Rows": 6, "Actual Loops": 7880, "Plans": [{"Node Type": "Seq Scan", "Parent Relationship": "Outer", "Parallel Aware": false, "Async Capable": false, "Relation Name": "store", "Alias": "store", "Startup Cost": 0.0, "Total Cost": 1.21, "Plan Rows": 12, "Plan Width": 7, "Actual Startup Time": 0.006, "Actual Total Time": 0.011, "Actual Rows": 12, "Actual Loops": 1, "Filter": "(s_state = ANY ('{TN,TN,TN,TN,TN,TN}'::bpchar[]))", "Rows Removed by Filter": 0}]}]}]}]}]}]}]}, "Planning Time": 0.478, "Triggers": [], "Execution Time": 621.597}]