[{"Plan": {"Node Type": "Limit", "Parallel Aware": false, "Async Capable": false, "Startup Cost": 554976.7, "Total Cost": 554976.87, "Plan Rows": 1, "Plan Width": 288, "Actual Startup Time": 966.565, "Actual Total Time": 966.754, "Actual Rows": 1, "Actual Loops": 1, "Plans": [{"Node Type": "Nested Loop", "Parent Relationship": "Outer", "Parallel Aware": false, "Async Capable": false, "Join Type": "Inner", "Startup Cost": 554976.7, "Total Cost": 554976.87, "Plan Rows": 1, "Plan Width": 288, "Actual Startup Time": 966.564, "Actual Total Time": 966.753, "Actual Rows": 1, "Actual Loops": 1, "Inner Unique": false, "Plans": [{"Node Type": "Nested Loop", "Parent Relationship": "Outer", "Parallel Aware": false, "Async Capable": false, "Join Type": "Inner", "Startup Cost": 462593.42, "Total Cost": 462593.56, "Plan Rows": 1, "Plan Width": 240, "Actual Startup Time": 796.595, "Actual Total Time": 796.777, "Actual Rows": 1, "Actual Loops": 1, "Inner Unique": false, "Plans": [{"Node Type": "Nested Loop", "Parent Relationship": "Outer", "Parallel Aware": false, "Async Capable": false, "Join Type": "Inner", "Startup Cost": 370128.55, "Total Cost": 370128.66, "Plan Rows": 1, "Plan Width": 192, "Actual Startup Time": 632.882, "Actual Total Time": 633.054, "Actual Rows": 1, "Actual Loops": 1, "Inner Unique": false, "Plans": [{"Node Type": "Nested Loop", "Parent Relationship": "Outer", "Parallel Aware": false, "Async Capable": false, "Join Type": "Inner", "Startup Cost": 277562.31, "Total Cost": 277562.39, "Plan Rows": 1, "Plan Width": 144, "Actual Startup Time": 471.303, "Actual Total Time": 471.334, "Actual Rows": 1, "Actual Loops": 1, "Inner Unique": false, "Plans": [{"Node Type": "Nested Loop", "Parent Relationship": "Outer", "Parallel Aware": false, "Async Capable": false, "Join Type": "Inner", "Startup Cost": 185122.27, "Total Cost": 185122.32, "Plan Rows": 1, "Plan Width": 96, "Actual Startup Time": 314.211, "Actual Total Time": 314.235, "Actual Rows": 1, "Actual Loops": 1, "Inner Unique": false, "Plans": [{"Node Type": "Aggregate", "Strategy": "Plain", "Partial Mode": "Simple", "Parent Relationship": "Outer", "Parallel Aware": false, "Async Capable": false, "Startup Cost": 92506.79, "Total Cost": 92506.8, "Plan Rows": 1, "Plan Width": 48, "Actual Startup Time": 156.976, "Actual Total Time": 156.993, "Actual Rows": 1, "Actual Loops": 1, "Plans": [{"Node Type": "Gather", "Parent Relationship": "Outer", "Parallel Aware": false, "Async Capable": false, "Startup Cost": 1000.0, "Total Cost": 92241.26, "Plan Rows": 35404, "Plan Width": 6, "Actual Startup Time": 0.117, "Actual Total Time": 149.47, "Actual Rows": 30760, "Actual Loops": 1, "Workers Planned": 2, "Workers Launched": 2, "Single Copy": false, "Plans": [{"Node Type": "Seq Scan", "Parent Relationship": "Outer", "Parallel Aware": true, "Async Capable": false, "Relation Name": "store_sales", "Alias": "store_sales", "Startup Cost": 0.0, "Total Cost": 87700.86, "Plan Rows": 14752, "Plan Width": 6, "Actual Startup Time": 0.036, "Actual Total Time": 146.59, "Actual Rows": 10253, "Actual Loops": 3, "Filter": "((ss_quantity >= 0) AND (ss_quantity <= 5) AND (((ss_list_price >= '107'::numeric) AND (ss_list_price <= '117'::numeric)) OR ((ss_coupon_amt >= '1319'::numeric) AND (ss_coupon_amt <= '2319'::numeric)) OR ((ss_wholesale_cost >= '60'::numeric) AND (ss_wholesale_cost <= '80'::numeric))))", "Rows Removed by Filter": 949881, "Workers": []}]}]}, {"Node Type": "Aggregate", "Strategy": "Plain", "Partial Mode": "Simple", "Parent Relationship": "Inner", "Parallel Aware": false, "Async Capable": false, "Startup Cost": 92615.48, "Total Cost": 92615.49, "Plan Rows": 1, "Plan Width": 48, "Actual Startup Time": 157.233, "Actual Total Time": 157.24, "Actual Rows": 1, "Actual Loops": 1, "Plans": [{"Node Type": "Gather", "Parent Relationship": "Outer", "Parallel Aware": false, "Async Capable": false, "Startup Cost": 1000.0, "Total Cost": 92342.36, "Plan Rows": 36415, "Plan Width": 6, "Actual Startup Time": 0.133, "Actual Total Time": 147.481, "Actual Rows": 37062, "Actual Loops": 1, "Workers Planned": 2, "Workers Launched": 2, "Single Copy": false, "Plans": [{"Node Type": "Seq Scan", "Parent Relationship": "Outer", "Parallel Aware": true, "Async Capable": false, "Relation Name": "store_sales", "Alias": "store_sales_1", "Startup Cost": 0.0, "Total Cost": 87700.86, "Plan Rows": 15173, "Plan Width": 6, "Actual Startup Time": 0.034, "Actual Total Time": 145.203, "Actual Rows": 12354, "Actual Loops": 3, "Filter": "((ss_quantity >= 6) AND (ss_quantity <= 10) AND (((ss_list_price >= '23'::numeric) AND (ss_list_price <= '33'::numeric)) OR ((ss_coupon_amt >= '825'::numeric) AND (ss_coupon_amt <= '1825'::numeric)) OR ((ss_wholesale_cost >= '43'::numeric) AND (ss_wholesale_cost <= '63'::numeric))))", "Rows Removed by Filter": 947781, "Workers": []}]}]}]}, {"Node Type": "Aggregate", "Strategy": "Plain", "Partial Mode": "Simple", "Parent Relationship": "Inner", "Parallel Aware": false, "Async Capable": false, "Startup Cost": 92440.04, "Total Cost": 92440.05, "Plan Rows": 1, "Plan Width": 48, "Actual Startup Time": 157.089, "Actual Total Time": 157.096, "Actual Rows": 1, "Actual Loops": 1, "Plans": [{"Node Type": "Gather", "Parent Relationship": "Outer", "Parallel Aware": false, "Async Capable": false, "Startup Cost": 1000.0, "Total Cost": 92179.16, "Plan Rows": 34783, "Plan Width": 6, "Actual Startup Time": 0.143, "Actual Total Time": 149.188, "Actual Rows": 32718, "Actual Loops": 1, "Workers Planned": 2, "Workers Launched": 2, "Single Copy": false, "Plans": [{"Node Type": "Seq Scan", "Parent Relationship": "Outer", "Parallel Aware": true, "Async Capable": false, "Relation Name": "store_sales", "Alias": "store_sales_2", "Startup Cost": 0.0, "Total Cost": 87700.86, "Plan Rows": 14493, "Plan Width": 6, "Actual Startup Time": 0.041, "Actual Total Time": 147.104, "Actual Rows": 10906, "Actual Loops": 3, "Filter": "((ss_quantity >= 11) AND (ss_quantity <= 15) AND (((ss_list_price >= '74'::numeric) AND (ss_list_price <= '84'::numeric)) OR ((ss_coupon_amt >= '4381'::numeric) AND (ss_coupon_amt <= '5381'::numeric)) OR ((ss_wholesale_cost >= '57'::numeric) AND (ss_wholesale_cost <= '77'::numeric))))", "Rows Removed by Filter": 949229, "Workers": []}]}]}]}, {"Node Type": "Aggregate", "Strategy": "Plain", "Partial Mode": "Simple", "Parent Relationship": "Inner", "Parallel Aware": false, "Async Capable": false, "Startup Cost": 92566.24, "Total Cost": 92566.25, "Plan Rows": 1, "Plan Width": 48, "Actual Startup Time": 161.576, "Actual Total Time": 161.716, "Actual Rows": 1, "Actual Loops": 1, "Plans": [{"Node Type": "Gather", "Parent Relationship": "Outer", "Parallel Aware": false, "Async Capable": false, "Startup Cost": 1000.0, "Total Cost": 92296.56, "Plan Rows": 35957, "Plan Width": 6, "Actual Startup Time": 0.18, "Actual Total Time": 153.3, "Actual Rows": 33270, "Actual Loops": 1, "Workers Planned": 2, "Workers Launched": 2, "Single Copy": false, "Plans": [{"Node Type": "Seq Scan", "Parent Relationship": "Outer", "Parallel Aware": true, "Async Capable": false, "Relation Name": "store_sales", "Alias": "store_sales_3", "Startup Cost": 0.0, "Total Cost": 87700.86, "Plan Rows": 14982, "Plan Width": 6, "Actual Startup Time": 0.041, "Actual Total Time": 150.692, "Actual Rows": 11090, "Actual Loops": 3, "Filter": "((ss_quantity >= 16) AND (ss_quantity <= 20) AND (((ss_list_price >= '89'::numeric) AND (ss_list_price <= '99'::numeric)) OR ((ss_coupon_amt >= '3117'::numeric) AND (ss_coupon_amt <= '4117'::numeric)) OR ((ss_wholesale_cost >= '68'::numeric) AND (ss_wholesale_cost <= '88'::numeric))))", "Rows Removed by Filter": 949045, "Workers": []}]}]}]}, {"Node Type": "Aggregate", "Strategy": "Plain", "Partial Mode": "Simple", "Parent Relationship": "Inner", "Parallel Aware": false, "Async Capable": false, "Startup Cost": 92464.87, "Total Cost": 92464.88, "Plan Rows": 1, "Plan Width": 48, "Actual Startup Time": 163.709, "Actual Total Time": 163.719, "Actual Rows": 1, "Actual Loops": 1, "Plans": [{"Node Type": "Gather", "Parent Relationship": "Outer", "Parallel Aware": false, "Async Capable": false, "Startup Cost": 1000.0, "Total Cost": 92202.26, "Plan Rows": 35014, "Plan Width": 6, "Actual Startup Time": 0.159, "Actual Total Time": 155.091, "Actual Rows": 30945, "Actual Loops": 1, "Workers Planned": 2, "Workers Launched": 2, "Single Copy": false, "Plans": [{"Node Type": "Seq Scan", "Parent Relationship": "Outer", "Parallel Aware": true, "Async Capable": false, "Relation Name": "store_sales", "Alias": "store_sales_4", "Startup Cost": 0.0, "Total Cost": 87700.86, "Plan Rows": 14589, "Plan Width": 6, "Actual Startup Time": 0.039, "Actual Total Time": 153.047, "Actual Rows": 10315, "Actual Loops": 3, "Filter": "((ss_quantity >= 21) AND (ss_quantity <= 25) AND (((ss_list_price >= '58'::numeric) AND (ss_list_price <= '68'::numeric)) OR ((ss_coupon_amt >= '9402'::numeric) AND (ss_coupon_amt <= '10402'::numeric)) OR ((ss_wholesale_cost >= '38'::numeric) AND (ss_wholesale_cost <= '58'::numeric))))", "Rows Removed by Filter": 949820, "Workers": []}]}]}]}, {"Node Type": "Aggregate", "Strategy": "Plain", "Partial Mode": "Simple", "Parent Relationship": "Inner", "Parallel Aware": false, "Async Capable": false, "Startup Cost": 92383.28, "Total Cost": 92383.29, "Plan Rows": 1, "Plan Width": 48, "Actual Startup Time": 169.965, "Actual Total Time": 169.972, "Actual Rows": 1, "Actual Loops": 1, "Plans": [{"Node Type": "Gather", "Parent Relationship": "Outer", "Parallel Aware": false, "Async Capable": false, "Startup Cost": 1000.0, "Total Cost": 92126.36, "Plan Rows": 34255, "Plan Width": 6, "Actual Startup Time": 0.13, "Actual Total Time": 160.231, "Actual Rows": 36525, "Actual Loops": 1, "Workers Planned": 2, "Workers Launched": 2, "Single Copy": false, "Plans": [{"Node Type": "Seq Scan", "Parent Relationship": "Outer", "Parallel Aware": true, "Async Capable": false, "Relation Name": "store_sales", "Alias": "store_sales_5", "Startup Cost": 0.0, "Total Cost": 87700.86, "Plan Rows": 14273, "Plan Width": 6, "Actual Startup Time": 0.033, "Actual Total Time": 157.705, "Actual Rows": 12175, "Actual Loops": 3, "Filter": "((ss_quantity >= 26) AND (ss_quantity <= 30) AND (((ss_list_price >= '64'::numeric) AND (ss_list_price <= '74'::numeric)) OR ((ss_coupon_amt >= '5792'::numeric) AND (ss_coupon_amt <= '6792'::numeric)) OR ((ss_wholesale_cost >= '73'::numeric) AND (ss_wholesale_cost <= '93'::numeric))))", "Rows Removed by Filter": 947960, "Workers": []}]}]}]}]}, "Planning Time": 0.283, "Triggers": [], "Execution Time": 966.991}]