[{"Plan": {"Node Type": "Limit", "Parallel Aware": false, "Async Capable": false, "Startup Cost": 9717.89, "Total Cost": 9719.9, "Plan Rows": 1, "Plan Width": 153, "Actual Startup Time": 1017.038, "Actual Total Time": 1017.104, "Actual Rows": 1, "Actual Loops": 1, "Plans": [{"Node Type": "Aggregate", "Strategy": "Sorted", "Partial Mode": "Simple", "Parent Relationship": "Outer", "Parallel Aware": false, "Async Capable": false, "Startup Cost": 9717.89, "Total Cost": 9719.9, "Plan Rows": 1, "Plan Width": 153, "Actual Startup Time": 1017.037, "Actual Total Time": 1017.103, "Actual Rows": 1, "Actual Loops": 1, "Group Key": ["item.i_item_id", "item.i_item_desc", "store.s_store_id", "store.s_store_name"], "Plans": [{"Node Type": "Nested Loop", "Parent Relationship": "Outer", "Parallel Aware": false, "Async Capable": false, "Join Type": "Inner", "Startup Cost": 9717.89, "Total Cost": 9719.87, "Plan Rows": 1, "Plan Width": 153, "Actual Startup Time": 635.311, "Actual Total Time": 1017.097, "Actual Rows": 1, "Actual Loops": 1, "Inner Unique": true, "Plans": [{"Node Type": "Nested Loop", "Parent Relationship": "Outer", "Parallel Aware": false, "Async Capable": false, "Join Type": "Inner", "Startup Cost": 9717.59, "Total Cost": 9719.55, "Plan Rows": 1, "Plan Width": 157, "Actual Startup Time": 635.299, "Actual Total Time": 1017.085, "Actual Rows": 1, "Actual Loops": 1, "Inner Unique": true, "Plans": [{"Node Type": "Nested Loop", "Parent Relationship": "Outer", "Parallel Aware": false, "Async Capable": false, "Join Type": "Inner", "Startup Cost": 9717.3, "Total Cost": 9719.23, "Plan Rows": 1, "Plan Width": 161, "Actual Startup Time": 98.968, "Actual Total Time": 1016.978, "Actual Rows": 9, "Actual Loops": 1, "Inner Unique": false, "Join Filter": "(item.i_item_sk = catalog_sales.cs_item_sk)", "Rows Removed by Join Filter": 0, "Plans": [{"Node Type": "Gather Merge", "Parent Relationship": "Outer", "Parallel Aware": false, "Async Capable": false, "Startup Cost": 9716.87, "Total Cost": 9716.99, "Plan Rows": 1, "Plan Width": 173, "Actual Startup Time": 64.6, "Actual Total Time": 76.007, "Actual Rows": 6109, "Actual Loops": 1, "Workers Planned": 2, "Workers Launched": 2, "Plans": [{"Node Type": "Sort", "Parent Relationship": "Outer", "Parallel Aware": false, "Async Capable": false, "Startup Cost": 8716.85, "Total Cost": 8716.86, "Plan Rows": 1, "Plan Width": 173, "Actual Startup Time": 60.709, "Actual Total Time": 60.955, "Actual Rows": 2036, "Actual Loops": 3, "Sort Key": ["item.i_item_id", "item.i_item_desc", "store.s_store_id", "store.s_store_name"], "Sort Method": "quicksort", "Sort Space Used": 768, "Sort Space Type": "Memory", "Workers": [{"Worker Number": 0, "Sort Method": "quicksort", "Sort Space Used": 596, "Sort Space Type": "Memory"}, {"Worker Number": 1, "Sort Method": "quicksort", "Sort Space Used": 557, "Sort Space Type": "Memory"}], "Plans": [{"Node Type": "Nested Loop", "Parent Relationship": "Outer", "Parallel Aware": false, "Async Capable": false, "Join Type": "Inner", "Startup Cost": 2158.71, "Total Cost": 8716.84, "Plan Rows": 1, "Plan Width": 173, "Actual Startup Time": 4.111, "Actual Total Time": 49.311, "Actual Rows": 2036, "Actual Loops": 3, "Inner Unique": true, "Workers": [], "Plans": [{"Node Type": "Nested Loop", "Parent Relationship": "Outer", "Parallel Aware": false, "Async Capable": false, "Join Type": "Inner", "Startup Cost": 2158.43, "Total Cost": 8716.53, "Plan Rows": 1, "Plan Width": 50, "Actual Startup Time": 4.077, "Actual Total Time": 42.239, "Actual Rows": 2036, "Actual Loops": 3, "Inner Unique": true, "Workers": [], "Plans": [{"Node Type": "Nested Loop", "Parent Relationship": "Outer", "Parallel Aware": false, "Async Capable": false, "Join Type": "Inner", "Startup Cost": 2158.29, "Total Cost": 8716.38, "Plan Rows": 1, "Plan Width": 32, "Actual Startup Time": 4.058, "Actual Total Time": 40.758, "Actual Rows": 2084, "Actual Loops": 3, "Inner Unique": true, "Workers": [], "Plans": [{"Node Type": "Hash Join", "Parent Relationship": "Outer", "Parallel Aware": true, "Async Capable": false, "Join Type": "Inner", "Startup Cost": 2157.86, "Total Cost": 8461.33, "Plan Rows": 191, "Plan Width": 16, "Actual Startup Time": 3.97, "Actual Total Time": 18.18, "Actual Rows": 2832, "Actual Loops": 3, "Inner Unique": true, "Hash Cond": "(store_returns.sr_returned_date_sk = d2.d_date_sk)", "Workers": [], "Plans": [{"Node Type": "Seq Scan", "Parent Relationship": "Outer", "Parallel Aware": true, "Async Capable": false, "Relation Name": "store_returns", "Alias": "store_returns", "Startup Cost": 0.0, "Total Cost": 5988.98, "Plan Rows": 119798, "Plan Width": 20, "Actual Startup Time": 0.045, "Actual Total Time": 6.703, "Actual Rows": 95838, "Actual Loops": 3, "Workers": []}, {"Node Type": "Hash", "Parent Relationship": "Inner", "Parallel Aware": true, "Async Capable": false, "Startup Cost": 2156.97, "Total Cost": 2156.97, "Plan Rows": 71, "Plan Width": 4, "Actual Startup Time": 3.779, "Actual Total Time": 3.78, "Actual Rows": 41, "Actual Loops": 3, "Hash Buckets": 1024, "Original Hash Buckets": 1024, "Hash Batches": 1, "Original Hash Batches": 1, "Peak Memory Usage": 104, "Workers": [], "Plans": [{"Node Type": "Seq Scan", "Parent Relationship": "Outer", "Parallel Aware": true, "Async Capable": false, "Relation Name": "date_dim", "Alias": "d2", "Startup Cost": 0.0, "Total Cost": 2156.97, "Plan Rows": 71, "Plan Width": 4, "Actual Startup Time": 1.522, "Actual Total Time": 3.726, "Actual Rows": 41, "Actual Loops": 3, "Filter": "((d_moy >= 4) AND (d_moy <= 7) AND (d_year = 1998))", "Rows Removed by Filter": 24309, "Workers": []}]}]}, {"Node Type": "Index Scan", "Parent Relationship": "Inner", "Parallel Aware": false, "Async Capable": false, "Scan Direction": "Forward", "Index Name": "store_sales_pkey", "Relation Name": "store_sales", "Alias": "store_sales", "Startup Cost": 0.43, "Total Cost": 1.33, "Plan Rows": 1, "Plan Width": 24, "Actual Startup Time": 0.008, "Actual Total Time": 0.008, "Actual Rows": 1, "Actual Loops": 8497, "Index Cond": "((ss_item_sk = store_returns.sr_item_sk) AND (ss_ticket_number = store_returns.sr_ticket_number))", "Rows Removed by Index Recheck": 0, "Filter": "(store_returns.sr_customer_sk = ss_customer_sk)", "Rows Removed by Filter": 0, "Workers": []}]}, {"Node Type": "Index Scan", "Parent Relationship": "Inner", "Parallel Aware": false, "Async Capable": false, "Scan Direction": "Forward", "Index Name": "store_pkey", "Relation Name": "store", "Alias": "store", "Startup Cost": 0.14, "Total Cost": 0.15, "Plan Rows": 1, "Plan Width": 26, "Actual Startup Time": 0.0, "Actual Total Time": 0.0, "Actual Rows": 1, "Actual Loops": 6252, "Index Cond": "(s_store_sk = store_sales.ss_store_sk)", "Rows Removed by Index Recheck": 0, "Workers": []}]}, {"Node Type": "Index Scan", "Parent Relationship": "Inner", "Parallel Aware": false, "Async Capable": false, "Scan Direction": "Forward", "Index Name": "item_pkey", "Relation Name": "item", "Alias": "item", "Startup Cost": 0.29, "Total Cost": 0.31, "Plan Rows": 1, "Plan Width": 123, "Actual Startup Time": 0.003, "Actual Total Time": 0.003, "Actual Rows": 1, "Actual Loops": 6109, "Index Cond": "(i_item_sk = store_sales.ss_item_sk)", "Rows Removed by Index Recheck": 0, "Workers": []}]}]}]}, {"Node Type": "Index Scan", "Parent Relationship": "Inner", "Parallel Aware": false, "Async Capable": false, "Scan Direction": "Forward", "Index Name": "catalog_sales_pkey", "Relation Name": "catalog_sales", "Alias": "catalog_sales", "Startup Cost": 0.43, "Total Cost": 2.23, "Plan Rows": 1, "Plan Width": 16, "Actual Startup Time": 0.154, "Actual Total Time": 0.154, "Actual Rows": 0, "Actual Loops": 6109, "Index Cond": "(cs_item_sk = store_sales.ss_item_sk)", "Rows Removed by Index Recheck": 0, "Filter": "(store_sales.ss_customer_sk = cs_bill_customer_sk)", "Rows Removed by Filter": 107}]}, {"Node Type": "Index Scan", "Parent Relationship": "Inner", "Parallel Aware": false, "Async Capable": false, "Scan Direction": "Forward", "Index Name": "date_dim_pkey", "Relation Name": "date_dim", "Alias": "d1", "Startup Cost": 0.29, "Total Cost": 0.32, "Plan Rows": 1, "Plan Width": 4, "Actual Startup Time": 0.011, "Actual Total Time": 0.011, "Actual Rows": 0, "Actual Loops": 9, "Index Cond": "(d_date_sk = store_sales.ss_sold_date_sk)", "Rows Removed by Index Recheck": 0, "Filter": "((d_moy = 4) AND (d_year = 1998))", "Rows Removed by Filter": 1}]}, {"Node Type": "Index Scan", "Parent Relationship": "Inner", "Parallel Aware": false, "Async Capable": false, "Scan Direction": "Forward", "Index Name": "date_dim_pkey", "Relation Name": "date_dim", "Alias": "d3", "Startup Cost": 0.29, "Total Cost": 0.32, "Plan Rows": 1, "Plan Width": 4, "Actual Startup Time": 0.011, "Actual Total Time": 0.011, "Actual Rows": 1, "Actual Loops": 1, "Index Cond": "(d_date_sk = catalog_sales.cs_sold_date_sk)", "Rows Removed by Index Recheck": 0, "Filter": "(d_year = ANY ('{1998,1999,2000}'::integer[]))", "Rows Removed by Filter": 0}]}]}]}, "Planning Time": 8.391, "Triggers": [], "Execution Time": 1017.33}]