[{"Plan": {"Node Type": "Limit", "Parallel Aware": false, "Async Capable": false, "Startup Cost": 8747.51, "Total Cost": 8747.76, "Plan Rows": 100, "Plan Width": 91, "Actual Startup Time": 8.568, "Actual Total Time": 9.441, "Actual Rows": 31, "Actual Loops": 1, "Plans": [{"Node Type": "Sort", "Parent Relationship": "Outer", "Parallel Aware": false, "Async Capable": false, "Startup Cost": 8747.51, "Total Cost": 8748.01, "Plan Rows": 200, "Plan Width": 91, "Actual Startup Time": 8.567, "Actual Total Time": 9.44, "Actual Rows": 31, "Actual Loops": 1, "Sort Key": ["dt.d_year", "(sum(store_sales.ss_sales_price)) DESC", "item.i_brand_id"], "Sort Method": "quicksort", "Sort Space Used": 29, "Sort Space Type": "Memory", "Plans": [{"Node Type": "Aggregate", "Strategy": "Sorted", "Partial Mode": "Finalize", "Parent Relationship": "Outer", "Parallel Aware": false, "Async Capable": false, "Startup Cost": 8719.66, "Total Cost": 8739.86, "Plan Rows": 200, "Plan Width": 91, "Actual Startup Time": 8.502, "Actual Total Time": 9.43, "Actual Rows": 31, "Actual Loops": 1, "Group Key": ["dt.d_year", "item.i_brand", "item.i_brand_id"], "Plans": [{"Node Type": "Gather Merge", "Parent Relationship": "Outer", "Parallel Aware": false, "Async Capable": false, "Startup Cost": 8719.66, "Total Cost": 8735.89, "Plan Rows": 118, "Plan Width": 91, "Actual Startup Time": 8.497, "Actual Total Time": 9.415, "Actual Rows": 31, "Actual Loops": 1, "Workers Planned": 1, "Workers Launched": 1, "Plans": [{"Node Type": "Aggregate", "Strategy": "Sorted", "Partial Mode": "Partial", "Parent Relationship": "Outer", "Parallel Aware": false, "Async Capable": false, "Startup Cost": 7719.65, "Total Cost": 7722.6, "Plan Rows": 118, "Plan Width": 91, "Actual Startup Time": 6.958, "Actual Total Time": 6.98, "Actual Rows": 16, "Actual Loops": 2, "Group Key": ["dt.d_year", "item.i_brand", "item.i_brand_id"], "Workers": [], "Plans": [{"Node Type": "Sort", "Parent Relationship": "Outer", "Parallel Aware": false, "Async Capable": false, "Startup Cost": 7719.65, "Total Cost": 7719.95, "Plan Rows": 118, "Plan Width": 65, "Actual Startup Time": 6.947, "Actual Total Time": 6.95, "Actual Rows": 144, "Actual Loops": 2, "Sort Key": ["dt.d_year", "item.i_brand", "item.i_brand_id"], "Sort Method": "quicksort", "Sort Space Used": 53, "Sort Space Type": "Memory", "Workers": [{"Worker Number": 0, "Sort Method": "quicksort", "Sort Space Used": 37, "Sort Space Type": "Memory"}], "Plans": [{"Node Type": "Nested Loop", "Parent Relationship": "Outer", "Parallel Aware": false, "Async Capable": false, "Join Type": "Inner", "Startup Cost": 6.09, "Total Cost": 7715.59, "Plan Rows": 118, "Plan Width": 65, "Actual Startup Time": 0.546, "Actual Total Time": 6.849, "Actual Rows": 144, "Actual Loops": 2, "Inner Unique": true, "Workers": [], "Plans": [{"Node Type": "Nested Loop", "Parent Relationship": "Outer", "Parallel Aware": false, "Async Capable": false, "Join Type": "Inner", "Startup Cost": 5.79, "Total Cost": 7340.33, "Plan Rows": 1506, "Plan Width": 65, "Actual Startup Time": 0.474, "Actual Total Time": 5.925, "Actual Rows": 990, "Actual Loops": 2, "Inner Unique": false, "Workers": [], "Plans": [{"Node Type": "Seq Scan", "Parent Relationship": "Outer", "Parallel Aware": true, "Async Capable": false, "Relation Name": "item", "Alias": "item", "Startup Cost": 0.0, "Total Cost": 1362.35, "Plan Rows": 9, "Plan Width": 59, "Actual Startup Time": 0.326, "Actual Total Time": 2.09, "Actual Rows": 6, "Actual Loops": 2, "Filter": "(i_manufact_id = 816)", "Rows Removed by Filter": 8994, "Workers": []}, {"Node Type": "Bitmap Heap Scan", "Parent Relationship": "Inner", "Parallel Aware": false, "Async Capable": false, "Relation Name": "store_sales", "Alias": "store_sales", "Startup Cost": 5.79, "Total Cost": 662.47, "Plan Rows": 175, "Plan Width": 14, "Actual Startup Time": 0.107, "Actual Total Time": 0.673, "Actual Rows": 180, "Actual Loops": 11, "Recheck Cond": "(ss_item_sk = item.i_item_sk)", "Rows Removed by Index Recheck": 0, "Exact Heap Blocks": 1488, "Lossy Heap Blocks": 0, "Workers": [], "Plans": [{"Node Type": "Bitmap Index Scan", "Parent Relationship": "Outer", "Parallel Aware": false, "Async Capable": false, "Index Name": "store_sales_pkey", "Startup Cost": 0.0, "Total Cost": 5.74, "Plan Rows": 175, "Plan Width": 0, "Actual Startup Time": 0.09, "Actual Total Time": 0.09, "Actual Rows": 180, "Actual Loops": 11, "Index Cond": "(ss_item_sk = item.i_item_sk)", "Workers": []}]}]}, {"Node Type": "Memoize", "Parent Relationship": "Inner", "Parallel Aware": false, "Async Capable": false, "Startup Cost": 0.3, "Total Cost": 0.32, "Plan Rows": 1, "Plan Width": 8, "Actual Startup Time": 0.001, "Actual Total Time": 0.001, "Actual Rows": 0, "Actual Loops": 1981, "Cache Key": "store_sales.ss_sold_date_sk", "Cache Mode": "logical", "Cache Hits": 549, "Cache Misses": 942, "Cache Evictions": 0, "Cache Overflows": 0, "Peak Memory Usage": 67, "Workers": [{"Worker Number": 0, "Cache Hits": 103, "Cache Misses": 387, "Cache Evictions": 0, "Cache Overflows": 0, "Peak Memory Usage": 29}], "Plans": [{"Node Type": "Index Scan", "Parent Relationship": "Outer", "Parallel Aware": false, "Async Capable": false, "Scan Direction": "Forward", "Index Name": "date_dim_pkey", "Relation Name": "date_dim", "Alias": "dt", "Startup Cost": 0.29, "Total Cost": 0.31, "Plan Rows": 1, "Plan Width": 8, "Actual Startup Time": 0.001, "Actual Total Time": 0.001, "Actual Rows": 0, "Actual Loops": 1329, "Index Cond": "(d_date_sk = store_sales.ss_sold_date_sk)", "Rows Removed by Index Recheck": 0, "Filter": "(d_moy = 11)", "Rows Removed by Filter": 1, "Workers": []}]}]}]}]}]}]}]}]}, "Planning Time": 0.23, "Triggers": [], "Execution Time": 9.478}]