[{"Plan": {"Node Type": "Limit", "Parallel Aware": false, "Async Capable": false, "Startup Cost": 49693.63, "Total Cost": 49693.64, "Plan Rows": 1, "Plan Width": 32, "Actual Startup Time": 94.214, "Actual Total Time": 95.198, "Actual Rows": 1, "Actual Loops": 1, "Plans": [{"Node Type": "Aggregate", "Strategy": "Plain", "Partial Mode": "Simple", "Parent Relationship": "Outer", "Parallel Aware": false, "Async Capable": false, "Startup Cost": 49693.63, "Total Cost": 49693.64, "Plan Rows": 1, "Plan Width": 32, "Actual Startup Time": 94.213, "Actual Total Time": 95.197, "Actual Rows": 1, "Actual Loops": 1, "Plans": [{"Node Type": "Hash Join", "Parent Relationship": "Outer", "Parallel Aware": false, "Async Capable": false, "Join Type": "Inner", "Startup Cost": 4505.47, "Total Cost": 49693.62, "Plan Rows": 1, "Plan Width": 6, "Actual Startup Time": 61.365, "Actual Total Time": 95.192, "Actual Rows": 5, "Actual Loops": 1, "Inner Unique": true, "Hash Cond": "(catalog_sales.cs_item_sk = item.i_item_sk)", "Join Filter": "(catalog_sales.cs_ext_discount_amt > (SubPlan 1))", "Rows Removed by Join Filter": 12, "Plans": [{"Node Type": "Gather", "Parent Relationship": "Outer", "Parallel Aware": false, "Async Capable": false, "Startup Cost": 3050.28, "Total Cost": 48233.32, "Plan Rows": 1945, "Plan Width": 10, "Actual Startup Time": 49.018, "Actual Total Time": 84.252, "Actual Rows": 41506, "Actual Loops": 1, "Workers Planned": 2, "Workers Launched": 2, "Single Copy": false, "Plans": [{"Node Type": "Hash Join", "Parent Relationship": "Outer", "Parallel Aware": true, "Async Capable": false, "Join Type": "Inner", "Startup Cost": 2050.28, "Total Cost": 47038.82, "Plan Rows": 810, "Plan Width": 10, "Actual Startup Time": 46.878, "Actual Total Time": 79.866, "Actual Rows": 13835, "Actual Loops": 3, "Inner Unique": true, "Hash Cond": "(catalog_sales.cs_sold_date_sk = date_dim.d_date_sk)", "Workers": [], "Plans": [{"Node Type": "Seq Scan", "Parent Relationship": "Outer", "Parallel Aware": true, "Async Capable": false, "Relation Name": "catalog_sales", "Alias": "catalog_sales", "Startup Cost": 0.0, "Total Cost": 43411.7, "Plan Rows": 600670, "Plan Width": 14, "Actual Startup Time": 0.022, "Actual Total Time": 46.935, "Actual Rows": 480516, "Actual Loops": 3, "Workers": []}, {"Node Type": "Hash", "Parent Relationship": "Inner", "Parallel Aware": true, "Async Capable": false, "Startup Cost": 2049.55, "Total Cost": 2049.55, "Plan Rows": 58, "Plan Width": 4, "Actual Startup Time": 3.168, "Actual Total Time": 3.168, "Actual Rows": 30, "Actual Loops": 3, "Hash Buckets": 1024, "Original Hash Buckets": 1024, "Hash Batches": 1, "Original Hash Batches": 1, "Peak Memory Usage": 40, "Workers": [], "Plans": [{"Node Type": "Seq Scan", "Parent Relationship": "Outer", "Parallel Aware": true, "Async Capable": false, "Relation Name": "date_dim", "Alias": "date_dim", "Startup Cost": 0.0, "Total Cost": 2049.55, "Plan Rows": 58, "Plan Width": 4, "Actual Startup Time": 2.46, "Actual Total Time": 3.144, "Actual Rows": 30, "Actual Loops": 3, "Filter": "((d_date >= '2001-03-09'::date) AND (d_date <= '2001-06-07 00:00:00'::timestamp without time zone))", "Rows Removed by Filter": 24319, "Workers": []}]}]}]}, {"Node Type": "Hash", "Parent Relationship": "Inner", "Parallel Aware": false, "Async Capable": false, "Startup Cost": 1455.0, "Total Cost": 1455.0, "Plan Rows": 16, "Plan Width": 4, "Actual Startup Time": 4.691, "Actual Total Time": 4.691, "Actual Rows": 9, "Actual Loops": 1, "Hash Buckets": 1024, "Original Hash Buckets": 1024, "Hash Batches": 1, "Original Hash Batches": 1, "Peak Memory Usage": 9, "Plans": [{"Node Type": "Seq Scan", "Parent Relationship": "Outer", "Parallel Aware": false, "Async Capable": false, "Relation Name": "item", "Alias": "item", "Startup Cost": 0.0, "Total Cost": 1455.0, "Plan Rows": 16, "Plan Width": 4, "Actual Startup Time": 0.189, "Actual Total Time": 4.684, "Actual Rows": 9, "Actual Loops": 1, "Filter": "(i_manufact_id = 722)", "Rows Removed by Filter": 17991}]}, {"Node Type": "Aggregate", "Strategy": "Plain", "Partial Mode": "Simple", "Parent Relationship": "SubPlan", "Subplan Name": "SubPlan 1", "Parallel Aware": false, "Async Capable": false, "Startup Cost": 984.29, "Total Cost": 984.3, "Plan Rows": 1, "Plan Width": 32, "Actual Startup Time": 0.256, "Actual Total Time": 0.256, "Actual Rows": 1, "Actual Loops": 17, "Plans": [{"Node Type": "Nested Loop", "Parent Relationship": "Outer", "Parallel Aware": false, "Async Capable": false, "Join Type": "Inner", "Startup Cost": 5.4, "Total Cost": 984.28, "Plan Rows": 1, "Plan Width": 6, "Actual Startup Time": 0.202, "Actual Total Time": 0.254, "Actual Rows": 5, "Actual Loops": 17, "Inner Unique": true, "Plans": [{"Node Type": "Bitmap Heap Scan", "Parent Relationship": "Outer", "Parallel Aware": false, "Async Capable": false, "Relation Name": "catalog_sales", "Alias": "catalog_sales_1", "Startup Cost": 5.1, "Total Cost": 341.6, "Plan Rows": 87, "Plan Width": 10, "Actual Startup Time": 0.13, "Actual Total Time": 0.22, "Actual Rows": 93, "Actual Loops": 17, "Recheck Cond": "(cs_item_sk = item.i_item_sk)", "Rows Removed by Index Recheck": 0, "Exact Heap Blocks": 1586, "Lossy Heap Blocks": 0, "Plans": [{"Node Type": "Bitmap Index Scan", "Parent Relationship": "Outer", "Parallel Aware": false, "Async Capable": false, "Index Name": "catalog_sales_pkey", "Startup Cost": 0.0, "Total Cost": 5.08, "Plan Rows": 87, "Plan Width": 0, "Actual Startup Time": 0.125, "Actual Total Time": 0.125, "Actual Rows": 93, "Actual Loops": 17, "Index Cond": "(cs_item_sk = item.i_item_sk)"}]}, {"Node Type": "Memoize", "Parent Relationship": "Inner", "Parallel Aware": false, "Async Capable": false, "Startup Cost": 0.3, "Total Cost": 7.54, "Plan Rows": 1, "Plan Width": 4, "Actual Startup Time": 0.0, "Actual Total Time": 0.0, "Actual Rows": 0, "Actual Loops": 1589, "Cache Key": "catalog_sales_1.cs_sold_date_sk", "Cache Mode": "logical", "Cache Hits": 1246, "Cache Misses": 343, "Cache Evictions": 0, "Cache Overflows": 0, "Peak Memory Usage": 24, "Plans": [{"Node Type": "Index Scan", "Parent Relationship": "Outer", "Parallel Aware": false, "Async Capable": false, "Scan Direction": "Forward", "Index Name": "date_dim_pkey", "Relation Name": "date_dim", "Alias": "date_dim_1", "Startup Cost": 0.29, "Total Cost": 7.53, "Plan Rows": 1, "Plan Width": 4, "Actual Startup Time": 0.001, "Actual Total Time": 0.001, "Actual Rows": 0, "Actual Loops": 343, "Index Cond": "(d_date_sk = catalog_sales_1.cs_sold_date_sk)", "Rows Removed by Index Recheck": 0, "Filter": "((d_date >= '2001-03-09'::date) AND (d_date <= '2001-06-07 00:00:00'::timestamp without time zone))", "Rows Removed by Filter": 1}]}]}]}]}]}]}, "Planning Time": 0.275, "Triggers": [], "Execution Time": 95.233}]