[{"Plan": {"Node Type": "Limit", "Parallel Aware": false, "Async Capable": false, "Startup Cost": 148496.91, "Total Cost": 148497.16, "Plan Rows": 100, "Plan Width": 36, "Actual Startup Time": 293.266, "Actual Total Time": 293.531, "Actual Rows": 100, "Actual Loops": 1, "Plans": [{"Node Type": "Sort", "Parent Relationship": "Outer", "Parallel Aware": false, "Async Capable": false, "Startup Cost": 148496.91, "Total Cost": 148497.41, "Plan Rows": 200, "Plan Width": 36, "Actual Startup Time": 293.266, "Actual Total Time": 293.527, "Actual Rows": 100, "Actual Loops": 1, "Sort Key": ["(sum((sum(store_sales.ss_ext_sales_price))))"], "Sort Method": "top-N heapsort", "Sort Space Used": 32, "Sort Space Type": "Memory", "Plans": [{"Node Type": "Aggregate", "Strategy": "Sorted", "Partial Mode": "Simple", "Parent Relationship": "Outer", "Parallel Aware": false, "Async Capable": false, "Startup Cost": 148451.54, "Total Cost": 148489.26, "Plan Rows": 200, "Plan Width": 36, "Actual Startup Time": 291.052, "Actual Total Time": 293.313, "Actual Rows": 698, "Actual Loops": 1, "Group Key": ["item.i_manufact_id"], "Plans": [{"Node Type": "Merge Append", "Parent Relationship": "Outer", "Parallel Aware": false, "Async Capable": false, "Startup Cost": 148451.54, "Total Cost": 148483.09, "Plan Rows": 735, "Plan Width": 36, "Actual Startup Time": 291.043, "Actual Total Time": 293.078, "Actual Rows": 1982, "Actual Loops": 1, "Sort Key": ["item.i_manufact_id"], "Subplans Removed": 0, "Plans": [{"Node Type": "Aggregate", "Strategy": "Sorted", "Partial Mode": "Simple", "Parent Relationship": "Member", "Parallel Aware": false, "Async Capable": false, "Startup Cost": 71643.31, "Total Cost": 71651.39, "Plan Rows": 404, "Plan Width": 36, "Actual Startup Time": 154.764, "Actual Total Time": 155.78, "Actual Rows": 688, "Actual Loops": 1, "Group Key": ["item.i_manufact_id"], "Plans": [{"Node Type": "Sort", "Parent Relationship": "Outer", "Parallel Aware": false, "Async Capable": false, "Startup Cost": 71643.31, "Total Cost": 71644.32, "Plan Rows": 404, "Plan Width": 10, "Actual Startup Time": 154.753, "Actual Total Time": 155.154, "Actual Rows": 8444, "Actual Loops": 1, "Sort Key": ["item.i_manufact_id"], "Sort Method": "quicksort", "Sort Space Used": 780, "Sort Space Type": "Memory", "Plans": [{"Node Type": "Hash Join", "Parent Relationship": "Outer", "Parallel Aware": false, "Async Capable": false, "Join Type": "Inner", "Startup Cost": 4528.47, "Total Cost": 71625.82, "Plan Rows": 404, "Plan Width": 10, "Actual Startup Time": 7.76, "Actual Total Time": 154.059, "Actual Rows": 8444, "Actual Loops": 1, "Inner Unique": true, "Hash Cond": "(item.i_manufact_id = item_1.i_manufact_id)", "Plans": [{"Node Type": "Gather", "Parent Relationship": "Outer", "Parallel Aware": false, "Async Capable": false, "Startup Cost": 3050.35, "Total Cost": 70142.14, "Plan Rows": 405, "Plan Width": 10, "Actual Startup Time": 3.899, "Actual Total Time": 148.964, "Actual Rows": 9728, "Actual Loops": 1, "Workers Planned": 2, "Workers Launched": 2, "Single Copy": false, "Plans": [{"Node Type": "Nested Loop", "Parent Relationship": "Outer", "Parallel Aware": false, "Async Capable": false, "Join Type": "Inner", "Startup Cost": 2050.35, "Total Cost": 69101.64, "Plan Rows": 169, "Plan Width": 10, "Actual Startup Time": 2.42, "Actual Total Time": 147.515, "Actual Rows": 3243, "Actual Loops": 3, "Inner Unique": true, "Workers": [], "Plans": [{"Node Type": "Nested Loop", "Parent Relationship": "Outer", "Parallel Aware": false, "Async Capable": false, "Join Type": "Inner", "Startup Cost": 2050.07, "Total Cost": 69049.8, "Plan Rows": 169, "Plan Width": 10, "Actual Startup Time": 2.405, "Actual Total Time": 141.201, "Actual Rows": 3243, "Actual Loops": 3, "Inner Unique": true, "Workers": [], "Plans": [{"Node Type": "Hash Join", "Parent Relationship": "Outer", "Parallel Aware": true, "Async Capable": false, "Join Type": "Inner", "Startup Cost": 2049.78, "Total Cost": 68898.0, "Plan Rows": 487, "Plan Width": 14, "Actual Startup Time": 1.988, "Actual Total Time": 130.16, "Actual Rows": 8367, "Actual Loops": 3, "Inner Unique": true, "Hash Cond": "(store_sales.ss_sold_date_sk = date_dim.d_date_sk)", "Workers": [], "Plans": [{"Node Type": "Seq Scan", "Parent Relationship": "Outer", "Parallel Aware": true, "Async Capable": false, "Relation Name": "store_sales", "Alias": "store_sales", "Startup Cost": 0.0, "Total Cost": 63697.62, "Plan Rows": 1200162, "Plan Width": 18, "Actual Startup Time": 0.028, "Actual Total Time": 74.031, "Actual Rows": 960135, "Actual Loops": 3, "Workers": []}, {"Node Type": "Hash", "Parent Relationship": "Inner", "Parallel Aware": true, "Async Capable": false, "Startup Cost": 2049.55, "Total Cost": 2049.55, "Plan Rows": 18, "Plan Width": 4, "Actual Startup Time": 1.784, "Actual Total Time": 1.784, "Actual Rows": 10, "Actual Loops": 3, "Hash Buckets": 1024, "Original Hash Buckets": 1024, "Hash Batches": 1, "Original Hash Batches": 1, "Peak Memory Usage": 72, "Workers": [], "Plans": [{"Node Type": "Seq Scan", "Parent Relationship": "Outer", "Parallel Aware": true, "Async Capable": false, "Relation Name": "date_dim", "Alias": "date_dim", "Startup Cost": 0.0, "Total Cost": 2049.55, "Plan Rows": 18, "Plan Width": 4, "Actual Startup Time": 1.101, "Actual Total Time": 1.756, "Actual Rows": 10, "Actual Loops": 3, "Filter": "((d_year = 2001) AND (d_moy = 3))", "Rows Removed by Filter": 24339, "Workers": []}]}]}, {"Node Type": "Index Scan", "Parent Relationship": "Inner", "Parallel Aware": false, "Async Capable": false, "Scan Direction": "Forward", "Index Name": "customer_address_pkey", "Relation Name": "customer_address", "Alias": "customer_address", "Startup Cost": 0.29, "Total Cost": 0.31, "Plan Rows": 1, "Plan Width": 4, "Actual Startup Time": 0.001, "Actual Total Time": 0.001, "Actual Rows": 0, "Actual Loops": 25100, "Index Cond": "(ca_address_sk = store_sales.ss_addr_sk)", "Rows Removed by Index Recheck": 0, "Filter": "(ca_gmt_offset = '-5'::numeric)", "Rows Removed by Filter": 1, "Workers": []}]}, {"Node Type": "Index Scan", "Parent Relationship": "Inner", "Parallel Aware": false, "Async Capable": false, "Scan Direction": "Forward", "Index Name": "item_pkey", "Relation Name": "item", "Alias": "item", "Startup Cost": 0.29, "Total Cost": 0.31, "Plan Rows": 1, "Plan Width": 8, "Actual Startup Time": 0.002, "Actual Total Time": 0.002, "Actual Rows": 1, "Actual Loops": 9728, "Index Cond": "(i_item_sk = store_sales.ss_item_sk)", "Rows Removed by Index Recheck": 0, "Workers": []}]}]}, {"Node Type": "Hash", "Parent Relationship": "Inner", "Parallel Aware": false, "Async Capable": false, "Startup Cost": 1467.68, "Total Cost": 1467.68, "Plan Rows": 835, "Plan Width": 4, "Actual Startup Time": 3.855, "Actual Total Time": 3.856, "Actual Rows": 703, "Actual Loops": 1, "Hash Buckets": 1024, "Original Hash Buckets": 1024, "Hash Batches": 1, "Original Hash Batches": 1, "Peak Memory Usage": 33, "Plans": [{"Node Type": "Aggregate", "Strategy": "Hashed", "Partial Mode": "Simple", "Parent Relationship": "Outer", "Parallel Aware": false, "Async Capable": false, "Startup Cost": 1459.33, "Total Cost": 1467.68, "Plan Rows": 835, "Plan Width": 4, "Actual Startup Time": 3.792, "Actual Total Time": 3.823, "Actual Rows": 704, "Actual Loops": 1, "Group Key": ["item_1.i_manufact_id"], "Planned Partitions": 0, "HashAgg Batches": 1, "Peak Memory Usage": 105, "Disk Usage": 0, "Plans": [{"Node Type": "Seq Scan", "Parent Relationship": "Outer", "Parallel Aware": false, "Async Capable": false, "Relation Name": "item", "Alias": "item_1", "Startup Cost": 0.0, "Total Cost": 1455.0, "Plan Rows": 1733, "Plan Width": 4, "Actual Startup Time": 0.011, "Actual Total Time": 3.624, "Actual Rows": 1733, "Actual Loops": 1, "Filter": "(i_category = 'Books'::bpchar)", "Rows Removed by Filter": 16267}]}]}]}]}]}, {"Node Type": "Aggregate", "Strategy": "Sorted", "Partial Mode": "Simple", "Parent Relationship": "Member", "Parallel Aware": false, "Async Capable": false, "Startup Cost": 49658.01, "Total Cost": 49662.41, "Plan Rows": 220, "Plan Width": 36, "Actual Startup Time": 87.242, "Actual Total Time": 87.771, "Actual Rows": 676, "Actual Loops": 1, "Group Key": ["item_2.i_manufact_id"], "Plans": [{"Node Type": "Sort", "Parent Relationship": "Outer", "Parallel Aware": false, "Async Capable": false, "Startup Cost": 49658.01, "Total Cost": 49658.56, "Plan Rows": 220, "Plan Width": 10, "Actual Startup Time": 87.232, "Actual Total Time": 87.372, "Actual Rows": 4351, "Actual Loops": 1, "Sort Key": ["item_2.i_manufact_id"], "Sort Method": "quicksort", "Sort Space Used": 396, "Sort Space Type": "Memory", "Plans": [{"Node Type": "Hash Join", "Parent Relationship": "Outer", "Parallel Aware": false, "Async Capable": false, "Join Type": "Inner", "Startup Cost": 4528.47, "Total Cost": 49649.45, "Plan Rows": 220, "Plan Width": 10, "Actual Startup Time": 52.786, "Actual Total Time": 86.789, "Actual Rows": 4351, "Actual Loops": 1, "Inner Unique": true, "Hash Cond": "(item_2.i_manufact_id = item_3.i_manufact_id)", "Plans": [{"Node Type": "Gather", "Parent Relationship": "Outer", "Parallel Aware": false, "Async Capable": false, "Startup Cost": 3050.35, "Total Cost": 48168.31, "Plan Rows": 220, "Plan Width": 10, "Actual Startup Time": 44.078, "Actual Total Time": 81.983, "Actual Rows": 5050, "Actual Loops": 1, "Workers Planned": 2, "Workers Launched": 2, "Single Copy": false, "Plans": [{"Node Type": "Nested Loop", "Parent Relationship": "Outer", "Parallel Aware": false, "Async Capable": false, "Join Type": "Inner", "Startup Cost": 2050.35, "Total Cost": 47146.31, "Plan Rows": 92, "Plan Width": 10, "Actual Startup Time": 43.805, "Actual Total Time": 80.213, "Actual Rows": 1683, "Actual Loops": 3, "Inner Unique": true, "Workers": [], "Plans": [{"Node Type": "Nested Loop", "Parent Relationship": "Outer", "Parallel Aware": false, "Async Capable": false, "Join Type": "Inner", "Startup Cost": 2050.07, "Total Cost": 47117.92, "Plan Rows": 92, "Plan Width": 10, "Actual Startup Time": 43.79, "Actual Total Time": 77.915, "Actual Rows": 1683, "Actual Loops": 3, "Inner Unique": true, "Workers": [], "Plans": [{"Node Type": "Hash Join", "Parent Relationship": "Outer", "Parallel Aware": true, "Async Capable": false, "Join Type": "Inner", "Startup Cost": 2049.78, "Total Cost": 47038.32, "Plan Rows": 254, "Plan Width": 14, "Actual Startup Time": 42.258, "Actual Total Time": 73.644, "Actual Rows": 4554, "Actual Loops": 3, "Inner Unique": true, "Hash Cond": "(catalog_sales.cs_sold_date_sk = date_dim_1.d_date_sk)", "Workers": [], "Plans": [{"Node Type": "Seq Scan", "Parent Relationship": "Outer", "Parallel Aware": true, "Async Capable": false, "Relation Name": "catalog_sales", "Alias": "catalog_sales", "Startup Cost": 0.0, "Total Cost": 43411.7, "Plan Rows": 600670, "Plan Width": 18, "Actual Startup Time": 0.045, "Actual Total Time": 43.755, "Actual Rows": 480516, "Actual Loops": 3, "Workers": []}, {"Node Type": "Hash", "Parent Relationship": "Inner", "Parallel Aware": true, "Async Capable": false, "Startup Cost": 2049.55, "Total Cost": 2049.55, "Plan Rows": 18, "Plan Width": 4, "Actual Startup Time": 1.777, "Actual Total Time": 1.777, "Actual Rows": 10, "Actual Loops": 3, "Hash Buckets": 1024, "Original Hash Buckets": 1024, "Hash Batches": 1, "Original Hash Batches": 1, "Peak Memory Usage": 40, "Workers": [], "Plans": [{"Node Type": "Seq Scan", "Parent Relationship": "Outer", "Parallel Aware": true, "Async Capable": false, "Relation Name": "date_dim", "Alias": "date_dim_1", "Startup Cost": 0.0, "Total Cost": 2049.55, "Plan Rows": 18, "Plan Width": 4, "Actual Startup Time": 1.395, "Actual Total Time": 1.755, "Actual Rows": 10, "Actual Loops": 3, "Filter": "((d_year = 2001) AND (d_moy = 3))", "Rows Removed by Filter": 24339, "Workers": []}]}]}, {"Node Type": "Index Scan", "Parent Relationship": "Inner", "Parallel Aware": false, "Async Capable": false, "Scan Direction": "Forward", "Index Name": "customer_address_pkey", "Relation Name": "customer_address", "Alias": "customer_address_1", "Startup Cost": 0.29, "Total Cost": 0.31, "Plan Rows": 1, "Plan Width": 4, "Actual Startup Time": 0.001, "Actual Total Time": 0.001, "Actual Rows": 0, "Actual Loops": 13661, "Index Cond": "(ca_address_sk = catalog_sales.cs_bill_addr_sk)", "Rows Removed by Index Recheck": 0, "Filter": "(ca_gmt_offset = '-5'::numeric)", "Rows Removed by Filter": 1, "Workers": []}]}, {"Node Type": "Index Scan", "Parent Relationship": "Inner", "Parallel Aware": false, "Async Capable": false, "Scan Direction": "Forward", "Index Name": "item_pkey", "Relation Name": "item", "Alias": "item_2", "Startup Cost": 0.29, "Total Cost": 0.31, "Plan Rows": 1, "Plan Width": 8, "Actual Startup Time": 0.001, "Actual Total Time": 0.001, "Actual Rows": 1, "Actual Loops": 5050, "Index Cond": "(i_item_sk = catalog_sales.cs_item_sk)", "Rows Removed by Index Recheck": 0, "Workers": []}]}]}, {"Node Type": "Hash", "Parent Relationship": "Inner", "Parallel Aware": false, "Async Capable": false, "Startup Cost": 1467.68, "Total Cost": 1467.68, "Plan Rows": 835, "Plan Width": 4, "Actual Startup Time": 4.354, "Actual Total Time": 4.355, "Actual Rows": 703, "Actual Loops": 1, "Hash Buckets": 1024, "Original Hash Buckets": 1024, "Hash Batches": 1, "Original Hash Batches": 1, "Peak Memory Usage": 33, "Plans": [{"Node Type": "Aggregate", "Strategy": "Hashed", "Partial Mode": "Simple", "Parent Relationship": "Outer", "Parallel Aware": false, "Async Capable": false, "Startup Cost": 1459.33, "Total Cost": 1467.68, "Plan Rows": 835, "Plan Width": 4, "Actual Startup Time": 4.293, "Actual Total Time": 4.322, "Actual Rows": 704, "Actual Loops": 1, "Group Key": ["item_3.i_manufact_id"], "Planned Partitions": 0, "HashAgg Batches": 1, "Peak Memory Usage": 105, "Disk Usage": 0, "Plans": [{"Node Type": "Seq Scan", "Parent Relationship": "Outer", "Parallel Aware": false, "Async Capable": false, "Relation Name": "item", "Alias": "item_3", "Startup Cost": 0.0, "Total Cost": 1455.0, "Plan Rows": 1733, "Plan Width": 4, "Actual Startup Time": 0.019, "Actual Total Time": 4.077, "Actual Rows": 1733, "Actual Loops": 1, "Filter": "(i_category = 'Books'::bpchar)", "Rows Removed by Filter": 16267}]}]}]}]}]}, {"Node Type": "Aggregate", "Strategy": "Sorted", "Partial Mode": "Simple", "Parent Relationship": "Member", "Parallel Aware": false, "Async Capable": false, "Startup Cost": 27150.19, "Total Cost": 27152.41, "Plan Rows": 111, "Plan Width": 36, "Actual Startup Time": 49.029, "Actual Total Time": 49.42, "Actual Rows": 618, "Actual Loops": 1, "Group Key": ["item_4.i_manufact_id"], "Plans": [{"Node Type": "Sort", "Parent Relationship": "Outer", "Parallel Aware": false, "Async Capable": false, "Startup Cost": 27150.19, "Total Cost": 27150.47, "Plan Rows": 111, "Plan Width": 10, "Actual Startup Time": 49.02, "Actual Total Time": 49.137, "Actual Rows": 2402, "Actual Loops": 1, "Sort Key": ["item_4.i_manufact_id"], "Sort Method": "quicksort", "Sort Space Used": 209, "Sort Space Type": "Memory", "Plans": [{"Node Type": "Hash Join", "Parent Relationship": "Outer", "Parallel Aware": false, "Async Capable": false, "Join Type": "Inner", "Startup Cost": 4528.47, "Total Cost": 27146.42, "Plan Rows": 111, "Plan Width": 10, "Actual Startup Time": 7.671, "Actual Total Time": 48.776, "Actual Rows": 2402, "Actual Loops": 1, "Inner Unique": true, "Hash Cond": "(item_4.i_manufact_id = item_5.i_manufact_id)", "Plans": [{"Node Type": "Gather", "Parent Relationship": "Outer", "Parallel Aware": false, "Async Capable": false, "Startup Cost": 3050.35, "Total Cost": 25666.77, "Plan Rows": 111, "Plan Width": 10, "Actual Startup Time": 4.006, "Actual Total Time": 44.734, "Actual Rows": 2790, "Actual Loops": 1, "Workers Planned": 2, "Workers Launched": 2, "Single Copy": false, "Plans": [{"Node Type": "Nested Loop", "Parent Relationship": "Outer", "Parallel Aware": false, "Async Capable": false, "Join Type": "Inner", "Startup Cost": 2050.35, "Total Cost": 24655.67, "Plan Rows": 46, "Plan Width": 10, "Actual Startup Time": 2.222, "Actual Total Time": 43.131, "Actual Rows": 930, "Actual Loops": 3, "Inner Unique": true, "Workers": [], "Plans": [{"Node Type": "Nested Loop", "Parent Relationship": "Outer", "Parallel Aware": false, "Async Capable": false, "Join Type": "Inner", "Startup Cost": 2050.07, "Total Cost": 24641.31, "Plan Rows": 46, "Plan Width": 10, "Actual Startup Time": 2.214, "Actual Total Time": 40.971, "Actual Rows": 930, "Actual Loops": 3, "Inner Unique": true, "Workers": [], "Plans": [{"Node Type": "Hash Join", "Parent Relationship": "Outer", "Parallel Aware": true, "Async Capable": false, "Join Type": "Inner", "Startup Cost": 2049.78, "Total Cost": 24601.08, "Plan Rows": 127, "Plan Width": 14, "Actual Startup Time": 1.96, "Actual Total Time": 37.477, "Actual Rows": 2379, "Actual Loops": 3, "Inner Unique": true, "Hash Cond": "(web_sales.ws_sold_date_sk = date_dim_2.d_date_sk)", "Workers": [], "Plans": [{"Node Type": "Seq Scan", "Parent Relationship": "Outer", "Parallel Aware": true, "Async Capable": false, "Relation Name": "web_sales", "Alias": "web_sales", "Startup Cost": 0.0, "Total Cost": 21764.43, "Plan Rows": 299743, "Plan Width": 18, "Actual Startup Time": 0.029, "Actual Total Time": 22.379, "Actual Rows": 239795, "Actual Loops": 3, "Workers": []}, {"Node Type": "Hash", "Parent Relationship": "Inner", "Parallel Aware": true, "Async Capable": false, "Startup Cost": 2049.55, "Total Cost": 2049.55, "Plan Rows": 18, "Plan Width": 4, "Actual Startup Time": 1.814, "Actual Total Time": 1.814, "Actual Rows": 10, "Actual Loops": 3, "Hash Buckets": 1024, "Original Hash Buckets": 1024, "Hash Batches": 1, "Original Hash Batches": 1, "Peak Memory Usage": 40, "Workers": [], "Plans": [{"Node Type": "Seq Scan", "Parent Relationship": "Outer", "Parallel Aware": true, "Async Capable": false, "Relation Name": "date_dim", "Alias": "date_dim_2", "Startup Cost": 0.0, "Total Cost": 2049.55, "Plan Rows": 18, "Plan Width": 4, "Actual Startup Time": 1.435, "Actual Total Time": 1.777, "Actual Rows": 10, "Actual Loops": 3, "Filter": "((d_year = 2001) AND (d_moy = 3))", "Rows Removed by Filter": 24339, "Workers": []}]}]}, {"Node Type": "Index Scan", "Parent Relationship": "Inner", "Parallel Aware": false, "Async Capable": false, "Scan Direction": "Forward", "Index Name": "customer_address_pkey", "Relation Name": "customer_address", "Alias": "customer_address_2", "Startup Cost": 0.29, "Total Cost": 0.32, "Plan Rows": 1, "Plan Width": 4, "Actual Startup Time": 0.001, "Actual Total Time": 0.001, "Actual Rows": 0, "Actual Loops": 7136, "Index Cond": "(ca_address_sk = web_sales.ws_bill_addr_sk)", "Rows Removed by Index Recheck": 0, "Filter": "(ca_gmt_offset = '-5'::numeric)", "Rows Removed by Filter": 1, "Workers": []}]}, {"Node Type": "Index Scan", "Parent Relationship": "Inner", "Parallel Aware": false, "Async Capable": false, "Scan Direction": "Forward", "Index Name": "item_pkey", "Relation Name": "item", "Alias": "item_4", "Startup Cost": 0.29, "Total Cost": 0.31, "Plan Rows": 1, "Plan Width": 8, "Actual Startup Time": 0.002, "Actual Total Time": 0.002, "Actual Rows": 1, "Actual Loops": 2790, "Index Cond": "(i_item_sk = web_sales.ws_item_sk)", "Rows Removed by Index Recheck": 0, "Workers": []}]}]}, {"Node Type": "Hash", "Parent Relationship": "Inner", "Parallel Aware": false, "Async Capable": false, "Startup Cost": 1467.68, "Total Cost": 1467.68, "Plan Rows": 835, "Plan Width": 4, "Actual Startup Time": 3.659, "Actual Total Time": 3.66, "Actual Rows": 703, "Actual Loops": 1, "Hash Buckets": 1024, "Original Hash Buckets": 1024, "Hash Batches": 1, "Original Hash Batches": 1, "Peak Memory Usage": 33, "Plans": [{"Node Type": "Aggregate", "Strategy": "Hashed", "Partial Mode": "Simple", "Parent Relationship": "Outer", "Parallel Aware": false, "Async Capable": false, "Startup Cost": 1459.33, "Total Cost": 1467.68, "Plan Rows": 835, "Plan Width": 4, "Actual Startup Time": 3.599, "Actual Total Time": 3.628, "Actual Rows": 704, "Actual Loops": 1, "Group Key": ["item_5.i_manufact_id"], "Planned Partitions": 0, "HashAgg Batches": 1, "Peak Memory Usage": 105, "Disk Usage": 0, "Plans": [{"Node Type": "Seq Scan", "Parent Relationship": "Outer", "Parallel Aware": false, "Async Capable": false, "Relation Name": "item", "Alias": "item_5", "Startup Cost": 0.0, "Total Cost": 1455.0, "Plan Rows": 1733, "Plan Width": 4, "Actual Startup Time": 0.017, "Actual Total Time": 3.448, "Actual Rows": 1733, "Actual Loops": 1, "Filter": "(i_category = 'Books'::bpchar)", "Rows Removed by Filter": 16267}]}]}]}]}]}]}]}]}]}, "Planning Time": 1.022, "Triggers": [], "Execution Time": 293.754}]