[{"Plan": {"Node Type": "Sort", "Parallel Aware": false, "Async Capable": false, "Startup Cost": 70869.33, "Total Cost": 70869.48, "Plan Rows": 61, "Plan Width": 77, "Actual Startup Time": 151.863, "Actual Total Time": 151.898, "Actual Rows": 374, "Actual Loops": 1, "Sort Key": ["customer.c_last_name", "customer.c_first_name", "customer.c_salutation", "customer.c_preferred_cust_flag DESC", "store_sales.ss_ticket_number"], "Sort Method": "quicksort", "Sort Space Used": 76, "Sort Space Type": "Memory", "Plans": [{"Node Type": "Nested Loop", "Parent Relationship": "Outer", "Parallel Aware": false, "Async Capable": false, "Join Type": "Inner", "Startup Cost": 70314.86, "Total Cost": 70867.52, "Plan Rows": 61, "Plan Width": 77, "Actual Startup Time": 148.135, "Actual Total Time": 150.704, "Actual Rows": 374, "Actual Loops": 1, "Inner Unique": true, "Plans": [{"Node Type": "Aggregate", "Strategy": "Sorted", "Partial Mode": "Finalize", "Parent Relationship": "Outer", "Parallel Aware": false, "Async Capable": false, "Startup Cost": 70314.57, "Total Cost": 70384.0, "Plan Rows": 61, "Plan Width": 16, "Actual Startup Time": 148.123, "Actual Total Time": 149.686, "Actual Rows": 374, "Actual Loops": 1, "Group Key": ["store_sales.ss_ticket_number", "store_sales.ss_customer_sk"], "Filter": "((count(*) >= 15) AND (count(*) <= 20))", "Rows Removed by Filter": 3513, "Plans": [{"Node Type": "Gather Merge", "Parent Relationship": "Outer", "Parallel Aware": false, "Async Capable": false, "Startup Cost": 70314.57, "Total Cost": 70372.27, "Plan Rows": 460, "Plan Width": 16, "Actual Startup Time": 148.113, "Actual Total Time": 149.304, "Actual Rows": 3928, "Actual Loops": 1, "Workers Planned": 2, "Workers Launched": 2, "Plans": [{"Node Type": "Aggregate", "Strategy": "Sorted", "Partial Mode": "Partial", "Parent Relationship": "Outer", "Parallel Aware": false, "Async Capable": false, "Startup Cost": 69314.55, "Total Cost": 69319.15, "Plan Rows": 230, "Plan Width": 16, "Actual Startup Time": 146.343, "Actual Total Time": 147.205, "Actual Rows": 1309, "Actual Loops": 3, "Group Key": ["store_sales.ss_ticket_number", "store_sales.ss_customer_sk"], "Workers": [], "Plans": [{"Node Type": "Sort", "Parent Relationship": "Outer", "Parallel Aware": false, "Async Capable": false, "Startup Cost": 69314.55, "Total Cost": 69315.12, "Plan Rows": 230, "Plan Width": 8, "Actual Startup Time": 146.336, "Actual Total Time": 146.598, "Actual Rows": 13377, "Actual Loops": 3, "Sort Key": ["store_sales.ss_ticket_number", "store_sales.ss_customer_sk"], "Sort Method": "quicksort", "Sort Space Used": 1012, "Sort Space Type": "Memory", "Workers": [{"Worker Number": 0, "Sort Method": "quicksort", "Sort Space Used": 1012, "Sort Space Type": "Memory"}, {"Worker Number": 1, "Sort Method": "quicksort", "Sort Space Used": 1010, "Sort Space Type": "Memory"}], "Plans": [{"Node Type": "Hash Join", "Parent Relationship": "Outer", "Parallel Aware": false, "Async Capable": false, "Join Type": "Inner", "Startup Cost": 258.81, "Total Cost": 69305.52, "Plan Rows": 230, "Plan Width": 8, "Actual Startup Time": 1.013, "Actual Total Time": 144.994, "Actual Rows": 13377, "Actual Loops": 3, "Inner Unique": true, "Hash Cond": "(store_sales.ss_store_sk = store.s_store_sk)", "Workers": [], "Plans": [{"Node Type": "Nested Loop", "Parent Relationship": "Outer", "Parallel Aware": false, "Async Capable": false, "Join Type": "Inner", "Startup Cost": 257.42, "Total Cost": 69303.29, "Plan Rows": 241, "Plan Width": 12, "Actual Startup Time": 0.979, "Actual Total Time": 143.974, "Actual Rows": 13533, "Actual Loops": 3, "Inner Unique": true, "Workers": [], "Plans": [{"Node Type": "Hash Join", "Parent Relationship": "Outer", "Parallel Aware": false, "Async Capable": false, "Join Type": "Inner", "Startup Cost": 257.11, "Total Cost": 67106.93, "Plan Rows": 77938, "Plan Width": 16, "Actual Startup Time": 0.726, "Actual Total Time": 127.043, "Actual Rows": 101703, "Actual Loops": 3, "Inner Unique": true, "Hash Cond": "(store_sales.ss_hdemo_sk = household_demographics.hd_demo_sk)", "Workers": [], "Plans": [{"Node Type": "Seq Scan", "Parent Relationship": "Outer", "Parallel Aware": true, "Async Capable": false, "Relation Name": "store_sales", "Alias": "store_sales", "Startup Cost": 0.0, "Total Cost": 63697.62, "Plan Rows": 1200162, "Plan Width": 20, "Actual Startup Time": 0.016, "Actual Total Time": 65.035, "Actual Rows": 960135, "Actual Loops": 3, "Workers": []}, {"Node Type": "Hash", "Parent Relationship": "Inner", "Parallel Aware": false, "Async Capable": false, "Startup Cost": 251.0, "Total Cost": 251.0, "Plan Rows": 489, "Plan Width": 4, "Actual Startup Time": 0.699, "Actual Total Time": 0.701, "Actual Rows": 800, "Actual Loops": 3, "Hash Buckets": 1024, "Original Hash Buckets": 1024, "Hash Batches": 1, "Original Hash Batches": 1, "Peak Memory Usage": 37, "Workers": [], "Plans": [{"Node Type": "Seq Scan", "Parent Relationship": "Outer", "Parallel Aware": false, "Async Capable": false, "Relation Name": "household_demographics", "Alias": "household_demographics", "Startup Cost": 0.0, "Total Cost": 251.0, "Plan Rows": 489, "Plan Width": 4, "Actual Startup Time": 0.099, "Actual Total Time": 0.657, "Actual Rows": 800, "Actual Loops": 3, "Filter": "((hd_vehicle_count > 0) AND ((hd_buy_potential = '1001-5000'::bpchar) OR (hd_buy_potential = '0-500'::bpchar)) AND ((CASE WHEN (hd_vehicle_count > 0) THEN (hd_dep_count / hd_vehicle_count) ELSE NULL::integer END)::numeric > 1.2))", "Rows Removed by Filter": 6400, "Workers": []}]}]}, {"Node Type": "Memoize", "Parent Relationship": "Inner", "Parallel Aware": false, "Async Capable": false, "Startup Cost": 0.3, "Total Cost": 0.34, "Plan Rows": 1, "Plan Width": 4, "Actual Startup Time": 0.0, "Actual Total Time": 0.0, "Actual Rows": 0, "Actual Loops": 305108, "Cache Key": "store_sales.ss_sold_date_sk", "Cache Mode": "logical", "Cache Hits": 101481, "Cache Misses": 1774, "Cache Evictions": 0, "Cache Overflows": 0, "Peak Memory Usage": 127, "Workers": [{"Worker Number": 0, "Cache Hits": 99183, "Cache Misses": 1760, "Cache Evictions": 0, "Cache Overflows": 0, "Peak Memory Usage": 126}, {"Worker Number": 1, "Cache Hits": 99148, "Cache Misses": 1762, "Cache Evictions": 0, "Cache Overflows": 0, "Peak Memory Usage": 126}], "Plans": [{"Node Type": "Index Scan", "Parent Relationship": "Outer", "Parallel Aware": false, "Async Capable": false, "Scan Direction": "Forward", "Index Name": "date_dim_pkey", "Relation Name": "date_dim", "Alias": "date_dim", "Startup Cost": 0.29, "Total Cost": 0.33, "Plan Rows": 1, "Plan Width": 4, "Actual Startup Time": 0.001, "Actual Total Time": 0.001, "Actual Rows": 0, "Actual Loops": 5296, "Index Cond": "(d_date_sk = store_sales.ss_sold_date_sk)", "Rows Removed by Index Recheck": 0, "Filter": "((d_year = ANY ('{2000,2001,2002}'::integer[])) AND (((d_dom >= 1) AND (d_dom <= 3)) OR ((d_dom >= 25) AND (d_dom <= 28))))", "Rows Removed by Filter": 1, "Workers": []}]}]}, {"Node Type": "Hash", "Parent Relationship": "Inner", "Parallel Aware": false, "Async Capable": false, "Startup Cost": 1.24, "Total Cost": 1.24, "Plan Rows": 12, "Plan Width": 4, "Actual Startup Time": 0.027, "Actual Total Time": 0.027, "Actual Rows": 12, "Actual Loops": 3, "Hash Buckets": 1024, "Original Hash Buckets": 1024, "Hash Batches": 1, "Original Hash Batches": 1, "Peak Memory Usage": 9, "Workers": [], "Plans": [{"Node Type": "Seq Scan", "Parent Relationship": "Outer", "Parallel Aware": false, "Async Capable": false, "Relation Name": "store", "Alias": "store", "Startup Cost": 0.0, "Total Cost": 1.24, "Plan Rows": 12, "Plan Width": 4, "Actual Startup Time": 0.021, "Actual Total Time": 0.023, "Actual Rows": 12, "Actual Loops": 3, "Filter": "((s_county)::text = ANY ('{\"Williamson County\",\"Williamson County\",\"Williamson County\",\"Williamson County\",\"Williamson County\",\"Williamson County\",\"Williamson County\",\"Williamson County\"}'::text[]))", "Rows Removed by Filter": 0, "Workers": []}]}]}]}]}]}]}, {"Node Type": "Index Scan", "Parent Relationship": "Inner", "Parallel Aware": false, "Async Capable": false, "Scan Direction": "Forward", "Index Name": "customer_pkey", "Relation Name": "customer", "Alias": "customer", "Startup Cost": 0.29, "Total Cost": 7.92, "Plan Rows": 1, "Plan Width": 69, "Actual Startup Time": 0.003, "Actual Total Time": 0.003, "Actual Rows": 1, "Actual Loops": 374, "Index Cond": "(c_customer_sk = store_sales.ss_customer_sk)", "Rows Removed by Index Recheck": 0}]}]}, "Planning Time": 1.187, "Triggers": [], "Execution Time": 151.961}]