[{"Plan": {"Node Type": "Limit", "Parallel Aware": false, "Async Capable": false, "Startup Cost": 15719052.4, "Total Cost": 26748062.88, "Plan Rows": 100, "Plan Width": 259, "Actual Startup Time": 971.53, "Actual Total Time": 1107.478, "Actual Rows": 100, "Actual Loops": 1, "Plans": [{"Node Type": "Aggregate", "Strategy": "Sorted", "Partial Mode": "Simple", "Parent Relationship": "Outer", "Parallel Aware": false, "Async Capable": false, "Startup Cost": 15719052.4, "Total Cost": 797896475.85, "Plan Rows": 7092, "Plan Width": 259, "Actual Startup Time": 971.529, "Actual Total Time": 1107.473, "Actual Rows": 100, "Actual Loops": 1, "Group Key": ["ca.ca_state", "customer_demographics.cd_gender", "customer_demographics.cd_marital_status", "customer_demographics.cd_dep_count", "customer_demographics.cd_dep_employed_count", "customer_demographics.cd_dep_college_count"], "Plans": [{"Node Type": "Incremental Sort", "Parent Relationship": "Outer", "Parallel Aware": false, "Async Capable": false, "Startup Cost": 15719052.4, "Total Cost": 797896014.87, "Plan Rows": 7092, "Plan Width": 19, "Actual Startup Time": 971.51, "Actual Total Time": 1107.363, "Actual Rows": 101, "Actual Loops": 1, "Sort Key": ["ca.ca_state", "customer_demographics.cd_gender", "customer_demographics.cd_marital_status", "customer_demographics.cd_dep_count", "customer_demographics.cd_dep_employed_count", "customer_demographics.cd_dep_college_count"], "Presorted Key": ["ca.ca_state"], "Full-sort Groups": {"Group Count": 1, "Sort Methods Used": ["quicksort"], "Sort Space Memory": {"Average Sort Space Used": 30, "Peak Sort Space Used": 30}}, "Pre-sorted Groups": {"Group Count": 2, "Sort Methods Used": ["quicksort"], "Sort Space Memory": {"Average Sort Space Used": 27, "Peak Sort Space Used": 27}}, "Plans": [{"Node Type": "Nested Loop", "Parent Relationship": "Outer", "Parallel Aware": false, "Async Capable": false, "Join Type": "Inner", "Startup Cost": 75515.12, "Total Cost": 797895506.53, "Plan Rows": 7092, "Plan Width": 19, "Actual Startup Time": 825.002, "Actual Total Time": 1107.05, "Actual Rows": 134, "Actual Loops": 1, "Inner Unique": false, "Join Filter": "(c.c_current_addr_sk = ca.ca_address_sk)", "Rows Removed by Join Filter": 6667969, "Plans": [{"Node Type": "Gather Merge", "Parent Relationship": "Outer", "Parallel Aware": false, "Async Capable": false, "Startup Cost": 4564.1, "Total Cost": 10262.63, "Plan Rows": 50000, "Plan Width": 7, "Actual Startup Time": 33.733, "Actual Total Time": 34.981, "Actual Rows": 1377, "Actual Loops": 1, "Workers Planned": 1, "Workers Launched": 1, "Plans": [{"Node Type": "Sort", "Parent Relationship": "Outer", "Parallel Aware": false, "Async Capable": false, "Startup Cost": 3564.09, "Total Cost": 3637.62, "Plan Rows": 29412, "Plan Width": 7, "Actual Startup Time": 28.148, "Actual Total Time": 28.214, "Actual Rows": 1682, "Actual Loops": 2, "Sort Key": ["ca.ca_state"], "Sort Method": "quicksort", "Sort Space Used": 2174, "Sort Space Type": "Memory", "Workers": [{"Worker Number": 0, "Sort Method": "quicksort", "Sort Space Used": 1707, "Sort Space Type": "Memory"}], "Plans": [{"Node Type": "Seq Scan", "Parent Relationship": "Outer", "Parallel Aware": true, "Async Capable": false, "Relation Name": "customer_address", "Alias": "ca", "Startup Cost": 0.0, "Total Cost": 1381.12, "Plan Rows": 29412, "Plan Width": 7, "Actual Startup Time": 0.016, "Actual Total Time": 4.12, "Actual Rows": 25000, "Actual Loops": 2, "Workers": []}]}]}, {"Node Type": "Materialize", "Parent Relationship": "Inner", "Parallel Aware": false, "Async Capable": false, "Startup Cost": 70951.02, "Total Cost": 792566261.63, "Plan Rows": 7092, "Plan Width": 20, "Actual Startup Time": 0.221, "Actual Total Time": 0.665, "Actual Rows": 4842, "Actual Loops": 1377, "Plans": [{"Node Type": "Nested Loop", "Parent Relationship": "Outer", "Parallel Aware": false, "Async Capable": false, "Join Type": "Inner", "Startup Cost": 70951.02, "Total Cost": 792566226.17, "Plan Rows": 7092, "Plan Width": 20, "Actual Startup Time": 304.154, "Actual Total Time": 789.485, "Actual Rows": 4846, "Actual Loops": 1, "Inner Unique": true, "Plans": [{"Node Type": "Nested Loop", "Parent Relationship": "Outer", "Parallel Aware": false, "Async Capable": false, "Join Type": "Inner", "Startup Cost": 70950.59, "Total Cost": 792552341.35, "Plan Rows": 7346, "Plan Width": 8, "Actual Startup Time": 303.829, "Actual Total Time": 380.249, "Actual Rows": 5024, "Actual Loops": 1, "Inner Unique": true, "Plans": [{"Node Type": "Aggregate", "Strategy": "Hashed", "Partial Mode": "Simple", "Parent Relationship": "Outer", "Parallel Aware": false, "Async Capable": false, "Startup Cost": 70950.3, "Total Cost": 71052.79, "Plan Rows": 10249, "Plan Width": 4, "Actual Startup Time": 162.487, "Actual Total Time": 165.365, "Actual Rows": 23402, "Actual Loops": 1, "Group Key": ["store_sales.ss_customer_sk"], "Planned Partitions": 0, "HashAgg Batches": 1, "Peak Memory Usage": 2065, "Disk Usage": 0, "Plans": [{"Node Type": "Gather", "Parent Relationship": "Outer", "Parallel Aware": false, "Async Capable": false, "Startup Cost": 3051.55, "Total Cost": 70924.67, "Plan Rows": 10249, "Plan Width": 4, "Actual Startup Time": 3.979, "Actual Total Time": 140.164, "Actual Rows": 305898, "Actual Loops": 1, "Workers Planned": 2, "Workers Launched": 2, "Single Copy": false, "Plans": [{"Node Type": "Hash Join", "Parent Relationship": "Outer", "Parallel Aware": true, "Async Capable": false, "Join Type": "Inner", "Startup Cost": 2051.55, "Total Cost": 68899.77, "Plan Rows": 4270, "Plan Width": 4, "Actual Startup Time": 2.248, "Actual Total Time": 133.702, "Actual Rows": 101966, "Actual Loops": 3, "Inner Unique": true, "Hash Cond": "(store_sales.ss_sold_date_sk = date_dim.d_date_sk)", "Workers": [], "Plans": [{"Node Type": "Seq Scan", "Parent Relationship": "Outer", "Parallel Aware": true, "Async Capable": false, "Relation Name": "store_sales", "Alias": "store_sales", "Startup Cost": 0.0, "Total Cost": 63697.62, "Plan Rows": 1200162, "Plan Width": 8, "Actual Startup Time": 0.03, "Actual Total Time": 75.578, "Actual Rows": 960135, "Actual Loops": 3, "Workers": []}, {"Node Type": "Hash", "Parent Relationship": "Inner", "Parallel Aware": true, "Async Capable": false, "Startup Cost": 2049.55, "Total Cost": 2049.55, "Plan Rows": 160, "Plan Width": 4, "Actual Startup Time": 2.116, "Actual Total Time": 2.117, "Actual Rows": 91, "Actual Loops": 3, "Hash Buckets": 1024, "Original Hash Buckets": 1024, "Hash Batches": 1, "Original Hash Batches": 1, "Peak Memory Usage": 104, "Workers": [], "Plans": [{"Node Type": "Seq Scan", "Parent Relationship": "Outer", "Parallel Aware": true, "Async Capable": false, "Relation Name": "date_dim", "Alias": "date_dim", "Startup Cost": 0.0, "Total Cost": 2049.55, "Plan Rows": 160, "Plan Width": 4, "Actual Startup Time": 0.899, "Actual Total Time": 2.07, "Actual Rows": 91, "Actual Loops": 3, "Filter": "((d_qoy < 4) AND (d_year = 1999))", "Rows Removed by Filter": 24258, "Workers": []}]}]}]}]}, {"Node Type": "Index Scan", "Parent Relationship": "Inner", "Parallel Aware": false, "Async Capable": false, "Scan Direction": "Forward", "Index Name": "customer_pkey", "Relation Name": "customer", "Alias": "c", "Startup Cost": 0.29, "Total Cost": 83538.56, "Plan Rows": 1, "Plan Width": 12, "Actual Startup Time": 0.009, "Actual Total Time": 0.009, "Actual Rows": 0, "Actual Loops": 23402, "Index Cond": "(c_customer_sk = store_sales.ss_customer_sk)", "Rows Removed by Index Recheck": 0, "Filter": "((hashed SubPlan 2) OR (hashed SubPlan 4))", "Rows Removed by Filter": 1, "Plans": [{"Node Type": "Gather", "Parent Relationship": "SubPlan", "Subplan Name": "SubPlan 2", "Parallel Aware": false, "Async Capable": false, "Startup Cost": 3051.55, "Total Cost": 25870.55, "Plan Rows": 2677, "Plan Width": 4, "Actual Startup Time": 3.741, "Actual Total Time": 41.934, "Actual Rows": 79635, "Actual Loops": 1, "Workers Planned": 2, "Workers Launched": 2, "Single Copy": false, "Plans": [{"Node Type": "Hash Join", "Parent Relationship": "Outer", "Parallel Aware": true, "Async Capable": false, "Join Type": "Inner", "Startup Cost": 2051.55, "Total Cost": 24602.85, "Plan Rows": 1115, "Plan Width": 4, "Actual Startup Time": 2.132, "Actual Total Time": 38.687, "Actual Rows": 26545, "Actual Loops": 3, "Inner Unique": true, "Hash Cond": "(web_sales.ws_sold_date_sk = date_dim_1.d_date_sk)", "Workers": [], "Plans": [{"Node Type": "Seq Scan", "Parent Relationship": "Outer", "Parallel Aware": true, "Async Capable": false, "Relation Name": "web_sales", "Alias": "web_sales", "Startup Cost": 0.0, "Total Cost": 21764.43, "Plan Rows": 299743, "Plan Width": 8, "Actual Startup Time": 0.032, "Actual Total Time": 21.713, "Actual Rows": 239795, "Actual Loops": 3, "Workers": []}, {"Node Type": "Hash", "Parent Relationship": "Inner", "Parallel Aware": true, "Async Capable": false, "Startup Cost": 2049.55, "Total Cost": 2049.55, "Plan Rows": 160, "Plan Width": 4, "Actual Startup Time": 2.008, "Actual Total Time": 2.008, "Actual Rows": 91, "Actual Loops": 3, "Hash Buckets": 1024, "Original Hash Buckets": 1024, "Hash Batches": 1, "Original Hash Batches": 1, "Peak Memory Usage": 104, "Workers": [], "Plans": [{"Node Type": "Seq Scan", "Parent Relationship": "Outer", "Parallel Aware": true, "Async Capable": false, "Relation Name": "date_dim", "Alias": "date_dim_1", "Startup Cost": 0.0, "Total Cost": 2049.55, "Plan Rows": 160, "Plan Width": 4, "Actual Startup Time": 0.898, "Actual Total Time": 1.964, "Actual Rows": 91, "Actual Loops": 3, "Filter": "((d_qoy < 4) AND (d_year = 1999))", "Rows Removed by Filter": 24258, "Workers": []}]}]}]}, {"Node Type": "Gather", "Parent Relationship": "SubPlan", "Subplan Name": "SubPlan 4", "Parallel Aware": false, "Async Capable": false, "Startup Cost": 3051.55, "Total Cost": 48574.49, "Plan Rows": 5344, "Plan Width": 4, "Actual Startup Time": 12.608, "Actual Total Time": 80.857, "Actual Rows": 159334, "Actual Loops": 1, "Workers Planned": 2, "Workers Launched": 2, "Single Copy": false, "Plans": [{"Node Type": "Hash Join", "Parent Relationship": "Outer", "Parallel Aware": true, "Async Capable": false, "Join Type": "Inner", "Startup Cost": 2051.55, "Total Cost": 47040.09, "Plan Rows": 2227, "Plan Width": 4, "Actual Startup Time": 10.934, "Actual Total Time": 70.645, "Actual Rows": 53111, "Actual Loops": 3, "Inner Unique": true, "Hash Cond": "(catalog_sales.cs_sold_date_sk = date_dim_2.d_date_sk)", "Workers": [], "Plans": [{"Node Type": "Seq Scan", "Parent Relationship": "Outer", "Parallel Aware": true, "Async Capable": false, "Relation Name": "catalog_sales", "Alias": "catalog_sales", "Startup Cost": 0.0, "Total Cost": 43411.7, "Plan Rows": 600670, "Plan Width": 8, "Actual Startup Time": 0.032, "Actual Total Time": 39.792, "Actual Rows": 480516, "Actual Loops": 3, "Workers": []}, {"Node Type": "Hash", "Parent Relationship": "Inner", "Parallel Aware": true, "Async Capable": false, "Startup Cost": 2049.55, "Total Cost": 2049.55, "Plan Rows": 160, "Plan Width": 4, "Actual Startup Time": 2.093, "Actual Total Time": 2.093, "Actual Rows": 91, "Actual Loops": 3, "Hash Buckets": 1024, "Original Hash Buckets": 1024, "Hash Batches": 1, "Original Hash Batches": 1, "Peak Memory Usage": 104, "Workers": [], "Plans": [{"Node Type": "Seq Scan", "Parent Relationship": "Outer", "Parallel Aware": true, "Async Capable": false, "Relation Name": "date_dim", "Alias": "date_dim_2", "Startup Cost": 0.0, "Total Cost": 2049.55, "Plan Rows": 160, "Plan Width": 4, "Actual Startup Time": 0.908, "Actual Total Time": 2.046, "Actual Rows": 91, "Actual Loops": 3, "Filter": "((d_qoy < 4) AND (d_year = 1999))", "Rows Removed by Filter": 24258, "Workers": []}]}]}]}]}]}, {"Node Type": "Index Scan", "Parent Relationship": "Inner", "Parallel Aware": false, "Async Capable": false, "Scan Direction": "Forward", "Index Name": "customer_demographics_pkey", "Relation Name": "customer_demographics", "Alias": "customer_demographics", "Startup Cost": 0.43, "Total Cost": 1.89, "Plan Rows": 1, "Plan Width": 20, "Actual Startup Time": 0.081, "Actual Total Time": 0.081, "Actual Rows": 1, "Actual Loops": 5024, "Index Cond": "(cd_demo_sk = c.c_current_cdemo_sk)", "Rows Removed by Index Recheck": 0}]}]}]}]}]}]}, "Planning Time": 2.41, "Triggers": [], "Execution Time": 1107.694}]