[{"Plan": {"Node Type": "Limit", "Parallel Aware": false, "Async Capable": false, "Startup Cost": 5640.69, "Total Cost": 5643.85, "Plan Rows": 2, "Plan Width": 125, "Actual Startup Time": 3.238, "Actual Total Time": 3.882, "Actual Rows": 0, "Actual Loops": 1, "Plans": [{"Node Type": "Group", "Parent Relationship": "Outer", "Parallel Aware": false, "Async Capable": false, "Startup Cost": 5640.69, "Total Cost": 5643.85, "Plan Rows": 2, "Plan Width": 125, "Actual Startup Time": 3.237, "Actual Total Time": 3.882, "Actual Rows": 0, "Actual Loops": 1, "Group Key": ["item.i_item_id", "item.i_item_desc", "item.i_current_price"], "Plans": [{"Node Type": "Nested Loop", "Parent Relationship": "Outer", "Parallel Aware": false, "Async Capable": false, "Join Type": "Inner", "Startup Cost": 5640.69, "Total Cost": 5643.2, "Plan Rows": 87, "Plan Width": 125, "Actual Startup Time": 3.237, "Actual Total Time": 3.881, "Actual Rows": 0, "Actual Loops": 1, "Inner Unique": false, "Plans": [{"Node Type": "Gather Merge", "Parent Relationship": "Outer", "Parallel Aware": false, "Async Capable": false, "Startup Cost": 5640.26, "Total Cost": 5640.38, "Plan Rows": 1, "Plan Width": 133, "Actual Startup Time": 3.237, "Actual Total Time": 3.88, "Actual Rows": 0, "Actual Loops": 1, "Workers Planned": 1, "Workers Launched": 1, "Plans": [{"Node Type": "Sort", "Parent Relationship": "Outer", "Parallel Aware": false, "Async Capable": false, "Startup Cost": 4640.25, "Total Cost": 4640.25, "Plan Rows": 1, "Plan Width": 133, "Actual Startup Time": 1.978, "Actual Total Time": 1.979, "Actual Rows": 0, "Actual Loops": 2, "Sort Key": ["item.i_item_id", "item.i_item_desc", "item.i_current_price"], "Sort Method": "quicksort", "Sort Space Used": 25, "Sort Space Type": "Memory", "Workers": [{"Worker Number": 0, "Sort Method": "quicksort", "Sort Space Used": 25, "Sort Space Type": "Memory"}], "Plans": [{"Node Type": "Nested Loop", "Parent Relationship": "Outer", "Parallel Aware": false, "Async Capable": false, "Join Type": "Inner", "Startup Cost": 0.43, "Total Cost": 4640.24, "Plan Rows": 1, "Plan Width": 133, "Actual Startup Time": 1.961, "Actual Total Time": 1.961, "Actual Rows": 0, "Actual Loops": 2, "Inner Unique": false, "Workers": [], "Plans": [{"Node Type": "Seq Scan", "Parent Relationship": "Outer", "Parallel Aware": true, "Async Capable": false, "Relation Name": "item", "Alias": "item", "Startup Cost": 0.0, "Total Cost": 1441.76, "Plan Rows": 1, "Plan Width": 129, "Actual Startup Time": 1.961, "Actual Total Time": 1.961, "Actual Rows": 0, "Actual Loops": 2, "Filter": "((i_current_price >= '29'::numeric) AND (i_current_price <= '59'::numeric) AND (i_manufact_id = ANY ('{705,742,777,944}'::integer[])))", "Rows Removed by Filter": 9000, "Workers": []}, {"Node Type": "Nested Loop", "Parent Relationship": "Inner", "Parallel Aware": false, "Async Capable": false, "Join Type": "Inner", "Startup Cost": 0.43, "Total Cost": 3197.89, "Plan Rows": 58, "Plan Width": 4, "Actual Startup Time": 0.0, "Actual Total Time": 0.0, "Actual Rows": 0, "Actual Loops": 0, "Inner Unique": false, "Workers": [], "Plans": [{"Node Type": "Seq Scan", "Parent Relationship": "Outer", "Parallel Aware": false, "Async Capable": false, "Relation Name": "date_dim", "Alias": "date_dim", "Startup Cost": 0.0, "Total Cost": 2500.73, "Plan Rows": 58, "Plan Width": 4, "Actual Startup Time": 0.0, "Actual Total Time": 0.0, "Actual Rows": 0, "Actual Loops": 0, "Filter": "((d_date >= '2002-03-29'::date) AND (d_date <= '2002-05-28 00:00:00'::timestamp without time zone))", "Rows Removed by Filter": 0, "Workers": []}, {"Node Type": "Index Scan", "Parent Relationship": "Inner", "Parallel Aware": false, "Async Capable": false, "Scan Direction": "Forward", "Index Name": "inventory_pkey", "Relation Name": "inventory", "Alias": "inventory", "Startup Cost": 0.43, "Total Cost": 12.01, "Plan Rows": 1, "Plan Width": 8, "Actual Startup Time": 0.0, "Actual Total Time": 0.0, "Actual Rows": 0, "Actual Loops": 0, "Index Cond": "((inv_date_sk = date_dim.d_date_sk) AND (inv_item_sk = item.i_item_sk))", "Rows Removed by Index Recheck": 0, "Filter": "((inv_quantity_on_hand >= 100) AND (inv_quantity_on_hand <= 500))", "Rows Removed by Filter": 0, "Workers": []}]}]}]}]}, {"Node Type": "Index Only Scan", "Parent Relationship": "Inner", "Parallel Aware": false, "Async Capable": false, "Scan Direction": "Forward", "Index Name": "catalog_sales_pkey", "Relation Name": "catalog_sales", "Alias": "catalog_sales", "Startup Cost": 0.43, "Total Cost": 1.96, "Plan Rows": 87, "Plan Width": 4, "Actual Startup Time": 0.0, "Actual Total Time": 0.0, "Actual Rows": 0, "Actual Loops": 0, "Index Cond": "(cs_item_sk = inventory.inv_item_sk)", "Rows Removed by Index Recheck": 0, "Heap Fetches": 0}]}]}]}, "Planning Time": 0.618, "Triggers": [], "Execution Time": 3.922}]