[{"Plan": {"Node Type": "Limit", "Parallel Aware": false, "Async Capable": false, "Startup Cost": 151287.79, "Total Cost": 151287.8, "Plan Rows": 1, "Plan Width": 8, "Actual Startup Time": 2052.053, "Actual Total Time": 2053.045, "Actual Rows": 1, "Actual Loops": 1, "Plans": [{"Node Type": "Aggregate", "Strategy": "Plain", "Partial Mode": "Simple", "Parent Relationship": "Outer", "Parallel Aware": false, "Async Capable": false, "Startup Cost": 151287.79, "Total Cost": 151287.8, "Plan Rows": 1, "Plan Width": 8, "Actual Startup Time": 2052.052, "Actual Total Time": 2053.044, "Actual Rows": 1, "Actual Loops": 1, "Plans": [{"Node Type": "Subquery Scan", "Parent Relationship": "Outer", "Parallel Aware": false, "Async Capable": false, "Alias": "hot_cust", "Startup Cost": 26187.86, "Total Cost": 151278.56, "Plan Rows": 3690, "Plan Width": 0, "Actual Startup Time": 2051.854, "Actual Total Time": 2053.038, "Actual Rows": 108, "Actual Loops": 1, "Plans": [{"Node Type": "SetOp", "Strategy": "Hashed", "Parent Relationship": "Subquery", "Parallel Aware": false, "Async Capable": false, "Command": "Intersect", "Startup Cost": 26187.86, "Total Cost": 151241.66, "Plan Rows": 3690, "Plan Width": 216, "Actual Startup Time": 2051.853, "Actual Total Time": 2053.033, "Actual Rows": 108, "Actual Loops": 1, "Plans": [{"Node Type": "Append", "Parent Relationship": "Outer", "Parallel Aware": false, "Async Capable": false, "Startup Cost": 26187.86, "Total Cost": 151159.0, "Plan Rows": 11022, "Plan Width": 216, "Actual Startup Time": 178.956, "Actual Total Time": 2050.957, "Actual Rows": 12153, "Actual Loops": 1, "Subplans Removed": 0, "Plans": [{"Node Type": "Subquery Scan", "Parent Relationship": "Member", "Parallel Aware": false, "Async Capable": false, "Alias": "*SELECT* 3", "Startup Cost": 26187.86, "Total Cost": 26682.2, "Plan Rows": 3690, "Plan Width": 60, "Actual Startup Time": 178.955, "Actual Total Time": 268.022, "Actual Rows": 11839, "Actual Loops": 1, "Plans": [{"Node Type": "Unique", "Parent Relationship": "Subquery", "Parallel Aware": false, "Async Capable": false, "Startup Cost": 26187.86, "Total Cost": 26645.3, "Plan Rows": 3690, "Plan Width": 56, "Actual Startup Time": 178.954, "Actual Total Time": 267.396, "Actual Rows": 11839, "Actual Loops": 1, "Plans": [{"Node Type": "Gather Merge", "Parent Relationship": "Outer", "Parallel Aware": false, "Async Capable": false, "Startup Cost": 26187.86, "Total Cost": 26617.63, "Plan Rows": 3690, "Plan Width": 56, "Actual Startup Time": 178.953, "Actual Total Time": 256.071, "Actual Rows": 142657, "Actual Loops": 1, "Workers Planned": 2, "Workers Launched": 2, "Plans": [{"Node Type": "Sort", "Parent Relationship": "Outer", "Parallel Aware": false, "Async Capable": false, "Startup Cost": 25187.84, "Total Cost": 25191.69, "Plan Rows": 1538, "Plan Width": 56, "Actual Startup Time": 174.431, "Actual Total Time": 180.562, "Actual Rows": 47552, "Actual Loops": 3, "Sort Key": ["customer.c_last_name", "customer.c_first_name", "date_dim.d_date"], "Sort Method": "external merge", "Sort Space Used": 3112, "Sort Space Type": "Disk", "Workers": [{"Worker Number": 0, "Sort Method": "external merge", "Sort Space Used": 2928, "Sort Space Type": "Disk"}, {"Worker Number": 1, "Sort Method": "external merge", "Sort Space Used": 2944, "Sort Space Type": "Disk"}], "Plans": [{"Node Type": "Nested Loop", "Parent Relationship": "Outer", "Parallel Aware": false, "Async Capable": false, "Join Type": "Inner", "Startup Cost": 2052.61, "Total Cost": 25106.43, "Plan Rows": 1538, "Plan Width": 56, "Actual Startup Time": 1.662, "Actual Total Time": 70.342, "Actual Rows": 47552, "Actual Loops": 3, "Inner Unique": true, "Workers": [], "Plans": [{"Node Type": "Hash Join", "Parent Relationship": "Outer", "Parallel Aware": true, "Async Capable": false, "Join Type": "Inner", "Startup Cost": 2052.31, "Total Cost": 24603.62, "Plan Rows": 1538, "Plan Width": 8, "Actual Startup Time": 1.628, "Actual Total Time": 33.966, "Actual Rows": 47557, "Actual Loops": 3, "Inner Unique": true, "Hash Cond": "(web_sales.ws_sold_date_sk = date_dim.d_date_sk)", "Workers": [], "Plans": [{"Node Type": "Seq Scan", "Parent Relationship": "Outer", "Parallel Aware": true, "Async Capable": false, "Relation Name": "web_sales", "Alias": "web_sales", "Startup Cost": 0.0, "Total Cost": 21764.43, "Plan Rows": 299743, "Plan Width": 8, "Actual Startup Time": 0.021, "Actual Total Time": 16.548, "Actual Rows": 239795, "Actual Loops": 3, "Workers": []}, {"Node Type": "Hash", "Parent Relationship": "Inner", "Parallel Aware": true, "Async Capable": false, "Startup Cost": 2049.55, "Total Cost": 2049.55, "Plan Rows": 221, "Plan Width": 8, "Actual Startup Time": 1.533, "Actual Total Time": 1.533, "Actual Rows": 122, "Actual Loops": 3, "Hash Buckets": 1024, "Original Hash Buckets": 1024, "Hash Batches": 1, "Original Hash Batches": 1, "Peak Memory Usage": 40, "Workers": [], "Plans": [{"Node Type": "Seq Scan", "Parent Relationship": "Outer", "Parallel Aware": true, "Async Capable": false, "Relation Name": "date_dim", "Alias": "date_dim", "Startup Cost": 0.0, "Total Cost": 2049.55, "Plan Rows": 221, "Plan Width": 8, "Actual Startup Time": 1.137, "Actual Total Time": 1.511, "Actual Rows": 122, "Actual Loops": 3, "Filter": "((d_month_seq >= 1189) AND (d_month_seq <= 1200))", "Rows Removed by Filter": 24228, "Workers": []}]}]}, {"Node Type": "Index Scan", "Parent Relationship": "Inner", "Parallel Aware": false, "Async Capable": false, "Scan Direction": "Forward", "Index Name": "customer_pkey", "Relation Name": "customer", "Alias": "customer", "Startup Cost": 0.29, "Total Cost": 0.33, "Plan Rows": 1, "Plan Width": 56, "Actual Startup Time": 0.001, "Actual Total Time": 0.001, "Actual Rows": 1, "Actual Loops": 142672, "Index Cond": "(c_customer_sk = web_sales.ws_bill_customer_sk)", "Rows Removed by Index Recheck": 0, "Workers": []}]}]}]}]}]}, {"Node Type": "Result", "Parent Relationship": "Member", "Parallel Aware": false, "Async Capable": false, "Startup Cost": 49195.35, "Total Cost": 124421.68, "Plan Rows": 7332, "Plan Width": 216, "Actual Startup Time": 1780.929, "Actual Total Time": 1782.531, "Actual Rows": 314, "Actual Loops": 1, "Plans": [{"Node Type": "SetOp", "Strategy": "Hashed", "Parent Relationship": "Outer", "Parallel Aware": false, "Async Capable": false, "Command": "Intersect", "Startup Cost": 49195.35, "Total Cost": 124348.36, "Plan Rows": 7332, "Plan Width": 216, "Actual Startup Time": 1780.927, "Actual Total Time": 1782.516, "Actual Rows": 314, "Actual Loops": 1, "Plans": [{"Node Type": "Append", "Parent Relationship": "Outer", "Parallel Aware": false, "Async Capable": false, "Startup Cost": 49195.35, "Total Cost": 124192.09, "Plan Rows": 20836, "Plan Width": 216, "Actual Startup Time": 407.659, "Actual Total Time": 1764.823, "Actual Rows": 78390, "Actual Loops": 1, "Subplans Removed": 0, "Plans": [{"Node Type": "Subquery Scan", "Parent Relationship": "Member", "Parallel Aware": false, "Async Capable": false, "Alias": "*SELECT* 2", "Startup Cost": 49195.35, "Total Cost": 50177.59, "Plan Rows": 7332, "Plan Width": 60, "Actual Startup Time": 407.658, "Actual Total Time": 627.911, "Actual Rows": 31578, "Actual Loops": 1, "Plans": [{"Node Type": "Unique", "Parent Relationship": "Subquery", "Parallel Aware": false, "Async Capable": false, "Startup Cost": 49195.35, "Total Cost": 50104.27, "Plan Rows": 7332, "Plan Width": 56, "Actual Startup Time": 407.657, "Actual Total Time": 626.233, "Actual Rows": 31578, "Actual Loops": 1, "Plans": [{"Node Type": "Gather Merge", "Parent Relationship": "Outer", "Parallel Aware": false, "Async Capable": false, "Startup Cost": 49195.35, "Total Cost": 50049.28, "Plan Rows": 7332, "Plan Width": 56, "Actual Startup Time": 407.656, "Actual Total Time": 603.649, "Actual Rows": 285262, "Actual Loops": 1, "Workers Planned": 2, "Workers Launched": 2, "Plans": [{"Node Type": "Sort", "Parent Relationship": "Outer", "Parallel Aware": false, "Async Capable": false, "Startup Cost": 48195.32, "Total Cost": 48202.96, "Plan Rows": 3055, "Plan Width": 56, "Actual Startup Time": 389.483, "Actual Total Time": 442.411, "Actual Rows": 95087, "Actual Loops": 3, "Sort Key": ["customer_1.c_last_name", "customer_1.c_first_name", "date_dim_1.d_date"], "Sort Method": "external merge", "Sort Space Used": 6296, "Sort Space Type": "Disk", "Workers": [{"Worker Number": 0, "Sort Method": "external merge", "Sort Space Used": 5912, "Sort Space Type": "Disk"}, {"Worker Number": 1, "Sort Method": "external merge", "Sort Space Used": 5784, "Sort Space Type": "Disk"}], "Plans": [{"Node Type": "Nested Loop", "Parent Relationship": "Outer", "Parallel Aware": false, "Async Capable": false, "Join Type": "Inner", "Startup Cost": 2052.61, "Total Cost": 48018.49, "Plan Rows": 3055, "Plan Width": 56, "Actual Startup Time": 13.079, "Actual Total Time": 160.492, "Actual Rows": 95087, "Actual Loops": 3, "Inner Unique": true, "Workers": [], "Plans": [{"Node Type": "Hash Join", "Parent Relationship": "Outer", "Parallel Aware": true, "Async Capable": false, "Join Type": "Inner", "Startup Cost": 2052.31, "Total Cost": 47040.86, "Plan Rows": 3070, "Plan Width": 8, "Actual Startup Time": 13.05, "Actual Total Time": 80.63, "Actual Rows": 95310, "Actual Loops": 3, "Inner Unique": true, "Hash Cond": "(catalog_sales.cs_sold_date_sk = date_dim_1.d_date_sk)", "Workers": [], "Plans": [{"Node Type": "Seq Scan", "Parent Relationship": "Outer", "Parallel Aware": true, "Async Capable": false, "Relation Name": "catalog_sales", "Alias": "catalog_sales", "Startup Cost": 0.0, "Total Cost": 43411.7, "Plan Rows": 600670, "Plan Width": 8, "Actual Startup Time": 0.029, "Actual Total Time": 44.392, "Actual Rows": 480516, "Actual Loops": 3, "Workers": []}, {"Node Type": "Hash", "Parent Relationship": "Inner", "Parallel Aware": true, "Async Capable": false, "Startup Cost": 2049.55, "Total Cost": 2049.55, "Plan Rows": 221, "Plan Width": 8, "Actual Startup Time": 1.497, "Actual Total Time": 1.498, "Actual Rows": 122, "Actual Loops": 3, "Hash Buckets": 1024, "Original Hash Buckets": 1024, "Hash Batches": 1, "Original Hash Batches": 1, "Peak Memory Usage": 40, "Workers": [], "Plans": [{"Node Type": "Seq Scan", "Parent Relationship": "Outer", "Parallel Aware": true, "Async Capable": false, "Relation Name": "date_dim", "Alias": "date_dim_1", "Startup Cost": 0.0, "Total Cost": 2049.55, "Plan Rows": 221, "Plan Width": 8, "Actual Startup Time": 1.05, "Actual Total Time": 1.472, "Actual Rows": 122, "Actual Loops": 3, "Filter": "((d_month_seq >= 1189) AND (d_month_seq <= 1200))", "Rows Removed by Filter": 24228, "Workers": []}]}]}, {"Node Type": "Index Scan", "Parent Relationship": "Inner", "Parallel Aware": false, "Async Capable": false, "Scan Direction": "Forward", "Index Name": "customer_pkey", "Relation Name": "customer", "Alias": "customer_1", "Startup Cost": 0.29, "Total Cost": 0.32, "Plan Rows": 1, "Plan Width": 56, "Actual Startup Time": 0.001, "Actual Total Time": 0.001, "Actual Rows": 1, "Actual Loops": 285929, "Index Cond": "(c_customer_sk = catalog_sales.cs_bill_customer_sk)", "Rows Removed by Index Recheck": 0, "Workers": []}]}]}]}]}]}, {"Node Type": "Subquery Scan", "Parent Relationship": "Member", "Parallel Aware": false, "Async Capable": false, "Alias": "*SELECT* 1", "Startup Cost": 72101.24, "Total Cost": 73910.32, "Plan Rows": 13504, "Plan Width": 60, "Actual Startup Time": 729.153, "Actual Total Time": 1134.244, "Actual Rows": 46812, "Actual Loops": 1, "Plans": [{"Node Type": "Unique", "Parent Relationship": "Subquery", "Parallel Aware": false, "Async Capable": false, "Startup Cost": 72101.24, "Total Cost": 73775.28, "Plan Rows": 13504, "Plan Width": 56, "Actual Startup Time": 729.151, "Actual Total Time": 1131.576, "Actual Rows": 46812, "Actual Loops": 1, "Plans": [{"Node Type": "Gather Merge", "Parent Relationship": "Outer", "Parallel Aware": false, "Async Capable": false, "Startup Cost": 72101.24, "Total Cost": 73674.0, "Plan Rows": 13504, "Plan Width": 56, "Actual Startup Time": 729.15, "Actual Total Time": 1089.477, "Actual Rows": 530865, "Actual Loops": 1, "Workers Planned": 2, "Workers Launched": 2, "Plans": [{"Node Type": "Sort", "Parent Relationship": "Outer", "Parallel Aware": false, "Async Capable": false, "Startup Cost": 71101.22, "Total Cost": 71115.28, "Plan Rows": 5627, "Plan Width": 56, "Actual Startup Time": 715.141, "Actual Total Time": 822.493, "Actual Rows": 176955, "Actual Loops": 3, "Sort Key": ["customer_2.c_last_name", "customer_2.c_first_name", "date_dim_2.d_date"], "Sort Method": "external merge", "Sort Space Used": 11560, "Sort Space Type": "Disk", "Workers": [{"Worker Number": 0, "Sort Method": "external merge", "Sort Space Used": 10960, "Sort Space Type": "Disk"}, {"Worker Number": 1, "Sort Method": "external merge", "Sort Space Used": 10928, "Sort Space Type": "Disk"}], "Plans": [{"Node Type": "Nested Loop", "Parent Relationship": "Outer", "Parallel Aware": false, "Async Capable": false, "Join Type": "Inner", "Startup Cost": 2052.61, "Total Cost": 70750.71, "Plan Rows": 5627, "Plan Width": 56, "Actual Startup Time": 1.656, "Actual Total Time": 306.984, "Actual Rows": 176955, "Actual Loops": 3, "Inner Unique": true, "Workers": [], "Plans": [{"Node Type": "Hash Join", "Parent Relationship": "Outer", "Parallel Aware": true, "Async Capable": false, "Join Type": "Inner", "Startup Cost": 2052.31, "Total Cost": 68900.54, "Plan Rows": 5888, "Plan Width": 8, "Actual Startup Time": 1.639, "Actual Total Time": 140.806, "Actual Rows": 181262, "Actual Loops": 3, "Inner Unique": true, "Hash Cond": "(store_sales.ss_sold_date_sk = date_dim_2.d_date_sk)", "Workers": [], "Plans": [{"Node Type": "Seq Scan", "Parent Relationship": "Outer", "Parallel Aware": true, "Async Capable": false, "Relation Name": "store_sales", "Alias": "store_sales", "Startup Cost": 0.0, "Total Cost": 63697.62, "Plan Rows": 1200162, "Plan Width": 8, "Actual Startup Time": 0.03, "Actual Total Time": 70.717, "Actual Rows": 960135, "Actual Loops": 3, "Workers": []}, {"Node Type": "Hash", "Parent Relationship": "Inner", "Parallel Aware": true, "Async Capable": false, "Startup Cost": 2049.55, "Total Cost": 2049.55, "Plan Rows": 221, "Plan Width": 8, "Actual Startup Time": 1.536, "Actual Total Time": 1.536, "Actual Rows": 122, "Actual Loops": 3, "Hash Buckets": 1024, "Original Hash Buckets": 1024, "Hash Batches": 1, "Original Hash Batches": 1, "Peak Memory Usage": 40, "Workers": [], "Plans": [{"Node Type": "Seq Scan", "Parent Relationship": "Outer", "Parallel Aware": true, "Async Capable": false, "Relation Name": "date_dim", "Alias": "date_dim_2", "Startup Cost": 0.0, "Total Cost": 2049.55, "Plan Rows": 221, "Plan Width": 8, "Actual Startup Time": 1.127, "Actual Total Time": 1.503, "Actual Rows": 122, "Actual Loops": 3, "Filter": "((d_month_seq >= 1189) AND (d_month_seq <= 1200))", "Rows Removed by Filter": 24228, "Workers": []}]}]}, {"Node Type": "Index Scan", "Parent Relationship": "Inner", "Parallel Aware": false, "Async Capable": false, "Scan Direction": "Forward", "Index Name": "customer_pkey", "Relation Name": "customer", "Alias": "customer_2", "Startup Cost": 0.29, "Total Cost": 0.31, "Plan Rows": 1, "Plan Width": 56, "Actual Startup Time": 0.001, "Actual Total Time": 0.001, "Actual Rows": 1, "Actual Loops": 543785, "Index Cond": "(c_customer_sk = store_sales.ss_customer_sk)", "Rows Removed by Index Recheck": 0, "Workers": []}]}]}]}]}]}]}]}]}]}]}]}]}]}, "Planning Time": 0.302, "Triggers": [], "Execution Time": 2055.379}]