[{"Plan": {"Node Type": "Limit", "Parallel Aware": false, "Async Capable": false, "Startup Cost": 2341207.31, "Total Cost": 2341207.32, "Plan Rows": 1, "Plan Width": 334, "Actual Startup Time": 2591498.457, "Actual Total Time": 2591516.596, "Actual Rows": 4, "Actual Loops": 1, "Plans": [{"Node Type": "Append", "Parent Relationship": "InitPlan", "Subplan Name": "CTE year_total", "Parallel Aware": false, "Async Capable": false, "Startup Cost": 430836.22, "Total Cost": 1588693.02, "Plan Rows": 4777535, "Plan Width": 255, "Actual Startup Time": 4377.045, "Actual Total Time": 10659.286, "Actual Rows": 384208, "Actual Loops": 1, "Subplans Removed": 0, "Plans": [{"Node Type": "Aggregate", "Strategy": "Sorted", "Partial Mode": "Finalize", "Parent Relationship": "Member", "Parallel Aware": false, "Async Capable": false, "Startup Cost": 430836.22, "Total Cost": 823598.16, "Plan Rows": 2630472, "Plan Width": 255, "Actual Startup Time": 4377.044, "Actual Total Time": 5876.179, "Actual Rows": 190581, "Actual Loops": 1, "Group Key": ["customer.c_customer_id", "customer.c_first_name", "customer.c_last_name", "customer.c_preferred_cust_flag", "customer.c_birth_country", "customer.c_login", "customer.c_email_address", "date_dim.d_year"], "Plans": [{"Node Type": "Gather Merge", "Parent Relationship": "Outer", "Parallel Aware": false, "Async Capable": false, "Startup Cost": 430836.22, "Total Cost": 735915.76, "Plan Rows": 2192060, "Plan Width": 223, "Actual Startup Time": 4377.036, "Actual Total Time": 5774.881, "Actual Rows": 196729, "Actual Loops": 1, "Workers Planned": 2, "Workers Launched": 2, "Plans": [{"Node Type": "Aggregate", "Strategy": "Sorted", "Partial Mode": "Partial", "Parent Relationship": "Outer", "Parallel Aware": false, "Async Capable": false, "Startup Cost": 429836.19, "Total Cost": 481897.62, "Plan Rows": 1096030, "Plan Width": 223, "Actual Startup Time": 4360.589, "Actual Total Time": 5523.825, "Actual Rows": 65576, "Actual Loops": 3, "Group Key": ["customer.c_customer_id", "customer.c_first_name", "customer.c_last_name", "customer.c_preferred_cust_flag", "customer.c_birth_country", "customer.c_login", "customer.c_email_address", "date_dim.d_year"], "Workers": [], "Plans": [{"Node Type": "Sort", "Parent Relationship": "Outer", "Parallel Aware": false, "Async Capable": false, "Startup Cost": 429836.19, "Total Cost": 432576.27, "Plan Rows": 1096030, "Plan Width": 213, "Actual Startup Time": 4360.553, "Actual Total Time": 5115.471, "Actual Rows": 895151, "Actual Loops": 3, "Sort Key": ["customer.c_customer_id", "customer.c_first_name", "customer.c_last_name", "customer.c_preferred_cust_flag", "customer.c_birth_country", "customer.c_login", "customer.c_email_address", "date_dim.d_year"], "Sort Method": "external merge", "Sort Space Used": 153184, "Sort Space Type": "Disk", "Workers": [{"Worker Number": 0, "Sort Method": "external merge", "Sort Space Used": 155280, "Sort Space Type": "Disk"}, {"Worker Number": 1, "Sort Method": "external merge", "Sort Space Used": 153056, "Sort Space Type": "Disk"}], "Plans": [{"Node Type": "Hash Join", "Parent Relationship": "Outer", "Parallel Aware": true, "Async Capable": false, "Join Type": "Inner", "Startup Cost": 8015.36, "Total Cost": 95106.25, "Plan Rows": 1096030, "Plan Width": 213, "Actual Startup Time": 443.444, "Actual Total Time": 594.438, "Actual Rows": 895151, "Actual Loops": 3, "Inner Unique": true, "Hash Cond": "(store_sales.ss_customer_sk = customer.c_customer_sk)", "Workers": [], "Plans": [{"Node Type": "Hash Join", "Parent Relationship": "Outer", "Parallel Aware": true, "Async Capable": false, "Join Type": "Inner", "Startup Cost": 2371.82, "Total Cost": 69220.05, "Plan Rows": 1146875, "Plan Width": 30, "Actual Startup Time": 7.074, "Actual Total Time": 220.1, "Actual Rows": 916770, "Actual Loops": 3, "Inner Unique": true, "Hash Cond": "(store_sales.ss_sold_date_sk = date_dim.d_date_sk)", "Workers": [], "Plans": [{"Node Type": "Seq Scan", "Parent Relationship": "Outer", "Parallel Aware": true, "Async Capable": false, "Relation Name": "store_sales", "Alias": "store_sales", "Startup Cost": 0.0, "Total Cost": 63697.62, "Plan Rows": 1200162, "Plan Width": 30, "Actual Startup Time": 0.031, "Actual Total Time": 68.427, "Actual Rows": 960135, "Actual Loops": 3, "Workers": []}, {"Node Type": "Hash", "Parent Relationship": "Inner", "Parallel Aware": true, "Async Capable": false, "Startup Cost": 1834.7, "Total Cost": 1834.7, "Plan Rows": 42970, "Plan Width": 8, "Actual Startup Time": 6.97, "Actual Total Time": 6.97, "Actual Rows": 24350, "Actual Loops": 3, "Hash Buckets": 131072, "Original Hash Buckets": 131072, "Hash Batches": 1, "Original Hash Batches": 1, "Peak Memory Usage": 3936, "Workers": [], "Plans": [{"Node Type": "Seq Scan", "Parent Relationship": "Outer", "Parallel Aware": true, "Async Capable": false, "Relation Name": "date_dim", "Alias": "date_dim", "Startup Cost": 0.0, "Total Cost": 1834.7, "Plan Rows": 42970, "Plan Width": 8, "Actual Startup Time": 0.03, "Actual Total Time": 4.105, "Actual Rows": 24350, "Actual Loops": 3, "Workers": []}]}]}, {"Node Type": "Hash", "Parent Relationship": "Inner", "Parallel Aware": true, "Async Capable": false, "Startup Cost": 3356.24, "Total Cost": 3356.24, "Plan Rows": 58824, "Plan Width": 191, "Actual Startup Time": 20.068, "Actual Total Time": 20.068, "Actual Rows": 33333, "Actual Loops": 3, "Hash Buckets": 32768, "Original Hash Buckets": 32768, "Hash Batches": 8, "Original Hash Batches": 8, "Peak Memory Usage": 2400, "Workers": [], "Plans": [{"Node Type": "Seq Scan", "Parent Relationship": "Outer", "Parallel Aware": true, "Async Capable": false, "Relation Name": "customer", "Alias": "customer", "Startup Cost": 0.0, "Total Cost": 3356.24, "Plan Rows": 58824, "Plan Width": 191, "Actual Startup Time": 0.022, "Actual Total Time": 8.528, "Actual Rows": 33333, "Actual Loops": 3, "Workers": []}]}]}]}]}]}]}, {"Node Type": "Aggregate", "Strategy": "Sorted", "Partial Mode": "Finalize", "Parent Relationship": "Member", "Parallel Aware": false, "Async Capable": false, "Startup Cost": 245603.76, "Total Cost": 458870.53, "Plan Rows": 1428327, "Plan Width": 255, "Actual Startup Time": 2325.695, "Actual Total Time": 3256.472, "Actual Rows": 136978, "Actual Loops": 1, "Group Key": ["customer_1.c_customer_id", "customer_1.c_first_name", "customer_1.c_last_name", "customer_1.c_preferred_cust_flag", "customer_1.c_birth_country", "customer_1.c_login", "customer_1.c_email_address", "date_dim_1.d_year"], "Plans": [{"Node Type": "Gather Merge", "Parent Relationship": "Outer", "Parallel Aware": false, "Async Capable": false, "Startup Cost": 245603.76, "Total Cost": 411259.65, "Plan Rows": 1190272, "Plan Width": 223, "Actual Startup Time": 2325.689, "Actual Total Time": 3182.937, "Actual Rows": 139692, "Actual Loops": 1, "Workers Planned": 2, "Workers Launched": 2, "Plans": [{"Node Type": "Aggregate", "Strategy": "Sorted", "Partial Mode": "Partial", "Parent Relationship": "Outer", "Parallel Aware": false, "Async Capable": false, "Startup Cost": 244603.74, "Total Cost": 272872.7, "Plan Rows": 595136, "Plan Width": 223, "Actual Startup Time": 2305.282, "Actual Total Time": 2980.512, "Actual Rows": 46564, "Actual Loops": 3, "Group Key": ["customer_1.c_customer_id", "customer_1.c_first_name", "customer_1.c_last_name", "customer_1.c_preferred_cust_flag", "customer_1.c_birth_country", "customer_1.c_login", "customer_1.c_email_address", "date_dim_1.d_year"], "Workers": [], "Plans": [{"Node Type": "Sort", "Parent Relationship": "Outer", "Parallel Aware": false, "Async Capable": false, "Startup Cost": 244603.74, "Total Cost": 246091.58, "Plan Rows": 595136, "Plan Width": 216, "Actual Startup Time": 2305.245, "Actual Total Time": 2753.376, "Actual Rows": 476980, "Actual Loops": 3, "Sort Key": ["customer_1.c_customer_id", "customer_1.c_first_name", "customer_1.c_last_name", "customer_1.c_preferred_cust_flag", "customer_1.c_birth_country", "customer_1.c_login", "customer_1.c_email_address", "date_dim_1.d_year"], "Sort Method": "external merge", "Sort Space Used": 84968, "Sort Space Type": "Disk", "Workers": [{"Worker Number": 0, "Sort Method": "external merge", "Sort Space Used": 83040, "Sort Space Type": "Disk"}, {"Worker Number": 1, "Sort Method": "external merge", "Sort Space Used": 83032, "Sort Space Type": "Disk"}], "Plans": [{"Node Type": "Hash Join", "Parent Relationship": "Outer", "Parallel Aware": true, "Async Capable": false, "Join Type": "Inner", "Startup Cost": 8015.36, "Total Cost": 65469.69, "Plan Rows": 595136, "Plan Width": 216, "Actual Startup Time": 281.09, "Actual Total Time": 362.988, "Actual Rows": 476980, "Actual Loops": 3, "Inner Unique": true, "Hash Cond": "(catalog_sales.cs_bill_customer_sk = customer_1.c_customer_sk)", "Workers": [], "Plans": [{"Node Type": "Hash Join", "Parent Relationship": "Outer", "Parallel Aware": true, "Async Capable": false, "Join Type": "Inner", "Startup Cost": 2371.82, "Total Cost": 47360.37, "Plan Rows": 597987, "Plan Width": 33, "Actual Startup Time": 5.293, "Actual Total Time": 136.595, "Actual Rows": 478123, "Actual Loops": 3, "Inner Unique": true, "Hash Cond": "(catalog_sales.cs_sold_date_sk = date_dim_1.d_date_sk)", "Workers": [], "Plans": [{"Node Type": "Seq Scan", "Parent Relationship": "Outer", "Parallel Aware": true, "Async Capable": false, "Relation Name": "catalog_sales", "Alias": "catalog_sales", "Startup Cost": 0.0, "Total Cost": 43411.7, "Plan Rows": 600670, "Plan Width": 33, "Actual Startup Time": 0.041, "Actual Total Time": 49.015, "Actual Rows": 480516, "Actual Loops": 3, "Workers": []}, {"Node Type": "Hash", "Parent Relationship": "Inner", "Parallel Aware": true, "Async Capable": false, "Startup Cost": 1834.7, "Total Cost": 1834.7, "Plan Rows": 42970, "Plan Width": 8, "Actual Startup Time": 5.177, "Actual Total Time": 5.178, "Actual Rows": 24350, "Actual Loops": 3, "Hash Buckets": 131072, "Original Hash Buckets": 131072, "Hash Batches": 1, "Original Hash Batches": 1, "Peak Memory Usage": 3936, "Workers": [], "Plans": [{"Node Type": "Seq Scan", "Parent Relationship": "Outer", "Parallel Aware": true, "Async Capable": false, "Relation Name": "date_dim", "Alias": "date_dim_1", "Startup Cost": 0.0, "Total Cost": 1834.7, "Plan Rows": 42970, "Plan Width": 8, "Actual Startup Time": 0.004, "Actual Total Time": 2.151, "Actual Rows": 24350, "Actual Loops": 3, "Workers": []}]}]}, {"Node Type": "Hash", "Parent Relationship": "Inner", "Parallel Aware": true, "Async Capable": false, "Startup Cost": 3356.24, "Total Cost": 3356.24, "Plan Rows": 58824, "Plan Width": 191, "Actual Startup Time": 42.96, "Actual Total Time": 42.96, "Actual Rows": 33333, "Actual Loops": 3, "Hash Buckets": 32768, "Original Hash Buckets": 32768, "Hash Batches": 8, "Original Hash Batches": 8, "Peak Memory Usage": 2368, "Workers": [], "Plans": [{"Node Type": "Seq Scan", "Parent Relationship": "Outer", "Parallel Aware": true, "Async Capable": false, "Relation Name": "customer", "Alias": "customer_1", "Startup Cost": 0.0, "Total Cost": 3356.24, "Plan Rows": 58824, "Plan Width": 191, "Actual Startup Time": 0.004, "Actual Total Time": 5.667, "Actual Rows": 33333, "Actual Loops": 3, "Workers": []}]}]}]}]}]}]}, {"Node Type": "Aggregate", "Strategy": "Sorted", "Partial Mode": "Finalize", "Parent Relationship": "Member", "Parallel Aware": false, "Async Capable": false, "Startup Cost": 127245.26, "Total Cost": 234561.31, "Plan Rows": 718736, "Plan Width": 255, "Actual Startup Time": 1037.946, "Actual Total Time": 1512.958, "Actual Rows": 56649, "Actual Loops": 1, "Group Key": ["customer_2.c_customer_id", "customer_2.c_first_name", "customer_2.c_last_name", "customer_2.c_preferred_cust_flag", "customer_2.c_birth_country", "customer_2.c_login", "customer_2.c_email_address", "date_dim_2.d_year"], "Plans": [{"Node Type": "Gather Merge", "Parent Relationship": "Outer", "Parallel Aware": false, "Async Capable": false, "Startup Cost": 127245.26, "Total Cost": 210603.46, "Plan Rows": 598946, "Plan Width": 223, "Actual Startup Time": 1037.941, "Actual Total Time": 1482.862, "Actual Rows": 57313, "Actual Loops": 1, "Workers Planned": 2, "Workers Launched": 2, "Plans": [{"Node Type": "Aggregate", "Strategy": "Sorted", "Partial Mode": "Partial", "Parent Relationship": "Outer", "Parallel Aware": false, "Async Capable": false, "Startup Cost": 126245.24, "Total Cost": 140470.21, "Plan Rows": 299473, "Plan Width": 223, "Actual Startup Time": 1020.169, "Actual Total Time": 1380.645, "Actual Rows": 19104, "Actual Loops": 3, "Group Key": ["customer_2.c_customer_id", "customer_2.c_first_name", "customer_2.c_last_name", "customer_2.c_preferred_cust_flag", "customer_2.c_birth_country", "customer_2.c_login", "customer_2.c_email_address", "date_dim_2.d_year"], "Workers": [], "Plans": [{"Node Type": "Sort", "Parent Relationship": "Outer", "Parallel Aware": false, "Async Capable": false, "Startup Cost": 126245.24, "Total Cost": 126993.92, "Plan Rows": 299473, "Plan Width": 216, "Actual Startup Time": 1020.129, "Actual Total Time": 1269.08, "Actual Rows": 239706, "Actual Loops": 3, "Sort Key": ["customer_2.c_customer_id", "customer_2.c_first_name", "customer_2.c_last_name", "customer_2.c_preferred_cust_flag", "customer_2.c_birth_country", "customer_2.c_login", "customer_2.c_email_address", "date_dim_2.d_year"], "Sort Method": "external merge", "Sort Space Used": 43160, "Sort Space Type": "Disk", "Workers": [{"Worker Number": 0, "Sort Method": "external merge", "Sort Space Used": 41568, "Sort Space Type": "Disk"}, {"Worker Number": 1, "Sort Method": "external merge", "Sort Space Used": 41544, "Sort Space Type": "Disk"}], "Plans": [{"Node Type": "Hash Join", "Parent Relationship": "Outer", "Parallel Aware": true, "Async Capable": false, "Join Type": "Inner", "Startup Cost": 8015.36, "Total Cost": 37587.08, "Plan Rows": 299473, "Plan Width": 216, "Actual Startup Time": 153.864, "Actual Total Time": 195.606, "Actual Rows": 239706, "Actual Loops": 3, "Inner Unique": true, "Hash Cond": "(web_sales.ws_bill_customer_sk = customer_2.c_customer_sk)", "Workers": [], "Plans": [{"Node Type": "Hash Join", "Parent Relationship": "Outer", "Parallel Aware": true, "Async Capable": false, "Join Type": "Inner", "Startup Cost": 2371.82, "Total Cost": 24923.13, "Plan Rows": 299573, "Plan Width": 33, "Actual Startup Time": 4.84, "Actual Total Time": 67.737, "Actual Rows": 239732, "Actual Loops": 3, "Inner Unique": true, "Hash Cond": "(web_sales.ws_sold_date_sk = date_dim_2.d_date_sk)", "Workers": [], "Plans": [{"Node Type": "Seq Scan", "Parent Relationship": "Outer", "Parallel Aware": true, "Async Capable": false, "Relation Name": "web_sales", "Alias": "web_sales", "Startup Cost": 0.0, "Total Cost": 21764.43, "Plan Rows": 299743, "Plan Width": 33, "Actual Startup Time": 0.031, "Actual Total Time": 18.126, "Actual Rows": 239795, "Actual Loops": 3, "Workers": []}, {"Node Type": "Hash", "Parent Relationship": "Inner", "Parallel Aware": true, "Async Capable": false, "Startup Cost": 1834.7, "Total Cost": 1834.7, "Plan Rows": 42970, "Plan Width": 8, "Actual Startup Time": 4.714, "Actual Total Time": 4.714, "Actual Rows": 24350, "Actual Loops": 3, "Hash Buckets": 131072, "Original Hash Buckets": 131072, "Hash Batches": 1, "Original Hash Batches": 1, "Peak Memory Usage": 3936, "Workers": [], "Plans": [{"Node Type": "Seq Scan", "Parent Relationship": "Outer", "Parallel Aware": true, "Async Capable": false, "Relation Name": "date_dim", "Alias": "date_dim_2", "Startup Cost": 0.0, "Total Cost": 1834.7, "Plan Rows": 42970, "Plan Width": 8, "Actual Startup Time": 0.006, "Actual Total Time": 2.085, "Actual Rows": 24350, "Actual Loops": 3, "Workers": []}]}]}, {"Node Type": "Hash", "Parent Relationship": "Inner", "Parallel Aware": true, "Async Capable": false, "Startup Cost": 3356.24, "Total Cost": 3356.24, "Plan Rows": 58824, "Plan Width": 191, "Actual Startup Time": 41.438, "Actual Total Time": 41.438, "Actual Rows": 33333, "Actual Loops": 3, "Hash Buckets": 32768, "Original Hash Buckets": 32768, "Hash Batches": 8, "Original Hash Batches": 8, "Peak Memory Usage": 2400, "Workers": [], "Plans": [{"Node Type": "Seq Scan", "Parent Relationship": "Outer", "Parallel Aware": true, "Async Capable": false, "Relation Name": "customer", "Alias": "customer_2", "Startup Cost": 0.0, "Total Cost": 3356.24, "Plan Rows": 58824, "Plan Width": 191, "Actual Startup Time": 0.004, "Actual Total Time": 5.811, "Actual Rows": 33333, "Actual Loops": 3, "Workers": []}]}]}]}]}]}]}]}, {"Node Type": "Sort", "Parent Relationship": "Outer", "Parallel Aware": false, "Async Capable": false, "Startup Cost": 752514.29, "Total Cost": 752514.29, "Plan Rows": 1, "Plan Width": 334, "Actual Startup Time": 2591498.456, "Actual Total Time": 2591498.458, "Actual Rows": 4, "Actual Loops": 1, "Sort Key": ["t_s_secyear.customer_id", "t_s_secyear.customer_first_name", "t_s_secyear.customer_last_name", "t_s_secyear.customer_birth_country"], "Sort Method": "quicksort", "Sort Space Used": 25, "Sort Space Type": "Memory", "Plans": [{"Node Type": "Nested Loop", "Parent Relationship": "Outer", "Parallel Aware": false, "Async Capable": false, "Join Type": "Inner", "Startup Cost": 0.0, "Total Cost": 752514.28, "Plan Rows": 1, "Plan Width": 334, "Actual Startup Time": 35290.005, "Actual Total Time": 2591498.437, "Actual Rows": 4, "Actual Loops": 1, "Inner Unique": false, "Join Filter": "((t_s_secyear.customer_id = t_w_secyear.customer_id) AND (CASE WHEN (t_c_firstyear.year_total > '0'::numeric) THEN (t_c_secyear.year_total / t_c_firstyear.year_total) ELSE NULL::numeric END > CASE WHEN (t_w_firstyear.year_total > '0'::numeric) THEN (t_w_secyear.year_total / t_w_firstyear.year_total) ELSE NULL::numeric END))", "Rows Removed by Join Filter": 568799, "Plans": [{"Node Type": "Nested Loop", "Parent Relationship": "Outer", "Parallel Aware": false, "Async Capable": false, "Join Type": "Inner", "Startup Cost": 0.0, "Total Cost": 633072.93, "Plan Rows": 1, "Plan Width": 702, "Actual Startup Time": 35255.132, "Actual Total Time": 2589429.863, "Actual Rows": 51, "Actual Loops": 1, "Inner Unique": false, "Join Filter": "((t_s_secyear.customer_id = t_c_secyear.customer_id) AND (CASE WHEN (t_c_firstyear.year_total > '0'::numeric) THEN (t_c_secyear.year_total / t_c_firstyear.year_total) ELSE NULL::numeric END > CASE WHEN (t_s_firstyear.year_total > '0'::numeric) THEN (t_s_secyear.year_total / t_s_firstyear.year_total) ELSE NULL::numeric END))", "Rows Removed by Join Filter": 11089345, "Plans": [{"Node Type": "Nested Loop", "Parent Relationship": "Outer", "Parallel Aware": false, "Async Capable": false, "Join Type": "Inner", "Startup Cost": 0.0, "Total Cost": 513631.58, "Plan Rows": 1, "Plan Width": 666, "Actual Startup Time": 27413.07, "Actual Total Time": 2572394.342, "Actual Rows": 404, "Actual Loops": 1, "Inner Unique": false, "Join Filter": "(t_s_firstyear.customer_id = t_s_secyear.customer_id)", "Rows Removed by Join Filter": 41579520, "Plans": [{"Node Type": "Nested Loop", "Parent Relationship": "Outer", "Parallel Aware": false, "Async Capable": false, "Join Type": "Inner", "Startup Cost": 0.0, "Total Cost": 394189.04, "Plan Rows": 2, "Plan Width": 300, "Actual Startup Time": 10915.922, "Actual Total Time": 2525754.702, "Actual Rows": 1087, "Actual Loops": 1, "Inner Unique": false, "Join Filter": "(t_s_firstyear.customer_id = t_w_firstyear.customer_id)", "Rows Removed by Join Filter": 108941208, "Plans": [{"Node Type": "Nested Loop", "Parent Relationship": "Outer", "Parallel Aware": false, "Async Capable": false, "Join Type": "Inner", "Startup Cost": 0.0, "Total Cost": 262800.03, "Plan Rows": 8, "Plan Width": 200, "Actual Startup Time": 10871.647, "Actual Total Time": 2014956.439, "Actual Rows": 9835, "Actual Loops": 1, "Inner Unique": false, "Join Filter": "(t_s_firstyear.customer_id = t_c_firstyear.customer_id)", "Rows Removed by Join Filter": 992879513, "Plans": [{"Node Type": "CTE Scan", "Parent Relationship": "Outer", "Parallel Aware": false, "Async Capable": false, "CTE Name": "year_total", "Alias": "t_s_firstyear", "Startup Cost": 0.0, "Total Cost": 131382.21, "Plan Rows": 40, "Plan Width": 100, "Actual Startup Time": 4377.048, "Actual Total Time": 4542.36, "Actual Rows": 37708, "Actual Loops": 1, "Filter": "((year_total > '0'::numeric) AND (sale_type = 's'::text) AND (dyear = 1999))", "Rows Removed by Filter": 346500}, {"Node Type": "CTE Scan", "Parent Relationship": "Inner", "Parallel Aware": false, "Async Capable": false, "CTE Name": "year_total", "Alias": "t_c_firstyear", "Startup Cost": 0.0, "Total Cost": 131382.21, "Plan Rows": 40, "Plan Width": 100, "Actual Startup Time": 25.356, "Actual Total Time": 52.575, "Actual Rows": 26331, "Actual Loops": 37708, "Filter": "((year_total > '0'::numeric) AND (sale_type = 'c'::text) AND (dyear = 1999))", "Rows Removed by Filter": 357877}]}, {"Node Type": "CTE Scan", "Parent Relationship": "Inner", "Parallel Aware": false, "Async Capable": false, "CTE Name": "year_total", "Alias": "t_w_firstyear", "Startup Cost": 0.0, "Total Cost": 131382.21, "Plan Rows": 40, "Plan Width": 100, "Actual Startup Time": 43.611, "Actual Total Time": 51.63, "Actual Rows": 11077, "Actual Loops": 9835, "Filter": "((year_total > '0'::numeric) AND (sale_type = 'w'::text) AND (dyear = 1999))", "Rows Removed by Filter": 373131}]}, {"Node Type": "CTE Scan", "Parent Relationship": "Inner", "Parallel Aware": false, "Async Capable": false, "CTE Name": "year_total", "Alias": "t_s_secyear", "Startup Cost": 0.0, "Total Cost": 119438.38, "Plan Rows": 119, "Plan Width": 366, "Actual Startup Time": 0.005, "Actual Total Time": 41.876, "Actual Rows": 38252, "Actual Loops": 1087, "Filter": "((sale_type = 's'::text) AND (dyear = 2000))", "Rows Removed by Filter": 345956}]}, {"Node Type": "CTE Scan", "Parent Relationship": "Inner", "Parallel Aware": false, "Async Capable": false, "CTE Name": "year_total", "Alias": "t_c_secyear", "Startup Cost": 0.0, "Total Cost": 119438.38, "Plan Rows": 119, "Plan Width": 100, "Actual Startup Time": 20.008, "Actual Total Time": 41.431, "Actual Rows": 27449, "Actual Loops": 404, "Filter": "((sale_type = 'c'::text) AND (dyear = 2000))", "Rows Removed by Filter": 356759}]}, {"Node Type": "CTE Scan", "Parent Relationship": "Inner", "Parallel Aware": false, "Async Capable": false, "CTE Name": "year_total", "Alias": "t_w_secyear", "Startup Cost": 0.0, "Total Cost": 119438.38, "Plan Rows": 119, "Plan Width": 100, "Actual Startup Time": 33.902, "Actual Total Time": 40.262, "Actual Rows": 11153, "Actual Loops": 51, "Filter": "((sale_type = 'w'::text) AND (dyear = 2000))", "Rows Removed by Filter": 373055}]}]}]}, "Planning Time": 1.227, "Triggers": [], "Execution Time": 2591522.66}]