[{"Plan": {"Node Type": "Limit", "Parallel Aware": false, "Async Capable": false, "Startup Cost": 71551772.68, "Total Cost": 71551773.1, "Plan Rows": 84, "Plan Width": 51, "Actual Startup Time": 829.579, "Actual Total Time": 829.58, "Actual Rows": 1, "Actual Loops": 1, "Plans": [{"Node Type": "Unique", "Parent Relationship": "Outer", "Parallel Aware": false, "Async Capable": false, "Startup Cost": 71551772.68, "Total Cost": 71551773.1, "Plan Rows": 84, "Plan Width": 51, "Actual Startup Time": 829.579, "Actual Total Time": 829.579, "Actual Rows": 1, "Actual Loops": 1, "Plans": [{"Node Type": "Sort", "Parent Relationship": "Outer", "Parallel Aware": false, "Async Capable": false, "Startup Cost": 71551772.68, "Total Cost": 71551772.89, "Plan Rows": 84, "Plan Width": 51, "Actual Startup Time": 829.578, "Actual Total Time": 829.578, "Actual Rows": 1, "Actual Loops": 1, "Sort Key": ["i1.i_product_name"], "Sort Method": "quicksort", "Sort Space Used": 25, "Sort Space Type": "Memory", "Plans": [{"Node Type": "Seq Scan", "Parent Relationship": "Outer", "Parallel Aware": false, "Async Capable": false, "Relation Name": "item", "Alias": "i1", "Startup Cost": 0.0, "Total Cost": 71551770.0, "Plan Rows": 84, "Plan Width": 51, "Actual Startup Time": 452.657, "Actual Total Time": 829.574, "Actual Rows": 1, "Actual Loops": 1, "Filter": "((i_manufact_id >= 704) AND (i_manufact_id <= 744) AND ((SubPlan 1) > 0))", "Rows Removed by Filter": 17999, "Plans": [{"Node Type": "Aggregate", "Strategy": "Plain", "Partial Mode": "Simple", "Parent Relationship": "SubPlan", "Subplan Name": "SubPlan 1", "Parallel Aware": false, "Async Capable": false, "Startup Cost": 3975.0, "Total Cost": 3975.01, "Plan Rows": 1, "Plan Width": 8, "Actual Startup Time": 3.376, "Actual Total Time": 3.376, "Actual Rows": 1, "Actual Loops": 245, "Plans": [{"Node Type": "Seq Scan", "Parent Relationship": "Outer", "Parallel Aware": false, "Async Capable": false, "Relation Name": "item", "Alias": "item", "Startup Cost": 0.0, "Total Cost": 3975.0, "Plan Rows": 1, "Plan Width": 0, "Actual Startup Time": 3.368, "Actual Total Time": 3.372, "Actual Rows": 0, "Actual Loops": 245, "Filter": "((i_manufact = i1.i_manufact) AND (((i_category = 'Women'::bpchar) AND ((i_color = 'forest'::bpchar) OR (i_color = 'lime'::bpchar)) AND ((i_units = 'Pallet'::bpchar) OR (i_units = 'Pound'::bpchar)) AND ((i_size = 'economy'::bpchar) OR (i_size = 'small'::bpchar))) OR ((i_category = 'Women'::bpchar) AND ((i_color = 'navy'::bpchar) OR (i_color = 'slate'::bpchar)) AND ((i_units = 'Gross'::bpchar) OR (i_units = 'Bunch'::bpchar)) AND ((i_size = 'extra large'::bpchar) OR (i_size = 'petite'::bpchar))) OR ((i_category = 'Men'::bpchar) AND ((i_color = 'powder'::bpchar) OR (i_color = 'sky'::bpchar)) AND ((i_units = 'Dozen'::bpchar) OR (i_units = 'Lb'::bpchar)) AND ((i_size = 'N/A'::bpchar) OR (i_size = 'large'::bpchar))) OR ((i_category = 'Men'::bpchar) AND ((i_color = 'maroon'::bpchar) OR (i_color = 'smoke'::bpchar)) AND ((i_units = 'Ounce'::bpchar) OR (i_units = 'Case'::bpchar)) AND ((i_size = 'economy'::bpchar) OR (i_size = 'small'::bpchar))) OR ((i_category = 'Women'::bpchar) AND ((i_color = 'dark'::bpchar) OR (i_color = 'aquamarine'::bpchar)) AND ((i_units = 'Ton'::bpchar) OR (i_units = 'Tbl'::bpchar)) AND ((i_size = 'economy'::bpchar) OR (i_size = 'small'::bpchar))) OR ((i_category = 'Women'::bpchar) AND ((i_color = 'frosted'::bpchar) OR (i_color = 'plum'::bpchar)) AND ((i_units = 'Dram'::bpchar) OR (i_units = 'Box'::bpchar)) AND ((i_size = 'extra large'::bpchar) OR (i_size = 'petite'::bpchar))) OR ((i_category = 'Men'::bpchar) AND ((i_color = 'papaya'::bpchar) OR (i_color = 'peach'::bpchar)) AND ((i_units = 'Bundle'::bpchar) OR (i_units = 'Carton'::bpchar)) AND ((i_size = 'N/A'::bpchar) OR (i_size = 'large'::bpchar))) OR ((i_category = 'Men'::bpchar) AND ((i_color = 'firebrick'::bpchar) OR (i_color = 'sienna'::bpchar)) AND ((i_units = 'Cup'::bpchar) OR (i_units = 'Each'::bpchar)) AND ((i_size = 'economy'::bpchar) OR (i_size = 'small'::bpchar)))))", "Rows Removed by Filter": 18000}]}]}]}]}]}, "Planning Time": 0.185, "Triggers": [], "Execution Time": 829.607}]