[{"Plan": {"Node Type": "Limit", "Parallel Aware": false, "Async Capable": false, "Startup Cost": 69992.92, "Total Cost": 69992.97, "Plan Rows": 20, "Plan Width": 91, "Actual Startup Time": 174.949, "Actual Total Time": 175.918, "Actual Rows": 10, "Actual Loops": 1, "Plans": [{"Node Type": "Sort", "Parent Relationship": "Outer", "Parallel Aware": false, "Async Capable": false, "Startup Cost": 69992.92, "Total Cost": 69992.97, "Plan Rows": 20, "Plan Width": 91, "Actual Startup Time": 174.948, "Actual Total Time": 175.917, "Actual Rows": 10, "Actual Loops": 1, "Sort Key": ["(sum(store_sales.ss_ext_sales_price)) DESC", "item.i_category_id", "item.i_category"], "Sort Method": "quicksort", "Sort Space Used": 26, "Sort Space Type": "Memory", "Plans": [{"Node Type": "Aggregate", "Strategy": "Sorted", "Partial Mode": "Finalize", "Parent Relationship": "Outer", "Parallel Aware": false, "Async Capable": false, "Startup Cost": 69989.99, "Total Cost": 69992.49, "Plan Rows": 20, "Plan Width": 91, "Actual Startup Time": 174.86, "Actual Total Time": 175.912, "Actual Rows": 10, "Actual Loops": 1, "Group Key": ["dt.d_year", "item.i_category_id", "item.i_category"], "Plans": [{"Node Type": "Gather Merge", "Parent Relationship": "Outer", "Parallel Aware": false, "Async Capable": false, "Startup Cost": 69989.99, "Total Cost": 69992.04, "Plan Rows": 16, "Plan Width": 91, "Actual Startup Time": 174.847, "Actual Total Time": 175.885, "Actual Rows": 30, "Actual Loops": 1, "Workers Planned": 2, "Workers Launched": 2, "Plans": [{"Node Type": "Aggregate", "Strategy": "Sorted", "Partial Mode": "Partial", "Parent Relationship": "Outer", "Parallel Aware": false, "Async Capable": false, "Startup Cost": 68989.97, "Total Cost": 68990.17, "Plan Rows": 8, "Plan Width": 91, "Actual Startup Time": 173.007, "Actual Total Time": 173.073, "Actual Rows": 10, "Actual Loops": 3, "Group Key": ["dt.d_year", "item.i_category_id", "item.i_category"], "Workers": [], "Plans": [{"Node Type": "Sort", "Parent Relationship": "Outer", "Parallel Aware": false, "Async Capable": false, "Startup Cost": 68989.97, "Total Cost": 68989.99, "Plan Rows": 8, "Plan Width": 65, "Actual Startup Time": 172.986, "Actual Total Time": 172.997, "Actual Rows": 521, "Actual Loops": 3, "Sort Key": ["item.i_category_id", "item.i_category"], "Sort Method": "quicksort", "Sort Space Used": 97, "Sort Space Type": "Memory", "Workers": [{"Worker Number": 0, "Sort Method": "quicksort", "Sort Space Used": 101, "Sort Space Type": "Memory"}, {"Worker Number": 1, "Sort Method": "quicksort", "Sort Space Used": 95, "Sort Space Type": "Memory"}], "Plans": [{"Node Type": "Nested Loop", "Parent Relationship": "Outer", "Parallel Aware": false, "Async Capable": false, "Join Type": "Inner", "Startup Cost": 1365.02, "Total Cost": 68989.85, "Plan Rows": 8, "Plan Width": 65, "Actual Startup Time": 2.937, "Actual Total Time": 172.851, "Actual Rows": 521, "Actual Loops": 3, "Inner Unique": true, "Workers": [], "Plans": [{"Node Type": "Hash Join", "Parent Relationship": "Outer", "Parallel Aware": true, "Async Capable": false, "Join Type": "Inner", "Startup Cost": 1364.72, "Total Cost": 68213.51, "Plan Rows": 21403, "Plan Width": 65, "Actual Startup Time": 2.643, "Actual Total Time": 166.314, "Actual Rows": 16682, "Actual Loops": 3, "Inner Unique": true, "Hash Cond": "(store_sales.ss_item_sk = item.i_item_sk)", "Workers": [], "Plans": [{"Node Type": "Seq Scan", "Parent Relationship": "Outer", "Parallel Aware": true, "Async Capable": false, "Relation Name": "store_sales", "Alias": "store_sales", "Startup Cost": 0.0, "Total Cost": 63697.62, "Plan Rows": 1200162, "Plan Width": 14, "Actual Startup Time": 0.028, "Actual Total Time": 68.851, "Actual Rows": 960135, "Actual Loops": 3, "Workers": []}, {"Node Type": "Hash", "Parent Relationship": "Inner", "Parallel Aware": true, "Async Capable": false, "Startup Cost": 1362.35, "Total Cost": 1362.35, "Plan Rows": 189, "Plan Width": 59, "Actual Startup Time": 2.56, "Actual Total Time": 2.56, "Actual Rows": 107, "Actual Loops": 3, "Hash Buckets": 1024, "Original Hash Buckets": 1024, "Hash Batches": 1, "Original Hash Batches": 1, "Peak Memory Usage": 104, "Workers": [], "Plans": [{"Node Type": "Seq Scan", "Parent Relationship": "Outer", "Parallel Aware": true, "Async Capable": false, "Relation Name": "item", "Alias": "item", "Startup Cost": 0.0, "Total Cost": 1362.35, "Plan Rows": 189, "Plan Width": 59, "Actual Startup Time": 0.067, "Actual Total Time": 2.524, "Actual Rows": 107, "Actual Loops": 3, "Filter": "(i_manager_id = 1)", "Rows Removed by Filter": 5893, "Workers": []}]}]}, {"Node Type": "Memoize", "Parent Relationship": "Inner", "Parallel Aware": false, "Async Capable": false, "Startup Cost": 0.3, "Total Cost": 0.33, "Plan Rows": 1, "Plan Width": 8, "Actual Startup Time": 0.0, "Actual Total Time": 0.0, "Actual Rows": 0, "Actual Loops": 50047, "Cache Key": "store_sales.ss_sold_date_sk", "Cache Mode": "logical", "Cache Hits": 14883, "Cache Misses": 1814, "Cache Evictions": 0, "Cache Overflows": 0, "Peak Memory Usage": 122, "Workers": [{"Worker Number": 0, "Cache Hits": 14792, "Cache Misses": 1816, "Cache Evictions": 0, "Cache Overflows": 0, "Peak Memory Usage": 122}, {"Worker Number": 1, "Cache Hits": 14929, "Cache Misses": 1813, "Cache Evictions": 0, "Cache Overflows": 0, "Peak Memory Usage": 122}], "Plans": [{"Node Type": "Index Scan", "Parent Relationship": "Outer", "Parallel Aware": false, "Async Capable": false, "Scan Direction": "Forward", "Index Name": "date_dim_pkey", "Relation Name": "date_dim", "Alias": "dt", "Startup Cost": 0.29, "Total Cost": 0.32, "Plan Rows": 1, "Plan Width": 8, "Actual Startup Time": 0.001, "Actual Total Time": 0.001, "Actual Rows": 0, "Actual Loops": 5443, "Index Cond": "(d_date_sk = store_sales.ss_sold_date_sk)", "Rows Removed by Index Recheck": 0, "Filter": "((d_moy = 11) AND (d_year = 1998))", "Rows Removed by Filter": 1, "Workers": []}]}]}]}]}]}]}]}]}, "Planning Time": 0.253, "Triggers": [], "Execution Time": 176.087}]