[{"Plan": {"Node Type": "Limit", "Parallel Aware": false, "Async Capable": false, "Startup Cost": 26031.66, "Total Cost": 26044.3, "Plan Rows": 100, "Plan Width": 52, "Actual Startup Time": 59.211, "Actual Total Time": 60.799, "Actual Rows": 14, "Actual Loops": 1, "Plans": [{"Node Type": "Aggregate", "Strategy": "Sorted", "Partial Mode": "Finalize", "Parent Relationship": "Outer", "Parallel Aware": false, "Async Capable": false, "Startup Cost": 26031.66, "Total Cost": 26090.2, "Plan Rows": 463, "Plan Width": 52, "Actual Startup Time": 59.21, "Actual Total Time": 60.798, "Actual Rows": 14, "Actual Loops": 1, "Group Key": ["customer_address.ca_zip", "customer_address.ca_city"], "Plans": [{"Node Type": "Gather Merge", "Parent Relationship": "Outer", "Parallel Aware": false, "Async Capable": false, "Startup Cost": 26031.66, "Total Cost": 26080.56, "Plan Rows": 386, "Plan Width": 52, "Actual Startup Time": 59.206, "Actual Total Time": 60.788, "Actual Rows": 14, "Actual Loops": 1, "Workers Planned": 2, "Workers Launched": 2, "Plans": [{"Node Type": "Aggregate", "Strategy": "Sorted", "Partial Mode": "Partial", "Parent Relationship": "Outer", "Parallel Aware": false, "Async Capable": false, "Startup Cost": 25031.64, "Total Cost": 25035.98, "Plan Rows": 193, "Plan Width": 52, "Actual Startup Time": 57.173, "Actual Total Time": 57.176, "Actual Rows": 5, "Actual Loops": 3, "Group Key": ["customer_address.ca_zip", "customer_address.ca_city"], "Workers": [], "Plans": [{"Node Type": "Sort", "Parent Relationship": "Outer", "Parallel Aware": false, "Async Capable": false, "Startup Cost": 25031.64, "Total Cost": 25032.12, "Plan Rows": 193, "Plan Width": 26, "Actual Startup Time": 57.164, "Actual Total Time": 57.166, "Actual Rows": 5, "Actual Loops": 3, "Sort Key": ["customer_address.ca_zip", "customer_address.ca_city"], "Sort Method": "quicksort", "Sort Space Used": 25, "Sort Space Type": "Memory", "Workers": [{"Worker Number": 0, "Sort Method": "quicksort", "Sort Space Used": 25, "Sort Space Type": "Memory"}, {"Worker Number": 1, "Sort Method": "quicksort", "Sort Space Used": 25, "Sort Space Type": "Memory"}], "Plans": [{"Node Type": "Nested Loop", "Parent Relationship": "Outer", "Parallel Aware": false, "Async Capable": false, "Join Type": "Inner", "Startup Cost": 2098.2, "Total Cost": 25024.31, "Plan Rows": 193, "Plan Width": 26, "Actual Startup Time": 7.085, "Actual Total Time": 57.136, "Actual Rows": 5, "Actual Loops": 3, "Inner Unique": true, "Join Filter": "((substr((customer_address.ca_zip)::text, 1, 5) = ANY ('{85669,86197,88274,83405,86475,85392,85460,80348,81792}'::text[])) OR (hashed SubPlan 1))", "Rows Removed by Join Filter": 7211, "Workers": [], "Plans": [{"Node Type": "Nested Loop", "Parent Relationship": "Outer", "Parallel Aware": false, "Async Capable": false, "Join Type": "Inner", "Startup Cost": 2050.8, "Total Cost": 24853.71, "Plan Rows": 369, "Plan Width": 30, "Actual Startup Time": 2.093, "Actual Total Time": 46.301, "Actual Rows": 7216, "Actual Loops": 3, "Inner Unique": true, "Workers": [], "Plans": [{"Node Type": "Nested Loop", "Parent Relationship": "Outer", "Parallel Aware": false, "Async Capable": false, "Join Type": "Inner", "Startup Cost": 2050.51, "Total Cost": 24722.15, "Plan Rows": 369, "Plan Width": 14, "Actual Startup Time": 2.053, "Actual Total Time": 39.407, "Actual Rows": 7216, "Actual Loops": 3, "Inner Unique": true, "Workers": [], "Plans": [{"Node Type": "Hash Join", "Parent Relationship": "Outer", "Parallel Aware": true, "Async Capable": false, "Join Type": "Inner", "Startup Cost": 2050.21, "Total Cost": 24601.52, "Plan Rows": 369, "Plan Width": 14, "Actual Startup Time": 2.038, "Actual Total Time": 33.033, "Actual Rows": 7217, "Actual Loops": 3, "Inner Unique": true, "Hash Cond": "(web_sales.ws_sold_date_sk = date_dim.d_date_sk)", "Workers": [], "Plans": [{"Node Type": "Seq Scan", "Parent Relationship": "Outer", "Parallel Aware": true, "Async Capable": false, "Relation Name": "web_sales", "Alias": "web_sales", "Startup Cost": 0.0, "Total Cost": 21764.43, "Plan Rows": 299743, "Plan Width": 18, "Actual Startup Time": 0.026, "Actual Total Time": 17.821, "Actual Rows": 239795, "Actual Loops": 3, "Workers": []}, {"Node Type": "Hash", "Parent Relationship": "Inner", "Parallel Aware": true, "Async Capable": false, "Startup Cost": 2049.55, "Total Cost": 2049.55, "Plan Rows": 53, "Plan Width": 4, "Actual Startup Time": 1.94, "Actual Total Time": 1.94, "Actual Rows": 30, "Actual Loops": 3, "Hash Buckets": 1024, "Original Hash Buckets": 1024, "Hash Batches": 1, "Original Hash Batches": 1, "Peak Memory Usage": 40, "Workers": [], "Plans": [{"Node Type": "Seq Scan", "Parent Relationship": "Outer", "Parallel Aware": true, "Async Capable": false, "Relation Name": "date_dim", "Alias": "date_dim", "Startup Cost": 0.0, "Total Cost": 2049.55, "Plan Rows": 53, "Plan Width": 4, "Actual Startup Time": 1.547, "Actual Total Time": 1.923, "Actual Rows": 30, "Actual Loops": 3, "Filter": "((d_qoy = 1) AND (d_year = 2000))", "Rows Removed by Filter": 24319, "Workers": []}]}]}, {"Node Type": "Index Scan", "Parent Relationship": "Inner", "Parallel Aware": false, "Async Capable": false, "Scan Direction": "Forward", "Index Name": "customer_pkey", "Relation Name": "customer", "Alias": "customer", "Startup Cost": 0.29, "Total Cost": 0.33, "Plan Rows": 1, "Plan Width": 8, "Actual Startup Time": 0.001, "Actual Total Time": 0.001, "Actual Rows": 1, "Actual Loops": 21652, "Index Cond": "(c_customer_sk = web_sales.ws_bill_customer_sk)", "Rows Removed by Index Recheck": 0, "Workers": []}]}, {"Node Type": "Index Scan", "Parent Relationship": "Inner", "Parallel Aware": false, "Async Capable": false, "Scan Direction": "Forward", "Index Name": "customer_address_pkey", "Relation Name": "customer_address", "Alias": "customer_address", "Startup Cost": 0.29, "Total Cost": 0.36, "Plan Rows": 1, "Plan Width": 24, "Actual Startup Time": 0.001, "Actual Total Time": 0.001, "Actual Rows": 1, "Actual Loops": 21647, "Index Cond": "(ca_address_sk = customer.c_current_addr_sk)", "Rows Removed by Index Recheck": 0, "Workers": []}]}, {"Node Type": "Index Scan", "Parent Relationship": "Inner", "Parallel Aware": false, "Async Capable": false, "Scan Direction": "Forward", "Index Name": "item_pkey", "Relation Name": "item", "Alias": "item", "Startup Cost": 0.29, "Total Cost": 0.31, "Plan Rows": 1, "Plan Width": 21, "Actual Startup Time": 0.001, "Actual Total Time": 0.001, "Actual Rows": 1, "Actual Loops": 21647, "Index Cond": "(i_item_sk = web_sales.ws_item_sk)", "Rows Removed by Index Recheck": 0, "Workers": []}, {"Node Type": "Index Scan", "Parent Relationship": "SubPlan", "Subplan Name": "SubPlan 1", "Parallel Aware": false, "Async Capable": false, "Scan Direction": "Forward", "Index Name": "item_pkey", "Relation Name": "item", "Alias": "item_1", "Startup Cost": 0.29, "Total Cost": 47.07, "Plan Rows": 10, "Plan Width": 17, "Actual Startup Time": 0.012, "Actual Total Time": 0.02, "Actual Rows": 10, "Actual Loops": 3, "Index Cond": "(i_item_sk = ANY ('{2,3,5,7,11,13,17,19,23,29}'::integer[]))", "Rows Removed by Index Recheck": 0, "Workers": []}]}]}]}]}]}]}, "Planning Time": 0.558, "Triggers": [], "Execution Time": 60.835}]