[{"Plan": {"Node Type": "Aggregate", "Strategy": "Plain", "Partial Mode": "Finalize", "Parallel Aware": false, "Async Capable": false, "Startup Cost": 103365.41, "Total Cost": 103365.42, "Plan Rows": 1, "Plan Width": 8, "Actual Startup Time": 339.59, "Actual Total Time": 342.21, "Actual Rows": 1, "Actual Loops": 1, "Plans": [{"Node Type": "Gather", "Parent Relationship": "Outer", "Parallel Aware": false, "Async Capable": false, "Startup Cost": 103365.19, "Total Cost": 103365.4, "Plan Rows": 2, "Plan Width": 8, "Actual Startup Time": 339.524, "Actual Total Time": 342.207, "Actual Rows": 3, "Actual Loops": 1, "Workers Planned": 2, "Workers Launched": 2, "Single Copy": false, "Plans": [{"Node Type": "Aggregate", "Strategy": "Plain", "Partial Mode": "Partial", "Parent Relationship": "Outer", "Parallel Aware": false, "Async Capable": false, "Startup Cost": 102365.19, "Total Cost": 102365.2, "Plan Rows": 1, "Plan Width": 8, "Actual Startup Time": 337.343, "Actual Total Time": 337.345, "Actual Rows": 1, "Actual Loops": 3, "Workers": [], "Plans": [{"Node Type": "Nested Loop", "Parent Relationship": "Outer", "Parallel Aware": false, "Async Capable": false, "Join Type": "Inner", "Startup Cost": 1946.77, "Total Cost": 102365.19, "Plan Rows": 2, "Plan Width": 4, "Actual Startup Time": 5.234, "Actual Total Time": 337.306, "Actual Rows": 155, "Actual Loops": 3, "Inner Unique": true, "Workers": [], "Plans": [{"Node Type": "Nested Loop", "Parent Relationship": "Outer", "Parallel Aware": false, "Async Capable": false, "Join Type": "Inner", "Startup Cost": 1946.35, "Total Cost": 102319.32, "Plan Rows": 58, "Plan Width": 14, "Actual Startup Time": 3.142, "Actual Total Time": 311.661, "Actual Rows": 5155, "Actual Loops": 3, "Inner Unique": true, "Workers": [], "Plans": [{"Node Type": "Hash Join", "Parent Relationship": "Outer", "Parallel Aware": false, "Async Capable": false, "Join Type": "Inner", "Startup Cost": 1946.06, "Total Cost": 102058.75, "Plan Rows": 703, "Plan Width": 24, "Actual Startup Time": 3.061, "Actual Total Time": 264.002, "Actual Rows": 28062, "Actual Loops": 3, "Inner Unique": true, "Hash Cond": "(store_sales.ss_store_sk = store.s_store_sk)", "Workers": [], "Plans": [{"Node Type": "Hash Join", "Parent Relationship": "Outer", "Parallel Aware": true, "Async Capable": false, "Join Type": "Inner", "Startup Cost": 1944.79, "Total Cost": 102054.89, "Plan Rows": 735, "Plan Width": 28, "Actual Startup Time": 2.973, "Actual Total Time": 261.201, "Actual Rows": 28227, "Actual Loops": 3, "Inner Unique": true, "Hash Cond": "(store_sales.ss_sold_date_sk = date_dim.d_date_sk)", "Workers": [], "Plans": [{"Node Type": "Seq Scan", "Parent Relationship": "Outer", "Parallel Aware": true, "Async Capable": false, "Relation Name": "store_sales", "Alias": "store_sales", "Startup Cost": 0.0, "Total Cost": 99702.48, "Plan Rows": 155275, "Plan Width": 32, "Actual Startup Time": 0.031, "Actual Total Time": 246.149, "Actual Rows": 144249, "Actual Loops": 3, "Filter": "((((ss_sales_price >= 100.00) AND (ss_sales_price <= 150.00)) OR ((ss_sales_price >= 50.00) AND (ss_sales_price <= 100.00)) OR ((ss_sales_price >= 150.00) AND (ss_sales_price <= 200.00))) AND (((ss_net_profit >= '0'::numeric) AND (ss_net_profit <= '2000'::numeric)) OR ((ss_net_profit >= '150'::numeric) AND (ss_net_profit <= '3000'::numeric)) OR ((ss_net_profit >= '50'::numeric) AND (ss_net_profit <= '25000'::numeric))))", "Rows Removed by Filter": 815886, "Workers": []}, {"Node Type": "Hash", "Parent Relationship": "Inner", "Parallel Aware": true, "Async Capable": false, "Startup Cost": 1942.12, "Total Cost": 1942.12, "Plan Rows": 213, "Plan Width": 4, "Actual Startup Time": 2.908, "Actual Total Time": 2.908, "Actual Rows": 122, "Actual Loops": 3, "Hash Buckets": 1024, "Original Hash Buckets": 1024, "Hash Batches": 1, "Original Hash Batches": 1, "Peak Memory Usage": 104, "Workers": [], "Plans": [{"Node Type": "Seq Scan", "Parent Relationship": "Outer", "Parallel Aware": true, "Async Capable": false, "Relation Name": "date_dim", "Alias": "date_dim", "Startup Cost": 0.0, "Total Cost": 1942.12, "Plan Rows": 213, "Plan Width": 4, "Actual Startup Time": 1.184, "Actual Total Time": 2.875, "Actual Rows": 122, "Actual Loops": 3, "Filter": "(d_year = 2001)", "Rows Removed by Filter": 24228, "Workers": []}]}]}, {"Node Type": "Hash", "Parent Relationship": "Inner", "Parallel Aware": false, "Async Capable": false, "Startup Cost": 1.12, "Total Cost": 1.12, "Plan Rows": 12, "Plan Width": 4, "Actual Startup Time": 0.031, "Actual Total Time": 0.031, "Actual Rows": 12, "Actual Loops": 3, "Hash Buckets": 1024, "Original Hash Buckets": 1024, "Hash Batches": 1, "Original Hash Batches": 1, "Peak Memory Usage": 9, "Workers": [], "Plans": [{"Node Type": "Seq Scan", "Parent Relationship": "Outer", "Parallel Aware": false, "Async Capable": false, "Relation Name": "store", "Alias": "store", "Startup Cost": 0.0, "Total Cost": 1.12, "Plan Rows": 12, "Plan Width": 4, "Actual Startup Time": 0.025, "Actual Total Time": 0.026, "Actual Rows": 12, "Actual Loops": 3, "Workers": []}]}]}, {"Node Type": "Index Scan", "Parent Relationship": "Inner", "Parallel Aware": false, "Async Capable": false, "Scan Direction": "Forward", "Index Name": "customer_address_pkey", "Relation Name": "customer_address", "Alias": "customer_address", "Startup Cost": 0.29, "Total Cost": 0.36, "Plan Rows": 1, "Plan Width": 7, "Actual Startup Time": 0.002, "Actual Total Time": 0.002, "Actual Rows": 0, "Actual Loops": 84187, "Index Cond": "(ca_address_sk = store_sales.ss_addr_sk)", "Rows Removed by Index Recheck": 0, "Filter": "(((ca_country)::text = 'United States'::text) AND ((ca_state = ANY ('{ND,NY,SD}'::bpchar[])) OR (ca_state = ANY ('{MD,GA,KS}'::bpchar[])) OR (ca_state = ANY ('{CO,MN,NC}'::bpchar[]))) AND (((ca_state = ANY ('{ND,NY,SD}'::bpchar[])) AND (store_sales.ss_net_profit >= '0'::numeric) AND (store_sales.ss_net_profit <= '2000'::numeric)) OR ((ca_state = ANY ('{MD,GA,KS}'::bpchar[])) AND (store_sales.ss_net_profit >= '150'::numeric) AND (store_sales.ss_net_profit <= '3000'::numeric)) OR ((ca_state = ANY ('{CO,MN,NC}'::bpchar[])) AND (store_sales.ss_net_profit >= '50'::numeric) AND (store_sales.ss_net_profit <= '25000'::numeric))))", "Rows Removed by Filter": 1, "Workers": []}]}, {"Node Type": "Index Scan", "Parent Relationship": "Inner", "Parallel Aware": false, "Async Capable": false, "Scan Direction": "Forward", "Index Name": "customer_demographics_pkey", "Relation Name": "customer_demographics", "Alias": "customer_demographics", "Startup Cost": 0.43, "Total Cost": 0.78, "Plan Rows": 1, "Plan Width": 27, "Actual Startup Time": 0.005, "Actual Total Time": 0.005, "Actual Rows": 0, "Actual Loops": 15466, "Index Cond": "(cd_demo_sk = store_sales.ss_cdemo_sk)", "Rows Removed by Index Recheck": 0, "Filter": "((((cd_marital_status = 'S'::bpchar) AND (cd_education_status = 'Secondary'::bpchar)) OR ((cd_marital_status = 'M'::bpchar) AND (cd_education_status = '2 yr Degree'::bpchar)) OR ((cd_marital_status = 'D'::bpchar) AND (cd_education_status = 'Advanced Degree'::bpchar))) AND (((cd_marital_status = 'S'::bpchar) AND (cd_education_status = 'Secondary'::bpchar) AND (store_sales.ss_sales_price >= 100.00) AND (store_sales.ss_sales_price <= 150.00)) OR ((cd_marital_status = 'M'::bpchar) AND (cd_education_status = '2 yr Degree'::bpchar) AND (store_sales.ss_sales_price >= 50.00) AND (store_sales.ss_sales_price <= 100.00)) OR ((cd_marital_status = 'D'::bpchar) AND (cd_education_status = 'Advanced Degree'::bpchar) AND (store_sales.ss_sales_price >= 150.00) AND (store_sales.ss_sales_price <= 200.00))))", "Rows Removed by Filter": 1, "Workers": []}]}]}]}]}, "Planning Time": 0.456, "Triggers": [], "Execution Time": 342.409}]