[{"Plan": {"Node Type": "Limit", "Parallel Aware": false, "Async Capable": false, "Startup Cost": 30037.96, "Total Cost": 30037.97, "Plan Rows": 3, "Plan Width": 84, "Actual Startup Time": 55.216, "Actual Total Time": 56.024, "Actual Rows": 34, "Actual Loops": 1, "Plans": [{"Node Type": "Sort", "Parent Relationship": "Outer", "Parallel Aware": false, "Async Capable": false, "Startup Cost": 30037.96, "Total Cost": 30037.97, "Plan Rows": 3, "Plan Width": 84, "Actual Startup Time": 55.215, "Actual Total Time": 56.022, "Actual Rows": 34, "Actual Loops": 1, "Sort Key": ["('web'::text)", "web.return_rank", "web.currency_rank", "web.item"], "Sort Method": "quicksort", "Sort Space Used": 27, "Sort Space Type": "Memory", "Plans": [{"Node Type": "Aggregate", "Strategy": "Hashed", "Partial Mode": "Simple", "Parent Relationship": "Outer", "Parallel Aware": false, "Async Capable": false, "Startup Cost": 30037.88, "Total Cost": 30037.91, "Plan Rows": 3, "Plan Width": 84, "Actual Startup Time": 55.186, "Actual Total Time": 55.995, "Actual Rows": 34, "Actual Loops": 1, "Group Key": ["('web'::text)", "web.item", "web.return_ratio", "web.return_rank", "web.currency_rank"], "Planned Partitions": 0, "HashAgg Batches": 1, "Peak Memory Usage": 32, "Disk Usage": 0, "Plans": [{"Node Type": "Append", "Parent Relationship": "Outer", "Parallel Aware": false, "Async Capable": false, "Startup Cost": 5902.59, "Total Cost": 30037.84, "Plan Rows": 3, "Plan Width": 84, "Actual Startup Time": 10.57, "Actual Total Time": 55.976, "Actual Rows": 34, "Actual Loops": 1, "Subplans Removed": 0, "Plans": [{"Node Type": "Subquery Scan", "Parent Relationship": "Member", "Parallel Aware": false, "Async Capable": false, "Alias": "web", "Startup Cost": 5902.59, "Total Cost": 5902.62, "Plan Rows": 1, "Plan Width": 84, "Actual Startup Time": 10.569, "Actual Total Time": 10.634, "Actual Rows": 11, "Actual Loops": 1, "Filter": "((web.return_rank <= 10) OR (web.currency_rank <= 10))", "Rows Removed by Filter": 8, "Plans": [{"Node Type": "WindowAgg", "Parent Relationship": "Subquery", "Parallel Aware": false, "Async Capable": false, "Startup Cost": 5902.59, "Total Cost": 5902.61, "Plan Rows": 1, "Plan Width": 84, "Actual Startup Time": 10.568, "Actual Total Time": 10.632, "Actual Rows": 19, "Actual Loops": 1, "Plans": [{"Node Type": "Sort", "Parent Relationship": "Outer", "Parallel Aware": false, "Async Capable": false, "Startup Cost": 5902.59, "Total Cost": 5902.59, "Plan Rows": 1, "Plan Width": 76, "Actual Startup Time": 10.566, "Actual Total Time": 10.622, "Actual Rows": 19, "Actual Loops": 1, "Sort Key": ["in_web.return_ratio"], "Sort Method": "quicksort", "Sort Space Used": 26, "Sort Space Type": "Memory", "Plans": [{"Node Type": "WindowAgg", "Parent Relationship": "Outer", "Parallel Aware": false, "Async Capable": false, "Startup Cost": 5902.56, "Total Cost": 5902.58, "Plan Rows": 1, "Plan Width": 76, "Actual Startup Time": 10.554, "Actual Total Time": 10.617, "Actual Rows": 19, "Actual Loops": 1, "Plans": [{"Node Type": "Sort", "Parent Relationship": "Outer", "Parallel Aware": false, "Async Capable": false, "Startup Cost": 5902.56, "Total Cost": 5902.56, "Plan Rows": 1, "Plan Width": 68, "Actual Startup Time": 10.55, "Actual Total Time": 10.605, "Actual Rows": 19, "Actual Loops": 1, "Sort Key": ["in_web.currency_ratio"], "Sort Method": "quicksort", "Sort Space Used": 26, "Sort Space Type": "Memory", "Plans": [{"Node Type": "Subquery Scan", "Parent Relationship": "Outer", "Parallel Aware": false, "Async Capable": false, "Alias": "in_web", "Startup Cost": 5902.48, "Total Cost": 5902.55, "Plan Rows": 1, "Plan Width": 68, "Actual Startup Time": 10.529, "Actual Total Time": 10.6, "Actual Rows": 19, "Actual Loops": 1, "Plans": [{"Node Type": "Aggregate", "Strategy": "Sorted", "Partial Mode": "Simple", "Parent Relationship": "Subquery", "Parallel Aware": false, "Async Capable": false, "Startup Cost": 5902.48, "Total Cost": 5902.54, "Plan Rows": 1, "Plan Width": 68, "Actual Startup Time": 10.529, "Actual Total Time": 10.599, "Actual Rows": 19, "Actual Loops": 1, "Group Key": ["ws.ws_item_sk"], "Plans": [{"Node Type": "Sort", "Parent Relationship": "Outer", "Parallel Aware": false, "Async Capable": false, "Startup Cost": 5902.48, "Total Cost": 5902.49, "Plan Rows": 1, "Plan Width": 24, "Actual Startup Time": 10.518, "Actual Total Time": 10.574, "Actual Rows": 19, "Actual Loops": 1, "Sort Key": ["ws.ws_item_sk"], "Sort Method": "quicksort", "Sort Space Used": 26, "Sort Space Type": "Memory", "Plans": [{"Node Type": "Nested Loop", "Parent Relationship": "Outer", "Parallel Aware": false, "Async Capable": false, "Join Type": "Inner", "Startup Cost": 1000.73, "Total Cost": 5902.47, "Plan Rows": 1, "Plan Width": 24, "Actual Startup Time": 2.714, "Actual Total Time": 10.567, "Actual Rows": 19, "Actual Loops": 1, "Inner Unique": true, "Plans": [{"Node Type": "Gather", "Parent Relationship": "Outer", "Parallel Aware": false, "Async Capable": false, "Startup Cost": 1000.43, "Total Cost": 5902.13, "Plan Rows": 1, "Plan Width": 28, "Actual Startup Time": 0.171, "Actual Total Time": 9.798, "Actual Rows": 571, "Actual Loops": 1, "Workers Planned": 1, "Workers Launched": 1, "Single Copy": false, "Plans": [{"Node Type": "Nested Loop", "Parent Relationship": "Outer", "Parallel Aware": false, "Async Capable": false, "Join Type": "Inner", "Startup Cost": 0.43, "Total Cost": 4902.03, "Plan Rows": 1, "Plan Width": 28, "Actual Startup Time": 0.073, "Actual Total Time": 8.689, "Actual Rows": 286, "Actual Loops": 2, "Inner Unique": true, "Workers": [], "Plans": [{"Node Type": "Seq Scan", "Parent Relationship": "Outer", "Parallel Aware": true, "Async Capable": false, "Relation Name": "web_returns", "Alias": "wr", "Startup Cost": 0.0, "Total Cost": 1854.67, "Plan Rows": 385, "Plan Width": 18, "Actual Startup Time": 0.041, "Actual Total Time": 6.038, "Actual Rows": 316, "Actual Loops": 2, "Filter": "(wr_return_amt > '10000'::numeric)", "Rows Removed by Filter": 35566, "Workers": []}, {"Node Type": "Memoize", "Parent Relationship": "Inner", "Parallel Aware": false, "Async Capable": false, "Startup Cost": 0.43, "Total Cost": 7.94, "Plan Rows": 1, "Plan Width": 22, "Actual Startup Time": 0.008, "Actual Total Time": 0.008, "Actual Rows": 1, "Actual Loops": 632, "Cache Key": "wr.wr_order_number, wr.wr_item_sk", "Cache Mode": "logical", "Cache Hits": 0, "Cache Misses": 367, "Cache Evictions": 0, "Cache Overflows": 0, "Peak Memory Usage": 46, "Workers": [{"Worker Number": 0, "Cache Hits": 0, "Cache Misses": 265, "Cache Evictions": 0, "Cache Overflows": 0, "Peak Memory Usage": 33}], "Plans": [{"Node Type": "Index Scan", "Parent Relationship": "Outer", "Parallel Aware": false, "Async Capable": false, "Scan Direction": "Forward", "Index Name": "web_sales_pkey", "Relation Name": "web_sales", "Alias": "ws", "Startup Cost": 0.42, "Total Cost": 7.93, "Plan Rows": 1, "Plan Width": 22, "Actual Startup Time": 0.008, "Actual Total Time": 0.008, "Actual Rows": 1, "Actual Loops": 632, "Index Cond": "((ws_item_sk = wr.wr_item_sk) AND (ws_order_number = wr.wr_order_number))", "Rows Removed by Index Recheck": 0, "Filter": "((ws_net_profit > '1'::numeric) AND (ws_net_paid > '0'::numeric) AND (ws_quantity > 0))", "Rows Removed by Filter": 0, "Workers": []}]}]}]}, {"Node Type": "Index Scan", "Parent Relationship": "Inner", "Parallel Aware": false, "Async Capable": false, "Scan Direction": "Forward", "Index Name": "date_dim_pkey", "Relation Name": "date_dim", "Alias": "date_dim", "Startup Cost": 0.29, "Total Cost": 0.34, "Plan Rows": 1, "Plan Width": 4, "Actual Startup Time": 0.001, "Actual Total Time": 0.001, "Actual Rows": 0, "Actual Loops": 571, "Index Cond": "(d_date_sk = ws.ws_sold_date_sk)", "Rows Removed by Index Recheck": 0, "Filter": "((d_year = 1998) AND (d_moy = 11))", "Rows Removed by Filter": 1}]}]}]}]}]}]}]}]}]}, {"Node Type": "Subquery Scan", "Parent Relationship": "Member", "Parallel Aware": false, "Async Capable": false, "Alias": "catalog", "Startup Cost": 11236.88, "Total Cost": 11236.91, "Plan Rows": 1, "Plan Width": 84, "Actual Startup Time": 27.473, "Actual Total Time": 27.507, "Actual Rows": 10, "Actual Loops": 1, "Filter": "((catalog.return_rank <= 10) OR (catalog.currency_rank <= 10))", "Rows Removed by Filter": 40, "Plans": [{"Node Type": "WindowAgg", "Parent Relationship": "Subquery", "Parallel Aware": false, "Async Capable": false, "Startup Cost": 11236.88, "Total Cost": 11236.9, "Plan Rows": 1, "Plan Width": 84, "Actual Startup Time": 27.472, "Actual Total Time": 27.504, "Actual Rows": 50, "Actual Loops": 1, "Plans": [{"Node Type": "Sort", "Parent Relationship": "Outer", "Parallel Aware": false, "Async Capable": false, "Startup Cost": 11236.88, "Total Cost": 11236.88, "Plan Rows": 1, "Plan Width": 76, "Actual Startup Time": 27.47, "Actual Total Time": 27.481, "Actual Rows": 50, "Actual Loops": 1, "Sort Key": ["in_cat.return_ratio"], "Sort Method": "quicksort", "Sort Space Used": 28, "Sort Space Type": "Memory", "Plans": [{"Node Type": "WindowAgg", "Parent Relationship": "Outer", "Parallel Aware": false, "Async Capable": false, "Startup Cost": 11236.85, "Total Cost": 11236.87, "Plan Rows": 1, "Plan Width": 76, "Actual Startup Time": 27.439, "Actual Total Time": 27.466, "Actual Rows": 50, "Actual Loops": 1, "Plans": [{"Node Type": "Sort", "Parent Relationship": "Outer", "Parallel Aware": false, "Async Capable": false, "Startup Cost": 11236.85, "Total Cost": 11236.85, "Plan Rows": 1, "Plan Width": 68, "Actual Startup Time": 27.429, "Actual Total Time": 27.44, "Actual Rows": 50, "Actual Loops": 1, "Sort Key": ["in_cat.currency_ratio"], "Sort Method": "quicksort", "Sort Space Used": 28, "Sort Space Type": "Memory", "Plans": [{"Node Type": "Subquery Scan", "Parent Relationship": "Outer", "Parallel Aware": false, "Async Capable": false, "Alias": "in_cat", "Startup Cost": 11236.77, "Total Cost": 11236.84, "Plan Rows": 1, "Plan Width": 68, "Actual Startup Time": 27.376, "Actual Total Time": 27.429, "Actual Rows": 50, "Actual Loops": 1, "Plans": [{"Node Type": "Aggregate", "Strategy": "Sorted", "Partial Mode": "Simple", "Parent Relationship": "Subquery", "Parallel Aware": false, "Async Capable": false, "Startup Cost": 11236.77, "Total Cost": 11236.83, "Plan Rows": 1, "Plan Width": 68, "Actual Startup Time": 27.365, "Actual Total Time": 27.416, "Actual Rows": 50, "Actual Loops": 1, "Group Key": ["cs.cs_item_sk"], "Plans": [{"Node Type": "Sort", "Parent Relationship": "Outer", "Parallel Aware": false, "Async Capable": false, "Startup Cost": 11236.77, "Total Cost": 11236.78, "Plan Rows": 1, "Plan Width": 24, "Actual Startup Time": 27.355, "Actual Total Time": 27.366, "Actual Rows": 51, "Actual Loops": 1, "Sort Key": ["cs.cs_item_sk"], "Sort Method": "quicksort", "Sort Space Used": 28, "Sort Space Type": "Memory", "Plans": [{"Node Type": "Nested Loop", "Parent Relationship": "Outer", "Parallel Aware": false, "Async Capable": false, "Join Type": "Inner", "Startup Cost": 1000.73, "Total Cost": 11236.76, "Plan Rows": 1, "Plan Width": 24, "Actual Startup Time": 5.082, "Actual Total Time": 27.352, "Actual Rows": 51, "Actual Loops": 1, "Inner Unique": true, "Plans": [{"Node Type": "Gather", "Parent Relationship": "Outer", "Parallel Aware": false, "Async Capable": false, "Startup Cost": 1000.44, "Total Cost": 11236.44, "Plan Rows": 1, "Plan Width": 28, "Actual Startup Time": 0.214, "Actual Total Time": 26.43, "Actual Rows": 1083, "Actual Loops": 1, "Workers Planned": 1, "Workers Launched": 1, "Single Copy": false, "Plans": [{"Node Type": "Nested Loop", "Parent Relationship": "Outer", "Parallel Aware": false, "Async Capable": false, "Join Type": "Inner", "Startup Cost": 0.44, "Total Cost": 10236.34, "Plan Rows": 1, "Plan Width": 28, "Actual Startup Time": 0.087, "Actual Total Time": 25.529, "Actual Rows": 542, "Actual Loops": 2, "Inner Unique": true, "Workers": [], "Plans": [{"Node Type": "Seq Scan", "Parent Relationship": "Outer", "Parallel Aware": true, "Async Capable": false, "Relation Name": "catalog_returns", "Alias": "cr", "Startup Cost": 0.0, "Total Cost": 3936.32, "Plan Rows": 792, "Plan Width": 18, "Actual Startup Time": 0.049, "Actual Total Time": 13.108, "Actual Rows": 608, "Actual Loops": 2, "Filter": "(cr_return_amount > '10000'::numeric)", "Rows Removed by Filter": 71425, "Workers": []}, {"Node Type": "Memoize", "Parent Relationship": "Inner", "Parallel Aware": false, "Async Capable": false, "Startup Cost": 0.44, "Total Cost": 7.97, "Plan Rows": 1, "Plan Width": 22, "Actual Startup Time": 0.02, "Actual Total Time": 0.02, "Actual Rows": 1, "Actual Loops": 1217, "Cache Key": "cr.cr_order_number, cr.cr_item_sk", "Cache Mode": "logical", "Cache Hits": 0, "Cache Misses": 640, "Cache Evictions": 0, "Cache Overflows": 0, "Peak Memory Usage": 79, "Workers": [{"Worker Number": 0, "Cache Hits": 0, "Cache Misses": 577, "Cache Evictions": 0, "Cache Overflows": 0, "Peak Memory Usage": 70}], "Plans": [{"Node Type": "Index Scan", "Parent Relationship": "Outer", "Parallel Aware": false, "Async Capable": false, "Scan Direction": "Forward", "Index Name": "catalog_sales_pkey", "Relation Name": "catalog_sales", "Alias": "cs", "Startup Cost": 0.43, "Total Cost": 7.96, "Plan Rows": 1, "Plan Width": 22, "Actual Startup Time": 0.02, "Actual Total Time": 0.02, "Actual Rows": 1, "Actual Loops": 1217, "Index Cond": "((cs_item_sk = cr.cr_item_sk) AND (cs_order_number = cr.cr_order_number))", "Rows Removed by Index Recheck": 0, "Filter": "((cs_net_profit > '1'::numeric) AND (cs_net_paid > '0'::numeric) AND (cs_quantity > 0))", "Rows Removed by Filter": 0, "Workers": []}]}]}]}, {"Node Type": "Index Scan", "Parent Relationship": "Inner", "Parallel Aware": false, "Async Capable": false, "Scan Direction": "Forward", "Index Name": "date_dim_pkey", "Relation Name": "date_dim", "Alias": "date_dim_1", "Startup Cost": 0.29, "Total Cost": 0.33, "Plan Rows": 1, "Plan Width": 4, "Actual Startup Time": 0.001, "Actual Total Time": 0.001, "Actual Rows": 0, "Actual Loops": 1083, "Index Cond": "(d_date_sk = cs.cs_sold_date_sk)", "Rows Removed by Index Recheck": 0, "Filter": "((d_year = 1998) AND (d_moy = 11))", "Rows Removed by Filter": 1}]}]}]}]}]}]}]}]}]}, {"Node Type": "Subquery Scan", "Parent Relationship": "Member", "Parallel Aware": false, "Async Capable": false, "Alias": "store", "Startup Cost": 12898.23, "Total Cost": 12898.26, "Plan Rows": 1, "Plan Width": 84, "Actual Startup Time": 17.084, "Actual Total Time": 17.831, "Actual Rows": 13, "Actual Loops": 1, "Filter": "((store.return_rank <= 10) OR (store.currency_rank <= 10))", "Rows Removed by Filter": 6, "Plans": [{"Node Type": "WindowAgg", "Parent Relationship": "Subquery", "Parallel Aware": false, "Async Capable": false, "Startup Cost": 12898.23, "Total Cost": 12898.25, "Plan Rows": 1, "Plan Width": 84, "Actual Startup Time": 17.083, "Actual Total Time": 17.829, "Actual Rows": 19, "Actual Loops": 1, "Plans": [{"Node Type": "Sort", "Parent Relationship": "Outer", "Parallel Aware": false, "Async Capable": false, "Startup Cost": 12898.23, "Total Cost": 12898.23, "Plan Rows": 1, "Plan Width": 76, "Actual Startup Time": 17.081, "Actual Total Time": 17.821, "Actual Rows": 19, "Actual Loops": 1, "Sort Key": ["in_store.return_ratio"], "Sort Method": "quicksort", "Sort Space Used": 26, "Sort Space Type": "Memory", "Plans": [{"Node Type": "WindowAgg", "Parent Relationship": "Outer", "Parallel Aware": false, "Async Capable": false, "Startup Cost": 12898.2, "Total Cost": 12898.22, "Plan Rows": 1, "Plan Width": 76, "Actual Startup Time": 17.067, "Actual Total Time": 17.814, "Actual Rows": 19, "Actual Loops": 1, "Plans": [{"Node Type": "Sort", "Parent Relationship": "Outer", "Parallel Aware": false, "Async Capable": false, "Startup Cost": 12898.2, "Total Cost": 12898.2, "Plan Rows": 1, "Plan Width": 68, "Actual Startup Time": 17.063, "Actual Total Time": 17.802, "Actual Rows": 19, "Actual Loops": 1, "Sort Key": ["in_store.currency_ratio"], "Sort Method": "quicksort", "Sort Space Used": 26, "Sort Space Type": "Memory", "Plans": [{"Node Type": "Subquery Scan", "Parent Relationship": "Outer", "Parallel Aware": false, "Async Capable": false, "Alias": "in_store", "Startup Cost": 12898.12, "Total Cost": 12898.19, "Plan Rows": 1, "Plan Width": 68, "Actual Startup Time": 17.04, "Actual Total Time": 17.797, "Actual Rows": 19, "Actual Loops": 1, "Plans": [{"Node Type": "Aggregate", "Strategy": "Sorted", "Partial Mode": "Simple", "Parent Relationship": "Subquery", "Parallel Aware": false, "Async Capable": false, "Startup Cost": 12898.12, "Total Cost": 12898.18, "Plan Rows": 1, "Plan Width": 68, "Actual Startup Time": 17.039, "Actual Total Time": 17.795, "Actual Rows": 19, "Actual Loops": 1, "Group Key": ["sts.ss_item_sk"], "Plans": [{"Node Type": "Sort", "Parent Relationship": "Outer", "Parallel Aware": false, "Async Capable": false, "Startup Cost": 12898.12, "Total Cost": 12898.13, "Plan Rows": 1, "Plan Width": 24, "Actual Startup Time": 17.031, "Actual Total Time": 17.77, "Actual Rows": 19, "Actual Loops": 1, "Sort Key": ["sts.ss_item_sk"], "Sort Method": "quicksort", "Sort Space Used": 26, "Sort Space Type": "Memory", "Plans": [{"Node Type": "Nested Loop", "Parent Relationship": "Outer", "Parallel Aware": false, "Async Capable": false, "Join Type": "Inner", "Startup Cost": 1000.72, "Total Cost": 12898.11, "Plan Rows": 1, "Plan Width": 24, "Actual Startup Time": 0.972, "Actual Total Time": 17.761, "Actual Rows": 19, "Actual Loops": 1, "Inner Unique": true, "Plans": [{"Node Type": "Gather", "Parent Relationship": "Outer", "Parallel Aware": false, "Async Capable": false, "Startup Cost": 1000.43, "Total Cost": 12897.79, "Plan Rows": 1, "Plan Width": 28, "Actual Startup Time": 0.525, "Actual Total Time": 17.264, "Actual Rows": 391, "Actual Loops": 1, "Workers Planned": 2, "Workers Launched": 2, "Single Copy": false, "Plans": [{"Node Type": "Nested Loop", "Parent Relationship": "Outer", "Parallel Aware": false, "Async Capable": false, "Join Type": "Inner", "Startup Cost": 0.43, "Total Cost": 11897.69, "Plan Rows": 1, "Plan Width": 28, "Actual Startup Time": 0.289, "Actual Total Time": 14.947, "Actual Rows": 130, "Actual Loops": 3, "Inner Unique": true, "Workers": [], "Plans": [{"Node Type": "Seq Scan", "Parent Relationship": "Outer", "Parallel Aware": true, "Async Capable": false, "Relation Name": "store_returns", "Alias": "sr", "Startup Cost": 0.0, "Total Cost": 6288.47, "Plan Rows": 691, "Plan Width": 18, "Actual Startup Time": 0.251, "Actual Total Time": 10.738, "Actual Rows": 169, "Actual Loops": 3, "Filter": "(sr_return_amt > '10000'::numeric)", "Rows Removed by Filter": 95669, "Workers": []}, {"Node Type": "Index Scan", "Parent Relationship": "Inner", "Parallel Aware": false, "Async Capable": false, "Scan Direction": "Forward", "Index Name": "store_sales_pkey", "Relation Name": "store_sales", "Alias": "sts", "Startup Cost": 0.43, "Total Cost": 8.12, "Plan Rows": 1, "Plan Width": 22, "Actual Startup Time": 0.025, "Actual Total Time": 0.025, "Actual Rows": 1, "Actual Loops": 507, "Index Cond": "((ss_item_sk = sr.sr_item_sk) AND (ss_ticket_number = sr.sr_ticket_number))", "Rows Removed by Index Recheck": 0, "Filter": "((ss_net_profit > '1'::numeric) AND (ss_net_paid > '0'::numeric) AND (ss_quantity > 0))", "Rows Removed by Filter": 0, "Workers": []}]}]}, {"Node Type": "Index Scan", "Parent Relationship": "Inner", "Parallel Aware": false, "Async Capable": false, "Scan Direction": "Forward", "Index Name": "date_dim_pkey", "Relation Name": "date_dim", "Alias": "date_dim_2", "Startup Cost": 0.29, "Total Cost": 0.32, "Plan Rows": 1, "Plan Width": 4, "Actual Startup Time": 0.001, "Actual Total Time": 0.001, "Actual Rows": 0, "Actual Loops": 391, "Index Cond": "(d_date_sk = sts.ss_sold_date_sk)", "Rows Removed by Index Recheck": 0, "Filter": "((d_year = 1998) AND (d_moy = 11))", "Rows Removed by Filter": 1}]}]}]}]}]}]}]}]}]}]}]}]}]}, "Planning Time": 0.779, "Triggers": [], "Execution Time": 56.226}]