[{"Plan": {"Node Type": "Limit", "Parallel Aware": false, "Async Capable": false, "Startup Cost": 198021.32, "Total Cost": 198024.45, "Plan Rows": 100, "Plan Width": 160, "Actual Startup Time": 647.856, "Actual Total Time": 653.043, "Actual Rows": 100, "Actual Loops": 1, "Plans": [{"Node Type": "Aggregate", "Strategy": "Sorted", "Partial Mode": "Simple", "Parent Relationship": "Outer", "Parallel Aware": false, "Async Capable": false, "Startup Cost": 198021.32, "Total Cost": 198033.86, "Plan Rows": 401, "Plan Width": 160, "Actual Startup Time": 647.855, "Actual Total Time": 653.038, "Actual Rows": 100, "Actual Loops": 1, "Grouping Sets": [{"Group Keys": [["('store channel'::text)", "(('store'::text || (ssr.s_store_id)::text))"], ["('store channel'::text)"], []]}], "Plans": [{"Node Type": "Sort", "Parent Relationship": "Outer", "Parallel Aware": false, "Async Capable": false, "Startup Cost": 198021.32, "Total Cost": 198022.24, "Plan Rows": 368, "Plan Width": 160, "Actual Startup Time": 647.851, "Actual Total Time": 652.97, "Actual Rows": 101, "Actual Loops": 1, "Sort Key": ["('store channel'::text)", "(('store'::text || (ssr.s_store_id)::text))"], "Sort Method": "quicksort", "Sort Space Used": 109, "Sort Space Type": "Memory", "Plans": [{"Node Type": "Append", "Parent Relationship": "Outer", "Parallel Aware": false, "Async Capable": false, "Startup Cost": 82803.59, "Total Cost": 198005.64, "Plan Rows": 368, "Plan Width": 160, "Actual Startup Time": 276.103, "Actual Total Time": 649.193, "Actual Rows": 602, "Actual Loops": 1, "Subplans Removed": 0, "Plans": [{"Node Type": "Subquery Scan", "Parent Relationship": "Member", "Parallel Aware": false, "Async Capable": false, "Alias": "ssr", "Startup Cost": 82803.59, "Total Cost": 82805.86, "Plan Rows": 6, "Plan Width": 160, "Actual Startup Time": 276.103, "Actual Total Time": 277.387, "Actual Rows": 6, "Actual Loops": 1, "Plans": [{"Node Type": "Aggregate", "Strategy": "Sorted", "Partial Mode": "Finalize", "Parent Relationship": "Subquery", "Parallel Aware": false, "Async Capable": false, "Startup Cost": 82803.59, "Total Cost": 82805.76, "Plan Rows": 6, "Plan Width": 145, "Actual Startup Time": 276.098, "Actual Total Time": 277.38, "Actual Rows": 6, "Actual Loops": 1, "Group Key": ["store.s_store_id"], "Plans": [{"Node Type": "Gather Merge", "Parent Relationship": "Outer", "Parallel Aware": false, "Async Capable": false, "Startup Cost": 82803.59, "Total Cost": 82805.37, "Plan Rows": 12, "Plan Width": 145, "Actual Startup Time": 275.842, "Actual Total Time": 277.355, "Actual Rows": 18, "Actual Loops": 1, "Workers Planned": 2, "Workers Launched": 2, "Plans": [{"Node Type": "Aggregate", "Strategy": "Sorted", "Partial Mode": "Partial", "Parent Relationship": "Outer", "Parallel Aware": false, "Async Capable": false, "Startup Cost": 81803.57, "Total Cost": 81803.96, "Plan Rows": 6, "Plan Width": 145, "Actual Startup Time": 273.778, "Actual Total Time": 275.013, "Actual Rows": 6, "Actual Loops": 3, "Group Key": ["store.s_store_id"], "Workers": [], "Plans": [{"Node Type": "Sort", "Parent Relationship": "Outer", "Parallel Aware": false, "Async Capable": false, "Startup Cost": 81803.57, "Total Cost": 81803.61, "Plan Rows": 18, "Plan Width": 57, "Actual Startup Time": 273.49, "Actual Total Time": 273.697, "Actual Rows": 10074, "Actual Loops": 3, "Sort Key": ["store.s_store_id"], "Sort Method": "quicksort", "Sort Space Used": 1143, "Sort Space Type": "Memory", "Workers": [{"Worker Number": 0, "Sort Method": "quicksort", "Sort Space Used": 1165, "Sort Space Type": "Memory"}, {"Worker Number": 1, "Sort Method": "quicksort", "Sort Space Used": 1207, "Sort Space Type": "Memory"}], "Plans": [{"Node Type": "Hash Join", "Parent Relationship": "Outer", "Parallel Aware": false, "Async Capable": false, "Join Type": "Inner", "Startup Cost": 2050.93, "Total Cost": 81803.19, "Plan Rows": 18, "Plan Width": 57, "Actual Startup Time": 1.596, "Actual Total Time": 269.93, "Actual Rows": 10074, "Actual Loops": 3, "Inner Unique": true, "Hash Cond": "(store_sales.ss_store_sk = store.s_store_sk)", "Workers": [], "Plans": [{"Node Type": "Hash Join", "Parent Relationship": "Outer", "Parallel Aware": true, "Async Capable": false, "Join Type": "Inner", "Startup Cost": 2049.66, "Total Cost": 81801.15, "Plan Rows": 289, "Plan Width": 44, "Actual Startup Time": 1.545, "Actual Total Time": 268.984, "Actual Rows": 10301, "Actual Loops": 3, "Inner Unique": true, "Hash Cond": "(store_sales.ss_sold_date_sk = date_dim.d_date_sk)", "Workers": [], "Plans": [{"Node Type": "Append", "Parent Relationship": "Outer", "Parallel Aware": true, "Async Capable": false, "Startup Cost": 0.0, "Total Cost": 76286.4, "Plan Rows": 1319960, "Plan Width": 48, "Actual Startup Time": 0.063, "Actual Total Time": 214.141, "Actual Rows": 1055973, "Actual Loops": 3, "Workers": [], "Subplans Removed": 0, "Plans": [{"Node Type": "Seq Scan", "Parent Relationship": "Member", "Parallel Aware": true, "Async Capable": false, "Relation Name": "store_sales", "Alias": "store_sales", "Startup Cost": 0.0, "Total Cost": 63697.62, "Plan Rows": 1200162, "Plan Width": 48, "Actual Startup Time": 0.046, "Actual Total Time": 163.184, "Actual Rows": 960135, "Actual Loops": 3, "Workers": []}, {"Node Type": "Seq Scan", "Parent Relationship": "Member", "Parallel Aware": true, "Async Capable": false, "Relation Name": "store_returns", "Alias": "store_returns", "Startup Cost": 0.0, "Total Cost": 5988.98, "Plan Rows": 119798, "Plan Width": 48, "Actual Startup Time": 0.062, "Actual Total Time": 22.277, "Actual Rows": 143757, "Actual Loops": 2, "Workers": []}]}, {"Node Type": "Hash", "Parent Relationship": "Inner", "Parallel Aware": true, "Async Capable": false, "Startup Cost": 2049.55, "Total Cost": 2049.55, "Plan Rows": 9, "Plan Width": 4, "Actual Startup Time": 1.379, "Actual Total Time": 1.379, "Actual Rows": 5, "Actual Loops": 3, "Hash Buckets": 1024, "Original Hash Buckets": 1024, "Hash Batches": 1, "Original Hash Batches": 1, "Peak Memory Usage": 40, "Workers": [], "Plans": [{"Node Type": "Seq Scan", "Parent Relationship": "Outer", "Parallel Aware": true, "Async Capable": false, "Relation Name": "date_dim", "Alias": "date_dim", "Startup Cost": 0.0, "Total Cost": 2049.55, "Plan Rows": 9, "Plan Width": 4, "Actual Startup Time": 0.898, "Actual Total Time": 1.362, "Actual Rows": 5, "Actual Loops": 3, "Filter": "((d_date >= '2000-08-19'::date) AND (d_date <= '2000-09-02 00:00:00'::timestamp without time zone))", "Rows Removed by Filter": 24345, "Workers": []}]}]}, {"Node Type": "Hash", "Parent Relationship": "Inner", "Parallel Aware": false, "Async Capable": false, "Startup Cost": 1.12, "Total Cost": 1.12, "Plan Rows": 12, "Plan Width": 21, "Actual Startup Time": 0.03, "Actual Total Time": 0.031, "Actual Rows": 12, "Actual Loops": 3, "Hash Buckets": 1024, "Original Hash Buckets": 1024, "Hash Batches": 1, "Original Hash Batches": 1, "Peak Memory Usage": 9, "Workers": [], "Plans": [{"Node Type": "Seq Scan", "Parent Relationship": "Outer", "Parallel Aware": false, "Async Capable": false, "Relation Name": "store", "Alias": "store", "Startup Cost": 0.0, "Total Cost": 1.12, "Plan Rows": 12, "Plan Width": 21, "Actual Startup Time": 0.025, "Actual Total Time": 0.027, "Actual Rows": 12, "Actual Loops": 3, "Workers": []}]}]}]}]}]}]}]}, {"Node Type": "Subquery Scan", "Parent Relationship": "Member", "Parallel Aware": false, "Async Capable": false, "Alias": "csr", "Startup Cost": 55272.93, "Total Cost": 55330.69, "Plan Rows": 347, "Plan Width": 160, "Actual Startup Time": 185.396, "Actual Total Time": 191.901, "Actual Rows": 581, "Actual Loops": 1, "Plans": [{"Node Type": "Aggregate", "Strategy": "Sorted", "Partial Mode": "Simple", "Parent Relationship": "Subquery", "Parallel Aware": false, "Async Capable": false, "Startup Cost": 55272.93, "Total Cost": 55324.62, "Plan Rows": 347, "Plan Width": 145, "Actual Startup Time": 185.394, "Actual Total Time": 191.797, "Actual Rows": 581, "Actual Loops": 1, "Group Key": ["catalog_page.cp_catalog_page_id"], "Plans": [{"Node Type": "Gather Merge", "Parent Relationship": "Outer", "Parallel Aware": false, "Async Capable": false, "Startup Cost": 55272.93, "Total Cost": 55313.34, "Plan Rows": 347, "Plan Width": 57, "Actual Startup Time": 185.363, "Actual Total Time": 189.531, "Actual Rows": 15841, "Actual Loops": 1, "Workers Planned": 2, "Workers Launched": 2, "Plans": [{"Node Type": "Sort", "Parent Relationship": "Outer", "Parallel Aware": false, "Async Capable": false, "Startup Cost": 54272.9, "Total Cost": 54273.27, "Plan Rows": 145, "Plan Width": 57, "Actual Startup Time": 183.041, "Actual Total Time": 183.173, "Actual Rows": 5280, "Actual Loops": 3, "Sort Key": ["catalog_page.cp_catalog_page_id"], "Sort Method": "quicksort", "Sort Space Used": 602, "Sort Space Type": "Memory", "Workers": [{"Worker Number": 0, "Sort Method": "quicksort", "Sort Space Used": 607, "Sort Space Type": "Memory"}, {"Worker Number": 1, "Sort Method": "quicksort", "Sort Space Used": 606, "Sort Space Type": "Memory"}], "Plans": [{"Node Type": "Nested Loop", "Parent Relationship": "Outer", "Parallel Aware": false, "Async Capable": false, "Join Type": "Inner", "Startup Cost": 2049.95, "Total Cost": 54267.7, "Plan Rows": 145, "Plan Width": 57, "Actual Startup Time": 35.253, "Actual Total Time": 165.793, "Actual Rows": 5280, "Actual Loops": 3, "Inner Unique": true, "Workers": [], "Plans": [{"Node Type": "Hash Join", "Parent Relationship": "Outer", "Parallel Aware": true, "Async Capable": false, "Join Type": "Inner", "Startup Cost": 2049.66, "Total Cost": 54223.73, "Plan Rows": 145, "Plan Width": 44, "Actual Startup Time": 34.095, "Actual Total Time": 160.127, "Actual Rows": 5294, "Actual Loops": 3, "Inner Unique": true, "Hash Cond": "(catalog_sales.cs_sold_date_sk = date_dim_1.d_date_sk)", "Workers": [], "Plans": [{"Node Type": "Append", "Parent Relationship": "Outer", "Parallel Aware": true, "Async Capable": false, "Startup Cost": 0.0, "Total Cost": 50439.64, "Plan Rows": 660698, "Plan Width": 48, "Actual Startup Time": 0.03, "Actual Total Time": 129.689, "Actual Rows": 528538, "Actual Loops": 3, "Workers": [], "Subplans Removed": 0, "Plans": [{"Node Type": "Seq Scan", "Parent Relationship": "Member", "Parallel Aware": true, "Async Capable": false, "Relation Name": "catalog_sales", "Alias": "catalog_sales", "Startup Cost": 0.0, "Total Cost": 43411.7, "Plan Rows": 600670, "Plan Width": 48, "Actual Startup Time": 0.037, "Actual Total Time": 100.903, "Actual Rows": 480516, "Actual Loops": 3, "Workers": []}, {"Node Type": "Seq Scan", "Parent Relationship": "Member", "Parallel Aware": true, "Async Capable": false, "Relation Name": "catalog_returns", "Alias": "catalog_returns", "Startup Cost": 0.0, "Total Cost": 3724.45, "Plan Rows": 84745, "Plan Width": 48, "Actual Startup Time": 0.026, "Actual Total Time": 16.008, "Actual Rows": 72034, "Actual Loops": 2, "Workers": []}]}, {"Node Type": "Hash", "Parent Relationship": "Inner", "Parallel Aware": true, "Async Capable": false, "Startup Cost": 2049.55, "Total Cost": 2049.55, "Plan Rows": 9, "Plan Width": 4, "Actual Startup Time": 1.392, "Actual Total Time": 1.392, "Actual Rows": 5, "Actual Loops": 3, "Hash Buckets": 1024, "Original Hash Buckets": 1024, "Hash Batches": 1, "Original Hash Batches": 1, "Peak Memory Usage": 40, "Workers": [], "Plans": [{"Node Type": "Seq Scan", "Parent Relationship": "Outer", "Parallel Aware": true, "Async Capable": false, "Relation Name": "date_dim", "Alias": "date_dim_1", "Startup Cost": 0.0, "Total Cost": 2049.55, "Plan Rows": 9, "Plan Width": 4, "Actual Startup Time": 0.974, "Actual Total Time": 1.371, "Actual Rows": 5, "Actual Loops": 3, "Filter": "((d_date >= '2000-08-19'::date) AND (d_date <= '2000-09-02 00:00:00'::timestamp without time zone))", "Rows Removed by Filter": 24345, "Workers": []}]}]}, {"Node Type": "Index Scan", "Parent Relationship": "Inner", "Parallel Aware": false, "Async Capable": false, "Scan Direction": "Forward", "Index Name": "catalog_page_pkey", "Relation Name": "catalog_page", "Alias": "catalog_page", "Startup Cost": 0.29, "Total Cost": 0.3, "Plan Rows": 1, "Plan Width": 21, "Actual Startup Time": 0.001, "Actual Total Time": 0.001, "Actual Rows": 1, "Actual Loops": 15882, "Index Cond": "(cp_catalog_page_sk = catalog_sales.cs_catalog_page_sk)", "Rows Removed by Index Recheck": 0, "Workers": []}]}]}]}]}]}, {"Node Type": "Subquery Scan", "Parent Relationship": "Member", "Parallel Aware": false, "Async Capable": false, "Alias": "wsr", "Startup Cost": 59863.33, "Total Cost": 59867.25, "Plan Rows": 15, "Plan Width": 160, "Actual Startup Time": 173.149, "Actual Total Time": 179.881, "Actual Rows": 15, "Actual Loops": 1, "Plans": [{"Node Type": "Aggregate", "Strategy": "Sorted", "Partial Mode": "Simple", "Parent Relationship": "Subquery", "Parallel Aware": false, "Async Capable": false, "Startup Cost": 59863.33, "Total Cost": 59866.98, "Plan Rows": 15, "Plan Width": 145, "Actual Startup Time": 173.147, "Actual Total Time": 179.876, "Actual Rows": 15, "Actual Loops": 1, "Group Key": ["web_site.web_site_id"], "Plans": [{"Node Type": "Gather Merge", "Parent Relationship": "Outer", "Parallel Aware": false, "Async Capable": false, "Startup Cost": 59863.33, "Total Cost": 59866.36, "Plan Rows": 26, "Plan Width": 57, "Actual Startup Time": 173.026, "Actual Total Time": 178.84, "Actual Rows": 8395, "Actual Loops": 1, "Workers Planned": 2, "Workers Launched": 2, "Plans": [{"Node Type": "Sort", "Parent Relationship": "Outer", "Parallel Aware": false, "Async Capable": false, "Startup Cost": 58863.31, "Total Cost": 58863.33, "Plan Rows": 11, "Plan Width": 57, "Actual Startup Time": 170.059, "Actual Total Time": 170.117, "Actual Rows": 2798, "Actual Loops": 3, "Sort Key": ["web_site.web_site_id"], "Sort Method": "quicksort", "Sort Space Used": 523, "Sort Space Type": "Memory", "Workers": [{"Worker Number": 0, "Sort Method": "quicksort", "Sort Space Used": 410, "Sort Space Type": "Memory"}, {"Worker Number": 1, "Sort Method": "quicksort", "Sort Space Used": 36, "Sort Space Type": "Memory"}], "Plans": [{"Node Type": "Hash Join", "Parent Relationship": "Outer", "Parallel Aware": false, "Async Capable": false, "Join Type": "Inner", "Startup Cost": 2052.34, "Total Cost": 58863.12, "Plan Rows": 11, "Plan Width": 57, "Actual Startup Time": 50.428, "Actual Total Time": 167.179, "Actual Rows": 2798, "Actual Loops": 3, "Inner Unique": true, "Hash Cond": "(\"*SELECT* 2\".wsr_web_site_sk = web_site.web_site_sk)", "Workers": [], "Plans": [{"Node Type": "Hash Join", "Parent Relationship": "Outer", "Parallel Aware": true, "Async Capable": false, "Join Type": "Inner", "Startup Cost": 2049.66, "Total Cost": 58860.25, "Plan Rows": 72, "Plan Width": 44, "Actual Startup Time": 50.342, "Actual Total Time": 166.83, "Actual Rows": 2799, "Actual Loops": 3, "Inner Unique": true, "Hash Cond": "(\"*SELECT* 2\".date_sk = date_dim_2.d_date_sk)", "Workers": [], "Plans": [{"Node Type": "Append", "Parent Relationship": "Outer", "Parallel Aware": true, "Async Capable": false, "Startup Cost": 0.0, "Total Cost": 55890.28, "Plan Rows": 350575, "Plan Width": 48, "Actual Startup Time": 48.454, "Actual Total Time": 152.852, "Actual Rows": 263716, "Actual Loops": 3, "Workers": [], "Subplans Removed": 0, "Plans": [{"Node Type": "Subquery Scan", "Parent Relationship": "Member", "Parallel Aware": false, "Async Capable": false, "Alias": "*SELECT* 2", "Startup Cost": 27724.58, "Total Cost": 32372.97, "Plan Rows": 71763, "Plan Width": 48, "Actual Startup Time": 75.931, "Actual Total Time": 95.065, "Actual Rows": 23921, "Actual Loops": 3, "Workers": [], "Plans": [{"Node Type": "Hash Join", "Parent Relationship": "Subquery", "Parallel Aware": true, "Async Capable": false, "Join Type": "Left", "Startup Cost": 27724.58, "Total Cost": 31655.34, "Plan Rows": 42214, "Plan Width": 48, "Actual Startup Time": 75.93, "Actual Total Time": 94.108, "Actual Rows": 23921, "Actual Loops": 3, "Inner Unique": true, "Hash Cond": "((web_returns.wr_item_sk = web_sales_1.ws_item_sk) AND (web_returns.wr_order_number = web_sales_1.ws_order_number))", "Workers": [], "Plans": [{"Node Type": "Seq Scan", "Parent Relationship": "Outer", "Parallel Aware": true, "Async Capable": false, "Relation Name": "web_returns", "Alias": "web_returns", "Startup Cost": 0.0, "Total Cost": 1749.14, "Plan Rows": 42214, "Plan Width": 24, "Actual Startup Time": 0.04, "Actual Total Time": 5.226, "Actual Rows": 23921, "Actual Loops": 3, "Workers": []}, {"Node Type": "Hash", "Parent Relationship": "Inner", "Parallel Aware": true, "Async Capable": false, "Startup Cost": 21764.43, "Total Cost": 21764.43, "Plan Rows": 299743, "Plan Width": 12, "Actual Startup Time": 62.668, "Actual Total Time": 62.668, "Actual Rows": 239795, "Actual Loops": 3, "Hash Buckets": 131072, "Original Hash Buckets": 131072, "Hash Batches": 16, "Original Hash Batches": 16, "Peak Memory Usage": 3168, "Workers": [], "Plans": [{"Node Type": "Seq Scan", "Parent Relationship": "Outer", "Parallel Aware": true, "Async Capable": false, "Relation Name": "web_sales", "Alias": "web_sales_1", "Startup Cost": 0.0, "Total Cost": 21764.43, "Plan Rows": 299743, "Plan Width": 12, "Actual Startup Time": 0.005, "Actual Total Time": 33.003, "Actual Rows": 239795, "Actual Loops": 3, "Workers": []}]}]}]}, {"Node Type": "Seq Scan", "Parent Relationship": "Member", "Parallel Aware": true, "Async Capable": false, "Relation Name": "web_sales", "Alias": "web_sales", "Startup Cost": 0.0, "Total Cost": 21764.43, "Plan Rows": 299743, "Plan Width": 48, "Actual Startup Time": 0.022, "Actual Total Time": 73.14, "Actual Rows": 359692, "Actual Loops": 2, "Workers": []}]}, {"Node Type": "Hash", "Parent Relationship": "Inner", "Parallel Aware": true, "Async Capable": false, "Startup Cost": 2049.55, "Total Cost": 2049.55, "Plan Rows": 9, "Plan Width": 4, "Actual Startup Time": 1.412, "Actual Total Time": 1.413, "Actual Rows": 5, "Actual Loops": 3, "Hash Buckets": 1024, "Original Hash Buckets": 1024, "Hash Batches": 1, "Original Hash Batches": 1, "Peak Memory Usage": 40, "Workers": [], "Plans": [{"Node Type": "Seq Scan", "Parent Relationship": "Outer", "Parallel Aware": true, "Async Capable": false, "Relation Name": "date_dim", "Alias": "date_dim_2", "Startup Cost": 0.0, "Total Cost": 2049.55, "Plan Rows": 9, "Plan Width": 4, "Actual Startup Time": 1.032, "Actual Total Time": 1.402, "Actual Rows": 5, "Actual Loops": 3, "Filter": "((d_date >= '2000-08-19'::date) AND (d_date <= '2000-09-02 00:00:00'::timestamp without time zone))", "Rows Removed by Filter": 24345, "Workers": []}]}]}, {"Node Type": "Hash", "Parent Relationship": "Inner", "Parallel Aware": false, "Async Capable": false, "Startup Cost": 2.3, "Total Cost": 2.3, "Plan Rows": 30, "Plan Width": 21, "Actual Startup Time": 0.041, "Actual Total Time": 0.041, "Actual Rows": 30, "Actual Loops": 3, "Hash Buckets": 1024, "Original Hash Buckets": 1024, "Hash Batches": 1, "Original Hash Batches": 1, "Peak Memory Usage": 10, "Workers": [], "Plans": [{"Node Type": "Seq Scan", "Parent Relationship": "Outer", "Parallel Aware": false, "Async Capable": false, "Relation Name": "web_site", "Alias": "web_site", "Startup Cost": 0.0, "Total Cost": 2.3, "Plan Rows": 30, "Plan Width": 21, "Actual Startup Time": 0.031, "Actual Total Time": 0.037, "Actual Rows": 30, "Actual Loops": 3, "Workers": []}]}]}]}]}]}]}]}]}]}]}, "Planning Time": 2.559, "Triggers": [], "Execution Time": 653.119}]