[{"Plan": {"Node Type": "Limit", "Parallel Aware": false, "Async Capable": false, "Startup Cost": 9417.82, "Total Cost": 9418.05, "Plan Rows": 1, "Plan Width": 125, "Actual Startup Time": 71.363, "Actual Total Time": 73.373, "Actual Rows": 6, "Actual Loops": 1, "Plans": [{"Node Type": "Aggregate", "Strategy": "Sorted", "Partial Mode": "Simple", "Parent Relationship": "Outer", "Parallel Aware": false, "Async Capable": false, "Startup Cost": 9417.82, "Total Cost": 9418.05, "Plan Rows": 1, "Plan Width": 125, "Actual Startup Time": 71.362, "Actual Total Time": 73.371, "Actual Rows": 6, "Actual Loops": 1, "Group Key": ["store.s_store_name", "store.s_company_id", "store.s_street_number", "store.s_street_name", "store.s_street_type", "store.s_suite_number", "store.s_city", "store.s_county", "store.s_state", "store.s_zip"], "Plans": [{"Node Type": "Nested Loop", "Parent Relationship": "Outer", "Parallel Aware": false, "Async Capable": false, "Join Type": "Inner", "Startup Cost": 9417.82, "Total Cost": 9417.96, "Plan Rows": 1, "Plan Width": 93, "Actual Startup Time": 71.015, "Actual Total Time": 72.751, "Actual Rows": 2105, "Actual Loops": 1, "Inner Unique": true, "Plans": [{"Node Type": "Gather Merge", "Parent Relationship": "Outer", "Parallel Aware": false, "Async Capable": false, "Startup Cost": 9417.53, "Total Cost": 9417.65, "Plan Rows": 1, "Plan Width": 93, "Actual Startup Time": 70.963, "Actual Total Time": 71.62, "Actual Rows": 2136, "Actual Loops": 1, "Workers Planned": 2, "Workers Launched": 2, "Plans": [{"Node Type": "Sort", "Parent Relationship": "Outer", "Parallel Aware": false, "Async Capable": false, "Startup Cost": 8417.5, "Total Cost": 8417.51, "Plan Rows": 1, "Plan Width": 93, "Actual Startup Time": 69.006, "Actual Total Time": 69.024, "Actual Rows": 712, "Actual Loops": 3, "Sort Key": ["store.s_store_name", "store.s_company_id", "store.s_street_number", "store.s_street_name", "store.s_street_type", "store.s_suite_number", "store.s_city", "store.s_county", "store.s_state", "store.s_zip"], "Sort Method": "quicksort", "Sort Space Used": 129, "Sort Space Type": "Memory", "Workers": [{"Worker Number": 0, "Sort Method": "quicksort", "Sort Space Used": 123, "Sort Space Type": "Memory"}, {"Worker Number": 1, "Sort Method": "quicksort", "Sort Space Used": 121, "Sort Space Type": "Memory"}], "Plans": [{"Node Type": "Nested Loop", "Parent Relationship": "Outer", "Parallel Aware": false, "Async Capable": false, "Join Type": "Inner", "Startup Cost": 2050.34, "Total Cost": 8417.49, "Plan Rows": 1, "Plan Width": 93, "Actual Startup Time": 2.117, "Actual Total Time": 68.032, "Actual Rows": 712, "Actual Loops": 3, "Inner Unique": true, "Workers": [], "Plans": [{"Node Type": "Nested Loop", "Parent Relationship": "Outer", "Parallel Aware": false, "Async Capable": false, "Join Type": "Inner", "Startup Cost": 2050.2, "Total Cost": 8417.34, "Plan Rows": 1, "Plan Width": 12, "Actual Startup Time": 2.088, "Actual Total Time": 67.357, "Actual Rows": 732, "Actual Loops": 3, "Inner Unique": true, "Workers": [], "Plans": [{"Node Type": "Hash Join", "Parent Relationship": "Outer", "Parallel Aware": true, "Async Capable": false, "Join Type": "Inner", "Startup Cost": 2049.78, "Total Cost": 8353.24, "Plan Rows": 48, "Plan Width": 16, "Actual Startup Time": 1.868, "Actual Total Time": 14.925, "Actual Rows": 992, "Actual Loops": 3, "Inner Unique": true, "Hash Cond": "(store_returns.sr_returned_date_sk = d2.d_date_sk)", "Workers": [], "Plans": [{"Node Type": "Seq Scan", "Parent Relationship": "Outer", "Parallel Aware": true, "Async Capable": false, "Relation Name": "store_returns", "Alias": "store_returns", "Startup Cost": 0.0, "Total Cost": 5988.98, "Plan Rows": 119798, "Plan Width": 16, "Actual Startup Time": 0.003, "Actual Total Time": 6.38, "Actual Rows": 95838, "Actual Loops": 3, "Workers": []}, {"Node Type": "Hash", "Parent Relationship": "Inner", "Parallel Aware": true, "Async Capable": false, "Startup Cost": 2049.55, "Total Cost": 2049.55, "Plan Rows": 18, "Plan Width": 4, "Actual Startup Time": 1.788, "Actual Total Time": 1.789, "Actual Rows": 10, "Actual Loops": 3, "Hash Buckets": 1024, "Original Hash Buckets": 1024, "Hash Batches": 1, "Original Hash Batches": 1, "Peak Memory Usage": 40, "Workers": [], "Plans": [{"Node Type": "Seq Scan", "Parent Relationship": "Outer", "Parallel Aware": true, "Async Capable": false, "Relation Name": "date_dim", "Alias": "d2", "Startup Cost": 0.0, "Total Cost": 2049.55, "Plan Rows": 18, "Plan Width": 4, "Actual Startup Time": 1.412, "Actual Total Time": 1.77, "Actual Rows": 10, "Actual Loops": 3, "Filter": "((d_year = 2001) AND (d_moy = 8))", "Rows Removed by Filter": 24339, "Workers": []}]}]}, {"Node Type": "Index Scan", "Parent Relationship": "Inner", "Parallel Aware": false, "Async Capable": false, "Scan Direction": "Forward", "Index Name": "store_sales_pkey", "Relation Name": "store_sales", "Alias": "store_sales", "Startup Cost": 0.43, "Total Cost": 1.33, "Plan Rows": 1, "Plan Width": 20, "Actual Startup Time": 0.053, "Actual Total Time": 0.053, "Actual Rows": 1, "Actual Loops": 2976, "Index Cond": "((ss_item_sk = store_returns.sr_item_sk) AND (ss_ticket_number = store_returns.sr_ticket_number))", "Rows Removed by Index Recheck": 0, "Filter": "(store_returns.sr_customer_sk = ss_customer_sk)", "Rows Removed by Filter": 0, "Workers": []}]}, {"Node Type": "Index Scan", "Parent Relationship": "Inner", "Parallel Aware": false, "Async Capable": false, "Scan Direction": "Forward", "Index Name": "store_pkey", "Relation Name": "store", "Alias": "store", "Startup Cost": 0.14, "Total Cost": 0.15, "Plan Rows": 1, "Plan Width": 89, "Actual Startup Time": 0.0, "Actual Total Time": 0.0, "Actual Rows": 1, "Actual Loops": 2196, "Index Cond": "(s_store_sk = store_sales.ss_store_sk)", "Rows Removed by Index Recheck": 0, "Workers": []}]}]}]}, {"Node Type": "Index Only Scan", "Parent Relationship": "Inner", "Parallel Aware": false, "Async Capable": false, "Scan Direction": "Forward", "Index Name": "date_dim_pkey", "Relation Name": "date_dim", "Alias": "d1", "Startup Cost": 0.29, "Total Cost": 0.31, "Plan Rows": 1, "Plan Width": 4, "Actual Startup Time": 0.0, "Actual Total Time": 0.0, "Actual Rows": 1, "Actual Loops": 2136, "Index Cond": "(d_date_sk = store_sales.ss_sold_date_sk)", "Rows Removed by Index Recheck": 0, "Heap Fetches": 0}]}]}]}, "Planning Time": 0.505, "Triggers": [], "Execution Time": 73.411}]