[{"Plan": {"Node Type": "Limit", "Parallel Aware": false, "Async Capable": false, "Startup Cost": 69993.27, "Total Cost": 69993.32, "Plan Rows": 21, "Plan Width": 91, "Actual Startup Time": 168.937, "Actual Total Time": 170.249, "Actual Rows": 100, "Actual Loops": 1, "Plans": [{"Node Type": "Sort", "Parent Relationship": "Outer", "Parallel Aware": false, "Async Capable": false, "Startup Cost": 69993.27, "Total Cost": 69993.32, "Plan Rows": 21, "Plan Width": 91, "Actual Startup Time": 168.936, "Actual Total Time": 170.244, "Actual Rows": 100, "Actual Loops": 1, "Sort Key": ["(sum(store_sales.ss_ext_sales_price)) DESC", "item.i_brand_id"], "Sort Method": "quicksort", "Sort Space Used": 40, "Sort Space Type": "Memory", "Plans": [{"Node Type": "Aggregate", "Strategy": "Sorted", "Partial Mode": "Finalize", "Parent Relationship": "Outer", "Parallel Aware": false, "Async Capable": false, "Startup Cost": 69990.01, "Total Cost": 69992.8, "Plan Rows": 21, "Plan Width": 91, "Actual Startup Time": 168.562, "Actual Total Time": 170.203, "Actual Rows": 109, "Actual Loops": 1, "Group Key": ["dt.d_year", "item.i_brand", "item.i_brand_id"], "Plans": [{"Node Type": "Gather Merge", "Parent Relationship": "Outer", "Parallel Aware": false, "Async Capable": false, "Startup Cost": 69990.01, "Total Cost": 69992.32, "Plan Rows": 18, "Plan Width": 91, "Actual Startup Time": 168.553, "Actual Total Time": 170.091, "Actual Rows": 318, "Actual Loops": 1, "Workers Planned": 2, "Workers Launched": 2, "Plans": [{"Node Type": "Aggregate", "Strategy": "Sorted", "Partial Mode": "Partial", "Parent Relationship": "Outer", "Parallel Aware": false, "Async Capable": false, "Startup Cost": 68989.99, "Total Cost": 68990.22, "Plan Rows": 9, "Plan Width": 91, "Actual Startup Time": 166.089, "Actual Total Time": 166.188, "Actual Rows": 106, "Actual Loops": 3, "Group Key": ["dt.d_year", "item.i_brand", "item.i_brand_id"], "Workers": [], "Plans": [{"Node Type": "Sort", "Parent Relationship": "Outer", "Parallel Aware": false, "Async Capable": false, "Startup Cost": 68989.99, "Total Cost": 68990.01, "Plan Rows": 9, "Plan Width": 65, "Actual Startup Time": 166.078, "Actual Total Time": 166.09, "Actual Rows": 526, "Actual Loops": 3, "Sort Key": ["item.i_brand", "item.i_brand_id"], "Sort Method": "quicksort", "Sort Space Used": 106, "Sort Space Type": "Memory", "Workers": [{"Worker Number": 0, "Sort Method": "quicksort", "Sort Space Used": 99, "Sort Space Type": "Memory"}, {"Worker Number": 1, "Sort Method": "quicksort", "Sort Space Used": 91, "Sort Space Type": "Memory"}], "Plans": [{"Node Type": "Nested Loop", "Parent Relationship": "Outer", "Parallel Aware": false, "Async Capable": false, "Join Type": "Inner", "Startup Cost": 1365.02, "Total Cost": 68989.85, "Plan Rows": 9, "Plan Width": 65, "Actual Startup Time": 2.626, "Actual Total Time": 164.666, "Actual Rows": 526, "Actual Loops": 3, "Inner Unique": true, "Workers": [], "Plans": [{"Node Type": "Hash Join", "Parent Relationship": "Outer", "Parallel Aware": true, "Async Capable": false, "Join Type": "Inner", "Startup Cost": 1364.72, "Total Cost": 68213.51, "Plan Rows": 21403, "Plan Width": 65, "Actual Startup Time": 2.3, "Actual Total Time": 158.219, "Actual Rows": 16682, "Actual Loops": 3, "Inner Unique": true, "Hash Cond": "(store_sales.ss_item_sk = item.i_item_sk)", "Workers": [], "Plans": [{"Node Type": "Seq Scan", "Parent Relationship": "Outer", "Parallel Aware": true, "Async Capable": false, "Relation Name": "store_sales", "Alias": "store_sales", "Startup Cost": 0.0, "Total Cost": 63697.62, "Plan Rows": 1200162, "Plan Width": 14, "Actual Startup Time": 0.02, "Actual Total Time": 65.718, "Actual Rows": 960135, "Actual Loops": 3, "Workers": []}, {"Node Type": "Hash", "Parent Relationship": "Inner", "Parallel Aware": true, "Async Capable": false, "Startup Cost": 1362.35, "Total Cost": 1362.35, "Plan Rows": 189, "Plan Width": 59, "Actual Startup Time": 2.196, "Actual Total Time": 2.196, "Actual Rows": 107, "Actual Loops": 3, "Hash Buckets": 1024, "Original Hash Buckets": 1024, "Hash Batches": 1, "Original Hash Batches": 1, "Peak Memory Usage": 104, "Workers": [], "Plans": [{"Node Type": "Seq Scan", "Parent Relationship": "Outer", "Parallel Aware": true, "Async Capable": false, "Relation Name": "item", "Alias": "item", "Startup Cost": 0.0, "Total Cost": 1362.35, "Plan Rows": 189, "Plan Width": 59, "Actual Startup Time": 0.046, "Actual Total Time": 2.165, "Actual Rows": 107, "Actual Loops": 3, "Filter": "(i_manager_id = 1)", "Rows Removed by Filter": 5893, "Workers": []}]}]}, {"Node Type": "Memoize", "Parent Relationship": "Inner", "Parallel Aware": false, "Async Capable": false, "Startup Cost": 0.3, "Total Cost": 0.33, "Plan Rows": 1, "Plan Width": 8, "Actual Startup Time": 0.0, "Actual Total Time": 0.0, "Actual Rows": 0, "Actual Loops": 50047, "Cache Key": "store_sales.ss_sold_date_sk", "Cache Mode": "logical", "Cache Hits": 15585, "Cache Misses": 1813, "Cache Evictions": 0, "Cache Overflows": 0, "Peak Memory Usage": 122, "Workers": [{"Worker Number": 0, "Cache Hits": 14523, "Cache Misses": 1810, "Cache Evictions": 0, "Cache Overflows": 0, "Peak Memory Usage": 122}, {"Worker Number": 1, "Cache Hits": 14504, "Cache Misses": 1812, "Cache Evictions": 0, "Cache Overflows": 0, "Peak Memory Usage": 122}], "Plans": [{"Node Type": "Index Scan", "Parent Relationship": "Outer", "Parallel Aware": false, "Async Capable": false, "Scan Direction": "Forward", "Index Name": "date_dim_pkey", "Relation Name": "date_dim", "Alias": "dt", "Startup Cost": 0.29, "Total Cost": 0.32, "Plan Rows": 1, "Plan Width": 8, "Actual Startup Time": 0.001, "Actual Total Time": 0.001, "Actual Rows": 0, "Actual Loops": 5435, "Index Cond": "(d_date_sk = store_sales.ss_sold_date_sk)", "Rows Removed by Index Recheck": 0, "Filter": "((d_moy = 12) AND (d_year = 2000))", "Rows Removed by Filter": 1, "Workers": []}]}]}]}]}]}]}]}]}, "Planning Time": 0.234, "Triggers": [], "Execution Time": 170.4}]