[{"Plan": {"Node Type": "Limit", "Parallel Aware": false, "Async Capable": false, "Startup Cost": 93795.93, "Total Cost": 93795.93, "Plan Rows": 1, "Plan Width": 16, "Actual Startup Time": 164.535, "Actual Total Time": 164.559, "Actual Rows": 0, "Actual Loops": 1, "Plans": [{"Node Type": "Sort", "Parent Relationship": "Outer", "Parallel Aware": false, "Async Capable": false, "Startup Cost": 93795.93, "Total Cost": 93795.93, "Plan Rows": 1, "Plan Width": 16, "Actual Startup Time": 164.535, "Actual Total Time": 164.558, "Actual Rows": 0, "Actual Loops": 1, "Sort Key": ["(((my_revenue.revenue / '50'::numeric))::integer)", "(count(*))"], "Sort Method": "quicksort", "Sort Space Used": 25, "Sort Space Type": "Memory", "Plans": [{"Node Type": "Aggregate", "Strategy": "Sorted", "Partial Mode": "Simple", "Parent Relationship": "Outer", "Parallel Aware": false, "Async Capable": false, "Startup Cost": 93795.88, "Total Cost": 93795.92, "Plan Rows": 1, "Plan Width": 16, "Actual Startup Time": 164.533, "Actual Total Time": 164.557, "Actual Rows": 0, "Actual Loops": 1, "Group Key": ["(((my_revenue.revenue / '50'::numeric))::integer)"], "Plans": [{"Node Type": "Sort", "Parent Relationship": "Outer", "Parallel Aware": false, "Async Capable": false, "Startup Cost": 93795.88, "Total Cost": 93795.89, "Plan Rows": 1, "Plan Width": 36, "Actual Startup Time": 164.533, "Actual Total Time": 164.557, "Actual Rows": 0, "Actual Loops": 1, "Sort Key": ["(((my_revenue.revenue / '50'::numeric))::integer)"], "Sort Method": "quicksort", "Sort Space Used": 25, "Sort Space Type": "Memory", "Plans": [{"Node Type": "Subquery Scan", "Parent Relationship": "Outer", "Parallel Aware": false, "Async Capable": false, "Alias": "my_revenue", "Startup Cost": 25382.47, "Total Cost": 93795.87, "Plan Rows": 1, "Plan Width": 36, "Actual Startup Time": 164.531, "Actual Total Time": 164.555, "Actual Rows": 0, "Actual Loops": 1, "Plans": [{"Node Type": "Aggregate", "Strategy": "Sorted", "Partial Mode": "Simple", "Parent Relationship": "Subquery", "Parallel Aware": false, "Async Capable": false, "Startup Cost": 25382.47, "Total Cost": 93795.86, "Plan Rows": 1, "Plan Width": 36, "Actual Startup Time": 164.531, "Actual Total Time": 164.555, "Actual Rows": 0, "Actual Loops": 1, "Group Key": ["customer.c_customer_sk"], "Plans": [{"Node Type": "Unique", "Parent Relationship": "InitPlan", "Subplan Name": "InitPlan 1 (returns $0)", "Parallel Aware": false, "Async Capable": false, "Startup Cost": 2501.55, "Total Cost": 2501.7, "Plan Rows": 30, "Plan Width": 4, "Actual Startup Time": 0.0, "Actual Total Time": 0.0, "Actual Rows": 0, "Actual Loops": 0, "Plans": [{"Node Type": "Sort", "Parent Relationship": "Outer", "Parallel Aware": false, "Async Capable": false, "Startup Cost": 2501.55, "Total Cost": 2501.62, "Plan Rows": 30, "Plan Width": 4, "Actual Startup Time": 0.0, "Actual Total Time": 0.0, "Actual Rows": 0, "Actual Loops": 0, "Sort Key": ["((date_dim_2.d_month_seq + 1))"], "Plans": [{"Node Type": "Seq Scan", "Parent Relationship": "Outer", "Parallel Aware": false, "Async Capable": false, "Relation Name": "date_dim", "Alias": "date_dim_2", "Startup Cost": 0.0, "Total Cost": 2500.81, "Plan Rows": 30, "Plan Width": 4, "Actual Startup Time": 0.0, "Actual Total Time": 0.0, "Actual Rows": 0, "Actual Loops": 0, "Filter": "((d_year = 1999) AND (d_moy = 1))", "Rows Removed by Filter": 0}]}]}, {"Node Type": "Unique", "Parent Relationship": "InitPlan", "Subplan Name": "InitPlan 2 (returns $1)", "Parallel Aware": false, "Async Capable": false, "Startup Cost": 2501.55, "Total Cost": 2501.7, "Plan Rows": 30, "Plan Width": 4, "Actual Startup Time": 0.0, "Actual Total Time": 0.0, "Actual Rows": 0, "Actual Loops": 0, "Plans": [{"Node Type": "Sort", "Parent Relationship": "Outer", "Parallel Aware": false, "Async Capable": false, "Startup Cost": 2501.55, "Total Cost": 2501.62, "Plan Rows": 30, "Plan Width": 4, "Actual Startup Time": 0.0, "Actual Total Time": 0.0, "Actual Rows": 0, "Actual Loops": 0, "Sort Key": ["((date_dim_3.d_month_seq + 3))"], "Plans": [{"Node Type": "Seq Scan", "Parent Relationship": "Outer", "Parallel Aware": false, "Async Capable": false, "Relation Name": "date_dim", "Alias": "date_dim_3", "Startup Cost": 0.0, "Total Cost": 2500.81, "Plan Rows": 30, "Plan Width": 4, "Actual Startup Time": 0.0, "Actual Total Time": 0.0, "Actual Rows": 0, "Actual Loops": 0, "Filter": "((d_year = 1999) AND (d_moy = 1))", "Rows Removed by Filter": 0}]}]}, {"Node Type": "Nested Loop", "Parent Relationship": "Outer", "Parallel Aware": false, "Async Capable": false, "Join Type": "Inner", "Startup Cost": 20379.08, "Total Cost": 88792.45, "Plan Rows": 1, "Plan Width": 10, "Actual Startup Time": 164.531, "Actual Total Time": 164.553, "Actual Rows": 0, "Actual Loops": 1, "Inner Unique": false, "Join Filter": "(store_sales.ss_customer_sk = customer.c_customer_sk)", "Rows Removed by Join Filter": 0, "Plans": [{"Node Type": "Nested Loop", "Parent Relationship": "Outer", "Parallel Aware": false, "Async Capable": false, "Join Type": "Inner", "Startup Cost": 17326.84, "Total Cost": 17344.77, "Plan Rows": 1, "Plan Width": 4, "Actual Startup Time": 164.53, "Actual Total Time": 164.552, "Actual Rows": 0, "Actual Loops": 1, "Inner Unique": false, "Join Filter": "(((customer_address.ca_county)::text = (store.s_county)::text) AND (customer_address.ca_state = store.s_state))", "Rows Removed by Join Filter": 5568, "Plans": [{"Node Type": "Nested Loop", "Parent Relationship": "Outer", "Parallel Aware": false, "Async Capable": false, "Join Type": "Inner", "Startup Cost": 17326.84, "Total Cost": 17343.2, "Plan Rows": 2, "Plan Width": 21, "Actual Startup Time": 162.473, "Actual Total Time": 164.202, "Actual Rows": 464, "Actual Loops": 1, "Inner Unique": true, "Plans": [{"Node Type": "Unique", "Parent Relationship": "Outer", "Parallel Aware": false, "Async Capable": false, "Startup Cost": 17326.55, "Total Cost": 17326.57, "Plan Rows": 2, "Plan Width": 8, "Actual Startup Time": 162.456, "Actual Total Time": 162.53, "Actual Rows": 464, "Actual Loops": 1, "Plans": [{"Node Type": "Sort", "Parent Relationship": "Outer", "Parallel Aware": false, "Async Capable": false, "Startup Cost": 17326.55, "Total Cost": 17326.56, "Plan Rows": 2, "Plan Width": 8, "Actual Startup Time": 162.456, "Actual Total Time": 162.499, "Actual Rows": 520, "Actual Loops": 1, "Sort Key": ["customer.c_customer_sk", "customer.c_current_addr_sk"], "Sort Method": "quicksort", "Sort Space Used": 49, "Sort Space Type": "Memory", "Plans": [{"Node Type": "Gather", "Parent Relationship": "Outer", "Parallel Aware": false, "Async Capable": false, "Startup Cost": 1005.69, "Total Cost": 17326.54, "Plan Rows": 2, "Plan Width": 8, "Actual Startup Time": 1.689, "Actual Total Time": 162.348, "Actual Rows": 520, "Actual Loops": 1, "Workers Planned": 1, "Workers Launched": 1, "Single Copy": false, "Plans": [{"Node Type": "Nested Loop", "Parent Relationship": "Outer", "Parallel Aware": false, "Async Capable": false, "Join Type": "Inner", "Startup Cost": 5.69, "Total Cost": 16326.34, "Plan Rows": 1, "Plan Width": 8, "Actual Startup Time": 1.272, "Actual Total Time": 160.35, "Actual Rows": 260, "Actual Loops": 2, "Inner Unique": true, "Workers": [], "Plans": [{"Node Type": "Nested Loop", "Parent Relationship": "Outer", "Parallel Aware": false, "Async Capable": false, "Join Type": "Inner", "Startup Cost": 5.39, "Total Cost": 16326.03, "Plan Rows": 1, "Plan Width": 4, "Actual Startup Time": 1.261, "Actual Total Time": 158.91, "Actual Rows": 260, "Actual Loops": 2, "Inner Unique": true, "Workers": [], "Plans": [{"Node Type": "Nested Loop", "Parent Relationship": "Outer", "Parallel Aware": false, "Async Capable": false, "Join Type": "Inner", "Startup Cost": 5.1, "Total Cost": 15270.67, "Plan Rows": 3319, "Plan Width": 8, "Actual Startup Time": 0.191, "Actual Total Time": 133.436, "Actual Rows": 27008, "Actual Loops": 2, "Inner Unique": false, "Workers": [], "Plans": [{"Node Type": "Seq Scan", "Parent Relationship": "Outer", "Parallel Aware": true, "Async Capable": false, "Relation Name": "item", "Alias": "item", "Startup Cost": 0.0, "Total Cost": 1388.82, "Plan Rows": 28, "Plan Width": 4, "Actual Startup Time": 0.013, "Actual Total Time": 2.628, "Actual Rows": 226, "Actual Loops": 2, "Filter": "((i_category = 'Music'::bpchar) AND (i_class = 'country'::bpchar))", "Rows Removed by Filter": 8774, "Workers": []}, {"Node Type": "Append", "Parent Relationship": "Inner", "Parallel Aware": false, "Async Capable": false, "Startup Cost": 5.1, "Total Cost": 494.47, "Plan Rows": 131, "Plan Width": 12, "Actual Startup Time": 0.094, "Actual Total Time": 0.575, "Actual Rows": 120, "Actual Loops": 451, "Workers": [], "Subplans Removed": 0, "Plans": [{"Node Type": "Bitmap Heap Scan", "Parent Relationship": "Member", "Parallel Aware": false, "Async Capable": false, "Relation Name": "catalog_sales", "Alias": "catalog_sales", "Startup Cost": 5.1, "Total Cost": 326.46, "Plan Rows": 87, "Plan Width": 12, "Actual Startup Time": 0.093, "Actual Total Time": 0.337, "Actual Rows": 80, "Actual Loops": 451, "Recheck Cond": "(cs_item_sk = item.i_item_sk)", "Rows Removed by Index Recheck": 0, "Exact Heap Blocks": 18927, "Lossy Heap Blocks": 0, "Workers": [], "Plans": [{"Node Type": "Bitmap Index Scan", "Parent Relationship": "Outer", "Parallel Aware": false, "Async Capable": false, "Index Name": "catalog_sales_pkey", "Startup Cost": 0.0, "Total Cost": 5.08, "Plan Rows": 87, "Plan Width": 0, "Actual Startup Time": 0.085, "Actual Total Time": 0.085, "Actual Rows": 80, "Actual Loops": 451, "Index Cond": "(cs_item_sk = item.i_item_sk)", "Workers": []}]}, {"Node Type": "Bitmap Heap Scan", "Parent Relationship": "Member", "Parallel Aware": false, "Async Capable": false, "Relation Name": "web_sales", "Alias": "web_sales", "Startup Cost": 4.77, "Total Cost": 167.36, "Plan Rows": 44, "Plan Width": 12, "Actual Startup Time": 0.114, "Actual Total Time": 0.231, "Actual Rows": 40, "Actual Loops": 451, "Recheck Cond": "(ws_item_sk = item.i_item_sk)", "Rows Removed by Index Recheck": 0, "Exact Heap Blocks": 9320, "Lossy Heap Blocks": 0, "Workers": [], "Plans": [{"Node Type": "Bitmap Index Scan", "Parent Relationship": "Outer", "Parallel Aware": false, "Async Capable": false, "Index Name": "web_sales_pkey", "Startup Cost": 0.0, "Total Cost": 4.75, "Plan Rows": 44, "Plan Width": 0, "Actual Startup Time": 0.108, "Actual Total Time": 0.108, "Actual Rows": 40, "Actual Loops": 451, "Index Cond": "(ws_item_sk = item.i_item_sk)", "Workers": []}]}]}]}, {"Node Type": "Index Scan", "Parent Relationship": "Inner", "Parallel Aware": false, "Async Capable": false, "Scan Direction": "Forward", "Index Name": "date_dim_pkey", "Relation Name": "date_dim", "Alias": "date_dim_1", "Startup Cost": 0.29, "Total Cost": 0.32, "Plan Rows": 1, "Plan Width": 4, "Actual Startup Time": 0.001, "Actual Total Time": 0.001, "Actual Rows": 0, "Actual Loops": 54016, "Index Cond": "(d_date_sk = catalog_sales.cs_sold_date_sk)", "Rows Removed by Index Recheck": 0, "Filter": "((d_moy = 1) AND (d_year = 1999))", "Rows Removed by Filter": 1, "Workers": []}]}, {"Node Type": "Index Scan", "Parent Relationship": "Inner", "Parallel Aware": false, "Async Capable": false, "Scan Direction": "Forward", "Index Name": "customer_pkey", "Relation Name": "customer", "Alias": "customer", "Startup Cost": 0.29, "Total Cost": 0.32, "Plan Rows": 1, "Plan Width": 8, "Actual Startup Time": 0.005, "Actual Total Time": 0.005, "Actual Rows": 1, "Actual Loops": 521, "Index Cond": "(c_customer_sk = catalog_sales.cs_bill_customer_sk)", "Rows Removed by Index Recheck": 0, "Workers": []}]}]}]}]}, {"Node Type": "Index Scan", "Parent Relationship": "Inner", "Parallel Aware": false, "Async Capable": false, "Scan Direction": "Forward", "Index Name": "customer_address_pkey", "Relation Name": "customer_address", "Alias": "customer_address", "Startup Cost": 0.29, "Total Cost": 8.31, "Plan Rows": 1, "Plan Width": 21, "Actual Startup Time": 0.003, "Actual Total Time": 0.003, "Actual Rows": 1, "Actual Loops": 464, "Index Cond": "(ca_address_sk = customer.c_current_addr_sk)", "Rows Removed by Index Recheck": 0}]}, {"Node Type": "Materialize", "Parent Relationship": "Inner", "Parallel Aware": false, "Async Capable": false, "Startup Cost": 0.0, "Total Cost": 1.18, "Plan Rows": 12, "Plan Width": 21, "Actual Startup Time": 0.0, "Actual Total Time": 0.0, "Actual Rows": 12, "Actual Loops": 464, "Plans": [{"Node Type": "Seq Scan", "Parent Relationship": "Outer", "Parallel Aware": false, "Async Capable": false, "Relation Name": "store", "Alias": "store", "Startup Cost": 0.0, "Total Cost": 1.12, "Plan Rows": 12, "Plan Width": 21, "Actual Startup Time": 0.006, "Actual Total Time": 0.008, "Actual Rows": 12, "Actual Loops": 1}]}]}, {"Node Type": "Gather", "Parent Relationship": "Inner", "Parallel Aware": false, "Async Capable": false, "Startup Cost": 3052.24, "Total Cost": 71275.76, "Plan Rows": 13753, "Plan Width": 10, "Actual Startup Time": 0.0, "Actual Total Time": 0.0, "Actual Rows": 0, "Actual Loops": 0, "Workers Planned": 2, "Params Evaluated": ["$0", "$1"], "Workers Launched": 0, "Single Copy": false, "Plans": [{"Node Type": "Hash Join", "Parent Relationship": "Outer", "Parallel Aware": true, "Async Capable": false, "Join Type": "Inner", "Startup Cost": 2052.24, "Total Cost": 68900.46, "Plan Rows": 5730, "Plan Width": 10, "Actual Startup Time": 0.0, "Actual Total Time": 0.0, "Actual Rows": 0, "Actual Loops": 0, "Inner Unique": true, "Hash Cond": "(store_sales.ss_sold_date_sk = date_dim.d_date_sk)", "Plans": [{"Node Type": "Seq Scan", "Parent Relationship": "Outer", "Parallel Aware": true, "Async Capable": false, "Relation Name": "store_sales", "Alias": "store_sales", "Startup Cost": 0.0, "Total Cost": 63697.62, "Plan Rows": 1200162, "Plan Width": 14, "Actual Startup Time": 0.0, "Actual Total Time": 0.0, "Actual Rows": 0, "Actual Loops": 0}, {"Node Type": "Hash", "Parent Relationship": "Inner", "Parallel Aware": true, "Async Capable": false, "Startup Cost": 2049.55, "Total Cost": 2049.55, "Plan Rows": 215, "Plan Width": 4, "Actual Startup Time": 0.0, "Actual Total Time": 0.0, "Actual Rows": 0, "Actual Loops": 0, "Plans": [{"Node Type": "Seq Scan", "Parent Relationship": "Outer", "Parallel Aware": true, "Async Capable": false, "Relation Name": "date_dim", "Alias": "date_dim", "Startup Cost": 0.0, "Total Cost": 2049.55, "Plan Rows": 215, "Plan Width": 4, "Actual Startup Time": 0.0, "Actual Total Time": 0.0, "Actual Rows": 0, "Actual Loops": 0, "Filter": "((d_month_seq >= $0) AND (d_month_seq <= $1))", "Rows Removed by Filter": 0}]}]}]}]}]}]}]}]}]}]}, "Planning Time": 0.695, "Triggers": [], "Execution Time": 164.616}]