[{"Plan": {"Node Type": "Limit", "Parallel Aware": false, "Async Capable": false, "Startup Cost": 56219.48, "Total Cost": 56219.51, "Plan Rows": 11, "Plan Width": 87, "Actual Startup Time": 69.059, "Actual Total Time": 70.103, "Actual Rows": 73, "Actual Loops": 1, "Plans": [{"Node Type": "Sort", "Parent Relationship": "Outer", "Parallel Aware": false, "Async Capable": false, "Startup Cost": 56219.48, "Total Cost": 56219.51, "Plan Rows": 11, "Plan Width": 87, "Actual Startup Time": 69.058, "Actual Total Time": 70.099, "Actual Rows": 73, "Actual Loops": 1, "Sort Key": ["(sum(store_sales.ss_ext_sales_price)) DESC", "item.i_brand_id"], "Sort Method": "quicksort", "Sort Space Used": 35, "Sort Space Type": "Memory", "Plans": [{"Node Type": "Aggregate", "Strategy": "Sorted", "Partial Mode": "Finalize", "Parent Relationship": "Outer", "Parallel Aware": false, "Async Capable": false, "Startup Cost": 56218.28, "Total Cost": 56219.29, "Plan Rows": 11, "Plan Width": 87, "Actual Startup Time": 68.883, "Actual Total Time": 70.075, "Actual Rows": 73, "Actual Loops": 1, "Group Key": ["item.i_brand", "item.i_brand_id"], "Plans": [{"Node Type": "Gather Merge", "Parent Relationship": "Outer", "Parallel Aware": false, "Async Capable": false, "Startup Cost": 56218.28, "Total Cost": 56219.09, "Plan Rows": 6, "Plan Width": 87, "Actual Startup Time": 68.878, "Actual Total Time": 70.042, "Actual Rows": 81, "Actual Loops": 1, "Workers Planned": 1, "Workers Launched": 1, "Plans": [{"Node Type": "Aggregate", "Strategy": "Sorted", "Partial Mode": "Partial", "Parent Relationship": "Outer", "Parallel Aware": false, "Async Capable": false, "Startup Cost": 55218.27, "Total Cost": 55218.41, "Plan Rows": 6, "Plan Width": 87, "Actual Startup Time": 65.629, "Actual Total Time": 65.692, "Actual Rows": 40, "Actual Loops": 2, "Group Key": ["item.i_brand", "item.i_brand_id"], "Workers": [], "Plans": [{"Node Type": "Sort", "Parent Relationship": "Outer", "Parallel Aware": false, "Async Capable": false, "Startup Cost": 55218.27, "Total Cost": 55218.29, "Plan Rows": 6, "Plan Width": 61, "Actual Startup Time": 65.617, "Actual Total Time": 65.626, "Actual Rows": 440, "Actual Loops": 2, "Sort Key": ["item.i_brand", "item.i_brand_id"], "Sort Method": "quicksort", "Sort Space Used": 98, "Sort Space Type": "Memory", "Workers": [{"Worker Number": 0, "Sort Method": "quicksort", "Sort Space Used": 75, "Sort Space Type": "Memory"}], "Plans": [{"Node Type": "Nested Loop", "Parent Relationship": "Outer", "Parallel Aware": false, "Async Capable": false, "Join Type": "Inner", "Startup Cost": 6.07, "Total Cost": 55218.19, "Plan Rows": 6, "Plan Width": 61, "Actual Startup Time": 0.877, "Actual Total Time": 65.015, "Actual Rows": 440, "Actual Loops": 2, "Inner Unique": true, "Workers": [], "Plans": [{"Node Type": "Nested Loop", "Parent Relationship": "Outer", "Parallel Aware": false, "Async Capable": false, "Join Type": "Inner", "Startup Cost": 5.76, "Total Cost": 54480.02, "Plan Rows": 15908, "Plan Width": 65, "Actual Startup Time": 0.097, "Actual Total Time": 59.497, "Actual Rows": 14183, "Actual Loops": 2, "Inner Unique": false, "Workers": [], "Plans": [{"Node Type": "Seq Scan", "Parent Relationship": "Outer", "Parallel Aware": true, "Async Capable": false, "Relation Name": "item", "Alias": "item", "Startup Cost": 0.0, "Total Cost": 1362.35, "Plan Rows": 99, "Plan Width": 59, "Actual Startup Time": 0.057, "Actual Total Time": 2.953, "Actual Rows": 84, "Actual Loops": 2, "Filter": "(i_manager_id = 52)", "Rows Removed by Filter": 8916, "Workers": []}, {"Node Type": "Bitmap Heap Scan", "Parent Relationship": "Inner", "Parallel Aware": false, "Async Capable": false, "Relation Name": "store_sales", "Alias": "store_sales", "Startup Cost": 5.76, "Total Cost": 534.79, "Plan Rows": 175, "Plan Width": 14, "Actual Startup Time": 0.13, "Actual Total Time": 0.65, "Actual Rows": 168, "Actual Loops": 169, "Recheck Cond": "(ss_item_sk = item.i_item_sk)", "Rows Removed by Index Recheck": 0, "Exact Heap Blocks": 16214, "Lossy Heap Blocks": 0, "Workers": [], "Plans": [{"Node Type": "Bitmap Index Scan", "Parent Relationship": "Outer", "Parallel Aware": false, "Async Capable": false, "Index Name": "store_sales_pkey", "Startup Cost": 0.0, "Total Cost": 5.72, "Plan Rows": 175, "Plan Width": 0, "Actual Startup Time": 0.116, "Actual Total Time": 0.116, "Actual Rows": 168, "Actual Loops": 169, "Index Cond": "(ss_item_sk = item.i_item_sk)", "Workers": []}]}]}, {"Node Type": "Memoize", "Parent Relationship": "Inner", "Parallel Aware": false, "Async Capable": false, "Startup Cost": 0.3, "Total Cost": 0.33, "Plan Rows": 1, "Plan Width": 4, "Actual Startup Time": 0.0, "Actual Total Time": 0.0, "Actual Rows": 0, "Actual Loops": 28366, "Cache Key": "store_sales.ss_sold_date_sk", "Cache Mode": "logical", "Cache Hits": 14427, "Cache Misses": 1817, "Cache Evictions": 0, "Cache Overflows": 0, "Peak Memory Usage": 122, "Workers": [{"Worker Number": 0, "Cache Hits": 10332, "Cache Misses": 1790, "Cache Evictions": 0, "Cache Overflows": 0, "Peak Memory Usage": 120}], "Plans": [{"Node Type": "Index Scan", "Parent Relationship": "Outer", "Parallel Aware": false, "Async Capable": false, "Scan Direction": "Forward", "Index Name": "date_dim_pkey", "Relation Name": "date_dim", "Alias": "date_dim", "Startup Cost": 0.29, "Total Cost": 0.32, "Plan Rows": 1, "Plan Width": 4, "Actual Startup Time": 0.001, "Actual Total Time": 0.001, "Actual Rows": 0, "Actual Loops": 3607, "Index Cond": "(d_date_sk = store_sales.ss_sold_date_sk)", "Rows Removed by Index Recheck": 0, "Filter": "((d_moy = 11) AND (d_year = 2000))", "Rows Removed by Filter": 1, "Workers": []}]}]}]}]}]}]}]}]}, "Planning Time": 2.127, "Triggers": [], "Execution Time": 70.139}]