[{"Plan": {"Node Type": "Limit", "Parallel Aware": false, "Async Capable": false, "Startup Cost": 56540.71, "Total Cost": 56540.92, "Plan Rows": 87, "Plan Width": 49, "Actual Startup Time": 702.319, "Actual Total Time": 702.417, "Actual Rows": 100, "Actual Loops": 1, "Plans": [{"Node Type": "Sort", "Parent Relationship": "Outer", "Parallel Aware": false, "Async Capable": false, "Startup Cost": 56540.71, "Total Cost": 56540.92, "Plan Rows": 87, "Plan Width": 49, "Actual Startup Time": 702.316, "Actual Total Time": 702.411, "Actual Rows": 100, "Actual Loops": 1, "Sort Key": ["(sum((sum(store_sales.ss_ext_sales_price))))", "item.i_item_id"], "Sort Method": "top-N heapsort", "Sort Space Used": 37, "Sort Space Type": "Memory", "Plans": [{"Node Type": "Aggregate", "Strategy": "Sorted", "Partial Mode": "Simple", "Parent Relationship": "Outer", "Parallel Aware": false, "Async Capable": false, "Startup Cost": 56526.16, "Total Cost": 56537.9, "Plan Rows": 87, "Plan Width": 49, "Actual Startup Time": 699.483, "Actual Total Time": 702.237, "Actual Rows": 783, "Actual Loops": 1, "Group Key": ["item.i_item_id"], "Plans": [{"Node Type": "Merge Append", "Parent Relationship": "Outer", "Parallel Aware": false, "Async Capable": false, "Startup Cost": 56526.16, "Total Cost": 56536.38, "Plan Rows": 87, "Plan Width": 49, "Actual Startup Time": 699.473, "Actual Total Time": 701.994, "Actual Rows": 1284, "Actual Loops": 1, "Sort Key": ["item.i_item_id"], "Subplans Removed": 0, "Plans": [{"Node Type": "Aggregate", "Strategy": "Sorted", "Partial Mode": "Finalize", "Parent Relationship": "Member", "Parallel Aware": false, "Async Capable": false, "Startup Cost": 25900.38, "Total Cost": 25904.9, "Plan Rows": 48, "Plan Width": 49, "Actual Startup Time": 417.345, "Actual Total Time": 418.11, "Actual Rows": 607, "Actual Loops": 1, "Group Key": ["item.i_item_id"], "Plans": [{"Node Type": "Gather Merge", "Parent Relationship": "Outer", "Parallel Aware": false, "Async Capable": false, "Startup Cost": 25900.38, "Total Cost": 25904.09, "Plan Rows": 28, "Plan Width": 49, "Actual Startup Time": 417.338, "Actual Total Time": 417.888, "Actual Rows": 607, "Actual Loops": 1, "Workers Planned": 1, "Workers Launched": 1, "Plans": [{"Node Type": "Aggregate", "Strategy": "Sorted", "Partial Mode": "Partial", "Parent Relationship": "Outer", "Parallel Aware": false, "Async Capable": false, "Startup Cost": 24900.37, "Total Cost": 24900.93, "Plan Rows": 28, "Plan Width": 49, "Actual Startup Time": 415.538, "Actual Total Time": 415.669, "Actual Rows": 304, "Actual Loops": 2, "Group Key": ["item.i_item_id"], "Workers": [], "Plans": [{"Node Type": "Sort", "Parent Relationship": "Outer", "Parallel Aware": false, "Async Capable": false, "Startup Cost": 24900.37, "Total Cost": 24900.44, "Plan Rows": 28, "Plan Width": 23, "Actual Startup Time": 415.525, "Actual Total Time": 415.541, "Actual Rows": 548, "Actual Loops": 2, "Sort Key": ["item.i_item_id"], "Sort Method": "quicksort", "Sort Space Used": 66, "Sort Space Type": "Memory", "Workers": [{"Worker Number": 0, "Sort Method": "quicksort", "Sort Space Used": 69, "Sort Space Type": "Memory"}], "Plans": [{"Node Type": "Nested Loop", "Parent Relationship": "Outer", "Parallel Aware": false, "Async Capable": false, "Join Type": "Inner", "Startup Cost": 3432.55, "Total Cost": 24899.69, "Plan Rows": 28, "Plan Width": 23, "Actual Startup Time": 6.066, "Actual Total Time": 413.673, "Actual Rows": 548, "Actual Loops": 2, "Inner Unique": true, "Workers": [], "Plans": [{"Node Type": "Hash Join", "Parent Relationship": "Outer", "Parallel Aware": true, "Async Capable": false, "Join Type": "Inner", "Startup Cost": 3432.26, "Total Cost": 24878.81, "Plan Rows": 67, "Plan Width": 27, "Actual Startup Time": 5.584, "Actual Total Time": 406.811, "Actual Rows": 1308, "Actual Loops": 2, "Inner Unique": true, "Hash Cond": "(store_sales.ss_sold_date_sk = date_dim.d_date_sk)", "Workers": [], "Plans": [{"Node Type": "Nested Loop", "Parent Relationship": "Outer", "Parallel Aware": false, "Async Capable": false, "Join Type": "Inner", "Startup Cost": 1382.48, "Total Cost": 22393.4, "Plan Rows": 165946, "Plan Width": 31, "Actual Startup Time": 2.657, "Actual Total Time": 394.473, "Actual Rows": 136750, "Actual Loops": 2, "Inner Unique": false, "Workers": [], "Plans": [{"Node Type": "Hash Join", "Parent Relationship": "Outer", "Parallel Aware": true, "Async Capable": false, "Join Type": "Semi", "Startup Cost": 1382.05, "Total Cost": 2758.56, "Plan Rows": 1037, "Plan Width": 21, "Actual Startup Time": 2.582, "Actual Total Time": 6.8, "Actual Rows": 1016, "Actual Loops": 2, "Inner Unique": false, "Hash Cond": "(item.i_item_id = item_1.i_item_id)", "Workers": [], "Plans": [{"Node Type": "Seq Scan", "Parent Relationship": "Outer", "Parallel Aware": true, "Async Capable": false, "Relation Name": "item", "Alias": "item", "Startup Cost": 0.0, "Total Cost": 1335.88, "Plan Rows": 10588, "Plan Width": 21, "Actual Startup Time": 0.001, "Actual Total Time": 2.296, "Actual Rows": 9000, "Actual Loops": 2, "Workers": []}, {"Node Type": "Hash", "Parent Relationship": "Inner", "Parallel Aware": true, "Async Capable": false, "Startup Cost": 1375.59, "Total Cost": 1375.59, "Plan Rows": 517, "Plan Width": 17, "Actual Startup Time": 2.511, "Actual Total Time": 2.511, "Actual Rows": 440, "Actual Loops": 2, "Hash Buckets": 1024, "Original Hash Buckets": 1024, "Hash Batches": 1, "Original Hash Batches": 1, "Peak Memory Usage": 72, "Workers": [], "Plans": [{"Node Type": "Seq Scan", "Parent Relationship": "Outer", "Parallel Aware": true, "Async Capable": false, "Relation Name": "item", "Alias": "item_1", "Startup Cost": 0.0, "Total Cost": 1375.59, "Plan Rows": 517, "Plan Width": 17, "Actual Startup Time": 0.01, "Actual Total Time": 2.425, "Actual Rows": 440, "Actual Loops": 2, "Filter": "(i_color = ANY ('{powder,orchid,pink}'::bpchar[]))", "Rows Removed by Filter": 8560, "Workers": []}]}]}, {"Node Type": "Index Scan", "Parent Relationship": "Inner", "Parallel Aware": false, "Async Capable": false, "Scan Direction": "Forward", "Index Name": "store_sales_pkey", "Relation Name": "store_sales", "Alias": "store_sales", "Startup Cost": 0.43, "Total Cost": 17.18, "Plan Rows": 175, "Plan Width": 18, "Actual Startup Time": 0.011, "Actual Total Time": 0.368, "Actual Rows": 135, "Actual Loops": 2033, "Index Cond": "(ss_item_sk = item.i_item_sk)", "Rows Removed by Index Recheck": 0, "Workers": []}]}, {"Node Type": "Hash", "Parent Relationship": "Inner", "Parallel Aware": true, "Async Capable": false, "Startup Cost": 2049.55, "Total Cost": 2049.55, "Plan Rows": 18, "Plan Width": 4, "Actual Startup Time": 2.445, "Actual Total Time": 2.445, "Actual Rows": 16, "Actual Loops": 2, "Hash Buckets": 1024, "Original Hash Buckets": 1024, "Hash Batches": 1, "Original Hash Batches": 1, "Peak Memory Usage": 40, "Workers": [], "Plans": [{"Node Type": "Seq Scan", "Parent Relationship": "Outer", "Parallel Aware": true, "Async Capable": false, "Relation Name": "date_dim", "Alias": "date_dim", "Startup Cost": 0.0, "Total Cost": 2049.55, "Plan Rows": 18, "Plan Width": 4, "Actual Startup Time": 1.766, "Actual Total Time": 2.437, "Actual Rows": 16, "Actual Loops": 2, "Filter": "((d_year = 2000) AND (d_moy = 3))", "Rows Removed by Filter": 36509, "Workers": []}]}]}, {"Node Type": "Index Scan", "Parent Relationship": "Inner", "Parallel Aware": false, "Async Capable": false, "Scan Direction": "Forward", "Index Name": "customer_address_pkey", "Relation Name": "customer_address", "Alias": "customer_address", "Startup Cost": 0.29, "Total Cost": 0.31, "Plan Rows": 1, "Plan Width": 4, "Actual Startup Time": 0.005, "Actual Total Time": 0.005, "Actual Rows": 0, "Actual Loops": 2615, "Index Cond": "(ca_address_sk = store_sales.ss_addr_sk)", "Rows Removed by Index Recheck": 0, "Filter": "(ca_gmt_offset = '-6'::numeric)", "Rows Removed by Filter": 1, "Workers": []}]}]}]}]}]}, {"Node Type": "Aggregate", "Strategy": "Sorted", "Partial Mode": "Finalize", "Parent Relationship": "Member", "Parallel Aware": false, "Async Capable": false, "Startup Cost": 18877.76, "Total Cost": 18880.19, "Plan Rows": 26, "Plan Width": 49, "Actual Startup Time": 202.112, "Actual Total Time": 202.633, "Actual Rows": 441, "Actual Loops": 1, "Group Key": ["item_2.i_item_id"], "Plans": [{"Node Type": "Gather Merge", "Parent Relationship": "Outer", "Parallel Aware": false, "Async Capable": false, "Startup Cost": 18877.76, "Total Cost": 18879.75, "Plan Rows": 15, "Plan Width": 49, "Actual Startup Time": 202.108, "Actual Total Time": 202.469, "Actual Rows": 441, "Actual Loops": 1, "Workers Planned": 1, "Workers Launched": 1, "Plans": [{"Node Type": "Aggregate", "Strategy": "Sorted", "Partial Mode": "Partial", "Parent Relationship": "Outer", "Parallel Aware": false, "Async Capable": false, "Startup Cost": 17877.75, "Total Cost": 17878.05, "Plan Rows": 15, "Plan Width": 49, "Actual Startup Time": 199.876, "Actual Total Time": 199.964, "Actual Rows": 220, "Actual Loops": 2, "Group Key": ["item_2.i_item_id"], "Workers": [], "Plans": [{"Node Type": "Sort", "Parent Relationship": "Outer", "Parallel Aware": false, "Async Capable": false, "Startup Cost": 17877.75, "Total Cost": 17877.79, "Plan Rows": 15, "Plan Width": 23, "Actual Startup Time": 199.868, "Actual Total Time": 199.879, "Actual Rows": 320, "Actual Loops": 2, "Sort Key": ["item_2.i_item_id"], "Sort Method": "quicksort", "Sort Space Used": 51, "Sort Space Type": "Memory", "Workers": [{"Worker Number": 0, "Sort Method": "quicksort", "Sort Space Used": 48, "Sort Space Type": "Memory"}], "Plans": [{"Node Type": "Nested Loop", "Parent Relationship": "Outer", "Parallel Aware": false, "Async Capable": false, "Join Type": "Inner", "Startup Cost": 3432.54, "Total Cost": 17877.46, "Plan Rows": 15, "Plan Width": 23, "Actual Startup Time": 9.685, "Actual Total Time": 198.743, "Actual Rows": 320, "Actual Loops": 2, "Inner Unique": true, "Workers": [], "Plans": [{"Node Type": "Hash Join", "Parent Relationship": "Outer", "Parallel Aware": true, "Async Capable": false, "Join Type": "Inner", "Startup Cost": 3432.25, "Total Cost": 17866.49, "Plan Rows": 35, "Plan Width": 27, "Actual Startup Time": 9.399, "Actual Total Time": 194.892, "Actual Rows": 728, "Actual Loops": 2, "Inner Unique": true, "Hash Cond": "(catalog_sales.cs_sold_date_sk = date_dim_1.d_date_sk)", "Workers": [], "Plans": [{"Node Type": "Nested Loop", "Parent Relationship": "Outer", "Parallel Aware": false, "Async Capable": false, "Join Type": "Inner", "Startup Cost": 1382.48, "Total Cost": 15598.69, "Plan Rows": 83054, "Plan Width": 31, "Actual Startup Time": 4.495, "Actual Total Time": 185.444, "Actual Rows": 68385, "Actual Loops": 2, "Inner Unique": false, "Workers": [], "Plans": [{"Node Type": "Hash Join", "Parent Relationship": "Outer", "Parallel Aware": true, "Async Capable": false, "Join Type": "Semi", "Startup Cost": 1382.05, "Total Cost": 2758.56, "Plan Rows": 1037, "Plan Width": 21, "Actual Startup Time": 4.434, "Actual Total Time": 7.964, "Actual Rows": 1016, "Actual Loops": 2, "Inner Unique": false, "Hash Cond": "(item_2.i_item_id = item_3.i_item_id)", "Workers": [], "Plans": [{"Node Type": "Seq Scan", "Parent Relationship": "Outer", "Parallel Aware": true, "Async Capable": false, "Relation Name": "item", "Alias": "item_2", "Startup Cost": 0.0, "Total Cost": 1335.88, "Plan Rows": 10588, "Plan Width": 21, "Actual Startup Time": 0.003, "Actual Total Time": 1.938, "Actual Rows": 9000, "Actual Loops": 2, "Workers": []}, {"Node Type": "Hash", "Parent Relationship": "Inner", "Parallel Aware": true, "Async Capable": false, "Startup Cost": 1375.59, "Total Cost": 1375.59, "Plan Rows": 517, "Plan Width": 17, "Actual Startup Time": 4.379, "Actual Total Time": 4.379, "Actual Rows": 440, "Actual Loops": 2, "Hash Buckets": 1024, "Original Hash Buckets": 1024, "Hash Batches": 1, "Original Hash Batches": 1, "Peak Memory Usage": 72, "Workers": [], "Plans": [{"Node Type": "Seq Scan", "Parent Relationship": "Outer", "Parallel Aware": true, "Async Capable": false, "Relation Name": "item", "Alias": "item_3", "Startup Cost": 0.0, "Total Cost": 1375.59, "Plan Rows": 517, "Plan Width": 17, "Actual Startup Time": 0.051, "Actual Total Time": 4.314, "Actual Rows": 440, "Actual Loops": 2, "Filter": "(i_color = ANY ('{powder,orchid,pink}'::bpchar[]))", "Rows Removed by Filter": 8560, "Workers": []}]}]}, {"Node Type": "Index Scan", "Parent Relationship": "Inner", "Parallel Aware": false, "Async Capable": false, "Scan Direction": "Forward", "Index Name": "catalog_sales_pkey", "Relation Name": "catalog_sales", "Alias": "catalog_sales", "Startup Cost": 0.43, "Total Cost": 11.51, "Plan Rows": 87, "Plan Width": 18, "Actual Startup Time": 0.007, "Actual Total Time": 0.166, "Actual Rows": 67, "Actual Loops": 2033, "Index Cond": "(cs_item_sk = item_2.i_item_sk)", "Rows Removed by Index Recheck": 0, "Workers": []}]}, {"Node Type": "Hash", "Parent Relationship": "Inner", "Parallel Aware": true, "Async Capable": false, "Startup Cost": 2049.55, "Total Cost": 2049.55, "Plan Rows": 18, "Plan Width": 4, "Actual Startup Time": 4.62, "Actual Total Time": 4.62, "Actual Rows": 16, "Actual Loops": 2, "Hash Buckets": 1024, "Original Hash Buckets": 1024, "Hash Batches": 1, "Original Hash Batches": 1, "Peak Memory Usage": 40, "Workers": [], "Plans": [{"Node Type": "Seq Scan", "Parent Relationship": "Outer", "Parallel Aware": true, "Async Capable": false, "Relation Name": "date_dim", "Alias": "date_dim_1", "Startup Cost": 0.0, "Total Cost": 2049.55, "Plan Rows": 18, "Plan Width": 4, "Actual Startup Time": 3.209, "Actual Total Time": 4.596, "Actual Rows": 16, "Actual Loops": 2, "Filter": "((d_year = 2000) AND (d_moy = 3))", "Rows Removed by Filter": 36509, "Workers": []}]}]}, {"Node Type": "Index Scan", "Parent Relationship": "Inner", "Parallel Aware": false, "Async Capable": false, "Scan Direction": "Forward", "Index Name": "customer_address_pkey", "Relation Name": "customer_address", "Alias": "customer_address_1", "Startup Cost": 0.29, "Total Cost": 0.31, "Plan Rows": 1, "Plan Width": 4, "Actual Startup Time": 0.005, "Actual Total Time": 0.005, "Actual Rows": 0, "Actual Loops": 1455, "Index Cond": "(ca_address_sk = catalog_sales.cs_bill_addr_sk)", "Rows Removed by Index Recheck": 0, "Filter": "(ca_gmt_offset = '-6'::numeric)", "Rows Removed by Filter": 1, "Workers": []}]}]}]}]}]}, {"Node Type": "Aggregate", "Strategy": "Sorted", "Partial Mode": "Finalize", "Parent Relationship": "Member", "Parallel Aware": false, "Async Capable": false, "Startup Cost": 11748.0, "Total Cost": 11749.28, "Plan Rows": 13, "Plan Width": 49, "Actual Startup Time": 80.013, "Actual Total Time": 80.287, "Actual Rows": 236, "Actual Loops": 1, "Group Key": ["item_4.i_item_id"], "Plans": [{"Node Type": "Gather Merge", "Parent Relationship": "Outer", "Parallel Aware": false, "Async Capable": false, "Startup Cost": 11748.0, "Total Cost": 11749.06, "Plan Rows": 8, "Plan Width": 49, "Actual Startup Time": 80.009, "Actual Total Time": 80.198, "Actual Rows": 236, "Actual Loops": 1, "Workers Planned": 1, "Workers Launched": 1, "Plans": [{"Node Type": "Aggregate", "Strategy": "Sorted", "Partial Mode": "Partial", "Parent Relationship": "Outer", "Parallel Aware": false, "Async Capable": false, "Startup Cost": 10747.99, "Total Cost": 10748.15, "Plan Rows": 8, "Plan Width": 49, "Actual Startup Time": 78.2, "Actual Total Time": 78.243, "Actual Rows": 118, "Actual Loops": 2, "Group Key": ["item_4.i_item_id"], "Workers": [], "Plans": [{"Node Type": "Sort", "Parent Relationship": "Outer", "Parallel Aware": false, "Async Capable": false, "Startup Cost": 10747.99, "Total Cost": 10748.01, "Plan Rows": 8, "Plan Width": 23, "Actual Startup Time": 78.193, "Actual Total Time": 78.198, "Actual Rows": 135, "Actual Loops": 2, "Sort Key": ["item_4.i_item_id"], "Sort Method": "quicksort", "Sort Space Used": 35, "Sort Space Type": "Memory", "Workers": [{"Worker Number": 0, "Sort Method": "quicksort", "Sort Space Used": 35, "Sort Space Type": "Memory"}], "Plans": [{"Node Type": "Nested Loop", "Parent Relationship": "Outer", "Parallel Aware": false, "Async Capable": false, "Join Type": "Inner", "Startup Cost": 1383.07, "Total Cost": 10747.87, "Plan Rows": 8, "Plan Width": 23, "Actual Startup Time": 5.916, "Actual Total Time": 77.76, "Actual Rows": 135, "Actual Loops": 2, "Inner Unique": true, "Workers": [], "Plans": [{"Node Type": "Nested Loop", "Parent Relationship": "Outer", "Parallel Aware": false, "Async Capable": false, "Join Type": "Inner", "Startup Cost": 1382.78, "Total Cost": 10742.16, "Plan Rows": 18, "Plan Width": 27, "Actual Startup Time": 5.069, "Actual Total Time": 76.269, "Actual Rows": 326, "Actual Loops": 2, "Inner Unique": true, "Workers": [], "Plans": [{"Node Type": "Nested Loop", "Parent Relationship": "Outer", "Parallel Aware": false, "Async Capable": false, "Join Type": "Inner", "Startup Cost": 1382.48, "Total Cost": 9358.37, "Plan Rows": 41445, "Plan Width": 31, "Actual Startup Time": 4.083, "Actual Total Time": 67.849, "Actual Rows": 34088, "Actual Loops": 2, "Inner Unique": false, "Workers": [], "Plans": [{"Node Type": "Hash Join", "Parent Relationship": "Outer", "Parallel Aware": true, "Async Capable": false, "Join Type": "Semi", "Startup Cost": 1382.05, "Total Cost": 2758.56, "Plan Rows": 1037, "Plan Width": 21, "Actual Startup Time": 4.001, "Actual Total Time": 7.13, "Actual Rows": 1016, "Actual Loops": 2, "Inner Unique": false, "Hash Cond": "(item_4.i_item_id = item_5.i_item_id)", "Workers": [], "Plans": [{"Node Type": "Seq Scan", "Parent Relationship": "Outer", "Parallel Aware": true, "Async Capable": false, "Relation Name": "item", "Alias": "item_4", "Startup Cost": 0.0, "Total Cost": 1335.88, "Plan Rows": 10588, "Plan Width": 21, "Actual Startup Time": 0.002, "Actual Total Time": 1.586, "Actual Rows": 9000, "Actual Loops": 2, "Workers": []}, {"Node Type": "Hash", "Parent Relationship": "Inner", "Parallel Aware": true, "Async Capable": false, "Startup Cost": 1375.59, "Total Cost": 1375.59, "Plan Rows": 517, "Plan Width": 17, "Actual Startup Time": 3.956, "Actual Total Time": 3.956, "Actual Rows": 440, "Actual Loops": 2, "Hash Buckets": 1024, "Original Hash Buckets": 1024, "Hash Batches": 1, "Original Hash Batches": 1, "Peak Memory Usage": 104, "Workers": [], "Plans": [{"Node Type": "Seq Scan", "Parent Relationship": "Outer", "Parallel Aware": true, "Async Capable": false, "Relation Name": "item", "Alias": "item_5", "Startup Cost": 0.0, "Total Cost": 1375.59, "Plan Rows": 517, "Plan Width": 17, "Actual Startup Time": 0.014, "Actual Total Time": 3.874, "Actual Rows": 440, "Actual Loops": 2, "Filter": "(i_color = ANY ('{powder,orchid,pink}'::bpchar[]))", "Rows Removed by Filter": 8560, "Workers": []}]}]}, {"Node Type": "Index Scan", "Parent Relationship": "Inner", "Parallel Aware": false, "Async Capable": false, "Scan Direction": "Forward", "Index Name": "web_sales_pkey", "Relation Name": "web_sales", "Alias": "web_sales", "Startup Cost": 0.42, "Total Cost": 5.92, "Plan Rows": 44, "Plan Width": 18, "Actual Startup Time": 0.004, "Actual Total Time": 0.056, "Actual Rows": 34, "Actual Loops": 2033, "Index Cond": "(ws_item_sk = item_4.i_item_sk)", "Rows Removed by Index Recheck": 0, "Workers": []}]}, {"Node Type": "Memoize", "Parent Relationship": "Inner", "Parallel Aware": false, "Async Capable": false, "Startup Cost": 0.3, "Total Cost": 0.33, "Plan Rows": 1, "Plan Width": 4, "Actual Startup Time": 0.0, "Actual Total Time": 0.0, "Actual Rows": 0, "Actual Loops": 68177, "Cache Key": "web_sales.ws_sold_date_sk", "Cache Mode": "logical", "Cache Hits": 33854, "Cache Misses": 1823, "Cache Evictions": 0, "Cache Overflows": 0, "Peak Memory Usage": 123, "Workers": [{"Worker Number": 0, "Cache Hits": 30676, "Cache Misses": 1824, "Cache Evictions": 0, "Cache Overflows": 0, "Peak Memory Usage": 123}], "Plans": [{"Node Type": "Index Scan", "Parent Relationship": "Outer", "Parallel Aware": false, "Async Capable": false, "Scan Direction": "Forward", "Index Name": "date_dim_pkey", "Relation Name": "date_dim", "Alias": "date_dim_2", "Startup Cost": 0.29, "Total Cost": 0.32, "Plan Rows": 1, "Plan Width": 4, "Actual Startup Time": 0.001, "Actual Total Time": 0.001, "Actual Rows": 0, "Actual Loops": 3647, "Index Cond": "(d_date_sk = web_sales.ws_sold_date_sk)", "Rows Removed by Index Recheck": 0, "Filter": "((d_year = 2000) AND (d_moy = 3))", "Rows Removed by Filter": 1, "Workers": []}]}]}, {"Node Type": "Index Scan", "Parent Relationship": "Inner", "Parallel Aware": false, "Async Capable": false, "Scan Direction": "Forward", "Index Name": "customer_address_pkey", "Relation Name": "customer_address", "Alias": "customer_address_2", "Startup Cost": 0.29, "Total Cost": 0.32, "Plan Rows": 1, "Plan Width": 4, "Actual Startup Time": 0.004, "Actual Total Time": 0.004, "Actual Rows": 0, "Actual Loops": 652, "Index Cond": "(ca_address_sk = web_sales.ws_bill_addr_sk)", "Rows Removed by Index Recheck": 0, "Filter": "(ca_gmt_offset = '-6'::numeric)", "Rows Removed by Filter": 1, "Workers": []}]}]}]}]}]}]}]}]}]}, "Planning Time": 2.213, "Triggers": [], "Execution Time": 702.512}]