[{"Plan": {"Node Type": "Limit", "Parallel Aware": false, "Async Capable": false, "Startup Cost": 52069.4, "Total Cost": 52069.4, "Plan Rows": 1, "Plan Width": 690, "Actual Startup Time": 859.382, "Actual Total Time": 859.426, "Actual Rows": 100, "Actual Loops": 1, "Plans": [{"Node Type": "WindowAgg", "Parent Relationship": "InitPlan", "Subplan Name": "CTE v1", "Parallel Aware": false, "Async Capable": false, "Startup Cost": 49645.12, "Total Cost": 51159.99, "Plan Rows": 8266, "Plan Width": 194, "Actual Startup Time": 652.833, "Actual Total Time": 797.828, "Actual Rows": 25263, "Actual Loops": 1, "Plans": [{"Node Type": "WindowAgg", "Parent Relationship": "Outer", "Parallel Aware": false, "Async Capable": false, "Startup Cost": 49645.12, "Total Cost": 50974.0, "Plan Rows": 8266, "Plan Width": 162, "Actual Startup Time": 652.82, "Actual Total Time": 785.45, "Actual Rows": 25263, "Actual Loops": 1, "Plans": [{"Node Type": "Aggregate", "Strategy": "Sorted", "Partial Mode": "Finalize", "Parent Relationship": "Outer", "Parallel Aware": false, "Async Capable": false, "Startup Cost": 49645.12, "Total Cost": 50767.35, "Plan Rows": 8266, "Plan Width": 154, "Actual Startup Time": 652.811, "Actual Total Time": 772.982, "Actual Rows": 25263, "Actual Loops": 1, "Group Key": ["item.i_category", "item.i_brand", "call_center.cc_name", "date_dim.d_year", "date_dim.d_moy"], "Plans": [{"Node Type": "Gather Merge", "Parent Relationship": "Outer", "Parallel Aware": false, "Async Capable": false, "Startup Cost": 49645.12, "Total Cost": 50543.49, "Plan Rows": 6888, "Plan Width": 154, "Actual Startup Time": 652.801, "Actual Total Time": 749.657, "Actual Rows": 60051, "Actual Loops": 1, "Workers Planned": 2, "Workers Launched": 2, "Plans": [{"Node Type": "Aggregate", "Strategy": "Sorted", "Partial Mode": "Partial", "Parent Relationship": "Outer", "Parallel Aware": false, "Async Capable": false, "Startup Cost": 48645.1, "Total Cost": 48748.42, "Plan Rows": 3444, "Plan Width": 154, "Actual Startup Time": 645.141, "Actual Total Time": 725.236, "Actual Rows": 20017, "Actual Loops": 3, "Group Key": ["item.i_category", "item.i_brand", "call_center.cc_name", "date_dim.d_year", "date_dim.d_moy"], "Workers": [], "Plans": [{"Node Type": "Sort", "Parent Relationship": "Outer", "Parallel Aware": false, "Async Capable": false, "Startup Cost": 48645.1, "Total Cost": 48653.71, "Plan Rows": 3444, "Plan Width": 128, "Actual Startup Time": 645.123, "Actual Total Time": 698.606, "Actual Rows": 116134, "Actual Loops": 3, "Sort Key": ["item.i_category", "item.i_brand", "call_center.cc_name", "date_dim.d_year", "date_dim.d_moy"], "Sort Method": "external merge", "Sort Space Used": 16072, "Sort Space Type": "Disk", "Workers": [{"Worker Number": 0, "Sort Method": "external merge", "Sort Space Used": 15552, "Sort Space Type": "Disk"}, {"Worker Number": 1, "Sort Method": "external merge", "Sort Space Used": 15960, "Sort Space Type": "Disk"}], "Plans": [{"Node Type": "Nested Loop", "Parent Relationship": "Outer", "Parallel Aware": false, "Async Capable": false, "Join Type": "Inner", "Startup Cost": 2376.36, "Total Cost": 48442.76, "Plan Rows": 3444, "Plan Width": 128, "Actual Startup Time": 42.611, "Actual Total Time": 232.595, "Actual Rows": 116134, "Actual Loops": 3, "Inner Unique": true, "Workers": [], "Plans": [{"Node Type": "Hash Join", "Parent Relationship": "Outer", "Parallel Aware": false, "Async Capable": false, "Join Type": "Inner", "Startup Cost": 2376.07, "Total Cost": 47380.09, "Plan Rows": 3444, "Plan Width": 30, "Actual Startup Time": 42.512, "Actual Total Time": 97.679, "Actual Rows": 116134, "Actual Loops": 3, "Inner Unique": true, "Hash Cond": "(catalog_sales.cs_call_center_sk = call_center.cc_call_center_sk)", "Workers": [], "Plans": [{"Node Type": "Hash Join", "Parent Relationship": "Outer", "Parallel Aware": true, "Async Capable": false, "Join Type": "Inner", "Startup Cost": 2374.94, "Total Cost": 47363.48, "Plan Rows": 3463, "Plan Width": 22, "Actual Startup Time": 42.464, "Actual Total Time": 88.382, "Actual Rows": 116425, "Actual Loops": 3, "Inner Unique": true, "Hash Cond": "(catalog_sales.cs_sold_date_sk = date_dim.d_date_sk)", "Workers": [], "Plans": [{"Node Type": "Seq Scan", "Parent Relationship": "Outer", "Parallel Aware": true, "Async Capable": false, "Relation Name": "catalog_sales", "Alias": "catalog_sales", "Startup Cost": 0.0, "Total Cost": 43411.7, "Plan Rows": 600670, "Plan Width": 18, "Actual Startup Time": 0.034, "Actual Total Time": 45.607, "Actual Rows": 480516, "Actual Loops": 3, "Workers": []}, {"Node Type": "Hash", "Parent Relationship": "Inner", "Parallel Aware": true, "Async Capable": false, "Startup Cost": 2371.82, "Total Cost": 2371.82, "Plan Rows": 249, "Plan Width": 12, "Actual Startup Time": 2.141, "Actual Total Time": 2.141, "Actual Rows": 142, "Actual Loops": 3, "Hash Buckets": 1024, "Original Hash Buckets": 1024, "Hash Batches": 1, "Original Hash Batches": 1, "Peak Memory Usage": 104, "Workers": [], "Plans": [{"Node Type": "Seq Scan", "Parent Relationship": "Outer", "Parallel Aware": true, "Async Capable": false, "Relation Name": "date_dim", "Alias": "date_dim", "Startup Cost": 0.0, "Total Cost": 2371.82, "Plan Rows": 249, "Plan Width": 12, "Actual Startup Time": 0.953, "Actual Total Time": 2.092, "Actual Rows": 142, "Actual Loops": 3, "Filter": "((d_year = 2001) OR ((d_year = 2000) AND (d_moy = 12)) OR ((d_year = 2002) AND (d_moy = 1)))", "Rows Removed by Filter": 24207, "Workers": []}]}]}, {"Node Type": "Hash", "Parent Relationship": "Inner", "Parallel Aware": false, "Async Capable": false, "Startup Cost": 1.06, "Total Cost": 1.06, "Plan Rows": 6, "Plan Width": 16, "Actual Startup Time": 0.035, "Actual Total Time": 0.035, "Actual Rows": 6, "Actual Loops": 3, "Hash Buckets": 1024, "Original Hash Buckets": 1024, "Hash Batches": 1, "Original Hash Batches": 1, "Peak Memory Usage": 9, "Workers": [], "Plans": [{"Node Type": "Seq Scan", "Parent Relationship": "Outer", "Parallel Aware": false, "Async Capable": false, "Relation Name": "call_center", "Alias": "call_center", "Startup Cost": 0.0, "Total Cost": 1.06, "Plan Rows": 6, "Plan Width": 16, "Actual Startup Time": 0.03, "Actual Total Time": 0.031, "Actual Rows": 6, "Actual Loops": 3, "Workers": []}]}]}, {"Node Type": "Index Scan", "Parent Relationship": "Inner", "Parallel Aware": false, "Async Capable": false, "Scan Direction": "Forward", "Index Name": "item_pkey", "Relation Name": "item", "Alias": "item", "Startup Cost": 0.29, "Total Cost": 0.31, "Plan Rows": 1, "Plan Width": 106, "Actual Startup Time": 0.001, "Actual Total Time": 0.001, "Actual Rows": 1, "Actual Loops": 348402, "Index Cond": "(i_item_sk = catalog_sales.cs_item_sk)", "Rows Removed by Index Recheck": 0, "Workers": []}]}]}]}]}]}]}]}, {"Node Type": "Sort", "Parent Relationship": "Outer", "Parallel Aware": false, "Async Capable": false, "Startup Cost": 909.41, "Total Cost": 909.42, "Plan Rows": 1, "Plan Width": 690, "Actual Startup Time": 859.381, "Actual Total Time": 859.384, "Actual Rows": 100, "Actual Loops": 1, "Sort Key": ["((v1.sum_sales - v1.avg_monthly_sales))", "v1.avg_monthly_sales"], "Sort Method": "top-N heapsort", "Sort Space Used": 71, "Sort Space Type": "Memory", "Plans": [{"Node Type": "Hash Join", "Parent Relationship": "Outer", "Parallel Aware": false, "Async Capable": false, "Join Type": "Inner", "Startup Cost": 609.75, "Total Cost": 909.4, "Plan Rows": 1, "Plan Width": 690, "Actual Startup Time": 838.575, "Actual Total Time": 855.68, "Actual Rows": 17977, "Actual Loops": 1, "Inner Unique": false, "Hash Cond": "((v1_lead.i_category = v1.i_category) AND (v1_lead.i_brand = v1.i_brand) AND ((v1_lead.cc_name)::text = (v1.cc_name)::text) AND ((v1_lead.rn - 1) = v1.rn))", "Plans": [{"Node Type": "CTE Scan", "Parent Relationship": "Outer", "Parallel Aware": false, "Async Capable": false, "CTE Name": "v1", "Alias": "v1_lead", "Startup Cost": 0.0, "Total Cost": 165.32, "Plan Rows": 8266, "Plan Width": 566, "Actual Startup Time": 652.834, "Actual Total Time": 654.525, "Actual Rows": 25263, "Actual Loops": 1}, {"Node Type": "Hash", "Parent Relationship": "Inner", "Parallel Aware": false, "Async Capable": false, "Startup Cost": 609.73, "Total Cost": 609.73, "Plan Rows": 1, "Plan Width": 1168, "Actual Startup Time": 185.655, "Actual Total Time": 185.655, "Actual Rows": 18287, "Actual Loops": 1, "Hash Buckets": 16384, "Original Hash Buckets": 1024, "Hash Batches": 2, "Original Hash Batches": 1, "Peak Memory Usage": 3969, "Plans": [{"Node Type": "Hash Join", "Parent Relationship": "Outer", "Parallel Aware": false, "Async Capable": false, "Join Type": "Inner", "Startup Cost": 310.08, "Total Cost": 609.73, "Plan Rows": 1, "Plan Width": 1168, "Actual Startup Time": 167.578, "Actual Total Time": 178.484, "Actual Rows": 18287, "Actual Loops": 1, "Inner Unique": false, "Hash Cond": "((v1_lag.i_category = v1.i_category) AND (v1_lag.i_brand = v1.i_brand) AND ((v1_lag.cc_name)::text = (v1.cc_name)::text) AND ((v1_lag.rn + 1) = v1.rn))", "Plans": [{"Node Type": "CTE Scan", "Parent Relationship": "Outer", "Parallel Aware": false, "Async Capable": false, "CTE Name": "v1", "Alias": "v1_lag", "Startup Cost": 0.0, "Total Cost": 165.32, "Plan Rows": 8266, "Plan Width": 566, "Actual Startup Time": 0.0, "Actual Total Time": 1.701, "Actual Rows": 25263, "Actual Loops": 1}, {"Node Type": "Hash", "Parent Relationship": "Inner", "Parallel Aware": false, "Async Capable": false, "Startup Cost": 309.98, "Total Cost": 309.98, "Plan Rows": 5, "Plan Width": 602, "Actual Startup Time": 167.553, "Actual Total Time": 167.554, "Actual Rows": 18417, "Actual Loops": 1, "Hash Buckets": 32768, "Original Hash Buckets": 1024, "Hash Batches": 1, "Original Hash Batches": 1, "Peak Memory Usage": 3483, "Plans": [{"Node Type": "CTE Scan", "Parent Relationship": "Outer", "Parallel Aware": false, "Async Capable": false, "CTE Name": "v1", "Alias": "v1", "Startup Cost": 0.0, "Total Cost": 309.98, "Plan Rows": 5, "Plan Width": 602, "Actual Startup Time": 0.057, "Actual Total Time": 163.494, "Actual Rows": 18788, "Actual Loops": 1, "Filter": "((avg_monthly_sales > '0'::numeric) AND (d_year = 2001) AND (CASE WHEN (avg_monthly_sales > '0'::numeric) THEN (abs((sum_sales - avg_monthly_sales)) / avg_monthly_sales) ELSE NULL::numeric END > 0.1))", "Rows Removed by Filter": 6475}]}]}]}]}]}]}, "Planning Time": 1.497, "Triggers": [], "Execution Time": 863.93}]