[{"Plan": {"Node Type": "Limit", "Parallel Aware": false, "Async Capable": false, "Startup Cost": 158509.06, "Total Cost": 158509.06, "Plan Rows": 1, "Plan Width": 241, "Actual Startup Time": 325.328, "Actual Total Time": 325.419, "Actual Rows": 0, "Actual Loops": 1, "Plans": [{"Node Type": "Sort", "Parent Relationship": "Outer", "Parallel Aware": false, "Async Capable": false, "Startup Cost": 158509.06, "Total Cost": 158509.06, "Plan Rows": 1, "Plan Width": 241, "Actual Startup Time": 325.327, "Actual Total Time": 325.418, "Actual Rows": 0, "Actual Loops": 1, "Sort Key": ["item.i_item_id", "(sum(store_sales.ss_ext_sales_price))"], "Sort Method": "quicksort", "Sort Space Used": 25, "Sort Space Type": "Memory", "Plans": [{"Node Type": "Merge Join", "Parent Relationship": "Outer", "Parallel Aware": false, "Async Capable": false, "Join Type": "Inner", "Startup Cost": 158442.56, "Total Cost": 158509.05, "Plan Rows": 1, "Plan Width": 241, "Actual Startup Time": 325.326, "Actual Total Time": 325.417, "Actual Rows": 0, "Actual Loops": 1, "Inner Unique": false, "Merge Cond": "(item.i_item_id = item_1.i_item_id)", "Join Filter": "(((sum(store_sales.ss_ext_sales_price)) >= (0.9 * (sum(catalog_sales.cs_ext_sales_price)))) AND ((sum(store_sales.ss_ext_sales_price)) <= (1.1 * (sum(catalog_sales.cs_ext_sales_price)))) AND ((sum(catalog_sales.cs_ext_sales_price)) >= (0.9 * (sum(store_sales.ss_ext_sales_price)))) AND ((sum(catalog_sales.cs_ext_sales_price)) <= (1.1 * (sum(store_sales.ss_ext_sales_price)))) AND ((sum(store_sales.ss_ext_sales_price)) >= (0.9 * (sum(web_sales.ws_ext_sales_price)))) AND ((sum(store_sales.ss_ext_sales_price)) <= (1.1 * (sum(web_sales.ws_ext_sales_price)))) AND ((sum(web_sales.ws_ext_sales_price)) >= (0.9 * (sum(store_sales.ss_ext_sales_price)))) AND ((sum(web_sales.ws_ext_sales_price)) <= (1.1 * (sum(store_sales.ss_ext_sales_price)))))", "Rows Removed by Join Filter": 6, "Plans": [{"Node Type": "Aggregate", "Strategy": "Sorted", "Partial Mode": "Finalize", "Parent Relationship": "Outer", "Parallel Aware": false, "Async Capable": false, "Startup Cost": 75444.24, "Total Cost": 75476.78, "Plan Rows": 264, "Plan Width": 49, "Actual Startup Time": 152.684, "Actual Total Time": 160.328, "Actual Rows": 3758, "Actual Loops": 1, "Group Key": ["item.i_item_id"], "Plans": [{"Node Type": "Seq Scan", "Parent Relationship": "InitPlan", "Subplan Name": "InitPlan 1 (returns $0)", "Parallel Aware": false, "Async Capable": false, "Relation Name": "date_dim", "Alias": "date_dim_6", "Startup Cost": 0.0, "Total Cost": 2318.11, "Plan Rows": 1, "Plan Width": 4, "Actual Startup Time": 1.767, "Actual Total Time": 3.468, "Actual Rows": 1, "Actual Loops": 1, "Filter": "(d_date = '2001-06-16'::date)", "Rows Removed by Filter": 73048}, {"Node Type": "Gather Merge", "Parent Relationship": "Outer", "Parallel Aware": false, "Async Capable": false, "Startup Cost": 73126.12, "Total Cost": 73153.72, "Plan Rows": 220, "Plan Width": 49, "Actual Startup Time": 152.675, "Actual Total Time": 158.522, "Actual Rows": 4733, "Actual Loops": 1, "Workers Planned": 2, "Params Evaluated": ["$0"], "Workers Launched": 2, "Plans": [{"Node Type": "Aggregate", "Strategy": "Sorted", "Partial Mode": "Partial", "Parent Relationship": "Outer", "Parallel Aware": false, "Async Capable": false, "Startup Cost": 72126.1, "Total Cost": 72128.3, "Plan Rows": 110, "Plan Width": 49, "Actual Startup Time": 146.133, "Actual Total Time": 146.939, "Actual Rows": 1736, "Actual Loops": 3, "Group Key": ["item.i_item_id"], "Workers": [], "Plans": [{"Node Type": "Sort", "Parent Relationship": "Outer", "Parallel Aware": false, "Async Capable": false, "Startup Cost": 72126.1, "Total Cost": 72126.37, "Plan Rows": 110, "Plan Width": 23, "Actual Startup Time": 146.117, "Actual Total Time": 146.223, "Actual Rows": 1912, "Actual Loops": 3, "Sort Key": ["item.i_item_id"], "Sort Method": "quicksort", "Sort Space Used": 201, "Sort Space Type": "Memory", "Workers": [{"Worker Number": 0, "Sort Method": "quicksort", "Sort Space Used": 198, "Sort Space Type": "Memory"}, {"Worker Number": 1, "Sort Method": "quicksort", "Sort Space Used": 263, "Sort Space Type": "Memory"}], "Plans": [{"Node Type": "Nested Loop", "Parent Relationship": "Outer", "Parallel Aware": false, "Async Capable": false, "Join Type": "Inner", "Startup Cost": 3890.05, "Total Cost": 72122.37, "Plan Rows": 110, "Plan Width": 23, "Actual Startup Time": 5.679, "Actual Total Time": 135.093, "Actual Rows": 1998, "Actual Loops": 3, "Inner Unique": true, "Workers": [], "Plans": [{"Node Type": "Hash Join", "Parent Relationship": "Outer", "Parallel Aware": true, "Async Capable": false, "Join Type": "Inner", "Startup Cost": 3889.77, "Total Cost": 72088.62, "Plan Rows": 110, "Plan Width": 10, "Actual Startup Time": 5.648, "Actual Total Time": 129.858, "Actual Rows": 1998, "Actual Loops": 3, "Inner Unique": false, "Hash Cond": "(store_sales.ss_sold_date_sk = date_dim.d_date_sk)", "Workers": [], "Plans": [{"Node Type": "Seq Scan", "Parent Relationship": "Outer", "Parallel Aware": true, "Async Capable": false, "Relation Name": "store_sales", "Alias": "store_sales", "Startup Cost": 0.0, "Total Cost": 63697.62, "Plan Rows": 1200162, "Plan Width": 14, "Actual Startup Time": 0.042, "Actual Total Time": 73.433, "Actual Rows": 960135, "Actual Loops": 3, "Workers": []}, {"Node Type": "Hash", "Parent Relationship": "Inner", "Parallel Aware": true, "Async Capable": false, "Startup Cost": 3889.72, "Total Cost": 3889.72, "Plan Rows": 4, "Plan Width": 4, "Actual Startup Time": 4.858, "Actual Total Time": 4.859, "Actual Rows": 2, "Actual Loops": 3, "Hash Buckets": 1024, "Original Hash Buckets": 1024, "Hash Batches": 1, "Original Hash Batches": 1, "Peak Memory Usage": 40, "Workers": [], "Plans": [{"Node Type": "Hash Join", "Parent Relationship": "Outer", "Parallel Aware": true, "Async Capable": false, "Join Type": "Semi", "Startup Cost": 1942.17, "Total Cost": 3889.72, "Plan Rows": 4, "Plan Width": 4, "Actual Startup Time": 4.31, "Actual Total Time": 4.831, "Actual Rows": 2, "Actual Loops": 3, "Inner Unique": false, "Hash Cond": "(date_dim.d_date = date_dim_1.d_date)", "Workers": [], "Plans": [{"Node Type": "Seq Scan", "Parent Relationship": "Outer", "Parallel Aware": true, "Async Capable": false, "Relation Name": "date_dim", "Alias": "date_dim", "Startup Cost": 0.0, "Total Cost": 1834.7, "Plan Rows": 42970, "Plan Width": 8, "Actual Startup Time": 0.003, "Actual Total Time": 1.212, "Actual Rows": 24350, "Actual Loops": 3, "Workers": []}, {"Node Type": "Hash", "Parent Relationship": "Inner", "Parallel Aware": true, "Async Capable": false, "Startup Cost": 1942.12, "Total Cost": 1942.12, "Plan Rows": 4, "Plan Width": 4, "Actual Startup Time": 1.542, "Actual Total Time": 1.542, "Actual Rows": 2, "Actual Loops": 3, "Hash Buckets": 1024, "Original Hash Buckets": 1024, "Hash Batches": 1, "Original Hash Batches": 1, "Peak Memory Usage": 40, "Workers": [], "Plans": [{"Node Type": "Seq Scan", "Parent Relationship": "Outer", "Parallel Aware": true, "Async Capable": false, "Relation Name": "date_dim", "Alias": "date_dim_1", "Startup Cost": 0.0, "Total Cost": 1942.12, "Plan Rows": 4, "Plan Width": 4, "Actual Startup Time": 1.092, "Actual Total Time": 1.528, "Actual Rows": 2, "Actual Loops": 3, "Filter": "(d_week_seq = $0)", "Rows Removed by Filter": 24347, "Workers": []}]}]}]}]}, {"Node Type": "Index Scan", "Parent Relationship": "Inner", "Parallel Aware": false, "Async Capable": false, "Scan Direction": "Forward", "Index Name": "item_pkey", "Relation Name": "item", "Alias": "item", "Startup Cost": 0.29, "Total Cost": 0.31, "Plan Rows": 1, "Plan Width": 21, "Actual Startup Time": 0.002, "Actual Total Time": 0.002, "Actual Rows": 1, "Actual Loops": 5993, "Index Cond": "(i_item_sk = store_sales.ss_item_sk)", "Rows Removed by Index Recheck": 0, "Workers": []}]}]}]}]}]}, {"Node Type": "Materialize", "Parent Relationship": "Inner", "Parallel Aware": false, "Async Capable": false, "Startup Cost": 82998.32, "Total Cost": 83028.87, "Plan Rows": 1, "Plan Width": 98, "Actual Startup Time": 153.143, "Actual Total Time": 163.16, "Actual Rows": 14, "Actual Loops": 1, "Plans": [{"Node Type": "Merge Join", "Parent Relationship": "Outer", "Parallel Aware": false, "Async Capable": false, "Join Type": "Inner", "Startup Cost": 82998.32, "Total Cost": 83028.87, "Plan Rows": 1, "Plan Width": 98, "Actual Startup Time": 153.139, "Actual Total Time": 163.153, "Actual Rows": 14, "Actual Loops": 1, "Inner Unique": true, "Merge Cond": "(item_1.i_item_id = item_2.i_item_id)", "Join Filter": "(((sum(catalog_sales.cs_ext_sales_price)) >= (0.9 * (sum(web_sales.ws_ext_sales_price)))) AND ((sum(catalog_sales.cs_ext_sales_price)) <= (1.1 * (sum(web_sales.ws_ext_sales_price)))) AND ((sum(web_sales.ws_ext_sales_price)) >= (0.9 * (sum(catalog_sales.cs_ext_sales_price)))) AND ((sum(web_sales.ws_ext_sales_price)) <= (1.1 * (sum(catalog_sales.cs_ext_sales_price)))))", "Rows Removed by Join Filter": 378, "Plans": [{"Node Type": "Aggregate", "Strategy": "Sorted", "Partial Mode": "Finalize", "Parent Relationship": "Outer", "Parallel Aware": false, "Async Capable": false, "Startup Cost": 52892.04, "Total Cost": 52909.18, "Plan Rows": 138, "Plan Width": 49, "Actual Startup Time": 97.099, "Actual Total Time": 102.493, "Actual Rows": 2593, "Actual Loops": 1, "Group Key": ["item_1.i_item_id"], "Plans": [{"Node Type": "Seq Scan", "Parent Relationship": "InitPlan", "Subplan Name": "InitPlan 2 (returns $1)", "Parallel Aware": false, "Async Capable": false, "Relation Name": "date_dim", "Alias": "date_dim_7", "Startup Cost": 0.0, "Total Cost": 2318.11, "Plan Rows": 1, "Plan Width": 4, "Actual Startup Time": 2.221, "Actual Total Time": 4.184, "Actual Rows": 1, "Actual Loops": 1, "Filter": "(d_date = '2001-06-16'::date)", "Rows Removed by Filter": 73048}, {"Node Type": "Gather Merge", "Parent Relationship": "Outer", "Parallel Aware": false, "Async Capable": false, "Startup Cost": 50573.92, "Total Cost": 50588.47, "Plan Rows": 116, "Plan Width": 49, "Actual Startup Time": 97.094, "Actual Total Time": 100.973, "Actual Rows": 2888, "Actual Loops": 1, "Workers Planned": 2, "Params Evaluated": ["$1"], "Workers Launched": 2, "Plans": [{"Node Type": "Aggregate", "Strategy": "Sorted", "Partial Mode": "Partial", "Parent Relationship": "Outer", "Parallel Aware": false, "Async Capable": false, "Startup Cost": 49573.9, "Total Cost": 49575.06, "Plan Rows": 58, "Plan Width": 49, "Actual Startup Time": 89.871, "Actual Total Time": 90.258, "Actual Rows": 963, "Actual Loops": 3, "Group Key": ["item_1.i_item_id"], "Workers": [], "Plans": [{"Node Type": "Sort", "Parent Relationship": "Outer", "Parallel Aware": false, "Async Capable": false, "Startup Cost": 49573.9, "Total Cost": 49574.04, "Plan Rows": 58, "Plan Width": 23, "Actual Startup Time": 89.86, "Actual Total Time": 89.914, "Actual Rows": 1041, "Actual Loops": 3, "Sort Key": ["item_1.i_item_id"], "Sort Method": "quicksort", "Sort Space Used": 145, "Sort Space Type": "Memory", "Workers": [{"Worker Number": 0, "Sort Method": "quicksort", "Sort Space Used": 144, "Sort Space Type": "Memory"}, {"Worker Number": 1, "Sort Method": "quicksort", "Sort Space Used": 77, "Sort Space Type": "Memory"}], "Plans": [{"Node Type": "Nested Loop", "Parent Relationship": "Outer", "Parallel Aware": false, "Async Capable": false, "Join Type": "Inner", "Startup Cost": 3890.05, "Total Cost": 49572.2, "Plan Rows": 58, "Plan Width": 23, "Actual Startup Time": 53.798, "Actual Total Time": 84.979, "Actual Rows": 1041, "Actual Loops": 3, "Inner Unique": true, "Workers": [], "Plans": [{"Node Type": "Hash Join", "Parent Relationship": "Outer", "Parallel Aware": true, "Async Capable": false, "Join Type": "Inner", "Startup Cost": 3889.77, "Total Cost": 49554.3, "Plan Rows": 58, "Plan Width": 10, "Actual Startup Time": 53.775, "Actual Total Time": 83.052, "Actual Rows": 1041, "Actual Loops": 3, "Inner Unique": false, "Hash Cond": "(catalog_sales.cs_sold_date_sk = date_dim_2.d_date_sk)", "Workers": [], "Plans": [{"Node Type": "Seq Scan", "Parent Relationship": "Outer", "Parallel Aware": true, "Async Capable": false, "Relation Name": "catalog_sales", "Alias": "catalog_sales", "Startup Cost": 0.0, "Total Cost": 43411.7, "Plan Rows": 600670, "Plan Width": 14, "Actual Startup Time": 0.036, "Actual Total Time": 49.945, "Actual Rows": 480516, "Actual Loops": 3, "Workers": []}, {"Node Type": "Hash", "Parent Relationship": "Inner", "Parallel Aware": true, "Async Capable": false, "Startup Cost": 3889.72, "Total Cost": 3889.72, "Plan Rows": 4, "Plan Width": 4, "Actual Startup Time": 4.585, "Actual Total Time": 4.586, "Actual Rows": 2, "Actual Loops": 3, "Hash Buckets": 1024, "Original Hash Buckets": 1024, "Hash Batches": 1, "Original Hash Batches": 1, "Peak Memory Usage": 40, "Workers": [], "Plans": [{"Node Type": "Hash Join", "Parent Relationship": "Outer", "Parallel Aware": true, "Async Capable": false, "Join Type": "Semi", "Startup Cost": 1942.17, "Total Cost": 3889.72, "Plan Rows": 4, "Plan Width": 4, "Actual Startup Time": 4.074, "Actual Total Time": 4.566, "Actual Rows": 2, "Actual Loops": 3, "Inner Unique": false, "Hash Cond": "(date_dim_2.d_date = date_dim_3.d_date)", "Workers": [], "Plans": [{"Node Type": "Seq Scan", "Parent Relationship": "Outer", "Parallel Aware": true, "Async Capable": false, "Relation Name": "date_dim", "Alias": "date_dim_2", "Startup Cost": 0.0, "Total Cost": 1834.7, "Plan Rows": 42970, "Plan Width": 8, "Actual Startup Time": 0.002, "Actual Total Time": 1.096, "Actual Rows": 24350, "Actual Loops": 3, "Workers": []}, {"Node Type": "Hash", "Parent Relationship": "Inner", "Parallel Aware": true, "Async Capable": false, "Startup Cost": 1942.12, "Total Cost": 1942.12, "Plan Rows": 4, "Plan Width": 4, "Actual Startup Time": 1.41, "Actual Total Time": 1.411, "Actual Rows": 2, "Actual Loops": 3, "Hash Buckets": 1024, "Original Hash Buckets": 1024, "Hash Batches": 1, "Original Hash Batches": 1, "Peak Memory Usage": 40, "Workers": [], "Plans": [{"Node Type": "Seq Scan", "Parent Relationship": "Outer", "Parallel Aware": true, "Async Capable": false, "Relation Name": "date_dim", "Alias": "date_dim_3", "Startup Cost": 0.0, "Total Cost": 1942.12, "Plan Rows": 4, "Plan Width": 4, "Actual Startup Time": 0.965, "Actual Total Time": 1.398, "Actual Rows": 2, "Actual Loops": 3, "Filter": "(d_week_seq = $1)", "Rows Removed by Filter": 24347, "Workers": []}]}]}]}]}, {"Node Type": "Index Scan", "Parent Relationship": "Inner", "Parallel Aware": false, "Async Capable": false, "Scan Direction": "Forward", "Index Name": "item_pkey", "Relation Name": "item", "Alias": "item_1", "Startup Cost": 0.29, "Total Cost": 0.31, "Plan Rows": 1, "Plan Width": 21, "Actual Startup Time": 0.002, "Actual Total Time": 0.002, "Actual Rows": 1, "Actual Loops": 3123, "Index Cond": "(i_item_sk = catalog_sales.cs_item_sk)", "Rows Removed by Index Recheck": 0, "Workers": []}]}]}]}]}]}, {"Node Type": "Materialize", "Parent Relationship": "Inner", "Parallel Aware": false, "Async Capable": false, "Startup Cost": 30106.29, "Total Cost": 30115.72, "Plan Rows": 69, "Plan Width": 49, "Actual Startup Time": 55.421, "Actual Total Time": 58.08, "Actual Rows": 1343, "Actual Loops": 1, "Plans": [{"Node Type": "Aggregate", "Strategy": "Sorted", "Partial Mode": "Finalize", "Parent Relationship": "Outer", "Parallel Aware": false, "Async Capable": false, "Startup Cost": 30106.29, "Total Cost": 30114.86, "Plan Rows": 69, "Plan Width": 49, "Actual Startup Time": 55.419, "Actual Total Time": 57.935, "Actual Rows": 1343, "Actual Loops": 1, "Group Key": ["item_2.i_item_id"], "Plans": [{"Node Type": "Seq Scan", "Parent Relationship": "InitPlan", "Subplan Name": "InitPlan 3 (returns $2)", "Parallel Aware": false, "Async Capable": false, "Relation Name": "date_dim", "Alias": "date_dim_8", "Startup Cost": 0.0, "Total Cost": 2318.11, "Plan Rows": 1, "Plan Width": 4, "Actual Startup Time": 1.712, "Actual Total Time": 3.504, "Actual Rows": 1, "Actual Loops": 1, "Filter": "(d_date = '2001-06-16'::date)", "Rows Removed by Filter": 73048}, {"Node Type": "Gather Merge", "Parent Relationship": "Outer", "Parallel Aware": false, "Async Capable": false, "Startup Cost": 27788.18, "Total Cost": 27795.45, "Plan Rows": 58, "Plan Width": 49, "Actual Startup Time": 55.412, "Actual Total Time": 57.395, "Actual Rows": 1415, "Actual Loops": 1, "Workers Planned": 2, "Params Evaluated": ["$2"], "Workers Launched": 2, "Plans": [{"Node Type": "Aggregate", "Strategy": "Sorted", "Partial Mode": "Partial", "Parent Relationship": "Outer", "Parallel Aware": false, "Async Capable": false, "Startup Cost": 26788.15, "Total Cost": 26788.73, "Plan Rows": 29, "Plan Width": 49, "Actual Startup Time": 49.224, "Actual Total Time": 49.414, "Actual Rows": 472, "Actual Loops": 3, "Group Key": ["item_2.i_item_id"], "Workers": [], "Plans": [{"Node Type": "Sort", "Parent Relationship": "Outer", "Parallel Aware": false, "Async Capable": false, "Startup Cost": 26788.15, "Total Cost": 26788.22, "Plan Rows": 29, "Plan Width": 23, "Actual Startup Time": 49.202, "Actual Total Time": 49.221, "Actual Rows": 486, "Actual Loops": 3, "Sort Key": ["item_2.i_item_id"], "Sort Method": "quicksort", "Sort Space Used": 66, "Sort Space Type": "Memory", "Workers": [{"Worker Number": 0, "Sort Method": "quicksort", "Sort Space Used": 69, "Sort Space Type": "Memory"}, {"Worker Number": 1, "Sort Method": "quicksort", "Sort Space Used": 52, "Sort Space Type": "Memory"}], "Plans": [{"Node Type": "Nested Loop", "Parent Relationship": "Outer", "Parallel Aware": false, "Async Capable": false, "Join Type": "Inner", "Startup Cost": 3890.05, "Total Cost": 26787.45, "Plan Rows": 29, "Plan Width": 23, "Actual Startup Time": 7.337, "Actual Total Time": 47.059, "Actual Rows": 486, "Actual Loops": 3, "Inner Unique": true, "Workers": [], "Plans": [{"Node Type": "Hash Join", "Parent Relationship": "Outer", "Parallel Aware": true, "Async Capable": false, "Join Type": "Inner", "Startup Cost": 3889.77, "Total Cost": 26778.4, "Plan Rows": 29, "Plan Width": 10, "Actual Startup Time": 7.303, "Actual Total Time": 45.358, "Actual Rows": 486, "Actual Loops": 3, "Inner Unique": false, "Hash Cond": "(web_sales.ws_sold_date_sk = date_dim_4.d_date_sk)", "Workers": [], "Plans": [{"Node Type": "Seq Scan", "Parent Relationship": "Outer", "Parallel Aware": true, "Async Capable": false, "Relation Name": "web_sales", "Alias": "web_sales", "Startup Cost": 0.0, "Total Cost": 21764.43, "Plan Rows": 299743, "Plan Width": 14, "Actual Startup Time": 0.056, "Actual Total Time": 25.889, "Actual Rows": 239795, "Actual Loops": 3, "Workers": []}, {"Node Type": "Hash", "Parent Relationship": "Inner", "Parallel Aware": true, "Async Capable": false, "Startup Cost": 3889.72, "Total Cost": 3889.72, "Plan Rows": 4, "Plan Width": 4, "Actual Startup Time": 6.295, "Actual Total Time": 6.297, "Actual Rows": 2, "Actual Loops": 3, "Hash Buckets": 1024, "Original Hash Buckets": 1024, "Hash Batches": 1, "Original Hash Batches": 1, "Peak Memory Usage": 40, "Workers": [], "Plans": [{"Node Type": "Hash Join", "Parent Relationship": "Outer", "Parallel Aware": true, "Async Capable": false, "Join Type": "Semi", "Startup Cost": 1942.17, "Total Cost": 3889.72, "Plan Rows": 4, "Plan Width": 4, "Actual Startup Time": 5.531, "Actual Total Time": 6.264, "Actual Rows": 2, "Actual Loops": 3, "Inner Unique": false, "Hash Cond": "(date_dim_4.d_date = date_dim_5.d_date)", "Workers": [], "Plans": [{"Node Type": "Seq Scan", "Parent Relationship": "Outer", "Parallel Aware": true, "Async Capable": false, "Relation Name": "date_dim", "Alias": "date_dim_4", "Startup Cost": 0.0, "Total Cost": 1834.7, "Plan Rows": 42970, "Plan Width": 8, "Actual Startup Time": 0.013, "Actual Total Time": 1.419, "Actual Rows": 24350, "Actual Loops": 3, "Workers": []}, {"Node Type": "Hash", "Parent Relationship": "Inner", "Parallel Aware": true, "Async Capable": false, "Startup Cost": 1942.12, "Total Cost": 1942.12, "Plan Rows": 4, "Plan Width": 4, "Actual Startup Time": 1.581, "Actual Total Time": 1.582, "Actual Rows": 2, "Actual Loops": 3, "Hash Buckets": 1024, "Original Hash Buckets": 1024, "Hash Batches": 1, "Original Hash Batches": 1, "Peak Memory Usage": 40, "Workers": [], "Plans": [{"Node Type": "Seq Scan", "Parent Relationship": "Outer", "Parallel Aware": true, "Async Capable": false, "Relation Name": "date_dim", "Alias": "date_dim_5", "Startup Cost": 0.0, "Total Cost": 1942.12, "Plan Rows": 4, "Plan Width": 4, "Actual Startup Time": 0.979, "Actual Total Time": 1.557, "Actual Rows": 2, "Actual Loops": 3, "Filter": "(d_week_seq = $2)", "Rows Removed by Filter": 24347, "Workers": []}]}]}]}]}, {"Node Type": "Index Scan", "Parent Relationship": "Inner", "Parallel Aware": false, "Async Capable": false, "Scan Direction": "Forward", "Index Name": "item_pkey", "Relation Name": "item", "Alias": "item_2", "Startup Cost": 0.29, "Total Cost": 0.31, "Plan Rows": 1, "Plan Width": 21, "Actual Startup Time": 0.003, "Actual Total Time": 0.003, "Actual Rows": 1, "Actual Loops": 1459, "Index Cond": "(i_item_sk = web_sales.ws_item_sk)", "Rows Removed by Index Recheck": 0, "Workers": []}]}]}]}]}]}]}]}]}]}]}]}, "Planning Time": 0.561, "Triggers": [], "Execution Time": 325.866}]