[{"Plan": {"Node Type": "Limit", "Parallel Aware": false, "Async Capable": false, "Startup Cost": 249071.73, "Total Cost": 249071.73, "Plan Rows": 1, "Plan Width": 250, "Actual Startup Time": 624.821, "Actual Total Time": 624.96, "Actual Rows": 100, "Actual Loops": 1, "Plans": [{"Node Type": "Aggregate", "Strategy": "Sorted", "Partial Mode": "Finalize", "Parent Relationship": "InitPlan", "Subplan Name": "CTE wss", "Parallel Aware": false, "Async Capable": false, "Startup Cost": 219764.69, "Total Cost": 241066.43, "Plan Rows": 62496, "Plan Width": 232, "Actual Startup Time": 501.541, "Actual Total Time": 510.695, "Actual Rows": 1834, "Actual Loops": 1, "Group Key": ["date_dim.d_week_seq", "store_sales.ss_store_sk"], "Plans": [{"Node Type": "Gather Merge", "Parent Relationship": "Outer", "Parallel Aware": false, "Async Capable": false, "Startup Cost": 219764.69, "Total Cost": 234348.11, "Plan Rows": 124992, "Plan Width": 232, "Actual Startup Time": 501.525, "Actual Total Time": 502.383, "Actual Rows": 5502, "Actual Loops": 1, "Workers Planned": 2, "Workers Launched": 2, "Plans": [{"Node Type": "Sort", "Parent Relationship": "Outer", "Parallel Aware": false, "Async Capable": false, "Startup Cost": 218764.66, "Total Cost": 218920.9, "Plan Rows": 62496, "Plan Width": 232, "Actual Startup Time": 498.91, "Actual Total Time": 498.956, "Actual Rows": 1834, "Actual Loops": 3, "Sort Key": ["date_dim.d_week_seq", "store_sales.ss_store_sk"], "Sort Method": "quicksort", "Sort Space Used": 994, "Sort Space Type": "Memory", "Workers": [{"Worker Number": 0, "Sort Method": "quicksort", "Sort Space Used": 994, "Sort Space Type": "Memory"}, {"Worker Number": 1, "Sort Method": "quicksort", "Sort Space Used": 994, "Sort Space Type": "Memory"}], "Plans": [{"Node Type": "Aggregate", "Strategy": "Hashed", "Partial Mode": "Partial", "Parent Relationship": "Outer", "Parallel Aware": false, "Async Capable": false, "Startup Cost": 191792.31, "Total Cost": 206950.9, "Plan Rows": 62496, "Plan Width": 232, "Actual Startup Time": 478.537, "Actual Total Time": 498.251, "Actual Rows": 1834, "Actual Loops": 3, "Group Key": ["date_dim.d_week_seq", "store_sales.ss_store_sk"], "Planned Partitions": 32, "HashAgg Batches": 33, "Peak Memory Usage": 4465, "Disk Usage": 5000, "Workers": [{"Worker Number": 0, "HashAgg Batches": 32, "Peak Memory Usage": 4465, "Disk Usage": 4552}, {"Worker Number": 1, "HashAgg Batches": 33, "Peak Memory Usage": 4465, "Disk Usage": 5256}], "Plans": [{"Node Type": "Hash Join", "Parent Relationship": "Outer", "Parallel Aware": true, "Async Capable": false, "Join Type": "Inner", "Startup Cost": 2371.82, "Total Cost": 69220.05, "Plan Rows": 1146875, "Plan Width": 24, "Actual Startup Time": 5.578, "Actual Total Time": 228.026, "Actual Rows": 916770, "Actual Loops": 3, "Inner Unique": true, "Hash Cond": "(store_sales.ss_sold_date_sk = date_dim.d_date_sk)", "Workers": [], "Plans": [{"Node Type": "Seq Scan", "Parent Relationship": "Outer", "Parallel Aware": true, "Async Capable": false, "Relation Name": "store_sales", "Alias": "store_sales", "Startup Cost": 0.0, "Total Cost": 63697.62, "Plan Rows": 1200162, "Plan Width": 14, "Actual Startup Time": 0.048, "Actual Total Time": 83.506, "Actual Rows": 960135, "Actual Loops": 3, "Workers": []}, {"Node Type": "Hash", "Parent Relationship": "Inner", "Parallel Aware": true, "Async Capable": false, "Startup Cost": 1834.7, "Total Cost": 1834.7, "Plan Rows": 42970, "Plan Width": 18, "Actual Startup Time": 5.438, "Actual Total Time": 5.438, "Actual Rows": 24350, "Actual Loops": 3, "Hash Buckets": 131072, "Original Hash Buckets": 131072, "Hash Batches": 1, "Original Hash Batches": 1, "Peak Memory Usage": 5088, "Workers": [], "Plans": [{"Node Type": "Seq Scan", "Parent Relationship": "Outer", "Parallel Aware": true, "Async Capable": false, "Relation Name": "date_dim", "Alias": "date_dim", "Startup Cost": 0.0, "Total Cost": 1834.7, "Plan Rows": 42970, "Plan Width": 18, "Actual Startup Time": 0.004, "Actual Total Time": 2.548, "Actual Rows": 24350, "Actual Loops": 3, "Workers": []}]}]}]}]}]}]}, {"Node Type": "Sort", "Parent Relationship": "Outer", "Parallel Aware": false, "Async Capable": false, "Startup Cost": 8005.3, "Total Cost": 8005.31, "Plan Rows": 1, "Plan Width": 250, "Actual Startup Time": 624.821, "Actual Total Time": 624.825, "Actual Rows": 100, "Actual Loops": 1, "Sort Key": ["store.s_store_name", "store.s_store_id", "wss.d_week_seq"], "Sort Method": "top-N heapsort", "Sort Space Used": 68, "Sort Space Type": "Memory", "Plans": [{"Node Type": "Nested Loop", "Parent Relationship": "Outer", "Parallel Aware": false, "Async Capable": false, "Join Type": "Inner", "Startup Cost": 3970.97, "Total Cost": 8005.29, "Plan Rows": 1, "Plan Width": 250, "Actual Startup Time": 518.002, "Actual Total Time": 621.56, "Actual Rows": 15288, "Actual Loops": 1, "Inner Unique": false, "Join Filter": "(wss_1.d_week_seq = d_1.d_week_seq)", "Rows Removed by Join Filter": 786252, "Plans": [{"Node Type": "Seq Scan", "Parent Relationship": "Outer", "Parallel Aware": false, "Async Capable": false, "Relation Name": "date_dim", "Alias": "d_1", "Startup Cost": 0.0, "Total Cost": 2500.73, "Plan Rows": 408, "Plan Width": 4, "Actual Startup Time": 1.737, "Actual Total Time": 4.254, "Actual Rows": 365, "Actual Loops": 1, "Filter": "((d_month_seq >= 1207) AND (d_month_seq <= 1218))", "Rows Removed by Filter": 72684}, {"Node Type": "Materialize", "Parent Relationship": "Inner", "Parallel Aware": false, "Async Capable": false, "Startup Cost": 3970.97, "Total Cost": 5449.48, "Plan Rows": 9, "Plan Width": 478, "Actual Startup Time": 1.414, "Actual Total Time": 1.459, "Actual Rows": 2196, "Actual Loops": 365, "Plans": [{"Node Type": "Hash Join", "Parent Relationship": "Outer", "Parallel Aware": false, "Async Capable": false, "Join Type": "Inner", "Startup Cost": 3970.97, "Total Cost": 5449.44, "Plan Rows": 9, "Plan Width": 478, "Actual Startup Time": 516.246, "Actual Total Time": 516.723, "Actual Rows": 2196, "Actual Loops": 1, "Inner Unique": false, "Hash Cond": "(((wss_1.d_week_seq - 52) = d.d_week_seq) AND (store_1.s_store_id = store.s_store_id))", "Plans": [{"Node Type": "Hash Join", "Parent Relationship": "Outer", "Parallel Aware": false, "Async Capable": false, "Join Type": "Inner", "Startup Cost": 1.27, "Total Cost": 1418.71, "Plan Rows": 3750, "Plan Width": 245, "Actual Startup Time": 501.578, "Actual Total Time": 501.847, "Actual Rows": 1572, "Actual Loops": 1, "Inner Unique": true, "Hash Cond": "(wss_1.ss_store_sk = store_1.s_store_sk)", "Plans": [{"Node Type": "CTE Scan", "Parent Relationship": "Outer", "Parallel Aware": false, "Async Capable": false, "CTE Name": "wss", "Alias": "wss_1", "Startup Cost": 0.0, "Total Cost": 1249.92, "Plan Rows": 62496, "Plan Width": 232, "Actual Startup Time": 501.542, "Actual Total Time": 501.608, "Actual Rows": 1834, "Actual Loops": 1}, {"Node Type": "Hash", "Parent Relationship": "Inner", "Parallel Aware": false, "Async Capable": false, "Startup Cost": 1.12, "Total Cost": 1.12, "Plan Rows": 12, "Plan Width": 21, "Actual Startup Time": 0.027, "Actual Total Time": 0.027, "Actual Rows": 12, "Actual Loops": 1, "Hash Buckets": 1024, "Original Hash Buckets": 1024, "Hash Batches": 1, "Original Hash Batches": 1, "Peak Memory Usage": 9, "Plans": [{"Node Type": "Seq Scan", "Parent Relationship": "Outer", "Parallel Aware": false, "Async Capable": false, "Relation Name": "store", "Alias": "store_1", "Startup Cost": 0.0, "Total Cost": 1.12, "Plan Rows": 12, "Plan Width": 21, "Actual Startup Time": 0.022, "Actual Total Time": 0.024, "Actual Rows": 12, "Actual Loops": 1}]}]}, {"Node Type": "Hash", "Parent Relationship": "Inner", "Parallel Aware": false, "Async Capable": false, "Startup Cost": 3967.67, "Total Cost": 3967.67, "Plan Rows": 135, "Plan Width": 254, "Actual Startup Time": 14.469, "Actual Total Time": 14.47, "Actual Rows": 2196, "Actual Loops": 1, "Hash Buckets": 4096, "Original Hash Buckets": 1024, "Hash Batches": 1, "Original Hash Batches": 1, "Peak Memory Usage": 284, "Plans": [{"Node Type": "Hash Join", "Parent Relationship": "Outer", "Parallel Aware": false, "Async Capable": false, "Join Type": "Inner", "Startup Cost": 2506.69, "Total Cost": 3967.67, "Plan Rows": 135, "Plan Width": 254, "Actual Startup Time": 7.337, "Actual Total Time": 14.078, "Actual Rows": 2196, "Actual Loops": 1, "Inner Unique": false, "Hash Cond": "(wss.d_week_seq = d.d_week_seq)", "Plans": [{"Node Type": "Hash Join", "Parent Relationship": "Outer", "Parallel Aware": false, "Async Capable": false, "Join Type": "Inner", "Startup Cost": 1.27, "Total Cost": 1418.71, "Plan Rows": 3750, "Plan Width": 250, "Actual Startup Time": 0.009, "Actual Total Time": 9.671, "Actual Rows": 1572, "Actual Loops": 1, "Inner Unique": true, "Hash Cond": "(wss.ss_store_sk = store.s_store_sk)", "Plans": [{"Node Type": "CTE Scan", "Parent Relationship": "Outer", "Parallel Aware": false, "Async Capable": false, "CTE Name": "wss", "Alias": "wss", "Startup Cost": 0.0, "Total Cost": 1249.92, "Plan Rows": 62496, "Plan Width": 232, "Actual Startup Time": 0.0, "Actual Total Time": 9.45, "Actual Rows": 1834, "Actual Loops": 1}, {"Node Type": "Hash", "Parent Relationship": "Inner", "Parallel Aware": false, "Async Capable": false, "Startup Cost": 1.12, "Total Cost": 1.12, "Plan Rows": 12, "Plan Width": 26, "Actual Startup Time": 0.006, "Actual Total Time": 0.006, "Actual Rows": 12, "Actual Loops": 1, "Hash Buckets": 1024, "Original Hash Buckets": 1024, "Hash Batches": 1, "Original Hash Batches": 1, "Peak Memory Usage": 9, "Plans": [{"Node Type": "Seq Scan", "Parent Relationship": "Outer", "Parallel Aware": false, "Async Capable": false, "Relation Name": "store", "Alias": "store", "Startup Cost": 0.0, "Total Cost": 1.12, "Plan Rows": 12, "Plan Width": 26, "Actual Startup Time": 0.001, "Actual Total Time": 0.002, "Actual Rows": 12, "Actual Loops": 1}]}]}, {"Node Type": "Hash", "Parent Relationship": "Inner", "Parallel Aware": false, "Async Capable": false, "Startup Cost": 2500.73, "Total Cost": 2500.73, "Plan Rows": 375, "Plan Width": 4, "Actual Startup Time": 4.206, "Actual Total Time": 4.206, "Actual Rows": 366, "Actual Loops": 1, "Hash Buckets": 1024, "Original Hash Buckets": 1024, "Hash Batches": 1, "Original Hash Batches": 1, "Peak Memory Usage": 21, "Plans": [{"Node Type": "Seq Scan", "Parent Relationship": "Outer", "Parallel Aware": false, "Async Capable": false, "Relation Name": "date_dim", "Alias": "d", "Startup Cost": 0.0, "Total Cost": 2500.73, "Plan Rows": 375, "Plan Width": 4, "Actual Startup Time": 1.953, "Actual Total Time": 4.188, "Actual Rows": 366, "Actual Loops": 1, "Filter": "((d_month_seq >= 1195) AND (d_month_seq <= 1206))", "Rows Removed by Filter": 72683}]}]}]}]}]}]}]}]}, "Planning Time": 0.528, "Triggers": [], "Execution Time": 626.489}]