[{"Plan": {"Node Type": "Limit", "Parallel Aware": false, "Async Capable": false, "Startup Cost": 1649349.01, "Total Cost": 1649349.05, "Plan Rows": 17, "Plan Width": 11, "Actual Startup Time": 84782.215, "Actual Total Time": 84782.285, "Actual Rows": 44, "Actual Loops": 1, "Plans": [{"Node Type": "Unique", "Parent Relationship": "InitPlan", "Subplan Name": "InitPlan 1 (returns $0)", "Parallel Aware": false, "Async Capable": false, "Startup Cost": 2501.5, "Total Cost": 2501.66, "Plan Rows": 31, "Plan Width": 4, "Actual Startup Time": 4.286, "Actual Total Time": 4.289, "Actual Rows": 1, "Actual Loops": 1, "Plans": [{"Node Type": "Sort", "Parent Relationship": "Outer", "Parallel Aware": false, "Async Capable": false, "Startup Cost": 2501.5, "Total Cost": 2501.58, "Plan Rows": 31, "Plan Width": 4, "Actual Startup Time": 4.286, "Actual Total Time": 4.286, "Actual Rows": 31, "Actual Loops": 1, "Sort Key": ["date_dim.d_month_seq"], "Sort Method": "quicksort", "Sort Space Used": 26, "Sort Space Type": "Memory", "Plans": [{"Node Type": "Seq Scan", "Parent Relationship": "Outer", "Parallel Aware": false, "Async Capable": false, "Relation Name": "date_dim", "Alias": "date_dim", "Startup Cost": 0.0, "Total Cost": 2500.73, "Plan Rows": 31, "Plan Width": 4, "Actual Startup Time": 2.223, "Actual Total Time": 4.283, "Actual Rows": 31, "Actual Loops": 1, "Filter": "((d_year = 2002) AND (d_moy = 3))", "Rows Removed by Filter": 73018}]}]}, {"Node Type": "Sort", "Parent Relationship": "Outer", "Parallel Aware": false, "Async Capable": false, "Startup Cost": 1646847.35, "Total Cost": 1646847.39, "Plan Rows": 17, "Plan Width": 11, "Actual Startup Time": 84782.214, "Actual Total Time": 84782.282, "Actual Rows": 44, "Actual Loops": 1, "Sort Key": ["(count(*))", "a.ca_state"], "Sort Method": "quicksort", "Sort Space Used": 27, "Sort Space Type": "Memory", "Plans": [{"Node Type": "Aggregate", "Strategy": "Sorted", "Partial Mode": "Simple", "Parent Relationship": "Outer", "Parallel Aware": false, "Async Capable": false, "Startup Cost": 70119.16, "Total Cost": 1646847.0, "Plan Rows": 17, "Plan Width": 11, "Actual Startup Time": 757.458, "Actual Total Time": 84782.205, "Actual Rows": 44, "Actual Loops": 1, "Group Key": ["a.ca_state"], "Filter": "(count(*) >= 10)", "Rows Removed by Filter": 6, "Plans": [{"Node Type": "Nested Loop", "Parent Relationship": "Outer", "Parallel Aware": false, "Async Capable": false, "Join Type": "Inner", "Startup Cost": 70119.16, "Total Cost": 1646844.57, "Plan Rows": 360, "Plan Width": 3, "Actual Startup Time": 188.292, "Actual Total Time": 84779.465, "Actual Rows": 2707, "Actual Loops": 1, "Inner Unique": true, "Plans": [{"Node Type": "Gather Merge", "Parent Relationship": "Outer", "Parallel Aware": false, "Async Capable": false, "Startup Cost": 70118.87, "Total Cost": 70244.66, "Plan Rows": 1080, "Plan Width": 7, "Actual Startup Time": 143.114, "Actual Total Time": 168.699, "Actual Rows": 25904, "Actual Loops": 1, "Workers Planned": 2, "Params Evaluated": ["$0"], "Workers Launched": 2, "Plans": [{"Node Type": "Sort", "Parent Relationship": "Outer", "Parallel Aware": false, "Async Capable": false, "Startup Cost": 69118.85, "Total Cost": 69119.97, "Plan Rows": 450, "Plan Width": 7, "Actual Startup Time": 136.816, "Actual Total Time": 137.988, "Actual Rows": 8635, "Actual Loops": 3, "Sort Key": ["a.ca_state"], "Sort Method": "quicksort", "Sort Space Used": 797, "Sort Space Type": "Memory", "Workers": [{"Worker Number": 0, "Sort Method": "quicksort", "Sort Space Used": 793, "Sort Space Type": "Memory"}, {"Worker Number": 1, "Sort Method": "quicksort", "Sort Space Used": 778, "Sort Space Type": "Memory"}], "Plans": [{"Node Type": "Nested Loop", "Parent Relationship": "Outer", "Parallel Aware": false, "Async Capable": false, "Join Type": "Inner", "Startup Cost": 1942.93, "Total Cost": 69099.02, "Plan Rows": 450, "Plan Width": 7, "Actual Startup Time": 1.554, "Actual Total Time": 132.037, "Actual Rows": 8635, "Actual Loops": 3, "Inner Unique": true, "Workers": [], "Plans": [{"Node Type": "Nested Loop", "Parent Relationship": "Outer", "Parallel Aware": false, "Async Capable": false, "Join Type": "Inner", "Startup Cost": 1942.64, "Total Cost": 68938.58, "Plan Rows": 450, "Plan Width": 8, "Actual Startup Time": 1.542, "Actual Total Time": 124.531, "Actual Rows": 8635, "Actual Loops": 3, "Inner Unique": true, "Workers": [], "Plans": [{"Node Type": "Hash Join", "Parent Relationship": "Outer", "Parallel Aware": true, "Async Capable": false, "Join Type": "Inner", "Startup Cost": 1942.35, "Total Cost": 68790.57, "Plan Rows": 471, "Plan Width": 8, "Actual Startup Time": 1.52, "Actual Total Time": 116.438, "Actual Rows": 8854, "Actual Loops": 3, "Inner Unique": true, "Hash Cond": "(s.ss_sold_date_sk = d.d_date_sk)", "Workers": [], "Plans": [{"Node Type": "Seq Scan", "Parent Relationship": "Outer", "Parallel Aware": true, "Async Capable": false, "Relation Name": "store_sales", "Alias": "s", "Startup Cost": 0.0, "Total Cost": 63697.62, "Plan Rows": 1200162, "Plan Width": 12, "Actual Startup Time": 0.016, "Actual Total Time": 62.341, "Actual Rows": 960135, "Actual Loops": 3, "Workers": []}, {"Node Type": "Hash", "Parent Relationship": "Inner", "Parallel Aware": true, "Async Capable": false, "Startup Cost": 1942.12, "Total Cost": 1942.12, "Plan Rows": 18, "Plan Width": 4, "Actual Startup Time": 1.361, "Actual Total Time": 1.362, "Actual Rows": 10, "Actual Loops": 3, "Hash Buckets": 1024, "Original Hash Buckets": 1024, "Hash Batches": 1, "Original Hash Batches": 1, "Peak Memory Usage": 40, "Workers": [], "Plans": [{"Node Type": "Seq Scan", "Parent Relationship": "Outer", "Parallel Aware": true, "Async Capable": false, "Relation Name": "date_dim", "Alias": "d", "Startup Cost": 0.0, "Total Cost": 1942.12, "Plan Rows": 18, "Plan Width": 4, "Actual Startup Time": 0.978, "Actual Total Time": 1.348, "Actual Rows": 10, "Actual Loops": 3, "Filter": "(d_month_seq = $0)", "Rows Removed by Filter": 24339, "Workers": []}]}]}, {"Node Type": "Index Scan", "Parent Relationship": "Inner", "Parallel Aware": false, "Async Capable": false, "Scan Direction": "Forward", "Index Name": "customer_pkey", "Relation Name": "customer", "Alias": "c", "Startup Cost": 0.29, "Total Cost": 0.31, "Plan Rows": 1, "Plan Width": 8, "Actual Startup Time": 0.001, "Actual Total Time": 0.001, "Actual Rows": 1, "Actual Loops": 26563, "Index Cond": "(c_customer_sk = s.ss_customer_sk)", "Rows Removed by Index Recheck": 0, "Workers": []}]}, {"Node Type": "Index Scan", "Parent Relationship": "Inner", "Parallel Aware": false, "Async Capable": false, "Scan Direction": "Forward", "Index Name": "customer_address_pkey", "Relation Name": "customer_address", "Alias": "a", "Startup Cost": 0.29, "Total Cost": 0.36, "Plan Rows": 1, "Plan Width": 7, "Actual Startup Time": 0.001, "Actual Total Time": 0.001, "Actual Rows": 1, "Actual Loops": 25904, "Index Cond": "(ca_address_sk = c.c_current_addr_sk)", "Rows Removed by Index Recheck": 0, "Workers": []}]}]}]}, {"Node Type": "Index Scan", "Parent Relationship": "Inner", "Parallel Aware": false, "Async Capable": false, "Scan Direction": "Forward", "Index Name": "item_pkey", "Relation Name": "item", "Alias": "i", "Startup Cost": 0.29, "Total Cost": 1459.81, "Plan Rows": 1, "Plan Width": 4, "Actual Startup Time": 3.265, "Actual Total Time": 3.265, "Actual Rows": 0, "Actual Loops": 25904, "Index Cond": "(i_item_sk = s.ss_item_sk)", "Rows Removed by Index Recheck": 0, "Filter": "(i_current_price > (1.2 * (SubPlan 2)))", "Rows Removed by Filter": 1, "Plans": [{"Node Type": "Aggregate", "Strategy": "Plain", "Partial Mode": "Simple", "Parent Relationship": "SubPlan", "Subplan Name": "SubPlan 2", "Parallel Aware": false, "Async Capable": false, "Startup Cost": 1459.49, "Total Cost": 1459.5, "Plan Rows": 1, "Plan Width": 32, "Actual Startup Time": 3.26, "Actual Total Time": 3.26, "Actual Rows": 1, "Actual Loops": 25904, "Plans": [{"Node Type": "Seq Scan", "Parent Relationship": "Outer", "Parallel Aware": false, "Async Capable": false, "Relation Name": "item", "Alias": "j", "Startup Cost": 0.0, "Total Cost": 1455.0, "Plan Rows": 1796, "Plan Width": 6, "Actual Startup Time": 0.009, "Actual Total Time": 3.178, "Actual Rows": 1792, "Actual Loops": 25904, "Filter": "(i_category = i.i_category)", "Rows Removed by Filter": 16208}]}]}]}]}]}]}, "Planning Time": 0.425, "Triggers": [], "Execution Time": 84782.329}]