[{"Plan": {"Node Type": "Limit", "Parallel Aware": false, "Async Capable": false, "Startup Cost": 96410.47, "Total Cost": 96410.72, "Plan Rows": 100, "Plan Width": 49, "Actual Startup Time": 1375.277, "Actual Total Time": 1375.583, "Actual Rows": 100, "Actual Loops": 1, "Plans": [{"Node Type": "Sort", "Parent Relationship": "Outer", "Parallel Aware": false, "Async Capable": false, "Startup Cost": 96410.47, "Total Cost": 96410.83, "Plan Rows": 144, "Plan Width": 49, "Actual Startup Time": 1375.277, "Actual Total Time": 1375.58, "Actual Rows": 100, "Actual Loops": 1, "Sort Key": ["item.i_item_id", "(sum((sum(store_sales.ss_ext_sales_price))))"], "Sort Method": "top-N heapsort", "Sort Space Used": 32, "Sort Space Type": "Memory", "Plans": [{"Node Type": "Aggregate", "Strategy": "Sorted", "Partial Mode": "Simple", "Parent Relationship": "Outer", "Parallel Aware": false, "Async Capable": false, "Startup Cost": 96385.93, "Total Cost": 96405.31, "Plan Rows": 144, "Plan Width": 49, "Actual Startup Time": 1367.532, "Actual Total Time": 1374.238, "Actual Rows": 1610, "Actual Loops": 1, "Group Key": ["item.i_item_id"], "Plans": [{"Node Type": "Merge Append", "Parent Relationship": "Outer", "Parallel Aware": false, "Async Capable": false, "Startup Cost": 96385.93, "Total Cost": 96402.79, "Plan Rows": 144, "Plan Width": 49, "Actual Startup Time": 1367.525, "Actual Total Time": 1373.68, "Actual Rows": 3411, "Actual Loops": 1, "Sort Key": ["item.i_item_id"], "Subplans Removed": 0, "Plans": [{"Node Type": "Aggregate", "Strategy": "Sorted", "Partial Mode": "Finalize", "Parent Relationship": "Member", "Parallel Aware": false, "Async Capable": false, "Startup Cost": 45591.15, "Total Cost": 45598.58, "Plan Rows": 79, "Plan Width": 49, "Actual Startup Time": 814.459, "Actual Total Time": 816.288, "Actual Rows": 1494, "Actual Loops": 1, "Group Key": ["item.i_item_id"], "Plans": [{"Node Type": "Gather Merge", "Parent Relationship": "Outer", "Parallel Aware": false, "Async Capable": false, "Startup Cost": 45591.15, "Total Cost": 45597.25, "Plan Rows": 46, "Plan Width": 49, "Actual Startup Time": 814.449, "Actual Total Time": 815.75, "Actual Rows": 1494, "Actual Loops": 1, "Workers Planned": 1, "Workers Launched": 1, "Plans": [{"Node Type": "Aggregate", "Strategy": "Sorted", "Partial Mode": "Partial", "Parent Relationship": "Outer", "Parallel Aware": false, "Async Capable": false, "Startup Cost": 44591.14, "Total Cost": 44592.06, "Plan Rows": 46, "Plan Width": 49, "Actual Startup Time": 811.768, "Actual Total Time": 812.176, "Actual Rows": 747, "Actual Loops": 2, "Group Key": ["item.i_item_id"], "Workers": [], "Plans": [{"Node Type": "Sort", "Parent Relationship": "Outer", "Parallel Aware": false, "Async Capable": false, "Startup Cost": 44591.14, "Total Cost": 44591.26, "Plan Rows": 46, "Plan Width": 23, "Actual Startup Time": 811.758, "Actual Total Time": 811.826, "Actual Rows": 1970, "Actual Loops": 2, "Sort Key": ["item.i_item_id"], "Sort Method": "quicksort", "Sort Space Used": 205, "Sort Space Type": "Memory", "Workers": [{"Worker Number": 0, "Sort Method": "quicksort", "Sort Space Used": 200, "Sort Space Type": "Memory"}], "Plans": [{"Node Type": "Nested Loop", "Parent Relationship": "Outer", "Parallel Aware": false, "Async Capable": false, "Join Type": "Inner", "Startup Cost": 3425.65, "Total Cost": 44589.87, "Plan Rows": 46, "Plan Width": 23, "Actual Startup Time": 5.885, "Actual Total Time": 804.901, "Actual Rows": 1970, "Actual Loops": 2, "Inner Unique": true, "Workers": [], "Plans": [{"Node Type": "Hash Join", "Parent Relationship": "Outer", "Parallel Aware": true, "Async Capable": false, "Join Type": "Inner", "Startup Cost": 3425.36, "Total Cost": 44548.42, "Plan Rows": 133, "Plan Width": 27, "Actual Startup Time": 5.318, "Actual Total Time": 780.748, "Actual Rows": 5646, "Actual Loops": 2, "Inner Unique": true, "Hash Cond": "(store_sales.ss_sold_date_sk = date_dim.d_date_sk)", "Workers": [], "Plans": [{"Node Type": "Nested Loop", "Parent Relationship": "Outer", "Parallel Aware": false, "Async Capable": false, "Join Type": "Inner", "Startup Cost": 1375.58, "Total Cost": 41636.3, "Plan Rows": 328494, "Plan Width": 31, "Actual Startup Time": 2.591, "Actual Total Time": 760.029, "Actual Rows": 260692, "Actual Loops": 2, "Inner Unique": false, "Workers": [], "Plans": [{"Node Type": "Hash Join", "Parent Relationship": "Outer", "Parallel Aware": true, "Async Capable": false, "Join Type": "Semi", "Startup Cost": 1375.15, "Total Cost": 2764.23, "Plan Rows": 2053, "Plan Width": 21, "Actual Startup Time": 2.259, "Actual Total Time": 7.242, "Actual Rows": 1884, "Actual Loops": 2, "Inner Unique": false, "Hash Cond": "(item.i_item_id = item_1.i_item_id)", "Workers": [], "Plans": [{"Node Type": "Seq Scan", "Parent Relationship": "Outer", "Parallel Aware": true, "Async Capable": false, "Relation Name": "item", "Alias": "item", "Startup Cost": 0.0, "Total Cost": 1335.88, "Plan Rows": 10588, "Plan Width": 21, "Actual Startup Time": 0.001, "Actual Total Time": 2.513, "Actual Rows": 9000, "Actual Loops": 2, "Workers": []}, {"Node Type": "Hash", "Parent Relationship": "Inner", "Parallel Aware": true, "Async Capable": false, "Startup Cost": 1362.35, "Total Cost": 1362.35, "Plan Rows": 1024, "Plan Width": 17, "Actual Startup Time": 2.187, "Actual Total Time": 2.187, "Actual Rows": 870, "Actual Loops": 2, "Hash Buckets": 2048, "Original Hash Buckets": 2048, "Hash Batches": 1, "Original Hash Batches": 1, "Peak Memory Usage": 144, "Workers": [], "Plans": [{"Node Type": "Seq Scan", "Parent Relationship": "Outer", "Parallel Aware": true, "Async Capable": false, "Relation Name": "item", "Alias": "item_1", "Startup Cost": 0.0, "Total Cost": 1362.35, "Plan Rows": 1024, "Plan Width": 17, "Actual Startup Time": 0.005, "Actual Total Time": 2.098, "Actual Rows": 870, "Actual Loops": 2, "Filter": "(i_category = 'Jewelry'::bpchar)", "Rows Removed by Filter": 8130, "Workers": []}]}]}, {"Node Type": "Index Scan", "Parent Relationship": "Inner", "Parallel Aware": false, "Async Capable": false, "Scan Direction": "Forward", "Index Name": "store_sales_pkey", "Relation Name": "store_sales", "Alias": "store_sales", "Startup Cost": 0.43, "Total Cost": 17.18, "Plan Rows": 175, "Plan Width": 18, "Actual Startup Time": 0.026, "Actual Total Time": 0.385, "Actual Rows": 138, "Actual Loops": 3768, "Index Cond": "(ss_item_sk = item.i_item_sk)", "Rows Removed by Index Recheck": 0, "Workers": []}]}, {"Node Type": "Hash", "Parent Relationship": "Inner", "Parallel Aware": true, "Async Capable": false, "Startup Cost": 2049.55, "Total Cost": 2049.55, "Plan Rows": 18, "Plan Width": 4, "Actual Startup Time": 2.382, "Actual Total Time": 2.383, "Actual Rows": 16, "Actual Loops": 2, "Hash Buckets": 1024, "Original Hash Buckets": 1024, "Hash Batches": 1, "Original Hash Batches": 1, "Peak Memory Usage": 40, "Workers": [], "Plans": [{"Node Type": "Seq Scan", "Parent Relationship": "Outer", "Parallel Aware": true, "Async Capable": false, "Relation Name": "date_dim", "Alias": "date_dim", "Startup Cost": 0.0, "Total Cost": 2049.55, "Plan Rows": 18, "Plan Width": 4, "Actual Startup Time": 1.733, "Actual Total Time": 2.376, "Actual Rows": 16, "Actual Loops": 2, "Filter": "((d_year = 2000) AND (d_moy = 10))", "Rows Removed by Filter": 36509, "Workers": []}]}]}, {"Node Type": "Index Scan", "Parent Relationship": "Inner", "Parallel Aware": false, "Async Capable": false, "Scan Direction": "Forward", "Index Name": "customer_address_pkey", "Relation Name": "customer_address", "Alias": "customer_address", "Startup Cost": 0.29, "Total Cost": 0.31, "Plan Rows": 1, "Plan Width": 4, "Actual Startup Time": 0.004, "Actual Total Time": 0.004, "Actual Rows": 0, "Actual Loops": 11293, "Index Cond": "(ca_address_sk = store_sales.ss_addr_sk)", "Rows Removed by Index Recheck": 0, "Filter": "(ca_gmt_offset = '-5'::numeric)", "Rows Removed by Filter": 1, "Workers": []}]}]}]}]}]}, {"Node Type": "Aggregate", "Strategy": "Sorted", "Partial Mode": "Finalize", "Parent Relationship": "Member", "Parallel Aware": false, "Async Capable": false, "Startup Cost": 31688.05, "Total Cost": 31692.09, "Plan Rows": 43, "Plan Width": 49, "Actual Startup Time": 403.964, "Actual Total Time": 405.285, "Actual Rows": 1135, "Actual Loops": 1, "Group Key": ["item_2.i_item_id"], "Plans": [{"Node Type": "Gather Merge", "Parent Relationship": "Outer", "Parallel Aware": false, "Async Capable": false, "Startup Cost": 31688.05, "Total Cost": 31691.37, "Plan Rows": 25, "Plan Width": 49, "Actual Startup Time": 403.958, "Actual Total Time": 404.874, "Actual Rows": 1135, "Actual Loops": 1, "Workers Planned": 1, "Workers Launched": 1, "Plans": [{"Node Type": "Aggregate", "Strategy": "Sorted", "Partial Mode": "Partial", "Parent Relationship": "Outer", "Parallel Aware": false, "Async Capable": false, "Startup Cost": 30688.04, "Total Cost": 30688.54, "Plan Rows": 25, "Plan Width": 49, "Actual Startup Time": 401.617, "Actual Total Time": 401.88, "Actual Rows": 568, "Actual Loops": 2, "Group Key": ["item_2.i_item_id"], "Workers": [], "Plans": [{"Node Type": "Sort", "Parent Relationship": "Outer", "Parallel Aware": false, "Async Capable": false, "Startup Cost": 30688.04, "Total Cost": 30688.11, "Plan Rows": 25, "Plan Width": 23, "Actual Startup Time": 401.608, "Actual Total Time": 401.654, "Actual Rows": 1016, "Actual Loops": 2, "Sort Key": ["item_2.i_item_id"], "Sort Method": "quicksort", "Sort Space Used": 130, "Sort Space Type": "Memory", "Workers": [{"Worker Number": 0, "Sort Method": "quicksort", "Sort Space Used": 102, "Sort Space Type": "Memory"}], "Plans": [{"Node Type": "Nested Loop", "Parent Relationship": "Outer", "Parallel Aware": false, "Async Capable": false, "Join Type": "Inner", "Startup Cost": 3425.65, "Total Cost": 30687.46, "Plan Rows": 25, "Plan Width": 23, "Actual Startup Time": 9.532, "Actual Total Time": 397.789, "Actual Rows": 1016, "Actual Loops": 2, "Inner Unique": true, "Workers": [], "Plans": [{"Node Type": "Hash Join", "Parent Relationship": "Outer", "Parallel Aware": true, "Async Capable": false, "Join Type": "Inner", "Startup Cost": 3425.36, "Total Cost": 30665.84, "Plan Rows": 69, "Plan Width": 27, "Actual Startup Time": 9.489, "Actual Total Time": 383.656, "Actual Rows": 2902, "Actual Loops": 2, "Inner Unique": true, "Hash Cond": "(catalog_sales.cs_sold_date_sk = date_dim_1.d_date_sk)", "Workers": [], "Plans": [{"Node Type": "Nested Loop", "Parent Relationship": "Outer", "Parallel Aware": false, "Async Capable": false, "Join Type": "Inner", "Startup Cost": 1375.58, "Total Cost": 28184.47, "Plan Rows": 164408, "Plan Width": 31, "Actual Startup Time": 4.295, "Actual Total Time": 368.066, "Actual Rows": 130726, "Actual Loops": 2, "Inner Unique": false, "Workers": [], "Plans": [{"Node Type": "Hash Join", "Parent Relationship": "Outer", "Parallel Aware": true, "Async Capable": false, "Join Type": "Semi", "Startup Cost": 1375.15, "Total Cost": 2764.23, "Plan Rows": 2053, "Plan Width": 21, "Actual Startup Time": 4.218, "Actual Total Time": 8.757, "Actual Rows": 1884, "Actual Loops": 2, "Inner Unique": false, "Hash Cond": "(item_2.i_item_id = item_3.i_item_id)", "Workers": [], "Plans": [{"Node Type": "Seq Scan", "Parent Relationship": "Outer", "Parallel Aware": true, "Async Capable": false, "Relation Name": "item", "Alias": "item_2", "Startup Cost": 0.0, "Total Cost": 1335.88, "Plan Rows": 10588, "Plan Width": 21, "Actual Startup Time": 0.001, "Actual Total Time": 2.418, "Actual Rows": 9000, "Actual Loops": 2, "Workers": []}, {"Node Type": "Hash", "Parent Relationship": "Inner", "Parallel Aware": true, "Async Capable": false, "Startup Cost": 1362.35, "Total Cost": 1362.35, "Plan Rows": 1024, "Plan Width": 17, "Actual Startup Time": 4.155, "Actual Total Time": 4.156, "Actual Rows": 870, "Actual Loops": 2, "Hash Buckets": 2048, "Original Hash Buckets": 2048, "Hash Batches": 1, "Original Hash Batches": 1, "Peak Memory Usage": 144, "Workers": [], "Plans": [{"Node Type": "Seq Scan", "Parent Relationship": "Outer", "Parallel Aware": true, "Async Capable": false, "Relation Name": "item", "Alias": "item_3", "Startup Cost": 0.0, "Total Cost": 1362.35, "Plan Rows": 1024, "Plan Width": 17, "Actual Startup Time": 0.041, "Actual Total Time": 4.057, "Actual Rows": 870, "Actual Loops": 2, "Filter": "(i_category = 'Jewelry'::bpchar)", "Rows Removed by Filter": 8130, "Workers": []}]}]}, {"Node Type": "Index Scan", "Parent Relationship": "Inner", "Parallel Aware": false, "Async Capable": false, "Scan Direction": "Forward", "Index Name": "catalog_sales_pkey", "Relation Name": "catalog_sales", "Alias": "catalog_sales", "Startup Cost": 0.43, "Total Cost": 11.51, "Plan Rows": 87, "Plan Width": 18, "Actual Startup Time": 0.016, "Actual Total Time": 0.182, "Actual Rows": 69, "Actual Loops": 3768, "Index Cond": "(cs_item_sk = item_2.i_item_sk)", "Rows Removed by Index Recheck": 0, "Workers": []}]}, {"Node Type": "Hash", "Parent Relationship": "Inner", "Parallel Aware": true, "Async Capable": false, "Startup Cost": 2049.55, "Total Cost": 2049.55, "Plan Rows": 18, "Plan Width": 4, "Actual Startup Time": 4.819, "Actual Total Time": 4.819, "Actual Rows": 16, "Actual Loops": 2, "Hash Buckets": 1024, "Original Hash Buckets": 1024, "Hash Batches": 1, "Original Hash Batches": 1, "Peak Memory Usage": 72, "Workers": [], "Plans": [{"Node Type": "Seq Scan", "Parent Relationship": "Outer", "Parallel Aware": true, "Async Capable": false, "Relation Name": "date_dim", "Alias": "date_dim_1", "Startup Cost": 0.0, "Total Cost": 2049.55, "Plan Rows": 18, "Plan Width": 4, "Actual Startup Time": 1.952, "Actual Total Time": 4.78, "Actual Rows": 16, "Actual Loops": 2, "Filter": "((d_year = 2000) AND (d_moy = 10))", "Rows Removed by Filter": 36509, "Workers": []}]}]}, {"Node Type": "Index Scan", "Parent Relationship": "Inner", "Parallel Aware": false, "Async Capable": false, "Scan Direction": "Forward", "Index Name": "customer_address_pkey", "Relation Name": "customer_address", "Alias": "customer_address_1", "Startup Cost": 0.29, "Total Cost": 0.31, "Plan Rows": 1, "Plan Width": 4, "Actual Startup Time": 0.005, "Actual Total Time": 0.005, "Actual Rows": 0, "Actual Loops": 5805, "Index Cond": "(ca_address_sk = catalog_sales.cs_bill_addr_sk)", "Rows Removed by Index Recheck": 0, "Filter": "(ca_gmt_offset = '-5'::numeric)", "Rows Removed by Filter": 1, "Workers": []}]}]}]}]}]}, {"Node Type": "Aggregate", "Strategy": "Sorted", "Partial Mode": "Finalize", "Parent Relationship": "Member", "Parallel Aware": false, "Async Capable": false, "Startup Cost": 19106.7, "Total Cost": 19108.79, "Plan Rows": 22, "Plan Width": 49, "Actual Startup Time": 149.098, "Actual Total Time": 150.182, "Actual Rows": 782, "Actual Loops": 1, "Group Key": ["item_4.i_item_id"], "Plans": [{"Node Type": "Gather Merge", "Parent Relationship": "Outer", "Parallel Aware": false, "Async Capable": false, "Startup Cost": 19106.7, "Total Cost": 19108.42, "Plan Rows": 13, "Plan Width": 49, "Actual Startup Time": 149.093, "Actual Total Time": 149.882, "Actual Rows": 782, "Actual Loops": 1, "Workers Planned": 1, "Workers Launched": 1, "Plans": [{"Node Type": "Aggregate", "Strategy": "Sorted", "Partial Mode": "Partial", "Parent Relationship": "Outer", "Parallel Aware": false, "Async Capable": false, "Startup Cost": 18106.69, "Total Cost": 18106.95, "Plan Rows": 13, "Plan Width": 49, "Actual Startup Time": 147.139, "Actual Total Time": 147.293, "Actual Rows": 391, "Actual Loops": 2, "Group Key": ["item_4.i_item_id"], "Workers": [], "Plans": [{"Node Type": "Sort", "Parent Relationship": "Outer", "Parallel Aware": false, "Async Capable": false, "Startup Cost": 18106.69, "Total Cost": 18106.72, "Plan Rows": 13, "Plan Width": 23, "Actual Startup Time": 147.132, "Actual Total Time": 147.15, "Actual Rows": 552, "Actual Loops": 2, "Sort Key": ["item_4.i_item_id"], "Sort Method": "quicksort", "Sort Space Used": 69, "Sort Space Type": "Memory", "Workers": [{"Worker Number": 0, "Sort Method": "quicksort", "Sort Space Used": 66, "Sort Space Type": "Memory"}], "Plans": [{"Node Type": "Nested Loop", "Parent Relationship": "Outer", "Parallel Aware": false, "Async Capable": false, "Join Type": "Inner", "Startup Cost": 3425.64, "Total Cost": 18106.45, "Plan Rows": 13, "Plan Width": 23, "Actual Startup Time": 14.01, "Actual Total Time": 145.106, "Actual Rows": 552, "Actual Loops": 2, "Inner Unique": true, "Workers": [], "Plans": [{"Node Type": "Hash Join", "Parent Relationship": "Outer", "Parallel Aware": true, "Async Capable": false, "Join Type": "Inner", "Startup Cost": 3425.35, "Total Cost": 18095.36, "Plan Rows": 35, "Plan Width": 27, "Actual Startup Time": 13.749, "Actual Total Time": 139.444, "Actual Rows": 1412, "Actual Loops": 2, "Inner Unique": true, "Hash Cond": "(web_sales.ws_sold_date_sk = date_dim_2.d_date_sk)", "Workers": [], "Plans": [{"Node Type": "Nested Loop", "Parent Relationship": "Outer", "Parallel Aware": false, "Async Capable": false, "Join Type": "Inner", "Startup Cost": 1375.58, "Total Cost": 15830.21, "Plan Rows": 82042, "Plan Width": 31, "Actual Startup Time": 4.123, "Actual Total Time": 125.055, "Actual Rows": 65176, "Actual Loops": 2, "Inner Unique": false, "Workers": [], "Plans": [{"Node Type": "Hash Join", "Parent Relationship": "Outer", "Parallel Aware": true, "Async Capable": false, "Join Type": "Semi", "Startup Cost": 1375.15, "Total Cost": 2764.23, "Plan Rows": 2053, "Plan Width": 21, "Actual Startup Time": 4.046, "Actual Total Time": 8.043, "Actual Rows": 1884, "Actual Loops": 2, "Inner Unique": false, "Hash Cond": "(item_4.i_item_id = item_5.i_item_id)", "Workers": [], "Plans": [{"Node Type": "Seq Scan", "Parent Relationship": "Outer", "Parallel Aware": true, "Async Capable": false, "Relation Name": "item", "Alias": "item_4", "Startup Cost": 0.0, "Total Cost": 1335.88, "Plan Rows": 10588, "Plan Width": 21, "Actual Startup Time": 0.002, "Actual Total Time": 2.158, "Actual Rows": 9000, "Actual Loops": 2, "Workers": []}, {"Node Type": "Hash", "Parent Relationship": "Inner", "Parallel Aware": true, "Async Capable": false, "Startup Cost": 1362.35, "Total Cost": 1362.35, "Plan Rows": 1024, "Plan Width": 17, "Actual Startup Time": 3.945, "Actual Total Time": 3.945, "Actual Rows": 870, "Actual Loops": 2, "Hash Buckets": 2048, "Original Hash Buckets": 2048, "Hash Batches": 1, "Original Hash Batches": 1, "Peak Memory Usage": 144, "Workers": [], "Plans": [{"Node Type": "Seq Scan", "Parent Relationship": "Outer", "Parallel Aware": true, "Async Capable": false, "Relation Name": "item", "Alias": "item_5", "Startup Cost": 0.0, "Total Cost": 1362.35, "Plan Rows": 1024, "Plan Width": 17, "Actual Startup Time": 0.047, "Actual Total Time": 3.848, "Actual Rows": 870, "Actual Loops": 2, "Filter": "(i_category = 'Jewelry'::bpchar)", "Rows Removed by Filter": 8130, "Workers": []}]}]}, {"Node Type": "Index Scan", "Parent Relationship": "Inner", "Parallel Aware": false, "Async Capable": false, "Scan Direction": "Forward", "Index Name": "web_sales_pkey", "Relation Name": "web_sales", "Alias": "web_sales", "Startup Cost": 0.42, "Total Cost": 5.92, "Plan Rows": 44, "Plan Width": 18, "Actual Startup Time": 0.004, "Actual Total Time": 0.058, "Actual Rows": 35, "Actual Loops": 3768, "Index Cond": "(ws_item_sk = item_4.i_item_sk)", "Rows Removed by Index Recheck": 0, "Workers": []}]}, {"Node Type": "Hash", "Parent Relationship": "Inner", "Parallel Aware": true, "Async Capable": false, "Startup Cost": 2049.55, "Total Cost": 2049.55, "Plan Rows": 18, "Plan Width": 4, "Actual Startup Time": 9.445, "Actual Total Time": 9.445, "Actual Rows": 16, "Actual Loops": 2, "Hash Buckets": 1024, "Original Hash Buckets": 1024, "Hash Batches": 1, "Original Hash Batches": 1, "Peak Memory Usage": 72, "Workers": [], "Plans": [{"Node Type": "Seq Scan", "Parent Relationship": "Outer", "Parallel Aware": true, "Async Capable": false, "Relation Name": "date_dim", "Alias": "date_dim_2", "Startup Cost": 0.0, "Total Cost": 2049.55, "Plan Rows": 18, "Plan Width": 4, "Actual Startup Time": 1.901, "Actual Total Time": 4.397, "Actual Rows": 16, "Actual Loops": 2, "Filter": "((d_year = 2000) AND (d_moy = 10))", "Rows Removed by Filter": 36509, "Workers": []}]}]}, {"Node Type": "Index Scan", "Parent Relationship": "Inner", "Parallel Aware": false, "Async Capable": false, "Scan Direction": "Forward", "Index Name": "customer_address_pkey", "Relation Name": "customer_address", "Alias": "customer_address_2", "Startup Cost": 0.29, "Total Cost": 0.32, "Plan Rows": 1, "Plan Width": 4, "Actual Startup Time": 0.004, "Actual Total Time": 0.004, "Actual Rows": 0, "Actual Loops": 2825, "Index Cond": "(ca_address_sk = web_sales.ws_bill_addr_sk)", "Rows Removed by Index Recheck": 0, "Filter": "(ca_gmt_offset = '-5'::numeric)", "Rows Removed by Filter": 1, "Workers": []}]}]}]}]}]}]}]}]}]}, "Planning Time": 2.011, "Triggers": [], "Execution Time": 1375.675}]