[{"Plan": {"Node Type": "Limit", "Parallel Aware": false, "Async Capable": false, "Startup Cost": 25706.96, "Total Cost": 25813.78, "Plan Rows": 100, "Plan Width": 110, "Actual Startup Time": 146.558, "Actual Total Time": 159.224, "Actual Rows": 100, "Actual Loops": 1, "Plans": [{"Node Type": "Aggregate", "Strategy": "Sorted", "Partial Mode": "Finalize", "Parent Relationship": "Outer", "Parallel Aware": false, "Async Capable": false, "Startup Cost": 25706.96, "Total Cost": 25835.14, "Plan Rows": 120, "Plan Width": 110, "Actual Startup Time": 146.557, "Actual Total Time": 159.218, "Actual Rows": 100, "Actual Loops": 1, "Group Key": ["(substr((warehouse.w_warehouse_name)::text, 1, 20))", "ship_mode.sm_type", "web_site.web_name"], "Plans": [{"Node Type": "Gather Merge", "Parent Relationship": "Outer", "Parallel Aware": false, "Async Capable": false, "Startup Cost": 25706.96, "Total Cost": 25828.84, "Plan Rows": 240, "Plan Width": 110, "Actual Startup Time": 146.438, "Actual Total Time": 159.162, "Actual Rows": 301, "Actual Loops": 1, "Workers Planned": 2, "Workers Launched": 2, "Plans": [{"Node Type": "Aggregate", "Strategy": "Sorted", "Partial Mode": "Partial", "Parent Relationship": "Outer", "Parallel Aware": false, "Async Capable": false, "Startup Cost": 24706.93, "Total Cost": 24801.12, "Plan Rows": 120, "Plan Width": 110, "Actual Startup Time": 144.337, "Actual Total Time": 154.46, "Actual Rows": 104, "Actual Loops": 3, "Group Key": ["(substr((warehouse.w_warehouse_name)::text, 1, 20))", "ship_mode.sm_type", "web_site.web_name"], "Workers": [], "Plans": [{"Node Type": "Sort", "Parent Relationship": "Outer", "Parallel Aware": false, "Async Capable": false, "Startup Cost": 24706.93, "Total Cost": 24710.64, "Plan Rows": 1483, "Plan Width": 78, "Actual Startup Time": 144.206, "Actual Total Time": 147.876, "Actual Rows": 33638, "Actual Loops": 3, "Sort Key": ["(substr((warehouse.w_warehouse_name)::text, 1, 20))", "ship_mode.sm_type", "web_site.web_name"], "Sort Method": "external merge", "Sort Space Used": 3376, "Sort Space Type": "Disk", "Workers": [{"Worker Number": 0, "Sort Method": "external merge", "Sort Space Used": 3464, "Sort Space Type": "Disk"}, {"Worker Number": 1, "Sort Method": "external merge", "Sort Space Used": 3352, "Sort Space Type": "Disk"}], "Plans": [{"Node Type": "Hash Join", "Parent Relationship": "Outer", "Parallel Aware": false, "Async Capable": false, "Join Type": "Inner", "Startup Cost": 2057.45, "Total Cost": 24628.82, "Plan Rows": 1483, "Plan Width": 78, "Actual Startup Time": 1.635, "Actual Total Time": 64.661, "Actual Rows": 47837, "Actual Loops": 3, "Inner Unique": true, "Hash Cond": "(web_sales.ws_ship_mode_sk = ship_mode.sm_ship_mode_sk)", "Workers": [], "Plans": [{"Node Type": "Hash Join", "Parent Relationship": "Outer", "Parallel Aware": false, "Async Capable": false, "Join Type": "Inner", "Startup Cost": 2056.0, "Total Cost": 24618.95, "Plan Rows": 1483, "Plan Width": 37, "Actual Startup Time": 1.598, "Actual Total Time": 57.919, "Actual Rows": 47838, "Actual Loops": 3, "Inner Unique": true, "Hash Cond": "(web_sales.ws_web_site_sk = web_site.web_site_sk)", "Workers": [], "Plans": [{"Node Type": "Hash Join", "Parent Relationship": "Outer", "Parallel Aware": false, "Async Capable": false, "Join Type": "Inner", "Startup Cost": 2053.33, "Total Cost": 24611.83, "Plan Rows": 1484, "Plan Width": 34, "Actual Startup Time": 1.57, "Actual Total Time": 54.239, "Actual Rows": 47841, "Actual Loops": 3, "Inner Unique": true, "Hash Cond": "(web_sales.ws_warehouse_sk = warehouse.w_warehouse_sk)", "Workers": [], "Plans": [{"Node Type": "Hash Join", "Parent Relationship": "Outer", "Parallel Aware": true, "Async Capable": false, "Join Type": "Inner", "Startup Cost": 2052.21, "Total Cost": 24603.52, "Plan Rows": 1485, "Plan Width": 20, "Actual Startup Time": 1.552, "Actual Total Time": 50.454, "Actual Rows": 47845, "Actual Loops": 3, "Inner Unique": true, "Hash Cond": "(web_sales.ws_ship_date_sk = date_dim.d_date_sk)", "Workers": [], "Plans": [{"Node Type": "Seq Scan", "Parent Relationship": "Outer", "Parallel Aware": true, "Async Capable": false, "Relation Name": "web_sales", "Alias": "web_sales", "Startup Cost": 0.0, "Total Cost": 21764.43, "Plan Rows": 299743, "Plan Width": 20, "Actual Startup Time": 0.029, "Actual Total Time": 24.01, "Actual Rows": 239795, "Actual Loops": 3, "Workers": []}, {"Node Type": "Hash", "Parent Relationship": "Inner", "Parallel Aware": true, "Async Capable": false, "Startup Cost": 2049.55, "Total Cost": 2049.55, "Plan Rows": 213, "Plan Width": 4, "Actual Startup Time": 1.494, "Actual Total Time": 1.494, "Actual Rows": 122, "Actual Loops": 3, "Hash Buckets": 1024, "Original Hash Buckets": 1024, "Hash Batches": 1, "Original Hash Batches": 1, "Peak Memory Usage": 40, "Workers": [], "Plans": [{"Node Type": "Seq Scan", "Parent Relationship": "Outer", "Parallel Aware": true, "Async Capable": false, "Relation Name": "date_dim", "Alias": "date_dim", "Startup Cost": 0.0, "Total Cost": 2049.55, "Plan Rows": 213, "Plan Width": 4, "Actual Startup Time": 1.057, "Actual Total Time": 1.469, "Actual Rows": 122, "Actual Loops": 3, "Filter": "((d_month_seq >= 1223) AND (d_month_seq <= 1234))", "Rows Removed by Filter": 24228, "Workers": []}]}]}, {"Node Type": "Hash", "Parent Relationship": "Inner", "Parallel Aware": false, "Async Capable": false, "Startup Cost": 1.05, "Total Cost": 1.05, "Plan Rows": 5, "Plan Width": 22, "Actual Startup Time": 0.015, "Actual Total Time": 0.015, "Actual Rows": 5, "Actual Loops": 3, "Hash Buckets": 1024, "Original Hash Buckets": 1024, "Hash Batches": 1, "Original Hash Batches": 1, "Peak Memory Usage": 9, "Workers": [], "Plans": [{"Node Type": "Seq Scan", "Parent Relationship": "Outer", "Parallel Aware": false, "Async Capable": false, "Relation Name": "warehouse", "Alias": "warehouse", "Startup Cost": 0.0, "Total Cost": 1.05, "Plan Rows": 5, "Plan Width": 22, "Actual Startup Time": 0.013, "Actual Total Time": 0.013, "Actual Rows": 5, "Actual Loops": 3, "Workers": []}]}]}, {"Node Type": "Hash", "Parent Relationship": "Inner", "Parallel Aware": false, "Async Capable": false, "Startup Cost": 2.3, "Total Cost": 2.3, "Plan Rows": 30, "Plan Width": 11, "Actual Startup Time": 0.024, "Actual Total Time": 0.025, "Actual Rows": 30, "Actual Loops": 3, "Hash Buckets": 1024, "Original Hash Buckets": 1024, "Hash Batches": 1, "Original Hash Batches": 1, "Peak Memory Usage": 10, "Workers": [], "Plans": [{"Node Type": "Seq Scan", "Parent Relationship": "Outer", "Parallel Aware": false, "Async Capable": false, "Relation Name": "web_site", "Alias": "web_site", "Startup Cost": 0.0, "Total Cost": 2.3, "Plan Rows": 30, "Plan Width": 11, "Actual Startup Time": 0.016, "Actual Total Time": 0.022, "Actual Rows": 30, "Actual Loops": 3, "Workers": []}]}]}, {"Node Type": "Hash", "Parent Relationship": "Inner", "Parallel Aware": false, "Async Capable": false, "Startup Cost": 1.2, "Total Cost": 1.2, "Plan Rows": 20, "Plan Width": 35, "Actual Startup Time": 0.021, "Actual Total Time": 0.021, "Actual Rows": 20, "Actual Loops": 3, "Hash Buckets": 1024, "Original Hash Buckets": 1024, "Hash Batches": 1, "Original Hash Batches": 1, "Peak Memory Usage": 10, "Workers": [], "Plans": [{"Node Type": "Seq Scan", "Parent Relationship": "Outer", "Parallel Aware": false, "Async Capable": false, "Relation Name": "ship_mode", "Alias": "ship_mode", "Startup Cost": 0.0, "Total Cost": 1.2, "Plan Rows": 20, "Plan Width": 35, "Actual Startup Time": 0.016, "Actual Total Time": 0.017, "Actual Rows": 20, "Actual Loops": 3, "Workers": []}]}]}]}]}]}]}]}, "Planning Time": 0.535, "Triggers": [], "Execution Time": 159.974}]