[{"Plan": {"Node Type": "Limit", "Parallel Aware": false, "Async Capable": false, "Startup Cost": 14109.16, "Total Cost": 14109.18, "Plan Rows": 7, "Plan Width": 68, "Actual Startup Time": 220.088, "Actual Total Time": 221.281, "Actual Rows": 100, "Actual Loops": 1, "Plans": [{"Node Type": "Sort", "Parent Relationship": "Outer", "Parallel Aware": false, "Async Capable": false, "Startup Cost": 14109.16, "Total Cost": 14109.18, "Plan Rows": 7, "Plan Width": 68, "Actual Startup Time": 220.087, "Actual Total Time": 221.277, "Actual Rows": 100, "Actual Loops": 1, "Sort Key": ["tmp1.i_manager_id", "tmp1.avg_monthly_sales", "tmp1.sum_sales"], "Sort Method": "top-N heapsort", "Sort Space Used": 32, "Sort Space Type": "Memory", "Plans": [{"Node Type": "Subquery Scan", "Parent Relationship": "Outer", "Parallel Aware": false, "Async Capable": false, "Alias": "tmp1", "Startup Cost": 14106.27, "Total Cost": 14109.06, "Plan Rows": 7, "Plan Width": 68, "Actual Startup Time": 218.24, "Actual Total Time": 221.188, "Actual Rows": 758, "Actual Loops": 1, "Filter": "(CASE WHEN (tmp1.avg_monthly_sales > '0'::numeric) THEN (abs((tmp1.sum_sales - tmp1.avg_monthly_sales)) / tmp1.avg_monthly_sales) ELSE NULL::numeric END > 0.1)", "Rows Removed by Filter": 93, "Plans": [{"Node Type": "WindowAgg", "Parent Relationship": "Subquery", "Parallel Aware": false, "Async Capable": false, "Startup Cost": 14106.27, "Total Cost": 14108.59, "Plan Rows": 21, "Plan Width": 72, "Actual Startup Time": 218.238, "Actual Total Time": 220.937, "Actual Rows": 851, "Actual Loops": 1, "Plans": [{"Node Type": "Aggregate", "Strategy": "Sorted", "Partial Mode": "Finalize", "Parent Relationship": "Outer", "Parallel Aware": false, "Async Capable": false, "Startup Cost": 14106.27, "Total Cost": 14108.28, "Plan Rows": 21, "Plan Width": 40, "Actual Startup Time": 218.194, "Actual Total Time": 220.714, "Actual Rows": 851, "Actual Loops": 1, "Group Key": ["item.i_manager_id", "date_dim.d_moy"], "Plans": [{"Node Type": "Gather Merge", "Parent Relationship": "Outer", "Parallel Aware": false, "Async Capable": false, "Startup Cost": 14106.27, "Total Cost": 14107.89, "Plan Rows": 12, "Plan Width": 40, "Actual Startup Time": 218.182, "Actual Total Time": 220.278, "Actual Rows": 1354, "Actual Loops": 1, "Workers Planned": 1, "Workers Launched": 1, "Plans": [{"Node Type": "Aggregate", "Strategy": "Sorted", "Partial Mode": "Partial", "Parent Relationship": "Outer", "Parallel Aware": false, "Async Capable": false, "Startup Cost": 13106.26, "Total Cost": 13106.53, "Plan Rows": 12, "Plan Width": 40, "Actual Startup Time": 216.628, "Actual Total Time": 217.314, "Actual Rows": 677, "Actual Loops": 2, "Group Key": ["item.i_manager_id", "date_dim.d_moy"], "Workers": [], "Plans": [{"Node Type": "Sort", "Parent Relationship": "Outer", "Parallel Aware": false, "Async Capable": false, "Startup Cost": 13106.26, "Total Cost": 13106.29, "Plan Rows": 12, "Plan Width": 14, "Actual Startup Time": 216.613, "Actual Total Time": 216.738, "Actual Rows": 6168, "Actual Loops": 2, "Sort Key": ["item.i_manager_id", "date_dim.d_moy"], "Sort Method": "quicksort", "Sort Space Used": 506, "Sort Space Type": "Memory", "Workers": [{"Worker Number": 0, "Sort Method": "quicksort", "Sort Space Used": 457, "Sort Space Type": "Memory"}], "Plans": [{"Node Type": "Nested Loop", "Parent Relationship": "Outer", "Parallel Aware": false, "Async Capable": false, "Join Type": "Inner", "Startup Cost": 6.26, "Total Cost": 13106.05, "Plan Rows": 12, "Plan Width": 14, "Actual Startup Time": 1.208, "Actual Total Time": 215.668, "Actual Rows": 6168, "Actual Loops": 2, "Inner Unique": true, "Workers": [], "Plans": [{"Node Type": "Nested Loop", "Parent Relationship": "Outer", "Parallel Aware": false, "Async Capable": false, "Join Type": "Inner", "Startup Cost": 6.12, "Total Cost": 13105.09, "Plan Rows": 13, "Plan Width": 18, "Actual Startup Time": 1.161, "Actual Total Time": 214.481, "Actual Rows": 6300, "Actual Loops": 2, "Inner Unique": true, "Workers": [], "Plans": [{"Node Type": "Nested Loop", "Parent Relationship": "Outer", "Parallel Aware": false, "Async Capable": false, "Join Type": "Inner", "Startup Cost": 5.79, "Total Cost": 12664.28, "Plan Rows": 2730, "Plan Width": 18, "Actual Startup Time": 0.063, "Actual Total Time": 199.845, "Actual Rows": 60073, "Actual Loops": 2, "Inner Unique": false, "Workers": [], "Plans": [{"Node Type": "Seq Scan", "Parent Relationship": "Outer", "Parallel Aware": true, "Async Capable": false, "Relation Name": "item", "Alias": "item", "Startup Cost": 0.0, "Total Cost": 1627.06, "Plan Rows": 17, "Plan Width": 8, "Actual Startup Time": 0.024, "Actual Total Time": 5.843, "Actual Rows": 467, "Actual Loops": 2, "Filter": "(((i_category = ANY ('{Books,Children,Electronics}'::bpchar[])) AND (i_class = ANY ('{personal,portable,reference,self-help}'::bpchar[])) AND (i_brand = ANY ('{\"scholaramalgamalg #14\",\"scholaramalgamalg #7\",\"exportiunivamalg #9\",\"scholaramalgamalg #9\"}'::bpchar[]))) OR ((i_category = ANY ('{Women,Music,Men}'::bpchar[])) AND (i_class = ANY ('{accessories,classical,fragrances,pants}'::bpchar[])) AND (i_brand = ANY ('{\"amalgimporto #1\",\"edu packscholar #1\",\"exportiimporto #1\",\"importoamalg #1\"}'::bpchar[]))))", "Rows Removed by Filter": 8533, "Workers": []}, {"Node Type": "Bitmap Heap Scan", "Parent Relationship": "Inner", "Parallel Aware": false, "Async Capable": false, "Relation Name": "store_sales", "Alias": "store_sales", "Startup Cost": 5.79, "Total Cost": 647.5, "Plan Rows": 175, "Plan Width": 18, "Actual Startup Time": 0.021, "Actual Total Time": 0.402, "Actual Rows": 129, "Actual Loops": 934, "Recheck Cond": "(ss_item_sk = item.i_item_sk)", "Rows Removed by Index Recheck": 0, "Exact Heap Blocks": 61992, "Lossy Heap Blocks": 0, "Workers": [], "Plans": [{"Node Type": "Bitmap Index Scan", "Parent Relationship": "Outer", "Parallel Aware": false, "Async Capable": false, "Index Name": "store_sales_pkey", "Startup Cost": 0.0, "Total Cost": 5.74, "Plan Rows": 175, "Plan Width": 0, "Actual Startup Time": 0.01, "Actual Total Time": 0.01, "Actual Rows": 129, "Actual Loops": 934, "Index Cond": "(ss_item_sk = item.i_item_sk)", "Workers": []}]}]}, {"Node Type": "Memoize", "Parent Relationship": "Inner", "Parallel Aware": false, "Async Capable": false, "Startup Cost": 0.33, "Total Cost": 0.36, "Plan Rows": 1, "Plan Width": 8, "Actual Startup Time": 0.0, "Actual Total Time": 0.0, "Actual Rows": 0, "Actual Loops": 120146, "Cache Key": "store_sales.ss_sold_date_sk", "Cache Mode": "logical", "Cache Hits": 60453, "Cache Misses": 1605, "Cache Evictions": 0, "Cache Overflows": 0, "Peak Memory Usage": 121, "Workers": [{"Worker Number": 0, "Cache Hits": 56577, "Cache Misses": 1511, "Cache Evictions": 0, "Cache Overflows": 0, "Peak Memory Usage": 113}], "Plans": [{"Node Type": "Index Scan", "Parent Relationship": "Outer", "Parallel Aware": false, "Async Capable": false, "Scan Direction": "Forward", "Index Name": "date_dim_pkey", "Relation Name": "date_dim", "Alias": "date_dim", "Startup Cost": 0.32, "Total Cost": 0.35, "Plan Rows": 1, "Plan Width": 8, "Actual Startup Time": 0.001, "Actual Total Time": 0.001, "Actual Rows": 0, "Actual Loops": 3116, "Index Cond": "(d_date_sk = store_sales.ss_sold_date_sk)", "Rows Removed by Index Recheck": 0, "Filter": "(d_month_seq = ANY ('{1222,1223,1224,1225,1226,1227,1228,1229,1230,1231,1232,1233}'::integer[]))", "Rows Removed by Filter": 1, "Workers": []}]}]}, {"Node Type": "Memoize", "Parent Relationship": "Inner", "Parallel Aware": false, "Async Capable": false, "Startup Cost": 0.15, "Total Cost": 0.16, "Plan Rows": 1, "Plan Width": 4, "Actual Startup Time": 0.0, "Actual Total Time": 0.0, "Actual Rows": 1, "Actual Loops": 12601, "Cache Key": "store_sales.ss_store_sk", "Cache Mode": "logical", "Cache Hits": 6826, "Cache Misses": 7, "Cache Evictions": 0, "Cache Overflows": 0, "Peak Memory Usage": 1, "Workers": [{"Worker Number": 0, "Cache Hits": 5761, "Cache Misses": 7, "Cache Evictions": 0, "Cache Overflows": 0, "Peak Memory Usage": 1}], "Plans": [{"Node Type": "Index Only Scan", "Parent Relationship": "Outer", "Parallel Aware": false, "Async Capable": false, "Scan Direction": "Forward", "Index Name": "store_pkey", "Relation Name": "store", "Alias": "store", "Startup Cost": 0.14, "Total Cost": 0.15, "Plan Rows": 1, "Plan Width": 4, "Actual Startup Time": 0.007, "Actual Total Time": 0.007, "Actual Rows": 1, "Actual Loops": 14, "Index Cond": "(s_store_sk = store_sales.ss_store_sk)", "Rows Removed by Index Recheck": 0, "Heap Fetches": 0, "Workers": []}]}]}]}]}]}]}]}]}]}]}, "Planning Time": 0.418, "Triggers": [], "Execution Time": 221.329}]