[{"Plan": {"Node Type": "Sort", "Parallel Aware": false, "Async Capable": false, "Startup Cost": 53346.8, "Total Cost": 53346.81, "Plan Rows": 1, "Plan Width": 1310, "Actual Startup Time": 394.203, "Actual Total Time": 394.816, "Actual Rows": 8, "Actual Loops": 1, "Sort Key": ["cs1.product_name", "cs1.store_name", "cs2.cnt", "cs1.s1", "cs2.s1"], "Sort Method": "quicksort", "Sort Space Used": 27, "Sort Space Type": "Memory", "Plans": [{"Node Type": "Aggregate", "Strategy": "Sorted", "Partial Mode": "Simple", "Parent Relationship": "InitPlan", "Subplan Name": "CTE cross_sales", "Parallel Aware": false, "Async Capable": false, "Startup Cost": 53346.66, "Total Cost": 53346.73, "Plan Rows": 1, "Plan Width": 267, "Actual Startup Time": 394.064, "Actual Total Time": 394.724, "Actual Rows": 55, "Actual Loops": 1, "Group Key": ["item.i_item_sk", "store.s_store_name", "store.s_zip", "ad1.ca_street_number", "ad1.ca_street_name", "ad1.ca_city", "ad1.ca_zip", "ad2.ca_street_number", "ad2.ca_street_name", "ad2.ca_city", "ad2.ca_zip", "d1.d_year", "d2.d_year", "d3.d_year"], "Plans": [{"Node Type": "Sort", "Parent Relationship": "Outer", "Parallel Aware": false, "Async Capable": false, "Startup Cost": 53346.66, "Total Cost": 53346.66, "Plan Rows": 1, "Plan Width": 178, "Actual Startup Time": 394.057, "Actual Total Time": 394.671, "Actual Rows": 55, "Actual Loops": 1, "Sort Key": ["item.i_item_sk", "store.s_store_name", "store.s_zip", "ad1.ca_street_number", "ad1.ca_street_name", "ad1.ca_city", "ad1.ca_zip", "ad2.ca_street_number", "ad2.ca_street_name", "ad2.ca_city", "ad2.ca_zip", "d1.d_year", "d2.d_year", "d3.d_year"], "Sort Method": "quicksort", "Sort Space Used": 39, "Sort Space Type": "Memory", "Plans": [{"Node Type": "Nested Loop", "Parent Relationship": "Outer", "Parallel Aware": false, "Async Capable": false, "Join Type": "Inner", "Startup Cost": 52569.0, "Total Cost": 53346.65, "Plan Rows": 1, "Plan Width": 178, "Actual Startup Time": 204.12, "Actual Total Time": 394.565, "Actual Rows": 55, "Actual Loops": 1, "Inner Unique": true, "Join Filter": "(cd1.cd_marital_status <> cd2.cd_marital_status)", "Rows Removed by Join Filter": 12, "Plans": [{"Node Type": "Nested Loop", "Parent Relationship": "Outer", "Parallel Aware": false, "Async Capable": false, "Join Type": "Inner", "Startup Cost": 52568.58, "Total Cost": 53346.15, "Plan Rows": 1, "Plan Width": 184, "Actual Startup Time": 202.739, "Actual Total Time": 393.871, "Actual Rows": 67, "Actual Loops": 1, "Inner Unique": true, "Plans": [{"Node Type": "Nested Loop", "Parent Relationship": "Outer", "Parallel Aware": false, "Async Capable": false, "Join Type": "Inner", "Startup Cost": 52568.28, "Total Cost": 53345.84, "Plan Rows": 1, "Plan Width": 184, "Actual Startup Time": 202.733, "Actual Total Time": 393.689, "Actual Rows": 68, "Actual Loops": 1, "Inner Unique": true, "Plans": [{"Node Type": "Nested Loop", "Parent Relationship": "Outer", "Parallel Aware": false, "Async Capable": false, "Join Type": "Inner", "Startup Cost": 52568.15, "Total Cost": 53345.69, "Plan Rows": 1, "Plan Width": 172, "Actual Startup Time": 202.729, "Actual Total Time": 393.591, "Actual Rows": 68, "Actual Loops": 1, "Inner Unique": true, "Plans": [{"Node Type": "Nested Loop", "Parent Relationship": "Outer", "Parallel Aware": false, "Async Capable": false, "Join Type": "Inner", "Startup Cost": 52568.0, "Total Cost": 53345.52, "Plan Rows": 1, "Plan Width": 176, "Actual Startup Time": 202.725, "Actual Total Time": 393.488, "Actual Rows": 69, "Actual Loops": 1, "Inner Unique": true, "Plans": [{"Node Type": "Nested Loop", "Parent Relationship": "Outer", "Parallel Aware": false, "Async Capable": false, "Join Type": "Inner", "Startup Cost": 52567.57, "Total Cost": 53343.99, "Plan Rows": 1, "Plan Width": 178, "Actual Startup Time": 202.713, "Actual Total Time": 392.834, "Actual Rows": 69, "Actual Loops": 1, "Inner Unique": true, "Plans": [{"Node Type": "Nested Loop", "Parent Relationship": "Outer", "Parallel Aware": false, "Async Capable": false, "Join Type": "Inner", "Startup Cost": 52567.28, "Total Cost": 53343.62, "Plan Rows": 1, "Plan Width": 178, "Actual Startup Time": 202.71, "Actual Total Time": 392.719, "Actual Rows": 70, "Actual Loops": 1, "Inner Unique": true, "Plans": [{"Node Type": "Nested Loop", "Parent Relationship": "Outer", "Parallel Aware": false, "Async Capable": false, "Join Type": "Inner", "Startup Cost": 52566.99, "Total Cost": 53343.26, "Plan Rows": 1, "Plan Width": 142, "Actual Startup Time": 202.706, "Actual Total Time": 392.46, "Actual Rows": 70, "Actual Loops": 1, "Inner Unique": true, "Plans": [{"Node Type": "Nested Loop", "Parent Relationship": "Outer", "Parallel Aware": false, "Async Capable": false, "Join Type": "Inner", "Startup Cost": 52566.7, "Total Cost": 53342.89, "Plan Rows": 1, "Plan Width": 142, "Actual Startup Time": 202.701, "Actual Total Time": 390.551, "Actual Rows": 72, "Actual Loops": 1, "Inner Unique": false, "Join Filter": "(hd2.hd_demo_sk = customer.c_current_hdemo_sk)", "Rows Removed by Join Filter": 547128, "Plans": [{"Node Type": "Nested Loop", "Parent Relationship": "Outer", "Parallel Aware": false, "Async Capable": false, "Join Type": "Inner", "Startup Cost": 52565.25, "Total Cost": 53103.53, "Plan Rows": 1, "Plan Width": 146, "Actual Startup Time": 202.073, "Actual Total Time": 328.276, "Actual Rows": 76, "Actual Loops": 1, "Inner Unique": true, "Plans": [{"Node Type": "Nested Loop", "Parent Relationship": "Outer", "Parallel Aware": false, "Async Capable": false, "Join Type": "Inner", "Startup Cost": 52564.96, "Total Cost": 53103.22, "Plan Rows": 1, "Plan Width": 130, "Actual Startup Time": 202.061, "Actual Total Time": 327.551, "Actual Rows": 77, "Actual Loops": 1, "Inner Unique": true, "Plans": [{"Node Type": "Nested Loop", "Parent Relationship": "Outer", "Parallel Aware": false, "Async Capable": false, "Join Type": "Inner", "Startup Cost": 52564.67, "Total Cost": 53102.91, "Plan Rows": 1, "Plan Width": 94, "Actual Startup Time": 202.056, "Actual Total Time": 327.197, "Actual Rows": 80, "Actual Loops": 1, "Inner Unique": false, "Join Filter": "(hd1.hd_demo_sk = store_sales.ss_hdemo_sk)", "Rows Removed by Join Filter": 604720, "Plans": [{"Node Type": "Nested Loop", "Parent Relationship": "Outer", "Parallel Aware": false, "Async Capable": false, "Join Type": "Inner", "Startup Cost": 52563.22, "Total Cost": 52863.55, "Plan Rows": 1, "Plan Width": 98, "Actual Startup Time": 201.258, "Actual Total Time": 257.949, "Actual Rows": 84, "Actual Loops": 1, "Inner Unique": true, "Join Filter": "(item.i_item_sk = store_sales.ss_item_sk)", "Rows Removed by Join Filter": 0, "Plans": [{"Node Type": "Nested Loop", "Parent Relationship": "Outer", "Parallel Aware": false, "Async Capable": false, "Join Type": "Inner", "Startup Cost": 52562.79, "Total Cost": 52842.19, "Plan Rows": 16, "Plan Width": 67, "Actual Startup Time": 201.219, "Actual Total Time": 257.248, "Actual Rows": 84, "Actual Loops": 1, "Inner Unique": false, "Plans": [{"Node Type": "Nested Loop", "Parent Relationship": "Outer", "Parallel Aware": false, "Async Capable": false, "Join Type": "Inner", "Startup Cost": 52562.36, "Total Cost": 52837.27, "Plan Rows": 1, "Plan Width": 59, "Actual Startup Time": 201.178, "Actual Total Time": 257.055, "Actual Rows": 5, "Actual Loops": 1, "Inner Unique": true, "Plans": [{"Node Type": "Aggregate", "Strategy": "Sorted", "Partial Mode": "Finalize", "Parent Relationship": "Outer", "Parallel Aware": false, "Async Capable": false, "Startup Cost": 52562.07, "Total Cost": 52576.76, "Plan Rows": 35, "Plan Width": 68, "Actual Startup Time": 188.252, "Actual Total Time": 238.463, "Actual Rows": 17169, "Actual Loops": 1, "Group Key": ["catalog_sales.cs_item_sk"], "Filter": "(sum(catalog_sales.cs_ext_list_price) > ('2'::numeric * sum(((catalog_returns.cr_refunded_cash + catalog_returns.cr_reversed_charge) + catalog_returns.cr_store_credit))))", "Rows Removed by Filter": 693, "Plans": [{"Node Type": "Gather Merge", "Parent Relationship": "Outer", "Parallel Aware": false, "Async Capable": false, "Startup Cost": 52562.07, "Total Cost": 52573.54, "Plan Rows": 88, "Plan Width": 68, "Actual Startup Time": 188.243, "Actual Total Time": 212.278, "Actual Rows": 47396, "Actual Loops": 1, "Workers Planned": 2, "Workers Launched": 2, "Plans": [{"Node Type": "Aggregate", "Strategy": "Sorted", "Partial Mode": "Partial", "Parent Relationship": "Outer", "Parallel Aware": false, "Async Capable": false, "Startup Cost": 51562.04, "Total Cost": 51563.36, "Plan Rows": 44, "Plan Width": 68, "Actual Startup Time": 186.364, "Actual Total Time": 204.919, "Actual Rows": 15799, "Actual Loops": 3, "Group Key": ["catalog_sales.cs_item_sk"], "Workers": [], "Plans": [{"Node Type": "Sort", "Parent Relationship": "Outer", "Parallel Aware": false, "Async Capable": false, "Startup Cost": 51562.04, "Total Cost": 51562.15, "Plan Rows": 44, "Plan Width": 29, "Actual Startup Time": 186.35, "Actual Total Time": 188.88, "Actual Rows": 48022, "Actual Loops": 3, "Sort Key": ["catalog_sales.cs_item_sk"], "Sort Method": "external merge", "Sort Space Used": 1952, "Sort Space Type": "Disk", "Workers": [{"Worker Number": 0, "Sort Method": "external merge", "Sort Space Used": 1936, "Sort Space Type": "Disk"}, {"Worker Number": 1, "Sort Method": "external merge", "Sort Space Used": 1944, "Sort Space Type": "Disk"}], "Plans": [{"Node Type": "Hash Join", "Parent Relationship": "Outer", "Parallel Aware": true, "Async Capable": false, "Join Type": "Inner", "Startup Cost": 4995.63, "Total Cost": 51560.84, "Plan Rows": 44, "Plan Width": 29, "Actual Startup Time": 15.539, "Actual Total Time": 173.953, "Actual Rows": 48022, "Actual Loops": 3, "Inner Unique": true, "Hash Cond": "((catalog_sales.cs_item_sk = catalog_returns.cr_item_sk) AND (catalog_sales.cs_order_number = catalog_returns.cr_order_number))", "Workers": [], "Plans": [{"Node Type": "Seq Scan", "Parent Relationship": "Outer", "Parallel Aware": true, "Async Capable": false, "Relation Name": "catalog_sales", "Alias": "catalog_sales", "Startup Cost": 0.0, "Total Cost": 43411.7, "Plan Rows": 600670, "Plan Width": 15, "Actual Startup Time": 0.055, "Actual Total Time": 44.63, "Actual Rows": 480516, "Actual Loops": 3, "Workers": []}, {"Node Type": "Hash", "Parent Relationship": "Inner", "Parallel Aware": true, "Async Capable": false, "Startup Cost": 3724.45, "Total Cost": 3724.45, "Plan Rows": 84745, "Plan Width": 26, "Actual Startup Time": 15.36, "Actual Total Time": 15.36, "Actual Rows": 48022, "Actual Loops": 3, "Hash Buckets": 262144, "Original Hash Buckets": 262144, "Hash Batches": 1, "Original Hash Batches": 1, "Peak Memory Usage": 11040, "Workers": [], "Plans": [{"Node Type": "Seq Scan", "Parent Relationship": "Outer", "Parallel Aware": true, "Async Capable": false, "Relation Name": "catalog_returns", "Alias": "catalog_returns", "Startup Cost": 0.0, "Total Cost": 3724.45, "Plan Rows": 84745, "Plan Width": 26, "Actual Startup Time": 0.005, "Actual Total Time": 7.458, "Actual Rows": 48022, "Actual Loops": 3, "Workers": []}]}]}]}]}]}]}, {"Node Type": "Memoize", "Parent Relationship": "Inner", "Parallel Aware": false, "Async Capable": false, "Startup Cost": 0.3, "Total Cost": 7.42, "Plan Rows": 1, "Plan Width": 55, "Actual Startup Time": 0.001, "Actual Total Time": 0.001, "Actual Rows": 0, "Actual Loops": 17169, "Cache Key": "catalog_sales.cs_item_sk", "Cache Mode": "logical", "Cache Hits": 0, "Cache Misses": 17169, "Cache Evictions": 0, "Cache Overflows": 0, "Peak Memory Usage": 1141, "Plans": [{"Node Type": "Index Scan", "Parent Relationship": "Outer", "Parallel Aware": false, "Async Capable": false, "Scan Direction": "Forward", "Index Name": "item_pkey", "Relation Name": "item", "Alias": "item", "Startup Cost": 0.29, "Total Cost": 7.41, "Plan Rows": 1, "Plan Width": 55, "Actual Startup Time": 0.001, "Actual Total Time": 0.001, "Actual Rows": 0, "Actual Loops": 17169, "Index Cond": "(i_item_sk = catalog_sales.cs_item_sk)", "Rows Removed by Index Recheck": 0, "Filter": "((i_current_price >= '48'::numeric) AND (i_current_price <= '58'::numeric) AND (i_current_price >= '49'::numeric) AND (i_current_price <= '63'::numeric) AND (i_color = ANY ('{orange,lace,lawn,misty,blush,pink}'::bpchar[])))", "Rows Removed by Filter": 1}]}]}, {"Node Type": "Index Only Scan", "Parent Relationship": "Inner", "Parallel Aware": false, "Async Capable": false, "Scan Direction": "Forward", "Index Name": "store_returns_pkey", "Relation Name": "store_returns", "Alias": "store_returns", "Startup Cost": 0.42, "Total Cost": 4.74, "Plan Rows": 18, "Plan Width": 8, "Actual Startup Time": 0.026, "Actual Total Time": 0.033, "Actual Rows": 17, "Actual Loops": 5, "Index Cond": "(sr_item_sk = item.i_item_sk)", "Rows Removed by Index Recheck": 0, "Heap Fetches": 0}]}, {"Node Type": "Index Scan", "Parent Relationship": "Inner", "Parallel Aware": false, "Async Capable": false, "Scan Direction": "Forward", "Index Name": "store_sales_pkey", "Relation Name": "store_sales", "Alias": "store_sales", "Startup Cost": 0.43, "Total Cost": 1.32, "Plan Rows": 1, "Plan Width": 51, "Actual Startup Time": 0.007, "Actual Total Time": 0.007, "Actual Rows": 1, "Actual Loops": 84, "Index Cond": "((ss_item_sk = store_returns.sr_item_sk) AND (ss_ticket_number = store_returns.sr_ticket_number))", "Rows Removed by Index Recheck": 0}]}, {"Node Type": "Hash Join", "Parent Relationship": "Inner", "Parallel Aware": false, "Async Capable": false, "Join Type": "Inner", "Startup Cost": 1.45, "Total Cost": 149.35, "Plan Rows": 7200, "Plan Width": 4, "Actual Startup Time": 0.002, "Actual Total Time": 0.669, "Actual Rows": 7200, "Actual Loops": 84, "Inner Unique": true, "Hash Cond": "(hd1.hd_income_band_sk = ib1.ib_income_band_sk)", "Plans": [{"Node Type": "Seq Scan", "Parent Relationship": "Outer", "Parallel Aware": false, "Async Capable": false, "Relation Name": "household_demographics", "Alias": "hd1", "Startup Cost": 0.0, "Total Cost": 125.0, "Plan Rows": 7200, "Plan Width": 8, "Actual Startup Time": 0.001, "Actual Total Time": 0.188, "Actual Rows": 7200, "Actual Loops": 84}, {"Node Type": "Hash", "Parent Relationship": "Inner", "Parallel Aware": false, "Async Capable": false, "Startup Cost": 1.2, "Total Cost": 1.2, "Plan Rows": 20, "Plan Width": 4, "Actual Startup Time": 0.017, "Actual Total Time": 0.017, "Actual Rows": 20, "Actual Loops": 1, "Hash Buckets": 1024, "Original Hash Buckets": 1024, "Hash Batches": 1, "Original Hash Batches": 1, "Peak Memory Usage": 9, "Plans": [{"Node Type": "Seq Scan", "Parent Relationship": "Outer", "Parallel Aware": false, "Async Capable": false, "Relation Name": "income_band", "Alias": "ib1", "Startup Cost": 0.0, "Total Cost": 1.2, "Plan Rows": 20, "Plan Width": 4, "Actual Startup Time": 0.013, "Actual Total Time": 0.014, "Actual Rows": 20, "Actual Loops": 1}]}]}]}, {"Node Type": "Index Scan", "Parent Relationship": "Inner", "Parallel Aware": false, "Async Capable": false, "Scan Direction": "Forward", "Index Name": "customer_address_pkey", "Relation Name": "customer_address", "Alias": "ad1", "Startup Cost": 0.29, "Total Cost": 0.31, "Plan Rows": 1, "Plan Width": 44, "Actual Startup Time": 0.004, "Actual Total Time": 0.004, "Actual Rows": 1, "Actual Loops": 80, "Index Cond": "(ca_address_sk = store_sales.ss_addr_sk)", "Rows Removed by Index Recheck": 0}]}, {"Node Type": "Index Scan", "Parent Relationship": "Inner", "Parallel Aware": false, "Async Capable": false, "Scan Direction": "Forward", "Index Name": "customer_pkey", "Relation Name": "customer", "Alias": "customer", "Startup Cost": 0.29, "Total Cost": 0.31, "Plan Rows": 1, "Plan Width": 24, "Actual Startup Time": 0.009, "Actual Total Time": 0.009, "Actual Rows": 1, "Actual Loops": 77, "Index Cond": "(c_customer_sk = store_sales.ss_customer_sk)", "Rows Removed by Index Recheck": 0}]}, {"Node Type": "Hash Join", "Parent Relationship": "Inner", "Parallel Aware": false, "Async Capable": false, "Join Type": "Inner", "Startup Cost": 1.45, "Total Cost": 149.35, "Plan Rows": 7200, "Plan Width": 4, "Actual Startup Time": 0.001, "Actual Total Time": 0.666, "Actual Rows": 7200, "Actual Loops": 76, "Inner Unique": true, "Hash Cond": "(hd2.hd_income_band_sk = ib2.ib_income_band_sk)", "Plans": [{"Node Type": "Seq Scan", "Parent Relationship": "Outer", "Parallel Aware": false, "Async Capable": false, "Relation Name": "household_demographics", "Alias": "hd2", "Startup Cost": 0.0, "Total Cost": 125.0, "Plan Rows": 7200, "Plan Width": 8, "Actual Startup Time": 0.001, "Actual Total Time": 0.187, "Actual Rows": 7200, "Actual Loops": 76}, {"Node Type": "Hash", "Parent Relationship": "Inner", "Parallel Aware": false, "Async Capable": false, "Startup Cost": 1.2, "Total Cost": 1.2, "Plan Rows": 20, "Plan Width": 4, "Actual Startup Time": 0.004, "Actual Total Time": 0.004, "Actual Rows": 20, "Actual Loops": 1, "Hash Buckets": 1024, "Original Hash Buckets": 1024, "Hash Batches": 1, "Original Hash Batches": 1, "Peak Memory Usage": 9, "Plans": [{"Node Type": "Seq Scan", "Parent Relationship": "Outer", "Parallel Aware": false, "Async Capable": false, "Relation Name": "income_band", "Alias": "ib2", "Startup Cost": 0.0, "Total Cost": 1.2, "Plan Rows": 20, "Plan Width": 4, "Actual Startup Time": 0.001, "Actual Total Time": 0.002, "Actual Rows": 20, "Actual Loops": 1}]}]}]}, {"Node Type": "Index Scan", "Parent Relationship": "Inner", "Parallel Aware": false, "Async Capable": false, "Scan Direction": "Forward", "Index Name": "date_dim_pkey", "Relation Name": "date_dim", "Alias": "d3", "Startup Cost": 0.29, "Total Cost": 0.37, "Plan Rows": 1, "Plan Width": 8, "Actual Startup Time": 0.026, "Actual Total Time": 0.026, "Actual Rows": 1, "Actual Loops": 72, "Index Cond": "(d_date_sk = customer.c_first_shipto_date_sk)", "Rows Removed by Index Recheck": 0}]}, {"Node Type": "Index Scan", "Parent Relationship": "Inner", "Parallel Aware": false, "Async Capable": false, "Scan Direction": "Forward", "Index Name": "customer_address_pkey", "Relation Name": "customer_address", "Alias": "ad2", "Startup Cost": 0.29, "Total Cost": 0.36, "Plan Rows": 1, "Plan Width": 44, "Actual Startup Time": 0.003, "Actual Total Time": 0.003, "Actual Rows": 1, "Actual Loops": 70, "Index Cond": "(ca_address_sk = customer.c_current_addr_sk)", "Rows Removed by Index Recheck": 0}]}, {"Node Type": "Index Scan", "Parent Relationship": "Inner", "Parallel Aware": false, "Async Capable": false, "Scan Direction": "Forward", "Index Name": "date_dim_pkey", "Relation Name": "date_dim", "Alias": "d2", "Startup Cost": 0.29, "Total Cost": 0.37, "Plan Rows": 1, "Plan Width": 8, "Actual Startup Time": 0.001, "Actual Total Time": 0.001, "Actual Rows": 1, "Actual Loops": 70, "Index Cond": "(d_date_sk = customer.c_first_sales_date_sk)", "Rows Removed by Index Recheck": 0}]}, {"Node Type": "Index Scan", "Parent Relationship": "Inner", "Parallel Aware": false, "Async Capable": false, "Scan Direction": "Forward", "Index Name": "customer_demographics_pkey", "Relation Name": "customer_demographics", "Alias": "cd2", "Startup Cost": 0.43, "Total Cost": 1.53, "Plan Rows": 1, "Plan Width": 6, "Actual Startup Time": 0.009, "Actual Total Time": 0.009, "Actual Rows": 1, "Actual Loops": 69, "Index Cond": "(cd_demo_sk = customer.c_current_cdemo_sk)", "Rows Removed by Index Recheck": 0}]}, {"Node Type": "Index Only Scan", "Parent Relationship": "Inner", "Parallel Aware": false, "Async Capable": false, "Scan Direction": "Forward", "Index Name": "promotion_pkey", "Relation Name": "promotion", "Alias": "promotion", "Startup Cost": 0.15, "Total Cost": 0.17, "Plan Rows": 1, "Plan Width": 4, "Actual Startup Time": 0.001, "Actual Total Time": 0.001, "Actual Rows": 1, "Actual Loops": 69, "Index Cond": "(p_promo_sk = store_sales.ss_promo_sk)", "Rows Removed by Index Recheck": 0, "Heap Fetches": 0}]}, {"Node Type": "Index Scan", "Parent Relationship": "Inner", "Parallel Aware": false, "Async Capable": false, "Scan Direction": "Forward", "Index Name": "store_pkey", "Relation Name": "store", "Alias": "store", "Startup Cost": 0.14, "Total Cost": 0.15, "Plan Rows": 1, "Plan Width": 20, "Actual Startup Time": 0.001, "Actual Total Time": 0.001, "Actual Rows": 1, "Actual Loops": 68, "Index Cond": "(s_store_sk = store_sales.ss_store_sk)", "Rows Removed by Index Recheck": 0}]}, {"Node Type": "Index Scan", "Parent Relationship": "Inner", "Parallel Aware": false, "Async Capable": false, "Scan Direction": "Forward", "Index Name": "date_dim_pkey", "Relation Name": "date_dim", "Alias": "d1", "Startup Cost": 0.29, "Total Cost": 0.31, "Plan Rows": 1, "Plan Width": 8, "Actual Startup Time": 0.002, "Actual Total Time": 0.002, "Actual Rows": 1, "Actual Loops": 68, "Index Cond": "(d_date_sk = store_sales.ss_sold_date_sk)", "Rows Removed by Index Recheck": 0}]}, {"Node Type": "Index Scan", "Parent Relationship": "Inner", "Parallel Aware": false, "Async Capable": false, "Scan Direction": "Forward", "Index Name": "customer_demographics_pkey", "Relation Name": "customer_demographics", "Alias": "cd1", "Startup Cost": 0.43, "Total Cost": 0.48, "Plan Rows": 1, "Plan Width": 6, "Actual Startup Time": 0.009, "Actual Total Time": 0.009, "Actual Rows": 1, "Actual Loops": 67, "Index Cond": "(cd_demo_sk = store_sales.ss_cdemo_sk)", "Rows Removed by Index Recheck": 0}]}]}]}, {"Node Type": "Nested Loop", "Parent Relationship": "Outer", "Parallel Aware": false, "Async Capable": false, "Join Type": "Inner", "Startup Cost": 0.0, "Total Cost": 0.07, "Plan Rows": 1, "Plan Width": 1310, "Actual Startup Time": 394.155, "Actual Total Time": 394.193, "Actual Rows": 8, "Actual Loops": 1, "Inner Unique": false, "Join Filter": "((cs2.cnt <= cs1.cnt) AND (cs1.item_sk = cs2.item_sk) AND ((cs1.store_name)::text = (cs2.store_name)::text) AND (cs1.store_zip = cs2.store_zip))", "Rows Removed by Join Filter": 80, "Plans": [{"Node Type": "CTE Scan", "Parent Relationship": "Outer", "Parallel Aware": false, "Async Capable": false, "CTE Name": "cross_sales", "Alias": "cs1", "Startup Cost": 0.0, "Total Cost": 0.02, "Plan Rows": 1, "Plan Width": 1206, "Actual Startup Time": 394.092, "Actual Total Time": 394.095, "Actual Rows": 8, "Actual Loops": 1, "Filter": "(syear = 1999)", "Rows Removed by Filter": 47}, {"Node Type": "CTE Scan", "Parent Relationship": "Inner", "Parallel Aware": false, "Async Capable": false, "CTE Name": "cross_sales", "Alias": "cs2", "Startup Cost": 0.0, "Total Cost": 0.02, "Plan Rows": 1, "Plan Width": 274, "Actual Startup Time": 0.0, "Actual Total Time": 0.011, "Actual Rows": 11, "Actual Loops": 8, "Filter": "(syear = 2000)", "Rows Removed by Filter": 44}]}]}, "Planning Time": 38.25, "Triggers": [], "Execution Time": 395.518}]