[{"Plan": {"Node Type": "Limit", "Parallel Aware": false, "Async Capable": false, "Startup Cost": 144500.28, "Total Cost": 144500.53, "Plan Rows": 100, "Plan Width": 202, "Actual Startup Time": 603.864, "Actual Total Time": 606.31, "Actual Rows": 100, "Actual Loops": 1, "Plans": [{"Node Type": "Sort", "Parent Relationship": "Outer", "Parallel Aware": false, "Async Capable": false, "Startup Cost": 144500.28, "Total Cost": 144500.95, "Plan Rows": 270, "Plan Width": 202, "Actual Startup Time": 603.863, "Actual Total Time": 606.306, "Actual Rows": 100, "Actual Loops": 1, "Sort Key": ["store.s_store_name", "item.i_item_desc"], "Sort Method": "quicksort", "Sort Space Used": 58, "Sort Space Type": "Memory", "Plans": [{"Node Type": "Nested Loop", "Parent Relationship": "Outer", "Parallel Aware": false, "Async Capable": false, "Join Type": "Inner", "Startup Cost": 140502.68, "Total Cost": 144489.96, "Plan Rows": 270, "Plan Width": 202, "Actual Startup Time": 421.201, "Actual Total Time": 605.817, "Actual Rows": 115, "Actual Loops": 1, "Inner Unique": true, "Plans": [{"Node Type": "Merge Join", "Parent Relationship": "Outer", "Parallel Aware": false, "Async Capable": false, "Join Type": "Inner", "Startup Cost": 140502.39, "Total Cost": 144304.97, "Plan Rows": 270, "Plan Width": 41, "Actual Startup Time": 421.184, "Actual Total Time": 605.033, "Actual Rows": 115, "Actual Loops": 1, "Inner Unique": false, "Merge Cond": "(store_sales.ss_store_sk = store_sales_1.ss_store_sk)", "Join Filter": "((sum(store_sales.ss_sales_price)) <= (0.1 * (avg((sum(store_sales_1.ss_sales_price))))))", "Rows Removed by Join Filter": 53881, "Plans": [{"Node Type": "Aggregate", "Strategy": "Sorted", "Partial Mode": "Finalize", "Parent Relationship": "Outer", "Parallel Aware": false, "Async Capable": false, "Startup Cost": 70250.53, "Total Cost": 71955.65, "Plan Rows": 13490, "Plan Width": 40, "Actual Startup Time": 190.224, "Actual Total Time": 292.071, "Actual Rows": 53997, "Actual Loops": 1, "Group Key": ["store_sales.ss_store_sk", "store_sales.ss_item_sk"], "Plans": [{"Node Type": "Gather Merge", "Parent Relationship": "Outer", "Parallel Aware": false, "Async Capable": false, "Startup Cost": 70250.53, "Total Cost": 71674.61, "Plan Rows": 11242, "Plan Width": 40, "Actual Startup Time": 190.216, "Actual Total Time": 248.976, "Actual Rows": 156142, "Actual Loops": 1, "Workers Planned": 2, "Workers Launched": 2, "Plans": [{"Node Type": "Aggregate", "Strategy": "Sorted", "Partial Mode": "Partial", "Parent Relationship": "Outer", "Parallel Aware": false, "Async Capable": false, "Startup Cost": 69250.5, "Total Cost": 69376.98, "Plan Rows": 5621, "Plan Width": 40, "Actual Startup Time": 188.416, "Actual Total Time": 228.071, "Actual Rows": 52436, "Actual Loops": 3, "Group Key": ["store_sales.ss_store_sk", "store_sales.ss_item_sk"], "Workers": [], "Plans": [{"Node Type": "Sort", "Parent Relationship": "Outer", "Parallel Aware": false, "Async Capable": false, "Startup Cost": 69250.5, "Total Cost": 69264.56, "Plan Rows": 5621, "Plan Width": 14, "Actual Startup Time": 188.392, "Actual Total Time": 201.461, "Actual Rows": 179719, "Actual Loops": 3, "Sort Key": ["store_sales.ss_store_sk", "store_sales.ss_item_sk"], "Sort Method": "external merge", "Sort Space Used": 4480, "Sort Space Type": "Disk", "Workers": [{"Worker Number": 0, "Sort Method": "external merge", "Sort Space Used": 4424, "Sort Space Type": "Disk"}, {"Worker Number": 1, "Sort Method": "external merge", "Sort Space Used": 4424, "Sort Space Type": "Disk"}], "Plans": [{"Node Type": "Hash Join", "Parent Relationship": "Outer", "Parallel Aware": true, "Async Capable": false, "Join Type": "Inner", "Startup Cost": 2052.19, "Total Cost": 68900.41, "Plan Rows": 5621, "Plan Width": 14, "Actual Startup Time": 1.56, "Actual Total Time": 134.219, "Actual Rows": 183532, "Actual Loops": 3, "Inner Unique": true, "Hash Cond": "(store_sales.ss_sold_date_sk = date_dim.d_date_sk)", "Workers": [], "Plans": [{"Node Type": "Seq Scan", "Parent Relationship": "Outer", "Parallel Aware": true, "Async Capable": false, "Relation Name": "store_sales", "Alias": "store_sales", "Startup Cost": 0.0, "Total Cost": 63697.62, "Plan Rows": 1200162, "Plan Width": 18, "Actual Startup Time": 0.028, "Actual Total Time": 66.008, "Actual Rows": 960135, "Actual Loops": 3, "Workers": []}, {"Node Type": "Hash", "Parent Relationship": "Inner", "Parallel Aware": true, "Async Capable": false, "Startup Cost": 2049.55, "Total Cost": 2049.55, "Plan Rows": 211, "Plan Width": 4, "Actual Startup Time": 1.471, "Actual Total Time": 1.472, "Actual Rows": 122, "Actual Loops": 3, "Hash Buckets": 1024, "Original Hash Buckets": 1024, "Hash Batches": 1, "Original Hash Batches": 1, "Peak Memory Usage": 40, "Workers": [], "Plans": [{"Node Type": "Seq Scan", "Parent Relationship": "Outer", "Parallel Aware": true, "Async Capable": false, "Relation Name": "date_dim", "Alias": "date_dim", "Startup Cost": 0.0, "Total Cost": 2049.55, "Plan Rows": 211, "Plan Width": 4, "Actual Startup Time": 1.08, "Actual Total Time": 1.45, "Actual Rows": 122, "Actual Loops": 3, "Filter": "((d_month_seq >= 1176) AND (d_month_seq <= 1187))", "Rows Removed by Filter": 24228, "Workers": []}]}]}]}]}]}]}, {"Node Type": "Materialize", "Parent Relationship": "Inner", "Parallel Aware": false, "Async Capable": false, "Startup Cost": 70251.86, "Total Cost": 72164.55, "Plan Rows": 12, "Plan Width": 45, "Actual Startup Time": 212.977, "Actual Total Time": 304.594, "Actual Rows": 44999, "Actual Loops": 1, "Plans": [{"Node Type": "Merge Join", "Parent Relationship": "Outer", "Parallel Aware": false, "Async Capable": false, "Join Type": "Inner", "Startup Cost": 70251.86, "Total Cost": 72164.52, "Plan Rows": 12, "Plan Width": 45, "Actual Startup Time": 212.97, "Actual Total Time": 303.471, "Actual Rows": 6, "Actual Loops": 1, "Inner Unique": true, "Merge Cond": "(store.s_store_sk = store_sales_1.ss_store_sk)", "Plans": [{"Node Type": "Sort", "Parent Relationship": "Outer", "Parallel Aware": false, "Async Capable": false, "Startup Cost": 1.34, "Total Cost": 1.37, "Plan Rows": 12, "Plan Width": 9, "Actual Startup Time": 0.025, "Actual Total Time": 0.028, "Actual Rows": 11, "Actual Loops": 1, "Sort Key": ["store.s_store_sk"], "Sort Method": "quicksort", "Sort Space Used": 25, "Sort Space Type": "Memory", "Plans": [{"Node Type": "Seq Scan", "Parent Relationship": "Outer", "Parallel Aware": false, "Async Capable": false, "Relation Name": "store", "Alias": "store", "Startup Cost": 0.0, "Total Cost": 1.12, "Plan Rows": 12, "Plan Width": 9, "Actual Startup Time": 0.017, "Actual Total Time": 0.02, "Actual Rows": 12, "Actual Loops": 1}]}, {"Node Type": "Aggregate", "Strategy": "Sorted", "Partial Mode": "Simple", "Parent Relationship": "Inner", "Parallel Aware": false, "Async Capable": false, "Startup Cost": 70250.53, "Total Cost": 72160.5, "Plan Rows": 200, "Plan Width": 36, "Actual Startup Time": 212.943, "Actual Total Time": 303.43, "Actual Rows": 7, "Actual Loops": 1, "Group Key": ["store_sales_1.ss_store_sk"], "Plans": [{"Node Type": "Aggregate", "Strategy": "Sorted", "Partial Mode": "Finalize", "Parent Relationship": "Outer", "Parallel Aware": false, "Async Capable": false, "Startup Cost": 70250.53, "Total Cost": 71955.65, "Plan Rows": 13490, "Plan Width": 40, "Actual Startup Time": 196.021, "Actual Total Time": 301.019, "Actual Rows": 60871, "Actual Loops": 1, "Group Key": ["store_sales_1.ss_store_sk", "store_sales_1.ss_item_sk"], "Plans": [{"Node Type": "Gather Merge", "Parent Relationship": "Outer", "Parallel Aware": false, "Async Capable": false, "Startup Cost": 70250.53, "Total Cost": 71674.61, "Plan Rows": 11242, "Plan Width": 40, "Actual Startup Time": 196.016, "Actual Total Time": 254.414, "Actual Rows": 166381, "Actual Loops": 1, "Workers Planned": 2, "Workers Launched": 2, "Plans": [{"Node Type": "Aggregate", "Strategy": "Sorted", "Partial Mode": "Partial", "Parent Relationship": "Outer", "Parallel Aware": false, "Async Capable": false, "Startup Cost": 69250.5, "Total Cost": 69376.98, "Plan Rows": 5621, "Plan Width": 40, "Actual Startup Time": 193.285, "Actual Total Time": 234.493, "Actual Rows": 55460, "Actual Loops": 3, "Group Key": ["store_sales_1.ss_store_sk", "store_sales_1.ss_item_sk"], "Workers": [], "Plans": [{"Node Type": "Sort", "Parent Relationship": "Outer", "Parallel Aware": false, "Async Capable": false, "Startup Cost": 69250.5, "Total Cost": 69264.56, "Plan Rows": 5621, "Plan Width": 14, "Actual Startup Time": 193.271, "Actual Total Time": 207.041, "Actual Rows": 183532, "Actual Loops": 3, "Sort Key": ["store_sales_1.ss_store_sk", "store_sales_1.ss_item_sk"], "Sort Method": "external merge", "Sort Space Used": 4512, "Sort Space Type": "Disk", "Workers": [{"Worker Number": 0, "Sort Method": "external merge", "Sort Space Used": 4416, "Sort Space Type": "Disk"}, {"Worker Number": 1, "Sort Method": "external merge", "Sort Space Used": 4400, "Sort Space Type": "Disk"}], "Plans": [{"Node Type": "Hash Join", "Parent Relationship": "Outer", "Parallel Aware": true, "Async Capable": false, "Join Type": "Inner", "Startup Cost": 2052.19, "Total Cost": 68900.41, "Plan Rows": 5621, "Plan Width": 14, "Actual Startup Time": 2.132, "Actual Total Time": 137.362, "Actual Rows": 183532, "Actual Loops": 3, "Inner Unique": true, "Hash Cond": "(store_sales_1.ss_sold_date_sk = date_dim_1.d_date_sk)", "Workers": [], "Plans": [{"Node Type": "Seq Scan", "Parent Relationship": "Outer", "Parallel Aware": true, "Async Capable": false, "Relation Name": "store_sales", "Alias": "store_sales_1", "Startup Cost": 0.0, "Total Cost": 63697.62, "Plan Rows": 1200162, "Plan Width": 18, "Actual Startup Time": 0.054, "Actual Total Time": 67.591, "Actual Rows": 960135, "Actual Loops": 3, "Workers": []}, {"Node Type": "Hash", "Parent Relationship": "Inner", "Parallel Aware": true, "Async Capable": false, "Startup Cost": 2049.55, "Total Cost": 2049.55, "Plan Rows": 211, "Plan Width": 4, "Actual Startup Time": 1.999, "Actual Total Time": 1.999, "Actual Rows": 122, "Actual Loops": 3, "Hash Buckets": 1024, "Original Hash Buckets": 1024, "Hash Batches": 1, "Original Hash Batches": 1, "Peak Memory Usage": 40, "Workers": [], "Plans": [{"Node Type": "Seq Scan", "Parent Relationship": "Outer", "Parallel Aware": true, "Async Capable": false, "Relation Name": "date_dim", "Alias": "date_dim_1", "Startup Cost": 0.0, "Total Cost": 2049.55, "Plan Rows": 211, "Plan Width": 4, "Actual Startup Time": 1.325, "Actual Total Time": 1.953, "Actual Rows": 122, "Actual Loops": 3, "Filter": "((d_month_seq >= 1176) AND (d_month_seq <= 1187))", "Rows Removed by Filter": 24228, "Workers": []}]}]}]}]}]}]}]}]}]}]}, {"Node Type": "Index Scan", "Parent Relationship": "Inner", "Parallel Aware": false, "Async Capable": false, "Scan Direction": "Forward", "Index Name": "item_pkey", "Relation Name": "item", "Alias": "item", "Startup Cost": 0.29, "Total Cost": 0.69, "Plan Rows": 1, "Plan Width": 169, "Actual Startup Time": 0.006, "Actual Total Time": 0.006, "Actual Rows": 1, "Actual Loops": 115, "Index Cond": "(i_item_sk = store_sales.ss_item_sk)", "Rows Removed by Index Recheck": 0}]}]}]}, "Planning Time": 0.26, "Triggers": [], "Execution Time": 607.776}]