[{"Plan": {"Node Type": "Limit", "Parallel Aware": false, "Async Capable": false, "Startup Cost": 71899.91, "Total Cost": 71955.29, "Plan Rows": 100, "Plan Width": 273, "Actual Startup Time": 1866.141, "Actual Total Time": 1895.388, "Actual Rows": 100, "Actual Loops": 1, "Plans": [{"Node Type": "Incremental Sort", "Parent Relationship": "Outer", "Parallel Aware": false, "Async Capable": false, "Startup Cost": 71899.91, "Total Cost": 85784.69, "Plan Rows": 25072, "Plan Width": 273, "Actual Startup Time": 1866.141, "Actual Total Time": 1895.384, "Actual Rows": 100, "Actual Loops": 1, "Sort Key": ["dw2.i_category", "dw2.i_class", "dw2.i_brand", "dw2.i_product_name", "dw2.d_year", "dw2.d_qoy", "dw2.d_moy", "dw2.s_store_id", "dw2.sumsales", "dw2.rk"], "Presorted Key": ["dw2.i_category"], "Full-sort Groups": {"Group Count": 1, "Sort Methods Used": ["quicksort"], "Sort Space Memory": {"Average Sort Space Used": 42, "Peak Sort Space Used": 42}}, "Pre-sorted Groups": {"Group Count": 1, "Sort Methods Used": ["quicksort"], "Sort Space Memory": {"Average Sort Space Used": 51, "Peak Sort Space Used": 51}}, "Plans": [{"Node Type": "Subquery Scan", "Parent Relationship": "Outer", "Parallel Aware": false, "Async Capable": false, "Alias": "dw2", "Startup Cost": 71831.89, "Total Cost": 84015.33, "Plan Rows": 25072, "Plan Width": 273, "Actual Startup Time": 1668.347, "Actual Total Time": 1894.939, "Actual Rows": 101, "Actual Loops": 1, "Filter": "(dw2.rk <= 100)", "Rows Removed by Filter": 51033, "Plans": [{"Node Type": "WindowAgg", "Parent Relationship": "Subquery", "Parallel Aware": false, "Async Capable": false, "Startup Cost": 71831.89, "Total Cost": 83075.13, "Plan Rows": 75216, "Plan Width": 273, "Actual Startup Time": 1668.347, "Actual Total Time": 1893.797, "Actual Rows": 51134, "Actual Loops": 1, "Plans": [{"Node Type": "Incremental Sort", "Parent Relationship": "Outer", "Parallel Aware": false, "Async Capable": false, "Startup Cost": 71831.89, "Total Cost": 81758.85, "Plan Rows": 75216, "Plan Width": 265, "Actual Startup Time": 1668.34, "Actual Total Time": 1872.205, "Actual Rows": 51135, "Actual Loops": 1, "Sort Key": ["dw1.i_category", "dw1.sumsales DESC"], "Presorted Key": ["dw1.i_category"], "Full-sort Groups": {"Group Count": 2, "Sort Methods Used": ["quicksort"], "Sort Space Memory": {"Average Sort Space Used": 51, "Peak Sort Space Used": 51}}, "Pre-sorted Groups": {"Group Count": 2, "Sort Methods Used": ["external merge"], "Sort Space Disk": {"Average Sort Space Used": 12512, "Peak Sort Space Used": 12616}}, "Plans": [{"Node Type": "Subquery Scan", "Parent Relationship": "Outer", "Parallel Aware": false, "Async Capable": false, "Alias": "dw1", "Startup Cost": 71787.23, "Total Cost": 75564.65, "Plan Rows": 75216, "Plan Width": 265, "Actual Startup Time": 1528.52, "Actual Total Time": 1784.316, "Actual Rows": 103087, "Actual Loops": 1, "Plans": [{"Node Type": "Aggregate", "Strategy": "Sorted", "Partial Mode": "Simple", "Parent Relationship": "Subquery", "Parallel Aware": false, "Async Capable": false, "Startup Cost": 71787.23, "Total Cost": 74812.49, "Plan Rows": 75216, "Plan Width": 265, "Actual Startup Time": 1528.519, "Actual Total Time": 1779.87, "Actual Rows": 103087, "Actual Loops": 1, "Grouping Sets": [{"Group Keys": [["item.i_category", "item.i_class", "item.i_brand", "item.i_product_name", "date_dim.d_year", "date_dim.d_qoy", "date_dim.d_moy", "store.s_store_id"], ["item.i_category", "item.i_class", "item.i_brand", "item.i_product_name", "date_dim.d_year", "date_dim.d_qoy", "date_dim.d_moy"], ["item.i_category", "item.i_class", "item.i_brand", "item.i_product_name", "date_dim.d_year", "date_dim.d_qoy"], ["item.i_category", "item.i_class", "item.i_brand", "item.i_product_name", "date_dim.d_year"], ["item.i_category", "item.i_class", "item.i_brand", "item.i_product_name"], ["item.i_category", "item.i_class", "item.i_brand"], ["item.i_category", "item.i_class"], ["item.i_category"], []]}], "Plans": [{"Node Type": "Gather Merge", "Parent Relationship": "Outer", "Parallel Aware": false, "Async Capable": false, "Startup Cost": 71787.23, "Total Cost": 73474.01, "Plan Rows": 14483, "Plan Width": 243, "Actual Startup Time": 1528.505, "Actual Total Time": 1705.321, "Actual Rows": 105669, "Actual Loops": 1, "Workers Planned": 2, "Workers Launched": 2, "Plans": [{"Node Type": "Sort", "Parent Relationship": "Outer", "Parallel Aware": false, "Async Capable": false, "Startup Cost": 70787.2, "Total Cost": 70802.29, "Plan Rows": 6035, "Plan Width": 243, "Actual Startup Time": 1523.743, "Actual Total Time": 1594.296, "Actual Rows": 35368, "Actual Loops": 3, "Sort Key": ["item.i_category", "item.i_class", "item.i_brand", "item.i_product_name", "date_dim.d_year", "date_dim.d_qoy", "date_dim.d_moy", "store.s_store_id"], "Sort Method": "external merge", "Sort Space Used": 44976, "Sort Space Type": "Disk", "Workers": [{"Worker Number": 0, "Sort Method": "external merge", "Sort Space Used": 44216, "Sort Space Type": "Disk"}, {"Worker Number": 1, "Sort Method": "external merge", "Sort Space Used": 44208, "Sort Space Type": "Disk"}], "Plans": [{"Node Type": "Hash Join", "Parent Relationship": "Outer", "Parallel Aware": true, "Async Capable": false, "Join Type": "Inner", "Startup Cost": 3522.0, "Total Cost": 70408.23, "Plan Rows": 6035, "Plan Width": 243, "Actual Startup Time": 6.674, "Actual Total Time": 207.568, "Actual Rows": 178930, "Actual Loops": 3, "Inner Unique": true, "Hash Cond": "(store_sales.ss_item_sk = item.i_item_sk)", "Workers": [], "Plans": [{"Node Type": "Hash Join", "Parent Relationship": "Outer", "Parallel Aware": false, "Async Capable": false, "Join Type": "Inner", "Startup Cost": 2053.77, "Total Cost": 68924.16, "Plan Rows": 6035, "Plan Width": 43, "Actual Startup Time": 2.878, "Actual Total Time": 153.153, "Actual Rows": 178930, "Actual Loops": 3, "Inner Unique": true, "Hash Cond": "(store_sales.ss_store_sk = store.s_store_sk)", "Workers": [], "Plans": [{"Node Type": "Hash Join", "Parent Relationship": "Outer", "Parallel Aware": true, "Async Capable": false, "Join Type": "Inner", "Startup Cost": 2052.5, "Total Cost": 68900.72, "Plan Rows": 6311, "Plan Width": 30, "Actual Startup Time": 2.812, "Actual Total Time": 138.965, "Actual Rows": 183200, "Actual Loops": 3, "Inner Unique": true, "Hash Cond": "(store_sales.ss_sold_date_sk = date_dim.d_date_sk)", "Workers": [], "Plans": [{"Node Type": "Seq Scan", "Parent Relationship": "Outer", "Parallel Aware": true, "Async Capable": false, "Relation Name": "store_sales", "Alias": "store_sales", "Startup Cost": 0.0, "Total Cost": 63697.62, "Plan Rows": 1200162, "Plan Width": 22, "Actual Startup Time": 0.031, "Actual Total Time": 67.167, "Actual Rows": 960135, "Actual Loops": 3, "Workers": []}, {"Node Type": "Hash", "Parent Relationship": "Inner", "Parallel Aware": true, "Async Capable": false, "Startup Cost": 2049.55, "Total Cost": 2049.55, "Plan Rows": 236, "Plan Width": 16, "Actual Startup Time": 2.741, "Actual Total Time": 2.742, "Actual Rows": 122, "Actual Loops": 3, "Hash Buckets": 1024, "Original Hash Buckets": 1024, "Hash Batches": 1, "Original Hash Batches": 1, "Peak Memory Usage": 104, "Workers": [], "Plans": [{"Node Type": "Seq Scan", "Parent Relationship": "Outer", "Parallel Aware": true, "Async Capable": false, "Relation Name": "date_dim", "Alias": "date_dim", "Startup Cost": 0.0, "Total Cost": 2049.55, "Plan Rows": 236, "Plan Width": 16, "Actual Startup Time": 1.867, "Actual Total Time": 2.705, "Actual Rows": 122, "Actual Loops": 3, "Filter": "((d_month_seq >= 1217) AND (d_month_seq <= 1228))", "Rows Removed by Filter": 24228, "Workers": []}]}]}, {"Node Type": "Hash", "Parent Relationship": "Inner", "Parallel Aware": false, "Async Capable": false, "Startup Cost": 1.12, "Total Cost": 1.12, "Plan Rows": 12, "Plan Width": 21, "Actual Startup Time": 0.046, "Actual Total Time": 0.046, "Actual Rows": 12, "Actual Loops": 3, "Hash Buckets": 1024, "Original Hash Buckets": 1024, "Hash Batches": 1, "Original Hash Batches": 1, "Peak Memory Usage": 9, "Workers": [], "Plans": [{"Node Type": "Seq Scan", "Parent Relationship": "Outer", "Parallel Aware": false, "Async Capable": false, "Relation Name": "store", "Alias": "store", "Startup Cost": 0.0, "Total Cost": 1.12, "Plan Rows": 12, "Plan Width": 21, "Actual Startup Time": 0.037, "Actual Total Time": 0.039, "Actual Rows": 12, "Actual Loops": 3, "Workers": []}]}]}, {"Node Type": "Hash", "Parent Relationship": "Inner", "Parallel Aware": true, "Async Capable": false, "Startup Cost": 1335.88, "Total Cost": 1335.88, "Plan Rows": 10588, "Plan Width": 208, "Actual Startup Time": 3.701, "Actual Total Time": 3.701, "Actual Rows": 6000, "Actual Loops": 3, "Hash Buckets": 32768, "Original Hash Buckets": 32768, "Hash Batches": 1, "Original Hash Batches": 1, "Peak Memory Usage": 4512, "Workers": [], "Plans": [{"Node Type": "Seq Scan", "Parent Relationship": "Outer", "Parallel Aware": true, "Async Capable": false, "Relation Name": "item", "Alias": "item", "Startup Cost": 0.0, "Total Cost": 1335.88, "Plan Rows": 10588, "Plan Width": 208, "Actual Startup Time": 0.042, "Actual Total Time": 2.132, "Actual Rows": 6000, "Actual Loops": 3, "Workers": []}]}]}]}]}]}]}]}]}]}]}]}, "Planning Time": 0.365, "Triggers": [], "Execution Time": 1913.949}]