[{"Plan": {"Node Type": "Limit", "Parallel Aware": false, "Async Capable": false, "Startup Cost": 74032.5, "Total Cost": 74032.75, "Plan Rows": 100, "Plan Width": 170, "Actual Startup Time": 162.123, "Actual Total Time": 162.171, "Actual Rows": 100, "Actual Loops": 1, "Plans": [{"Node Type": "Sort", "Parent Relationship": "Outer", "Parallel Aware": false, "Async Capable": false, "Startup Cost": 74032.5, "Total Cost": 74033.94, "Plan Rows": 575, "Plan Width": 170, "Actual Startup Time": 162.123, "Actual Total Time": 162.167, "Actual Rows": 100, "Actual Loops": 1, "Sort Key": ["customer.c_last_name", "store_sales.ss_ticket_number"], "Sort Method": "top-N heapsort", "Sort Space Used": 49, "Sort Space Type": "Memory", "Plans": [{"Node Type": "Nested Loop", "Parent Relationship": "Outer", "Parallel Aware": false, "Async Capable": false, "Join Type": "Inner", "Startup Cost": 70335.74, "Total Cost": 74010.53, "Plan Rows": 575, "Plan Width": 170, "Actual Startup Time": 146.399, "Actual Total Time": 159.528, "Actual Rows": 2105, "Actual Loops": 1, "Inner Unique": true, "Join Filter": "((current_addr.ca_city)::text <> (customer_address.ca_city)::text)", "Rows Removed by Join Filter": 144, "Plans": [{"Node Type": "Nested Loop", "Parent Relationship": "Outer", "Parallel Aware": false, "Async Capable": false, "Join Type": "Inner", "Startup Cost": 70335.45, "Total Cost": 73797.96, "Plan Rows": 576, "Plan Width": 165, "Actual Startup Time": 146.395, "Actual Total Time": 156.083, "Actual Rows": 2249, "Actual Loops": 1, "Inner Unique": true, "Plans": [{"Node Type": "Aggregate", "Strategy": "Sorted", "Partial Mode": "Finalize", "Parent Relationship": "Outer", "Parallel Aware": false, "Async Capable": false, "Startup Cost": 70335.15, "Total Cost": 70421.64, "Plan Rows": 576, "Plan Width": 117, "Actual Startup Time": 146.364, "Actual Total Time": 151.045, "Actual Rows": 2320, "Actual Loops": 1, "Group Key": ["store_sales.ss_ticket_number", "store_sales.ss_customer_sk", "store_sales.ss_addr_sk", "customer_address.ca_city"], "Plans": [{"Node Type": "Gather Merge", "Parent Relationship": "Outer", "Parallel Aware": false, "Async Capable": false, "Startup Cost": 70335.15, "Total Cost": 70399.56, "Plan Rows": 480, "Plan Width": 117, "Actual Startup Time": 146.357, "Actual Total Time": 148.92, "Actual Rows": 2338, "Actual Loops": 1, "Workers Planned": 2, "Workers Launched": 2, "Plans": [{"Node Type": "Aggregate", "Strategy": "Sorted", "Partial Mode": "Partial", "Parent Relationship": "Outer", "Parallel Aware": false, "Async Capable": false, "Startup Cost": 69335.13, "Total Cost": 69344.13, "Plan Rows": 240, "Plan Width": 117, "Actual Startup Time": 144.423, "Actual Total Time": 146.443, "Actual Rows": 779, "Actual Loops": 3, "Group Key": ["store_sales.ss_ticket_number", "store_sales.ss_customer_sk", "store_sales.ss_addr_sk", "customer_address.ca_city"], "Workers": [], "Plans": [{"Node Type": "Sort", "Parent Relationship": "Outer", "Parallel Aware": false, "Async Capable": false, "Startup Cost": 69335.13, "Total Cost": 69335.73, "Plan Rows": 240, "Plan Width": 40, "Actual Startup Time": 144.41, "Actual Total Time": 144.601, "Actual Rows": 8230, "Actual Loops": 3, "Sort Key": ["store_sales.ss_ticket_number", "store_sales.ss_customer_sk", "store_sales.ss_addr_sk", "customer_address.ca_city"], "Sort Method": "quicksort", "Sort Space Used": 1105, "Sort Space Type": "Memory", "Workers": [{"Worker Number": 0, "Sort Method": "quicksort", "Sort Space Used": 869, "Sort Space Type": "Memory"}, {"Worker Number": 1, "Sort Method": "quicksort", "Sort Space Used": 847, "Sort Space Type": "Memory"}], "Plans": [{"Node Type": "Nested Loop", "Parent Relationship": "Outer", "Parallel Aware": false, "Async Capable": false, "Join Type": "Inner", "Startup Cost": 2396.29, "Total Cost": 69325.64, "Plan Rows": 240, "Plan Width": 40, "Actual Startup Time": 2.848, "Actual Total Time": 142.408, "Actual Rows": 8230, "Actual Loops": 3, "Inner Unique": true, "Workers": [], "Plans": [{"Node Type": "Hash Join", "Parent Relationship": "Outer", "Parallel Aware": false, "Async Capable": false, "Join Type": "Inner", "Startup Cost": 2396.0, "Total Cost": 69248.03, "Plan Rows": 251, "Plan Width": 31, "Actual Startup Time": 2.829, "Actual Total Time": 134.621, "Actual Rows": 8289, "Actual Loops": 3, "Inner Unique": true, "Hash Cond": "(store_sales.ss_store_sk = store.s_store_sk)", "Workers": [], "Plans": [{"Node Type": "Hash Join", "Parent Relationship": "Outer", "Parallel Aware": false, "Async Capable": false, "Join Type": "Inner", "Startup Cost": 2394.7, "Total Cost": 69245.81, "Plan Rows": 263, "Plan Width": 35, "Actual Startup Time": 2.8, "Actual Total Time": 133.843, "Actual Rows": 8396, "Actual Loops": 3, "Inner Unique": true, "Hash Cond": "(store_sales.ss_hdemo_sk = household_demographics.hd_demo_sk)", "Workers": [], "Plans": [{"Node Type": "Hash Join", "Parent Relationship": "Outer", "Parallel Aware": true, "Async Capable": false, "Join Type": "Inner", "Startup Cost": 2211.2, "Total Cost": 69059.42, "Plan Rows": 1099, "Plan Width": 39, "Actual Startup Time": 2.209, "Actual Total Time": 130.761, "Actual Rows": 35312, "Actual Loops": 3, "Inner Unique": true, "Hash Cond": "(store_sales.ss_sold_date_sk = date_dim.d_date_sk)", "Workers": [], "Plans": [{"Node Type": "Seq Scan", "Parent Relationship": "Outer", "Parallel Aware": true, "Async Capable": false, "Relation Name": "store_sales", "Alias": "store_sales", "Startup Cost": 0.0, "Total Cost": 63697.62, "Plan Rows": 1200162, "Plan Width": 43, "Actual Startup Time": 0.02, "Actual Total Time": 68.88, "Actual Rows": 960135, "Actual Loops": 3, "Workers": []}, {"Node Type": "Hash", "Parent Relationship": "Inner", "Parallel Aware": true, "Async Capable": false, "Startup Cost": 2210.69, "Total Cost": 2210.69, "Plan Rows": 41, "Plan Width": 4, "Actual Startup Time": 2.09, "Actual Total Time": 2.09, "Actual Rows": 24, "Actual Loops": 3, "Hash Buckets": 1024, "Original Hash Buckets": 1024, "Hash Batches": 1, "Original Hash Batches": 1, "Peak Memory Usage": 104, "Workers": [], "Plans": [{"Node Type": "Seq Scan", "Parent Relationship": "Outer", "Parallel Aware": true, "Async Capable": false, "Relation Name": "date_dim", "Alias": "date_dim", "Startup Cost": 0.0, "Total Cost": 2210.69, "Plan Rows": 41, "Plan Width": 4, "Actual Startup Time": 0.853, "Actual Total Time": 2.045, "Actual Rows": 24, "Actual Loops": 3, "Filter": "((d_dom >= 1) AND (d_dom <= 2) AND (d_year = ANY ('{1998,1999,2000}'::integer[])))", "Rows Removed by Filter": 24326, "Workers": []}]}]}, {"Node Type": "Hash", "Parent Relationship": "Inner", "Parallel Aware": false, "Async Capable": false, "Startup Cost": 161.0, "Total Cost": 161.0, "Plan Rows": 1800, "Plan Width": 4, "Actual Startup Time": 0.501, "Actual Total Time": 0.501, "Actual Rows": 1800, "Actual Loops": 3, "Hash Buckets": 2048, "Original Hash Buckets": 2048, "Hash Batches": 1, "Original Hash Batches": 1, "Peak Memory Usage": 80, "Workers": [], "Plans": [{"Node Type": "Seq Scan", "Parent Relationship": "Outer", "Parallel Aware": false, "Async Capable": false, "Relation Name": "household_demographics", "Alias": "household_demographics", "Startup Cost": 0.0, "Total Cost": 161.0, "Plan Rows": 1800, "Plan Width": 4, "Actual Startup Time": 0.03, "Actual Total Time": 0.417, "Actual Rows": 1800, "Actual Loops": 3, "Filter": "((hd_dep_count = 3) OR (hd_vehicle_count = 4))", "Rows Removed by Filter": 5400, "Workers": []}]}]}, {"Node Type": "Hash", "Parent Relationship": "Inner", "Parallel Aware": false, "Async Capable": false, "Startup Cost": 1.15, "Total Cost": 1.15, "Plan Rows": 12, "Plan Width": 4, "Actual Startup Time": 0.02, "Actual Total Time": 0.02, "Actual Rows": 12, "Actual Loops": 3, "Hash Buckets": 1024, "Original Hash Buckets": 1024, "Hash Batches": 1, "Original Hash Batches": 1, "Peak Memory Usage": 9, "Workers": [], "Plans": [{"Node Type": "Seq Scan", "Parent Relationship": "Outer", "Parallel Aware": false, "Async Capable": false, "Relation Name": "store", "Alias": "store", "Startup Cost": 0.0, "Total Cost": 1.15, "Plan Rows": 12, "Plan Width": 4, "Actual Startup Time": 0.015, "Actual Total Time": 0.017, "Actual Rows": 12, "Actual Loops": 3, "Filter": "((s_city)::text = ANY ('{Fairview,Midway}'::text[]))", "Rows Removed by Filter": 0, "Workers": []}]}]}, {"Node Type": "Index Scan", "Parent Relationship": "Inner", "Parallel Aware": false, "Async Capable": false, "Scan Direction": "Forward", "Index Name": "customer_address_pkey", "Relation Name": "customer_address", "Alias": "customer_address", "Startup Cost": 0.29, "Total Cost": 0.31, "Plan Rows": 1, "Plan Width": 13, "Actual Startup Time": 0.001, "Actual Total Time": 0.001, "Actual Rows": 1, "Actual Loops": 24866, "Index Cond": "(ca_address_sk = store_sales.ss_addr_sk)", "Rows Removed by Index Recheck": 0, "Workers": []}]}]}]}]}]}, {"Node Type": "Index Scan", "Parent Relationship": "Inner", "Parallel Aware": false, "Async Capable": false, "Scan Direction": "Forward", "Index Name": "customer_pkey", "Relation Name": "customer", "Alias": "customer", "Startup Cost": 0.29, "Total Cost": 5.85, "Plan Rows": 1, "Plan Width": 60, "Actual Startup Time": 0.002, "Actual Total Time": 0.002, "Actual Rows": 1, "Actual Loops": 2320, "Index Cond": "(c_customer_sk = store_sales.ss_customer_sk)", "Rows Removed by Index Recheck": 0}]}, {"Node Type": "Index Scan", "Parent Relationship": "Inner", "Parallel Aware": false, "Async Capable": false, "Scan Direction": "Forward", "Index Name": "customer_address_pkey", "Relation Name": "customer_address", "Alias": "current_addr", "Startup Cost": 0.29, "Total Cost": 0.36, "Plan Rows": 1, "Plan Width": 13, "Actual Startup Time": 0.001, "Actual Total Time": 0.001, "Actual Rows": 1, "Actual Loops": 2249, "Index Cond": "(ca_address_sk = customer.c_current_addr_sk)", "Rows Removed by Index Recheck": 0}]}]}]}, "Planning Time": 0.406, "Triggers": [], "Execution Time": 162.36}]