[{"Plan": {"Node Type": "Limit", "Parallel Aware": false, "Async Capable": false, "Startup Cost": 80434.33, "Total Cost": 106866.88, "Plan Rows": 100, "Plan Width": 64, "Actual Startup Time": 407.333, "Actual Total Time": 696.974, "Actual Rows": 100, "Actual Loops": 1, "Plans": [{"Node Type": "Aggregate", "Strategy": "Sorted", "Partial Mode": "Simple", "Parent Relationship": "Outer", "Parallel Aware": false, "Async Capable": false, "Startup Cost": 80434.33, "Total Cost": 172948.27, "Plan Rows": 350, "Plan Width": 64, "Actual Startup Time": 407.332, "Actual Total Time": 696.964, "Actual Rows": 100, "Actual Loops": 1, "Group Key": ["customer_demographics.cd_gender", "customer_demographics.cd_marital_status", "customer_demographics.cd_education_status", "customer_demographics.cd_purchase_estimate", "customer_demographics.cd_credit_rating"], "Plans": [{"Node Type": "Nested Loop", "Parent Relationship": "Outer", "Parallel Aware": false, "Async Capable": false, "Join Type": "Anti", "Startup Cost": 80434.33, "Total Cost": 172939.52, "Plan Rows": 350, "Plan Width": 40, "Actual Startup Time": 404.457, "Actual Total Time": 696.816, "Actual Rows": 109, "Actual Loops": 1, "Inner Unique": false, "Join Filter": "(c.c_customer_sk = catalog_sales.cs_ship_customer_sk)", "Rows Removed by Join Filter": 4521568, "Plans": [{"Node Type": "Nested Loop", "Parent Relationship": "Outer", "Parallel Aware": false, "Async Capable": false, "Join Type": "Anti", "Startup Cost": 77749.85, "Total Cost": 105203.99, "Plan Rows": 356, "Plan Width": 44, "Actual Startup Time": 240.264, "Actual Total Time": 343.49, "Actual Rows": 116, "Actual Loops": 1, "Inner Unique": false, "Join Filter": "(c.c_customer_sk = web_sales.ws_bill_customer_sk)", "Rows Removed by Join Filter": 2454850, "Plans": [{"Node Type": "Gather Merge", "Parent Relationship": "Outer", "Parallel Aware": false, "Async Capable": false, "Startup Cost": 74592.21, "Total Cost": 74633.12, "Plan Rows": 359, "Plan Width": 44, "Actual Startup Time": 201.325, "Actual Total Time": 201.66, "Actual Rows": 119, "Actual Loops": 1, "Workers Planned": 1, "Workers Launched": 1, "Plans": [{"Node Type": "Sort", "Parent Relationship": "Outer", "Parallel Aware": false, "Async Capable": false, "Startup Cost": 73592.2, "Total Cost": 73592.73, "Plan Rows": 211, "Plan Width": 44, "Actual Startup Time": 199.804, "Actual Total Time": 199.818, "Actual Rows": 224, "Actual Loops": 2, "Sort Key": ["customer_demographics.cd_gender", "customer_demographics.cd_marital_status", "customer_demographics.cd_education_status", "customer_demographics.cd_purchase_estimate", "customer_demographics.cd_credit_rating"], "Sort Method": "quicksort", "Sort Space Used": 55, "Sort Space Type": "Memory", "Workers": [{"Worker Number": 0, "Sort Method": "quicksort", "Sort Space Used": 55, "Sort Space Type": "Memory"}], "Plans": [{"Node Type": "Nested Loop", "Parent Relationship": "Outer", "Parallel Aware": false, "Async Capable": false, "Join Type": "Inner", "Startup Cost": 69024.24, "Total Cost": 73584.05, "Plan Rows": 211, "Plan Width": 44, "Actual Startup Time": 175.786, "Actual Total Time": 198.955, "Actual Rows": 386, "Actual Loops": 2, "Inner Unique": true, "Workers": [], "Plans": [{"Node Type": "Nested Loop", "Parent Relationship": "Outer", "Parallel Aware": false, "Async Capable": false, "Join Type": "Inner", "Startup Cost": 69023.81, "Total Cost": 73249.24, "Plan Rows": 219, "Plan Width": 8, "Actual Startup Time": 175.71, "Actual Total Time": 196.128, "Actual Rows": 402, "Actual Loops": 2, "Inner Unique": true, "Workers": [], "Plans": [{"Node Type": "Hash Join", "Parent Relationship": "Outer", "Parallel Aware": true, "Async Capable": false, "Join Type": "Semi", "Startup Cost": 69023.52, "Total Cost": 72562.52, "Plan Rows": 1906, "Plan Width": 12, "Actual Startup Time": 175.591, "Actual Total Time": 188.764, "Actual Rows": 3524, "Actual Loops": 2, "Inner Unique": false, "Hash Cond": "(c.c_customer_sk = store_sales.ss_customer_sk)", "Workers": [], "Plans": [{"Node Type": "Seq Scan", "Parent Relationship": "Outer", "Parallel Aware": true, "Async Capable": false, "Relation Name": "customer", "Alias": "c", "Startup Cost": 0.0, "Total Cost": 3356.24, "Plan Rows": 58824, "Plan Width": 12, "Actual Startup Time": 0.043, "Actual Total Time": 5.851, "Actual Rows": 50000, "Actual Loops": 2, "Workers": []}, {"Node Type": "Hash", "Parent Relationship": "Inner", "Parallel Aware": true, "Async Capable": false, "Startup Cost": 69005.86, "Total Cost": 69005.86, "Plan Rows": 1413, "Plan Width": 4, "Actual Startup Time": 175.464, "Actual Total Time": 175.465, "Actual Rows": 41784, "Actual Loops": 2, "Hash Buckets": 131072, "Original Hash Buckets": 4096, "Hash Batches": 1, "Original Hash Batches": 1, "Peak Memory Usage": 5216, "Workers": [], "Plans": [{"Node Type": "Hash Join", "Parent Relationship": "Outer", "Parallel Aware": true, "Async Capable": false, "Join Type": "Inner", "Startup Cost": 2157.64, "Total Cost": 69005.86, "Plan Rows": 1413, "Plan Width": 4, "Actual Startup Time": 4.618, "Actual Total Time": 163.558, "Actual Rows": 41784, "Actual Loops": 2, "Inner Unique": true, "Hash Cond": "(store_sales.ss_sold_date_sk = date_dim.d_date_sk)", "Workers": [], "Plans": [{"Node Type": "Seq Scan", "Parent Relationship": "Outer", "Parallel Aware": true, "Async Capable": false, "Relation Name": "store_sales", "Alias": "store_sales", "Startup Cost": 0.0, "Total Cost": 63697.62, "Plan Rows": 1200162, "Plan Width": 8, "Actual Startup Time": 0.022, "Actual Total Time": 82.061, "Actual Rows": 1440202, "Actual Loops": 2, "Workers": []}, {"Node Type": "Hash", "Parent Relationship": "Inner", "Parallel Aware": true, "Async Capable": false, "Startup Cost": 2156.97, "Total Cost": 2156.97, "Plan Rows": 53, "Plan Width": 4, "Actual Startup Time": 4.574, "Actual Total Time": 4.574, "Actual Rows": 45, "Actual Loops": 2, "Hash Buckets": 1024, "Original Hash Buckets": 1024, "Hash Batches": 1, "Original Hash Batches": 1, "Peak Memory Usage": 72, "Workers": [], "Plans": [{"Node Type": "Seq Scan", "Parent Relationship": "Outer", "Parallel Aware": true, "Async Capable": false, "Relation Name": "date_dim", "Alias": "date_dim", "Startup Cost": 0.0, "Total Cost": 2156.97, "Plan Rows": 53, "Plan Width": 4, "Actual Startup Time": 2.042, "Actual Total Time": 4.538, "Actual Rows": 45, "Actual Loops": 2, "Filter": "((d_moy >= 1) AND (d_moy <= 3) AND (d_year = 2002))", "Rows Removed by Filter": 36480, "Workers": []}]}]}]}]}, {"Node Type": "Index Scan", "Parent Relationship": "Inner", "Parallel Aware": false, "Async Capable": false, "Scan Direction": "Forward", "Index Name": "customer_address_pkey", "Relation Name": "customer_address", "Alias": "ca", "Startup Cost": 0.29, "Total Cost": 0.36, "Plan Rows": 1, "Plan Width": 4, "Actual Startup Time": 0.002, "Actual Total Time": 0.002, "Actual Rows": 0, "Actual Loops": 7048, "Index Cond": "(ca_address_sk = c.c_current_addr_sk)", "Rows Removed by Index Recheck": 0, "Filter": "(ca_state = ANY ('{IL,TX,ME}'::bpchar[]))", "Rows Removed by Filter": 1, "Workers": []}]}, {"Node Type": "Index Scan", "Parent Relationship": "Inner", "Parallel Aware": false, "Async Capable": false, "Scan Direction": "Forward", "Index Name": "customer_demographics_pkey", "Relation Name": "customer_demographics", "Alias": "customer_demographics", "Startup Cost": 0.43, "Total Cost": 1.53, "Plan Rows": 1, "Plan Width": 44, "Actual Startup Time": 0.007, "Actual Total Time": 0.007, "Actual Rows": 1, "Actual Loops": 803, "Index Cond": "(cd_demo_sk = c.c_current_cdemo_sk)", "Rows Removed by Index Recheck": 0, "Workers": []}]}]}]}, {"Node Type": "Materialize", "Parent Relationship": "Inner", "Parallel Aware": false, "Async Capable": false, "Startup Cost": 3157.64, "Total Cost": 25801.97, "Plan Rows": 886, "Plan Width": 4, "Actual Startup Time": 0.031, "Actual Total Time": 0.706, "Actual Rows": 20629, "Actual Loops": 119, "Plans": [{"Node Type": "Gather", "Parent Relationship": "Outer", "Parallel Aware": false, "Async Capable": false, "Startup Cost": 3157.64, "Total Cost": 25797.54, "Plan Rows": 886, "Plan Width": 4, "Actual Startup Time": 3.731, "Actual Total Time": 37.188, "Actual Rows": 20792, "Actual Loops": 1, "Workers Planned": 2, "Workers Launched": 2, "Single Copy": false, "Plans": [{"Node Type": "Hash Join", "Parent Relationship": "Outer", "Parallel Aware": true, "Async Capable": false, "Join Type": "Inner", "Startup Cost": 2157.64, "Total Cost": 24708.94, "Plan Rows": 369, "Plan Width": 4, "Actual Startup Time": 2.095, "Actual Total Time": 35.548, "Actual Rows": 6931, "Actual Loops": 3, "Inner Unique": true, "Hash Cond": "(web_sales.ws_sold_date_sk = date_dim_1.d_date_sk)", "Workers": [], "Plans": [{"Node Type": "Seq Scan", "Parent Relationship": "Outer", "Parallel Aware": true, "Async Capable": false, "Relation Name": "web_sales", "Alias": "web_sales", "Startup Cost": 0.0, "Total Cost": 21764.43, "Plan Rows": 299743, "Plan Width": 8, "Actual Startup Time": 0.029, "Actual Total Time": 20.6, "Actual Rows": 239795, "Actual Loops": 3, "Workers": []}, {"Node Type": "Hash", "Parent Relationship": "Inner", "Parallel Aware": true, "Async Capable": false, "Startup Cost": 2156.97, "Total Cost": 2156.97, "Plan Rows": 53, "Plan Width": 4, "Actual Startup Time": 1.952, "Actual Total Time": 1.952, "Actual Rows": 30, "Actual Loops": 3, "Hash Buckets": 1024, "Original Hash Buckets": 1024, "Hash Batches": 1, "Original Hash Batches": 1, "Peak Memory Usage": 104, "Workers": [], "Plans": [{"Node Type": "Seq Scan", "Parent Relationship": "Outer", "Parallel Aware": true, "Async Capable": false, "Relation Name": "date_dim", "Alias": "date_dim_1", "Startup Cost": 0.0, "Total Cost": 2156.97, "Plan Rows": 53, "Plan Width": 4, "Actual Startup Time": 0.891, "Actual Total Time": 1.916, "Actual Rows": 30, "Actual Loops": 3, "Filter": "((d_moy >= 1) AND (d_moy <= 3) AND (d_year = 2002))", "Rows Removed by Filter": 24320, "Workers": []}]}]}]}]}]}, {"Node Type": "Materialize", "Parent Relationship": "Inner", "Parallel Aware": false, "Async Capable": false, "Startup Cost": 2684.48, "Total Cost": 58298.83, "Plan Rows": 1768, "Plan Width": 4, "Actual Startup Time": 1.069, "Actual Total Time": 2.131, "Actual Rows": 38979, "Actual Loops": 116, "Plans": [{"Node Type": "Hash Join", "Parent Relationship": "Outer", "Parallel Aware": false, "Async Capable": false, "Join Type": "Inner", "Startup Cost": 2684.48, "Total Cost": 58289.99, "Plan Rows": 1768, "Plan Width": 4, "Actual Startup Time": 123.947, "Actual Total Time": 160.42, "Actual Rows": 40592, "Actual Loops": 1, "Inner Unique": true, "Hash Cond": "(catalog_sales.cs_sold_date_sk = date_dim_2.d_date_sk)", "Plans": [{"Node Type": "Seq Scan", "Parent Relationship": "Outer", "Parallel Aware": false, "Async Capable": false, "Relation Name": "catalog_sales", "Alias": "catalog_sales", "Startup Cost": 0.0, "Total Cost": 51821.07, "Plan Rows": 1441607, "Plan Width": 8, "Actual Startup Time": 0.017, "Actual Total Time": 93.811, "Actual Rows": 1441548, "Actual Loops": 1}, {"Node Type": "Hash", "Parent Relationship": "Inner", "Parallel Aware": false, "Async Capable": false, "Startup Cost": 2683.36, "Total Cost": 2683.36, "Plan Rows": 90, "Plan Width": 4, "Actual Startup Time": 4.77, "Actual Total Time": 4.77, "Actual Rows": 90, "Actual Loops": 1, "Hash Buckets": 1024, "Original Hash Buckets": 1024, "Hash Batches": 1, "Original Hash Batches": 1, "Peak Memory Usage": 12, "Plans": [{"Node Type": "Seq Scan", "Parent Relationship": "Outer", "Parallel Aware": false, "Async Capable": false, "Relation Name": "date_dim", "Alias": "date_dim_2", "Startup Cost": 0.0, "Total Cost": 2683.36, "Plan Rows": 90, "Plan Width": 4, "Actual Startup Time": 2.446, "Actual Total Time": 4.763, "Actual Rows": 90, "Actual Loops": 1, "Filter": "((d_moy >= 1) AND (d_moy <= 3) AND (d_year = 2002))", "Rows Removed by Filter": 72959}]}]}]}]}]}]}, "Planning Time": 0.602, "Triggers": [], "Execution Time": 697.463}]