[{"Plan": {"Node Type": "Limit", "Parallel Aware": false, "Async Capable": false, "Startup Cost": 5989.07, "Total Cost": 72845.49, "Plan Rows": 100, "Plan Width": 145, "Actual Startup Time": 463.255, "Actual Total Time": 642.38, "Actual Rows": 100, "Actual Loops": 1, "Plans": [{"Node Type": "Aggregate", "Strategy": "Sorted", "Partial Mode": "Simple", "Parent Relationship": "Outer", "Parallel Aware": false, "Async Capable": false, "Startup Cost": 5989.07, "Total Cost": 126330.63, "Plan Rows": 180, "Plan Width": 145, "Actual Startup Time": 463.254, "Actual Total Time": 642.373, "Actual Rows": 100, "Actual Loops": 1, "Group Key": ["item.i_item_id"], "Plans": [{"Node Type": "Nested Loop", "Parent Relationship": "Outer", "Parallel Aware": false, "Async Capable": false, "Join Type": "Inner", "Startup Cost": 5989.07, "Total Cost": 126324.78, "Plan Rows": 180, "Plan Width": 36, "Actual Startup Time": 462.957, "Actual Total Time": 642.161, "Actual Rows": 142, "Actual Loops": 1, "Inner Unique": false, "Join Filter": "(store_sales.ss_item_sk = item.i_item_sk)", "Rows Removed by Join Filter": 3211798, "Plans": [{"Node Type": "Gather Merge", "Parent Relationship": "Outer", "Parallel Aware": false, "Async Capable": false, "Startup Cost": 3043.71, "Total Cost": 5095.18, "Plan Rows": 18000, "Plan Width": 21, "Actual Startup Time": 78.081, "Actual Total Time": 79.362, "Actual Rows": 454, "Actual Loops": 1, "Workers Planned": 1, "Workers Launched": 1, "Plans": [{"Node Type": "Sort", "Parent Relationship": "Outer", "Parallel Aware": false, "Async Capable": false, "Startup Cost": 2043.7, "Total Cost": 2070.17, "Plan Rows": 10588, "Plan Width": 21, "Actual Startup Time": 47.344, "Actual Total Time": 47.377, "Actual Rows": 863, "Actual Loops": 2, "Sort Key": ["item.i_item_id"], "Sort Method": "quicksort", "Sort Space Used": 1513, "Sort Space Type": "Memory", "Workers": [{"Worker Number": 0, "Sort Method": "quicksort", "Sort Space Used": 374, "Sort Space Type": "Memory"}], "Plans": [{"Node Type": "Seq Scan", "Parent Relationship": "Outer", "Parallel Aware": true, "Async Capable": false, "Relation Name": "item", "Alias": "item", "Startup Cost": 0.0, "Total Cost": 1335.88, "Plan Rows": 10588, "Plan Width": 21, "Actual Startup Time": 0.003, "Actual Total Time": 1.878, "Actual Rows": 9000, "Actual Loops": 2, "Workers": []}]}]}, {"Node Type": "Materialize", "Parent Relationship": "Inner", "Parallel Aware": false, "Async Capable": false, "Startup Cost": 2945.36, "Total Cost": 72630.05, "Plan Rows": 180, "Plan Width": 23, "Actual Startup Time": 0.017, "Actual Total Time": 0.972, "Actual Rows": 7075, "Actual Loops": 454, "Plans": [{"Node Type": "Nested Loop", "Parent Relationship": "Outer", "Parallel Aware": false, "Async Capable": false, "Join Type": "Inner", "Startup Cost": 2945.36, "Total Cost": 72629.15, "Plan Rows": 180, "Plan Width": 23, "Actual Startup Time": 7.546, "Actual Total Time": 381.896, "Actual Rows": 7084, "Actual Loops": 1, "Inner Unique": true, "Plans": [{"Node Type": "Gather", "Parent Relationship": "Outer", "Parallel Aware": false, "Async Capable": false, "Startup Cost": 2945.22, "Total Cost": 72597.21, "Plan Rows": 188, "Plan Width": 27, "Actual Startup Time": 7.539, "Actual Total Time": 376.838, "Actual Rows": 7213, "Actual Loops": 1, "Workers Planned": 2, "Workers Launched": 2, "Single Copy": false, "Plans": [{"Node Type": "Nested Loop", "Parent Relationship": "Outer", "Parallel Aware": false, "Async Capable": false, "Join Type": "Inner", "Startup Cost": 1945.21, "Total Cost": 71578.41, "Plan Rows": 78, "Plan Width": 27, "Actual Startup Time": 6.3, "Actual Total Time": 378.878, "Actual Rows": 2404, "Actual Loops": 3, "Inner Unique": true, "Workers": [], "Plans": [{"Node Type": "Hash Join", "Parent Relationship": "Outer", "Parallel Aware": true, "Async Capable": false, "Join Type": "Inner", "Startup Cost": 1944.79, "Total Cost": 68793.01, "Plan Rows": 5683, "Plan Width": 31, "Actual Startup Time": 1.796, "Actual Total Time": 142.557, "Actual Rows": 182103, "Actual Loops": 3, "Inner Unique": true, "Hash Cond": "(store_sales.ss_sold_date_sk = date_dim.d_date_sk)", "Workers": [], "Plans": [{"Node Type": "Seq Scan", "Parent Relationship": "Outer", "Parallel Aware": true, "Async Capable": false, "Relation Name": "store_sales", "Alias": "store_sales", "Startup Cost": 0.0, "Total Cost": 63697.62, "Plan Rows": 1200162, "Plan Width": 35, "Actual Startup Time": 0.042, "Actual Total Time": 66.149, "Actual Rows": 960135, "Actual Loops": 3, "Workers": []}, {"Node Type": "Hash", "Parent Relationship": "Inner", "Parallel Aware": true, "Async Capable": false, "Startup Cost": 1942.12, "Total Cost": 1942.12, "Plan Rows": 213, "Plan Width": 4, "Actual Startup Time": 1.669, "Actual Total Time": 1.669, "Actual Rows": 122, "Actual Loops": 3, "Hash Buckets": 1024, "Original Hash Buckets": 1024, "Hash Batches": 1, "Original Hash Batches": 1, "Peak Memory Usage": 40, "Workers": [], "Plans": [{"Node Type": "Seq Scan", "Parent Relationship": "Outer", "Parallel Aware": true, "Async Capable": false, "Relation Name": "date_dim", "Alias": "date_dim", "Startup Cost": 0.0, "Total Cost": 1942.12, "Plan Rows": 213, "Plan Width": 4, "Actual Startup Time": 1.289, "Actual Total Time": 1.64, "Actual Rows": 122, "Actual Loops": 3, "Filter": "(d_year = 2001)", "Rows Removed by Filter": 24228, "Workers": []}]}]}, {"Node Type": "Index Scan", "Parent Relationship": "Inner", "Parallel Aware": false, "Async Capable": false, "Scan Direction": "Forward", "Index Name": "customer_demographics_pkey", "Relation Name": "customer_demographics", "Alias": "customer_demographics", "Startup Cost": 0.43, "Total Cost": 0.49, "Plan Rows": 1, "Plan Width": 4, "Actual Startup Time": 0.001, "Actual Total Time": 0.001, "Actual Rows": 0, "Actual Loops": 546310, "Index Cond": "(cd_demo_sk = store_sales.ss_cdemo_sk)", "Rows Removed by Index Recheck": 0, "Filter": "((cd_gender = 'F'::bpchar) AND (cd_marital_status = 'W'::bpchar) AND (cd_education_status = 'College'::bpchar))", "Rows Removed by Filter": 1, "Workers": []}]}]}, {"Node Type": "Index Scan", "Parent Relationship": "Inner", "Parallel Aware": false, "Async Capable": false, "Scan Direction": "Forward", "Index Name": "promotion_pkey", "Relation Name": "promotion", "Alias": "promotion", "Startup Cost": 0.15, "Total Cost": 0.17, "Plan Rows": 1, "Plan Width": 4, "Actual Startup Time": 0.001, "Actual Total Time": 0.001, "Actual Rows": 1, "Actual Loops": 7213, "Index Cond": "(p_promo_sk = store_sales.ss_promo_sk)", "Rows Removed by Index Recheck": 0, "Filter": "((p_channel_email = 'N'::bpchar) OR (p_channel_event = 'N'::bpchar))", "Rows Removed by Filter": 0}]}]}]}]}]}, "Planning Time": 0.812, "Triggers": [], "Execution Time": 642.612}]