[{"Plan": {"Node Type": "Sort", "Parallel Aware": false, "Async Capable": false, "Startup Cost": 142986.31, "Total Cost": 142986.33, "Plan Rows": 10, "Plan Width": 95, "Actual Startup Time": 247.066, "Actual Total Time": 247.251, "Actual Rows": 1129, "Actual Loops": 1, "Sort Key": ["(sum(\"*SELECT* 3\".ext_price)) DESC", "item.i_brand_id"], "Sort Method": "quicksort", "Sort Space Used": 207, "Sort Space Type": "Memory", "Plans": [{"Node Type": "Aggregate", "Strategy": "Sorted", "Partial Mode": "Finalize", "Parent Relationship": "Outer", "Parallel Aware": false, "Async Capable": false, "Startup Cost": 142984.86, "Total Cost": 142986.14, "Plan Rows": 10, "Plan Width": 95, "Actual Startup Time": 245.869, "Actual Total Time": 246.997, "Actual Rows": 1129, "Actual Loops": 1, "Group Key": ["item.i_brand", "item.i_brand_id", "time_dim.t_hour", "time_dim.t_minute"], "Plans": [{"Node Type": "Gather Merge", "Parent Relationship": "Outer", "Parallel Aware": false, "Async Capable": false, "Startup Cost": 142984.86, "Total Cost": 142985.9, "Plan Rows": 8, "Plan Width": 95, "Actual Startup Time": 245.865, "Actual Total Time": 246.545, "Actual Rows": 1144, "Actual Loops": 1, "Workers Planned": 2, "Workers Launched": 2, "Plans": [{"Node Type": "Aggregate", "Strategy": "Sorted", "Partial Mode": "Partial", "Parent Relationship": "Outer", "Parallel Aware": false, "Async Capable": false, "Startup Cost": 141984.84, "Total Cost": 141984.95, "Plan Rows": 4, "Plan Width": 95, "Actual Startup Time": 243.314, "Actual Total Time": 243.467, "Actual Rows": 381, "Actual Loops": 3, "Group Key": ["item.i_brand", "item.i_brand_id", "time_dim.t_hour", "time_dim.t_minute"], "Workers": [], "Plans": [{"Node Type": "Sort", "Parent Relationship": "Outer", "Parallel Aware": false, "Async Capable": false, "Startup Cost": 141984.84, "Total Cost": 141984.85, "Plan Rows": 4, "Plan Width": 69, "Actual Startup Time": 243.304, "Actual Total Time": 243.318, "Actual Rows": 385, "Actual Loops": 3, "Sort Key": ["item.i_brand", "item.i_brand_id", "time_dim.t_hour", "time_dim.t_minute"], "Sort Method": "quicksort", "Sort Space Used": 90, "Sort Space Type": "Memory", "Workers": [{"Worker Number": 0, "Sort Method": "quicksort", "Sort Space Used": 81, "Sort Space Type": "Memory"}, {"Worker Number": 1, "Sort Method": "quicksort", "Sort Space Used": 65, "Sort Space Type": "Memory"}], "Plans": [{"Node Type": "Nested Loop", "Parent Relationship": "Outer", "Parallel Aware": false, "Async Capable": false, "Join Type": "Inner", "Startup Cost": 3414.78, "Total Cost": 141984.8, "Plan Rows": 4, "Plan Width": 69, "Actual Startup Time": 53.715, "Actual Total Time": 241.976, "Actual Rows": 385, "Actual Loops": 3, "Inner Unique": true, "Workers": [], "Plans": [{"Node Type": "Hash Join", "Parent Relationship": "Outer", "Parallel Aware": true, "Async Capable": false, "Join Type": "Inner", "Startup Cost": 3414.49, "Total Cost": 141938.81, "Plan Rows": 15, "Plan Width": 65, "Actual Startup Time": 53.405, "Actual Total Time": 236.512, "Actual Rows": 1014, "Actual Loops": 3, "Inner Unique": true, "Hash Cond": "(\"*SELECT* 3\".sold_item_sk = item.i_item_sk)", "Workers": [], "Plans": [{"Node Type": "Append", "Parent Relationship": "Outer", "Parallel Aware": true, "Async Capable": false, "Startup Cost": 2049.78, "Total Cost": 140568.63, "Plan Rows": 2082, "Plan Width": 14, "Actual Startup Time": 51.822, "Actual Total Time": 230.249, "Actual Rows": 55908, "Actual Loops": 3, "Workers": [], "Subplans Removed": 0, "Plans": [{"Node Type": "Subquery Scan", "Parent Relationship": "Member", "Parallel Aware": false, "Async Capable": false, "Alias": "*SELECT* 3", "Startup Cost": 2049.78, "Total Cost": 68909.68, "Plan Rows": 1168, "Plan Width": 14, "Actual Startup Time": 2.045, "Actual Total Time": 121.943, "Actual Rows": 31388, "Actual Loops": 3, "Workers": [], "Plans": [{"Node Type": "Hash Join", "Parent Relationship": "Subquery", "Parallel Aware": true, "Async Capable": false, "Join Type": "Inner", "Startup Cost": 2049.78, "Total Cost": 68898.0, "Plan Rows": 487, "Plan Width": 18, "Actual Startup Time": 2.045, "Actual Total Time": 120.685, "Actual Rows": 31388, "Actual Loops": 3, "Inner Unique": true, "Hash Cond": "(store_sales.ss_sold_date_sk = date_dim.d_date_sk)", "Workers": [], "Plans": [{"Node Type": "Seq Scan", "Parent Relationship": "Outer", "Parallel Aware": true, "Async Capable": false, "Relation Name": "store_sales", "Alias": "store_sales", "Startup Cost": 0.0, "Total Cost": 63697.62, "Plan Rows": 1200162, "Plan Width": 18, "Actual Startup Time": 0.037, "Actual Total Time": 65.644, "Actual Rows": 960135, "Actual Loops": 3, "Workers": []}, {"Node Type": "Hash", "Parent Relationship": "Inner", "Parallel Aware": true, "Async Capable": false, "Startup Cost": 2049.55, "Total Cost": 2049.55, "Plan Rows": 18, "Plan Width": 4, "Actual Startup Time": 1.925, "Actual Total Time": 1.926, "Actual Rows": 10, "Actual Loops": 3, "Hash Buckets": 1024, "Original Hash Buckets": 1024, "Hash Batches": 1, "Original Hash Batches": 1, "Peak Memory Usage": 40, "Workers": [], "Plans": [{"Node Type": "Seq Scan", "Parent Relationship": "Outer", "Parallel Aware": true, "Async Capable": false, "Relation Name": "date_dim", "Alias": "date_dim", "Startup Cost": 0.0, "Total Cost": 2049.55, "Plan Rows": 18, "Plan Width": 4, "Actual Startup Time": 3.158, "Actual Total Time": 5.765, "Actual Rows": 31, "Actual Loops": 1, "Filter": "((d_moy = 12) AND (d_year = 2002))", "Rows Removed by Filter": 73018, "Workers": []}]}]}]}, {"Node Type": "Subquery Scan", "Parent Relationship": "Member", "Parallel Aware": false, "Async Capable": false, "Alias": "*SELECT* 2", "Startup Cost": 2049.78, "Total Cost": 47044.41, "Plan Rows": 609, "Plan Width": 14, "Actual Startup Time": 90.253, "Actual Total Time": 107.702, "Actual Rows": 24382, "Actual Loops": 2, "Workers": [], "Plans": [{"Node Type": "Hash Join", "Parent Relationship": "Subquery", "Parallel Aware": true, "Async Capable": false, "Join Type": "Inner", "Startup Cost": 2049.78, "Total Cost": 47038.32, "Plan Rows": 254, "Plan Width": 18, "Actual Startup Time": 90.253, "Actual Total Time": 106.769, "Actual Rows": 24382, "Actual Loops": 2, "Inner Unique": true, "Hash Cond": "(catalog_sales.cs_sold_date_sk = date_dim_1.d_date_sk)", "Workers": [], "Plans": [{"Node Type": "Seq Scan", "Parent Relationship": "Outer", "Parallel Aware": true, "Async Capable": false, "Relation Name": "catalog_sales", "Alias": "catalog_sales", "Startup Cost": 0.0, "Total Cost": 43411.7, "Plan Rows": 600670, "Plan Width": 18, "Actual Startup Time": 0.035, "Actual Total Time": 61.849, "Actual Rows": 720774, "Actual Loops": 2, "Workers": []}, {"Node Type": "Hash", "Parent Relationship": "Inner", "Parallel Aware": true, "Async Capable": false, "Startup Cost": 2049.55, "Total Cost": 2049.55, "Plan Rows": 18, "Plan Width": 4, "Actual Startup Time": 2.871, "Actual Total Time": 2.872, "Actual Rows": 16, "Actual Loops": 2, "Hash Buckets": 1024, "Original Hash Buckets": 1024, "Hash Batches": 1, "Original Hash Batches": 1, "Peak Memory Usage": 40, "Workers": [], "Plans": [{"Node Type": "Seq Scan", "Parent Relationship": "Outer", "Parallel Aware": true, "Async Capable": false, "Relation Name": "date_dim", "Alias": "date_dim_1", "Startup Cost": 0.0, "Total Cost": 2049.55, "Plan Rows": 18, "Plan Width": 4, "Actual Startup Time": 2.872, "Actual Total Time": 5.733, "Actual Rows": 31, "Actual Loops": 1, "Filter": "((d_moy = 12) AND (d_year = 2002))", "Rows Removed by Filter": 73018, "Workers": []}]}]}]}, {"Node Type": "Subquery Scan", "Parent Relationship": "Member", "Parallel Aware": false, "Async Capable": false, "Alias": "*SELECT* 1", "Startup Cost": 2049.78, "Total Cost": 24604.13, "Plan Rows": 305, "Plan Width": 14, "Actual Startup Time": 4.401, "Actual Total Time": 103.669, "Actual Rows": 24796, "Actual Loops": 1, "Workers": [], "Plans": [{"Node Type": "Hash Join", "Parent Relationship": "Subquery", "Parallel Aware": true, "Async Capable": false, "Join Type": "Inner", "Startup Cost": 2049.78, "Total Cost": 24601.08, "Plan Rows": 127, "Plan Width": 18, "Actual Startup Time": 4.4, "Actual Total Time": 102.681, "Actual Rows": 24796, "Actual Loops": 1, "Inner Unique": true, "Hash Cond": "(web_sales.ws_sold_date_sk = date_dim_2.d_date_sk)", "Workers": [], "Plans": [{"Node Type": "Seq Scan", "Parent Relationship": "Outer", "Parallel Aware": true, "Async Capable": false, "Relation Name": "web_sales", "Alias": "web_sales", "Startup Cost": 0.0, "Total Cost": 21764.43, "Plan Rows": 299743, "Plan Width": 18, "Actual Startup Time": 0.012, "Actual Total Time": 59.242, "Actual Rows": 719384, "Actual Loops": 1, "Workers": []}, {"Node Type": "Hash", "Parent Relationship": "Inner", "Parallel Aware": true, "Async Capable": false, "Startup Cost": 2049.55, "Total Cost": 2049.55, "Plan Rows": 18, "Plan Width": 4, "Actual Startup Time": 4.37, "Actual Total Time": 4.37, "Actual Rows": 31, "Actual Loops": 1, "Hash Buckets": 1024, "Original Hash Buckets": 1024, "Hash Batches": 1, "Original Hash Batches": 1, "Peak Memory Usage": 40, "Workers": [], "Plans": [{"Node Type": "Seq Scan", "Parent Relationship": "Outer", "Parallel Aware": true, "Async Capable": false, "Relation Name": "date_dim", "Alias": "date_dim_2", "Startup Cost": 0.0, "Total Cost": 2049.55, "Plan Rows": 18, "Plan Width": 4, "Actual Startup Time": 2.219, "Actual Total Time": 4.362, "Actual Rows": 31, "Actual Loops": 1, "Filter": "((d_moy = 12) AND (d_year = 2002))", "Rows Removed by Filter": 73018, "Workers": []}]}]}]}]}, {"Node Type": "Hash", "Parent Relationship": "Inner", "Parallel Aware": true, "Async Capable": false, "Startup Cost": 1362.35, "Total Cost": 1362.35, "Plan Rows": 189, "Plan Width": 59, "Actual Startup Time": 1.414, "Actual Total Time": 1.414, "Actual Rows": 107, "Actual Loops": 3, "Hash Buckets": 1024, "Original Hash Buckets": 1024, "Hash Batches": 1, "Original Hash Batches": 1, "Peak Memory Usage": 104, "Workers": [], "Plans": [{"Node Type": "Seq Scan", "Parent Relationship": "Outer", "Parallel Aware": true, "Async Capable": false, "Relation Name": "item", "Alias": "item", "Startup Cost": 0.0, "Total Cost": 1362.35, "Plan Rows": 189, "Plan Width": 59, "Actual Startup Time": 0.022, "Actual Total Time": 1.37, "Actual Rows": 107, "Actual Loops": 3, "Filter": "(i_manager_id = 1)", "Rows Removed by Filter": 5893, "Workers": []}]}]}, {"Node Type": "Index Scan", "Parent Relationship": "Inner", "Parallel Aware": false, "Async Capable": false, "Scan Direction": "Forward", "Index Name": "time_dim_pkey", "Relation Name": "time_dim", "Alias": "time_dim", "Startup Cost": 0.29, "Total Cost": 3.07, "Plan Rows": 1, "Plan Width": 12, "Actual Startup Time": 0.005, "Actual Total Time": 0.005, "Actual Rows": 0, "Actual Loops": 3043, "Index Cond": "(t_time_sk = \"*SELECT* 3\".time_sk)", "Rows Removed by Index Recheck": 0, "Filter": "((t_meal_time = 'breakfast'::bpchar) OR (t_meal_time = 'dinner'::bpchar))", "Rows Removed by Filter": 1, "Workers": []}]}]}]}]}]}]}, "Planning Time": 0.284, "Triggers": [], "Execution Time": 247.314}]