[{"Plan": {"Node Type": "Limit", "Parallel Aware": false, "Async Capable": false, "Startup Cost": 56197.32, "Total Cost": 56197.32, "Plan Rows": 2, "Plan Width": 148, "Actual Startup Time": 542.796, "Actual Total Time": 542.855, "Actual Rows": 100, "Actual Loops": 1, "Plans": [{"Node Type": "Sort", "Parent Relationship": "Outer", "Parallel Aware": false, "Async Capable": false, "Startup Cost": 56197.32, "Total Cost": 56197.32, "Plan Rows": 2, "Plan Width": 148, "Actual Startup Time": 542.795, "Actual Total Time": 542.851, "Actual Rows": 100, "Actual Loops": 1, "Sort Key": ["(count(*)) DESC", "item.i_item_desc", "warehouse.w_warehouse_name", "d1.d_week_seq"], "Sort Method": "top-N heapsort", "Sort Space Used": 47, "Sort Space Type": "Memory", "Plans": [{"Node Type": "Aggregate", "Strategy": "Sorted", "Partial Mode": "Simple", "Parent Relationship": "Outer", "Parallel Aware": false, "Async Capable": false, "Startup Cost": 56195.33, "Total Cost": 56197.31, "Plan Rows": 2, "Plan Width": 148, "Actual Startup Time": 535.674, "Actual Total Time": 540.103, "Actual Rows": 2232, "Actual Loops": 1, "Group Key": ["item.i_item_desc", "warehouse.w_warehouse_name", "d1.d_week_seq"], "Plans": [{"Node Type": "Nested Loop", "Parent Relationship": "Outer", "Parallel Aware": false, "Async Capable": false, "Join Type": "Inner", "Startup Cost": 56195.33, "Total Cost": 56197.26, "Plan Rows": 2, "Plan Width": 128, "Actual Startup Time": 535.665, "Actual Total Time": 539.55, "Actual Rows": 2255, "Actual Loops": 1, "Inner Unique": true, "Join Filter": "(d3.d_date > (d1.d_date + 5))", "Rows Removed by Join Filter": 109, "Plans": [{"Node Type": "Gather Merge", "Parent Relationship": "Outer", "Parallel Aware": false, "Async Capable": false, "Startup Cost": 56195.04, "Total Cost": 56195.61, "Plan Rows": 5, "Plan Width": 136, "Actual Startup Time": 535.635, "Actual Total Time": 537.974, "Actual Rows": 2364, "Actual Loops": 1, "Workers Planned": 1, "Workers Launched": 1, "Plans": [{"Node Type": "Sort", "Parent Relationship": "Outer", "Parallel Aware": false, "Async Capable": false, "Startup Cost": 55195.03, "Total Cost": 55195.04, "Plan Rows": 3, "Plan Width": 136, "Actual Startup Time": 533.714, "Actual Total Time": 533.77, "Actual Rows": 1182, "Actual Loops": 2, "Sort Key": ["item.i_item_desc", "warehouse.w_warehouse_name", "d1.d_week_seq"], "Sort Method": "quicksort", "Sort Space Used": 285, "Sort Space Type": "Memory", "Workers": [{"Worker Number": 0, "Sort Method": "quicksort", "Sort Space Used": 312, "Sort Space Type": "Memory"}], "Plans": [{"Node Type": "Nested Loop", "Parent Relationship": "Outer", "Parallel Aware": false, "Async Capable": false, "Join Type": "Left", "Startup Cost": 47358.5, "Total Cost": 55195.01, "Plan Rows": 3, "Plan Width": 136, "Actual Startup Time": 179.284, "Actual Total Time": 522.998, "Actual Rows": 1182, "Actual Loops": 2, "Inner Unique": true, "Workers": [], "Plans": [{"Node Type": "Nested Loop", "Parent Relationship": "Outer", "Parallel Aware": false, "Async Capable": false, "Join Type": "Inner", "Startup Cost": 47358.35, "Total Cost": 55194.51, "Plan Rows": 3, "Plan Width": 136, "Actual Startup Time": 179.245, "Actual Total Time": 522.06, "Actual Rows": 1182, "Actual Loops": 2, "Inner Unique": true, "Workers": [], "Plans": [{"Node Type": "Nested Loop", "Parent Relationship": "Outer", "Parallel Aware": false, "Async Capable": false, "Join Type": "Inner", "Startup Cost": 47358.06, "Total Cost": 55193.58, "Plan Rows": 3, "Plan Width": 42, "Actual Startup Time": 179.237, "Actual Total Time": 517.864, "Actual Rows": 1182, "Actual Loops": 2, "Inner Unique": true, "Workers": [], "Plans": [{"Node Type": "Nested Loop", "Parent Relationship": "Outer", "Parallel Aware": false, "Async Capable": false, "Join Type": "Inner", "Startup Cost": 47357.93, "Total Cost": 55193.14, "Plan Rows": 3, "Plan Width": 28, "Actual Startup Time": 179.196, "Actual Total Time": 516.808, "Actual Rows": 1182, "Actual Loops": 2, "Inner Unique": false, "Workers": [], "Plans": [{"Node Type": "Hash Join", "Parent Relationship": "Outer", "Parallel Aware": true, "Async Capable": false, "Join Type": "Inner", "Startup Cost": 47357.49, "Total Cost": 49411.08, "Plan Rows": 965, "Plan Width": 28, "Actual Startup Time": 178.047, "Actual Total Time": 183.693, "Actual Rows": 33502, "Actual Loops": 2, "Inner Unique": false, "Hash Cond": "(d2.d_week_seq = d1.d_week_seq)", "Workers": [], "Plans": [{"Node Type": "Seq Scan", "Parent Relationship": "Outer", "Parallel Aware": true, "Async Capable": false, "Relation Name": "date_dim", "Alias": "d2", "Startup Cost": 0.0, "Total Cost": 1834.7, "Plan Rows": 42970, "Plan Width": 8, "Actual Startup Time": 0.002, "Actual Total Time": 2.254, "Actual Rows": 36524, "Actual Loops": 2, "Workers": []}, {"Node Type": "Hash", "Parent Relationship": "Inner", "Parallel Aware": true, "Async Capable": false, "Startup Cost": 47356.27, "Total Cost": 47356.27, "Plan Rows": 98, "Plan Width": 24, "Actual Startup Time": 175.994, "Actual Total Time": 175.996, "Actual Rows": 4786, "Actual Loops": 2, "Hash Buckets": 16384, "Original Hash Buckets": 1024, "Hash Batches": 1, "Original Hash Batches": 1, "Peak Memory Usage": 824, "Workers": [], "Plans": [{"Node Type": "Nested Loop", "Parent Relationship": "Outer", "Parallel Aware": false, "Async Capable": false, "Join Type": "Inner", "Startup Cost": 2103.21, "Total Cost": 47356.27, "Plan Rows": 98, "Plan Width": 24, "Actual Startup Time": 3.036, "Actual Total Time": 164.1, "Actual Rows": 4786, "Actual Loops": 2, "Inner Unique": true, "Workers": [], "Plans": [{"Node Type": "Hash Join", "Parent Relationship": "Outer", "Parallel Aware": false, "Async Capable": false, "Join Type": "Inner", "Startup Cost": 2102.79, "Total Cost": 47099.11, "Plan Rows": 492, "Plan Width": 28, "Actual Startup Time": 2.703, "Actual Total Time": 127.727, "Actual Rows": 24140, "Actual Loops": 2, "Inner Unique": true, "Hash Cond": "(catalog_sales.cs_bill_hdemo_sk = household_demographics.hd_demo_sk)", "Workers": [], "Plans": [{"Node Type": "Hash Join", "Parent Relationship": "Outer", "Parallel Aware": true, "Async Capable": false, "Join Type": "Inner", "Startup Cost": 1944.79, "Total Cost": 46933.33, "Plan Rows": 2963, "Plan Width": 32, "Actual Startup Time": 2.226, "Actual Total Time": 119.471, "Actual Rows": 142844, "Actual Loops": 2, "Inner Unique": true, "Hash Cond": "(catalog_sales.cs_sold_date_sk = d1.d_date_sk)", "Workers": [], "Plans": [{"Node Type": "Seq Scan", "Parent Relationship": "Outer", "Parallel Aware": true, "Async Capable": false, "Relation Name": "catalog_sales", "Alias": "catalog_sales", "Startup Cost": 0.0, "Total Cost": 43411.7, "Plan Rows": 600670, "Plan Width": 32, "Actual Startup Time": 0.031, "Actual Total Time": 63.911, "Actual Rows": 720774, "Actual Loops": 2, "Workers": []}, {"Node Type": "Hash", "Parent Relationship": "Inner", "Parallel Aware": true, "Async Capable": false, "Startup Cost": 1942.12, "Total Cost": 1942.12, "Plan Rows": 213, "Plan Width": 12, "Actual Startup Time": 2.165, "Actual Total Time": 2.166, "Actual Rows": 182, "Actual Loops": 2, "Hash Buckets": 1024, "Original Hash Buckets": 1024, "Hash Batches": 1, "Original Hash Batches": 1, "Peak Memory Usage": 40, "Workers": [], "Plans": [{"Node Type": "Seq Scan", "Parent Relationship": "Outer", "Parallel Aware": true, "Async Capable": false, "Relation Name": "date_dim", "Alias": "d1", "Startup Cost": 0.0, "Total Cost": 1942.12, "Plan Rows": 213, "Plan Width": 12, "Actual Startup Time": 1.428, "Actual Total Time": 2.136, "Actual Rows": 182, "Actual Loops": 2, "Filter": "(d_year = 1998)", "Rows Removed by Filter": 36342, "Workers": []}]}]}, {"Node Type": "Hash", "Parent Relationship": "Inner", "Parallel Aware": false, "Async Capable": false, "Startup Cost": 143.0, "Total Cost": 143.0, "Plan Rows": 1200, "Plan Width": 4, "Actual Startup Time": 0.465, "Actual Total Time": 0.465, "Actual Rows": 1200, "Actual Loops": 2, "Hash Buckets": 2048, "Original Hash Buckets": 2048, "Hash Batches": 1, "Original Hash Batches": 1, "Peak Memory Usage": 59, "Workers": [], "Plans": [{"Node Type": "Seq Scan", "Parent Relationship": "Outer", "Parallel Aware": false, "Async Capable": false, "Relation Name": "household_demographics", "Alias": "household_demographics", "Startup Cost": 0.0, "Total Cost": 143.0, "Plan Rows": 1200, "Plan Width": 4, "Actual Startup Time": 0.02, "Actual Total Time": 0.404, "Actual Rows": 1200, "Actual Loops": 2, "Filter": "(hd_buy_potential = '1001-5000'::bpchar)", "Rows Removed by Filter": 6000, "Workers": []}]}]}, {"Node Type": "Index Scan", "Parent Relationship": "Inner", "Parallel Aware": false, "Async Capable": false, "Scan Direction": "Forward", "Index Name": "customer_demographics_pkey", "Relation Name": "customer_demographics", "Alias": "customer_demographics", "Startup Cost": 0.43, "Total Cost": 0.52, "Plan Rows": 1, "Plan Width": 4, "Actual Startup Time": 0.001, "Actual Total Time": 0.001, "Actual Rows": 0, "Actual Loops": 48280, "Index Cond": "(cd_demo_sk = catalog_sales.cs_bill_cdemo_sk)", "Rows Removed by Index Recheck": 0, "Filter": "(cd_marital_status = 'S'::bpchar)", "Rows Removed by Filter": 1, "Workers": []}]}]}]}, {"Node Type": "Index Scan", "Parent Relationship": "Inner", "Parallel Aware": false, "Async Capable": false, "Scan Direction": "Forward", "Index Name": "inventory_pkey", "Relation Name": "inventory", "Alias": "inventory", "Startup Cost": 0.43, "Total Cost": 5.98, "Plan Rows": 1, "Plan Width": 16, "Actual Startup Time": 0.01, "Actual Total Time": 0.01, "Actual Rows": 0, "Actual Loops": 67004, "Index Cond": "((inv_date_sk = d2.d_date_sk) AND (inv_item_sk = catalog_sales.cs_item_sk))", "Rows Removed by Index Recheck": 0, "Filter": "(inv_quantity_on_hand < catalog_sales.cs_quantity)", "Rows Removed by Filter": 1, "Workers": []}]}, {"Node Type": "Index Scan", "Parent Relationship": "Inner", "Parallel Aware": false, "Async Capable": false, "Scan Direction": "Forward", "Index Name": "warehouse_pkey", "Relation Name": "warehouse", "Alias": "warehouse", "Startup Cost": 0.13, "Total Cost": 0.15, "Plan Rows": 1, "Plan Width": 22, "Actual Startup Time": 0.001, "Actual Total Time": 0.001, "Actual Rows": 1, "Actual Loops": 2364, "Index Cond": "(w_warehouse_sk = inventory.inv_warehouse_sk)", "Rows Removed by Index Recheck": 0, "Workers": []}]}, {"Node Type": "Index Scan", "Parent Relationship": "Inner", "Parallel Aware": false, "Async Capable": false, "Scan Direction": "Forward", "Index Name": "item_pkey", "Relation Name": "item", "Alias": "item", "Startup Cost": 0.29, "Total Cost": 0.31, "Plan Rows": 1, "Plan Width": 106, "Actual Startup Time": 0.003, "Actual Total Time": 0.003, "Actual Rows": 1, "Actual Loops": 2364, "Index Cond": "(i_item_sk = catalog_sales.cs_item_sk)", "Rows Removed by Index Recheck": 0, "Workers": []}]}, {"Node Type": "Index Only Scan", "Parent Relationship": "Inner", "Parallel Aware": false, "Async Capable": false, "Scan Direction": "Forward", "Index Name": "promotion_pkey", "Relation Name": "promotion", "Alias": "promotion", "Startup Cost": 0.15, "Total Cost": 0.17, "Plan Rows": 1, "Plan Width": 4, "Actual Startup Time": 0.001, "Actual Total Time": 0.001, "Actual Rows": 1, "Actual Loops": 2364, "Index Cond": "(p_promo_sk = catalog_sales.cs_promo_sk)", "Rows Removed by Index Recheck": 0, "Heap Fetches": 0, "Workers": []}]}]}]}, {"Node Type": "Index Scan", "Parent Relationship": "Inner", "Parallel Aware": false, "Async Capable": false, "Scan Direction": "Forward", "Index Name": "date_dim_pkey", "Relation Name": "date_dim", "Alias": "d3", "Startup Cost": 0.29, "Total Cost": 0.31, "Plan Rows": 1, "Plan Width": 8, "Actual Startup Time": 0.0, "Actual Total Time": 0.001, "Actual Rows": 1, "Actual Loops": 2364, "Index Cond": "(d_date_sk = catalog_sales.cs_ship_date_sk)", "Rows Removed by Index Recheck": 0}]}]}]}]}, "Planning Time": 9.5, "Triggers": [], "Execution Time": 543.04}]