[{"Plan": {"Node Type": "Sort", "Parallel Aware": false, "Async Capable": false, "Startup Cost": 70455.84, "Total Cost": 70455.88, "Plan Rows": 18, "Plan Width": 77, "Actual Startup Time": 161.243, "Actual Total Time": 162.126, "Actual Rows": 3, "Actual Loops": 1, "Sort Key": ["(count(*)) DESC", "customer.c_last_name"], "Sort Method": "quicksort", "Sort Space Used": 25, "Sort Space Type": "Memory", "Plans": [{"Node Type": "Nested Loop", "Parent Relationship": "Outer", "Parallel Aware": false, "Async Capable": false, "Join Type": "Inner", "Startup Cost": 70285.46, "Total Cost": 70455.46, "Plan Rows": 18, "Plan Width": 77, "Actual Startup Time": 160.938, "Actual Total Time": 162.116, "Actual Rows": 3, "Actual Loops": 1, "Inner Unique": true, "Plans": [{"Node Type": "Aggregate", "Strategy": "Sorted", "Partial Mode": "Finalize", "Parent Relationship": "Outer", "Parallel Aware": false, "Async Capable": false, "Startup Cost": 70285.16, "Total Cost": 70305.7, "Plan Rows": 18, "Plan Width": 16, "Actual Startup Time": 160.706, "Actual Total Time": 162.053, "Actual Rows": 66, "Actual Loops": 1, "Group Key": ["store_sales.ss_ticket_number", "store_sales.ss_customer_sk"], "Filter": "((count(*) >= 1) AND (count(*) <= 5))", "Rows Removed by Filter": 1003, "Plans": [{"Node Type": "Gather Merge", "Parent Relationship": "Outer", "Parallel Aware": false, "Async Capable": false, "Startup Cost": 70285.16, "Total Cost": 70302.22, "Plan Rows": 136, "Plan Width": 16, "Actual Startup Time": 160.702, "Actual Total Time": 161.942, "Actual Rows": 1083, "Actual Loops": 1, "Workers Planned": 2, "Workers Launched": 2, "Plans": [{"Node Type": "Aggregate", "Strategy": "Sorted", "Partial Mode": "Partial", "Parent Relationship": "Outer", "Parallel Aware": false, "Async Capable": false, "Startup Cost": 69285.14, "Total Cost": 69286.5, "Plan Rows": 68, "Plan Width": 16, "Actual Startup Time": 158.241, "Actual Total Time": 158.485, "Actual Rows": 361, "Actual Loops": 3, "Group Key": ["store_sales.ss_ticket_number", "store_sales.ss_customer_sk"], "Workers": [], "Plans": [{"Node Type": "Sort", "Parent Relationship": "Outer", "Parallel Aware": false, "Async Capable": false, "Startup Cost": 69285.14, "Total Cost": 69285.31, "Plan Rows": 68, "Plan Width": 8, "Actual Startup Time": 158.232, "Actual Total Time": 158.31, "Actual Rows": 3689, "Actual Loops": 3, "Sort Key": ["store_sales.ss_ticket_number", "store_sales.ss_customer_sk"], "Sort Method": "quicksort", "Sort Space Used": 264, "Sort Space Type": "Memory", "Workers": [{"Worker Number": 0, "Sort Method": "quicksort", "Sort Space Used": 273, "Sort Space Type": "Memory"}, {"Worker Number": 1, "Sort Method": "quicksort", "Sort Space Used": 271, "Sort Space Type": "Memory"}], "Plans": [{"Node Type": "Hash Join", "Parent Relationship": "Outer", "Parallel Aware": false, "Async Capable": false, "Join Type": "Inner", "Startup Cost": 240.75, "Total Cost": 69283.07, "Plan Rows": 68, "Plan Width": 8, "Actual Startup Time": 1.348, "Actual Total Time": 157.781, "Actual Rows": 3689, "Actual Loops": 3, "Inner Unique": true, "Hash Cond": "(store_sales.ss_store_sk = store.s_store_sk)", "Workers": [], "Plans": [{"Node Type": "Nested Loop", "Parent Relationship": "Outer", "Parallel Aware": false, "Async Capable": false, "Join Type": "Inner", "Startup Cost": 239.42, "Total Cost": 69281.49, "Plan Rows": 71, "Plan Width": 12, "Actual Startup Time": 1.296, "Actual Total Time": 157.4, "Actual Rows": 3738, "Actual Loops": 3, "Inner Unique": true, "Workers": [], "Plans": [{"Node Type": "Hash Join", "Parent Relationship": "Outer", "Parallel Aware": false, "Async Capable": false, "Join Type": "Inner", "Startup Cost": 239.11, "Total Cost": 67088.93, "Plan Rows": 77938, "Plan Width": 16, "Actual Startup Time": 0.67, "Actual Total Time": 140.124, "Actual Rows": 101138, "Actual Loops": 3, "Inner Unique": true, "Hash Cond": "(store_sales.ss_hdemo_sk = household_demographics.hd_demo_sk)", "Workers": [], "Plans": [{"Node Type": "Seq Scan", "Parent Relationship": "Outer", "Parallel Aware": true, "Async Capable": false, "Relation Name": "store_sales", "Alias": "store_sales", "Startup Cost": 0.0, "Total Cost": 63697.62, "Plan Rows": 1200162, "Plan Width": 20, "Actual Startup Time": 0.02, "Actual Total Time": 76.913, "Actual Rows": 960135, "Actual Loops": 3, "Workers": []}, {"Node Type": "Hash", "Parent Relationship": "Inner", "Parallel Aware": false, "Async Capable": false, "Startup Cost": 233.0, "Total Cost": 233.0, "Plan Rows": 489, "Plan Width": 4, "Actual Startup Time": 0.64, "Actual Total Time": 0.64, "Actual Rows": 800, "Actual Loops": 3, "Hash Buckets": 1024, "Original Hash Buckets": 1024, "Hash Batches": 1, "Original Hash Batches": 1, "Peak Memory Usage": 37, "Workers": [], "Plans": [{"Node Type": "Seq Scan", "Parent Relationship": "Outer", "Parallel Aware": false, "Async Capable": false, "Relation Name": "household_demographics", "Alias": "household_demographics", "Startup Cost": 0.0, "Total Cost": 233.0, "Plan Rows": 489, "Plan Width": 4, "Actual Startup Time": 0.109, "Actual Total Time": 0.6, "Actual Rows": 800, "Actual Loops": 3, "Filter": "((hd_vehicle_count > 0) AND ((hd_buy_potential = '1001-5000'::bpchar) OR (hd_buy_potential = '5001-10000'::bpchar)) AND (CASE WHEN (hd_vehicle_count > 0) THEN (hd_dep_count / hd_vehicle_count) ELSE NULL::integer END > 1))", "Rows Removed by Filter": 6400, "Workers": []}]}]}, {"Node Type": "Memoize", "Parent Relationship": "Inner", "Parallel Aware": false, "Async Capable": false, "Startup Cost": 0.3, "Total Cost": 0.33, "Plan Rows": 1, "Plan Width": 4, "Actual Startup Time": 0.0, "Actual Total Time": 0.0, "Actual Rows": 0, "Actual Loops": 303413, "Cache Key": "store_sales.ss_sold_date_sk", "Cache Mode": "logical", "Cache Hits": 102035, "Cache Misses": 1768, "Cache Evictions": 0, "Cache Overflows": 0, "Peak Memory Usage": 120, "Workers": [{"Worker Number": 0, "Cache Hits": 98425, "Cache Misses": 1770, "Cache Evictions": 0, "Cache Overflows": 0, "Peak Memory Usage": 120}, {"Worker Number": 1, "Cache Hits": 97663, "Cache Misses": 1752, "Cache Evictions": 0, "Cache Overflows": 0, "Peak Memory Usage": 119}], "Plans": [{"Node Type": "Index Scan", "Parent Relationship": "Outer", "Parallel Aware": false, "Async Capable": false, "Scan Direction": "Forward", "Index Name": "date_dim_pkey", "Relation Name": "date_dim", "Alias": "date_dim", "Startup Cost": 0.29, "Total Cost": 0.32, "Plan Rows": 1, "Plan Width": 4, "Actual Startup Time": 0.001, "Actual Total Time": 0.001, "Actual Rows": 0, "Actual Loops": 5290, "Index Cond": "(d_date_sk = store_sales.ss_sold_date_sk)", "Rows Removed by Index Recheck": 0, "Filter": "((d_dom >= 1) AND (d_dom <= 2) AND (d_year = ANY ('{2000,2001,2002}'::integer[])))", "Rows Removed by Filter": 1, "Workers": []}]}]}, {"Node Type": "Hash", "Parent Relationship": "Inner", "Parallel Aware": false, "Async Capable": false, "Startup Cost": 1.18, "Total Cost": 1.18, "Plan Rows": 12, "Plan Width": 4, "Actual Startup Time": 0.041, "Actual Total Time": 0.041, "Actual Rows": 12, "Actual Loops": 3, "Hash Buckets": 1024, "Original Hash Buckets": 1024, "Hash Batches": 1, "Original Hash Batches": 1, "Peak Memory Usage": 9, "Workers": [], "Plans": [{"Node Type": "Seq Scan", "Parent Relationship": "Outer", "Parallel Aware": false, "Async Capable": false, "Relation Name": "store", "Alias": "store", "Startup Cost": 0.0, "Total Cost": 1.18, "Plan Rows": 12, "Plan Width": 4, "Actual Startup Time": 0.034, "Actual Total Time": 0.036, "Actual Rows": 12, "Actual Loops": 3, "Filter": "((s_county)::text = ANY ('{\"Williamson County\",\"Williamson County\",\"Williamson County\",\"Williamson County\"}'::text[]))", "Rows Removed by Filter": 0, "Workers": []}]}]}]}]}]}]}, {"Node Type": "Index Scan", "Parent Relationship": "Inner", "Parallel Aware": false, "Async Capable": false, "Scan Direction": "Forward", "Index Name": "customer_pkey", "Relation Name": "customer", "Alias": "customer", "Startup Cost": 0.29, "Total Cost": 8.31, "Plan Rows": 1, "Plan Width": 69, "Actual Startup Time": 0.001, "Actual Total Time": 0.001, "Actual Rows": 0, "Actual Loops": 66, "Index Cond": "(c_customer_sk = store_sales.ss_customer_sk)", "Rows Removed by Index Recheck": 0}]}]}, "Planning Time": 0.259, "Triggers": [], "Execution Time": 162.286}]