[{"Plan": {"Node Type": "Limit", "Parallel Aware": false, "Async Capable": false, "Startup Cost": 158622.68, "Total Cost": 158672.27, "Plan Rows": 100, "Plan Width": 163, "Actual Startup Time": 257.883, "Actual Total Time": 259.452, "Actual Rows": 100, "Actual Loops": 1, "Plans": [{"Node Type": "Aggregate", "Strategy": "Sorted", "Partial Mode": "Finalize", "Parent Relationship": "Outer", "Parallel Aware": false, "Async Capable": false, "Startup Cost": 158622.68, "Total Cost": 165028.07, "Plan Rows": 12918, "Plan Width": 163, "Actual Startup Time": 257.882, "Actual Total Time": 259.447, "Actual Rows": 100, "Actual Loops": 1, "Group Key": ["('store'::text)", "('ss_customer_sk'::text)", "date_dim.d_year", "date_dim.d_qoy", "item.i_category"], "Plans": [{"Node Type": "Gather Merge", "Parent Relationship": "Outer", "Parallel Aware": false, "Async Capable": false, "Startup Cost": 158622.68, "Total Cost": 164349.88, "Plan Rows": 25836, "Plan Width": 163, "Actual Startup Time": 257.877, "Actual Total Time": 259.391, "Actual Rows": 101, "Actual Loops": 1, "Workers Planned": 2, "Workers Launched": 2, "Plans": [{"Node Type": "Aggregate", "Strategy": "Sorted", "Partial Mode": "Partial", "Parent Relationship": "Outer", "Parallel Aware": false, "Async Capable": false, "Startup Cost": 157622.66, "Total Cost": 160367.74, "Plan Rows": 12918, "Plan Width": 163, "Actual Startup Time": 248.767, "Actual Total Time": 253.049, "Actual Rows": 112, "Actual Loops": 3, "Group Key": ["('store'::text)", "('ss_customer_sk'::text)", "date_dim.d_year", "date_dim.d_qoy", "item.i_category"], "Workers": [], "Plans": [{"Node Type": "Sort", "Parent Relationship": "Outer", "Parallel Aware": false, "Async Capable": false, "Startup Cost": 157622.66, "Total Cost": 157945.61, "Plan Rows": 129180, "Plan Width": 129, "Actual Startup Time": 248.74, "Actual Total Time": 251.197, "Actual Rows": 11061, "Actual Loops": 3, "Sort Key": ["('store'::text)", "('ss_customer_sk'::text)", "date_dim.d_year", "date_dim.d_qoy", "item.i_category"], "Sort Method": "quicksort", "Sort Space Used": 3094, "Sort Space Type": "Memory", "Workers": [{"Worker Number": 0, "Sort Method": "external merge", "Sort Space Used": 2984, "Sort Space Type": "Disk"}, {"Worker Number": 1, "Sort Method": "quicksort", "Sort Space Used": 3248, "Sort Space Type": "Memory"}], "Plans": [{"Node Type": "Append", "Parent Relationship": "Outer", "Parallel Aware": true, "Async Capable": false, "Startup Cost": 1468.53, "Total Cost": 137821.91, "Plan Rows": 129180, "Plan Width": 129, "Actual Startup Time": 5.196, "Actual Total Time": 207.384, "Actual Rows": 22794, "Actual Loops": 3, "Workers": [], "Subplans Removed": 0, "Plans": [{"Node Type": "Hash Join", "Parent Relationship": "Member", "Parallel Aware": true, "Async Capable": false, "Join Type": "Inner", "Startup Cost": 1468.53, "Total Cost": 66903.57, "Plan Rows": 50845, "Plan Width": 129, "Actual Startup Time": 2.628, "Actual Total Time": 126.226, "Actual Rows": 21619, "Actual Loops": 3, "Inner Unique": true, "Hash Cond": "(store_sales.ss_item_sk = item.i_item_sk)", "Workers": [], "Plans": [{"Node Type": "Nested Loop", "Parent Relationship": "Outer", "Parallel Aware": false, "Async Capable": false, "Join Type": "Inner", "Startup Cost": 0.3, "Total Cost": 65301.84, "Plan Rows": 50845, "Plan Width": 18, "Actual Startup Time": 0.047, "Actual Total Time": 115.214, "Actual Rows": 21619, "Actual Loops": 3, "Inner Unique": true, "Workers": [], "Plans": [{"Node Type": "Seq Scan", "Parent Relationship": "Outer", "Parallel Aware": true, "Async Capable": false, "Relation Name": "store_sales", "Alias": "store_sales", "Startup Cost": 0.0, "Total Cost": 63697.62, "Plan Rows": 53207, "Plan Width": 14, "Actual Startup Time": 0.034, "Actual Total Time": 101.002, "Actual Rows": 43251, "Actual Loops": 3, "Filter": "(ss_customer_sk IS NULL)", "Rows Removed by Filter": 916884, "Workers": []}, {"Node Type": "Memoize", "Parent Relationship": "Inner", "Parallel Aware": false, "Async Capable": false, "Startup Cost": 0.3, "Total Cost": 0.37, "Plan Rows": 1, "Plan Width": 12, "Actual Startup Time": 0.0, "Actual Total Time": 0.0, "Actual Rows": 0, "Actual Loops": 129752, "Cache Key": "store_sales.ss_sold_date_sk", "Cache Mode": "logical", "Cache Hits": 32389, "Cache Misses": 1822, "Cache Evictions": 0, "Cache Overflows": 0, "Peak Memory Usage": 200, "Workers": [{"Worker Number": 0, "Cache Hits": 61194, "Cache Misses": 1824, "Cache Evictions": 0, "Cache Overflows": 0, "Peak Memory Usage": 200}, {"Worker Number": 1, "Cache Hits": 30714, "Cache Misses": 1809, "Cache Evictions": 0, "Cache Overflows": 0, "Peak Memory Usage": 198}], "Plans": [{"Node Type": "Index Scan", "Parent Relationship": "Outer", "Parallel Aware": false, "Async Capable": false, "Scan Direction": "Forward", "Index Name": "date_dim_pkey", "Relation Name": "date_dim", "Alias": "date_dim", "Startup Cost": 0.29, "Total Cost": 0.36, "Plan Rows": 1, "Plan Width": 12, "Actual Startup Time": 0.001, "Actual Total Time": 0.001, "Actual Rows": 1, "Actual Loops": 5455, "Index Cond": "(d_date_sk = store_sales.ss_sold_date_sk)", "Rows Removed by Index Recheck": 0, "Workers": []}]}]}, {"Node Type": "Hash", "Parent Relationship": "Inner", "Parallel Aware": true, "Async Capable": false, "Startup Cost": 1335.88, "Total Cost": 1335.88, "Plan Rows": 10588, "Plan Width": 55, "Actual Startup Time": 2.543, "Actual Total Time": 2.543, "Actual Rows": 6000, "Actual Loops": 3, "Hash Buckets": 32768, "Original Hash Buckets": 32768, "Hash Batches": 1, "Original Hash Batches": 1, "Peak Memory Usage": 1824, "Workers": [], "Plans": [{"Node Type": "Seq Scan", "Parent Relationship": "Outer", "Parallel Aware": true, "Async Capable": false, "Relation Name": "item", "Alias": "item", "Startup Cost": 0.0, "Total Cost": 1335.88, "Plan Rows": 10588, "Plan Width": 55, "Actual Startup Time": 0.022, "Actual Total Time": 5.682, "Actual Rows": 18000, "Actual Loops": 1, "Workers": []}]}]}, {"Node Type": "Hash Join", "Parent Relationship": "Member", "Parallel Aware": true, "Async Capable": false, "Join Type": "Inner", "Startup Cost": 1468.53, "Total Cost": 45887.61, "Plan Rows": 2850, "Plan Width": 129, "Actual Startup Time": 3.93, "Actual Total Time": 77.475, "Actual Rows": 1714, "Actual Loops": 2, "Inner Unique": true, "Hash Cond": "(catalog_sales.cs_item_sk = item_1.i_item_sk)", "Workers": [], "Plans": [{"Node Type": "Nested Loop", "Parent Relationship": "Outer", "Parallel Aware": false, "Async Capable": false, "Join Type": "Inner", "Startup Cost": 0.3, "Total Cost": 44411.89, "Plan Rows": 2850, "Plan Width": 18, "Actual Startup Time": 0.068, "Actual Total Time": 72.51, "Actual Rows": 1714, "Actual Loops": 2, "Inner Unique": true, "Workers": [], "Plans": [{"Node Type": "Seq Scan", "Parent Relationship": "Outer", "Parallel Aware": true, "Async Capable": false, "Relation Name": "catalog_sales", "Alias": "catalog_sales", "Startup Cost": 0.0, "Total Cost": 43411.7, "Plan Rows": 2863, "Plan Width": 14, "Actual Startup Time": 0.038, "Actual Total Time": 69.655, "Actual Rows": 3514, "Actual Loops": 2, "Filter": "(cs_bill_customer_sk IS NULL)", "Rows Removed by Filter": 717260, "Workers": []}, {"Node Type": "Memoize", "Parent Relationship": "Inner", "Parallel Aware": false, "Async Capable": false, "Startup Cost": 0.3, "Total Cost": 1.26, "Plan Rows": 1, "Plan Width": 12, "Actual Startup Time": 0.001, "Actual Total Time": 0.001, "Actual Rows": 0, "Actual Loops": 7029, "Cache Key": "catalog_sales.cs_sold_date_sk", "Cache Mode": "logical", "Cache Hits": 1069, "Cache Misses": 340, "Cache Evictions": 0, "Cache Overflows": 0, "Peak Memory Usage": 38, "Workers": [{"Worker Number": 1, "Cache Hits": 4392, "Cache Misses": 1228, "Cache Evictions": 0, "Cache Overflows": 0, "Peak Memory Usage": 135}], "Plans": [{"Node Type": "Index Scan", "Parent Relationship": "Outer", "Parallel Aware": false, "Async Capable": false, "Scan Direction": "Forward", "Index Name": "date_dim_pkey", "Relation Name": "date_dim", "Alias": "date_dim_1", "Startup Cost": 0.29, "Total Cost": 1.25, "Plan Rows": 1, "Plan Width": 12, "Actual Startup Time": 0.001, "Actual Total Time": 0.001, "Actual Rows": 1, "Actual Loops": 1568, "Index Cond": "(d_date_sk = catalog_sales.cs_sold_date_sk)", "Rows Removed by Index Recheck": 0, "Workers": []}]}]}, {"Node Type": "Hash", "Parent Relationship": "Inner", "Parallel Aware": true, "Async Capable": false, "Startup Cost": 1335.88, "Total Cost": 1335.88, "Plan Rows": 10588, "Plan Width": 55, "Actual Startup Time": 3.81, "Actual Total Time": 3.81, "Actual Rows": 9000, "Actual Loops": 2, "Hash Buckets": 32768, "Original Hash Buckets": 32768, "Hash Batches": 1, "Original Hash Batches": 1, "Peak Memory Usage": 1824, "Workers": [], "Plans": [{"Node Type": "Seq Scan", "Parent Relationship": "Outer", "Parallel Aware": true, "Async Capable": false, "Relation Name": "item", "Alias": "item_1", "Startup Cost": 0.0, "Total Cost": 1335.88, "Plan Rows": 10588, "Plan Width": 55, "Actual Startup Time": 0.003, "Actual Total Time": 5.921, "Actual Rows": 18000, "Actual Loops": 1, "Workers": []}]}]}, {"Node Type": "Nested Loop", "Parent Relationship": "Member", "Parallel Aware": false, "Async Capable": false, "Join Type": "Inner", "Startup Cost": 0.6, "Total Cost": 23093.03, "Plan Rows": 130, "Plan Width": 129, "Actual Startup Time": 0.031, "Actual Total Time": 85.922, "Actual Rows": 96, "Actual Loops": 1, "Inner Unique": true, "Workers": [], "Plans": [{"Node Type": "Nested Loop", "Parent Relationship": "Outer", "Parallel Aware": false, "Async Capable": false, "Join Type": "Inner", "Startup Cost": 0.3, "Total Cost": 22350.05, "Plan Rows": 130, "Plan Width": 61, "Actual Startup Time": 0.026, "Actual Total Time": 85.587, "Actual Rows": 184, "Actual Loops": 1, "Inner Unique": true, "Workers": [], "Plans": [{"Node Type": "Seq Scan", "Parent Relationship": "Outer", "Parallel Aware": true, "Async Capable": false, "Relation Name": "web_sales", "Alias": "web_sales", "Startup Cost": 0.0, "Total Cost": 21764.43, "Plan Rows": 130, "Plan Width": 14, "Actual Startup Time": 0.013, "Actual Total Time": 84.619, "Actual Rows": 184, "Actual Loops": 1, "Filter": "(ws_promo_sk IS NULL)", "Rows Removed by Filter": 719200, "Workers": []}, {"Node Type": "Memoize", "Parent Relationship": "Inner", "Parallel Aware": false, "Async Capable": false, "Startup Cost": 0.3, "Total Cost": 4.53, "Plan Rows": 1, "Plan Width": 55, "Actual Startup Time": 0.005, "Actual Total Time": 0.005, "Actual Rows": 1, "Actual Loops": 184, "Cache Key": "web_sales.ws_item_sk", "Cache Mode": "logical", "Cache Hits": 1, "Cache Misses": 183, "Cache Evictions": 0, "Cache Overflows": 0, "Peak Memory Usage": 28, "Workers": [], "Plans": [{"Node Type": "Index Scan", "Parent Relationship": "Outer", "Parallel Aware": false, "Async Capable": false, "Scan Direction": "Forward", "Index Name": "item_pkey", "Relation Name": "item", "Alias": "item_2", "Startup Cost": 0.29, "Total Cost": 4.52, "Plan Rows": 1, "Plan Width": 55, "Actual Startup Time": 0.004, "Actual Total Time": 0.004, "Actual Rows": 1, "Actual Loops": 183, "Index Cond": "(i_item_sk = web_sales.ws_item_sk)", "Rows Removed by Index Recheck": 0, "Workers": []}]}]}, {"Node Type": "Memoize", "Parent Relationship": "Inner", "Parallel Aware": false, "Async Capable": false, "Startup Cost": 0.3, "Total Cost": 6.19, "Plan Rows": 1, "Plan Width": 12, "Actual Startup Time": 0.002, "Actual Total Time": 0.002, "Actual Rows": 1, "Actual Loops": 184, "Cache Key": "web_sales.ws_sold_date_sk", "Cache Mode": "logical", "Cache Hits": 92, "Cache Misses": 92, "Cache Evictions": 0, "Cache Overflows": 0, "Peak Memory Usage": 11, "Workers": [], "Plans": [{"Node Type": "Index Scan", "Parent Relationship": "Outer", "Parallel Aware": false, "Async Capable": false, "Scan Direction": "Forward", "Index Name": "date_dim_pkey", "Relation Name": "date_dim", "Alias": "date_dim_2", "Startup Cost": 0.29, "Total Cost": 6.18, "Plan Rows": 1, "Plan Width": 12, "Actual Startup Time": 0.002, "Actual Total Time": 0.002, "Actual Rows": 1, "Actual Loops": 92, "Index Cond": "(d_date_sk = web_sales.ws_sold_date_sk)", "Rows Removed by Index Recheck": 0, "Workers": []}]}]}]}]}]}]}]}]}, "Planning Time": 0.425, "Triggers": [], "Execution Time": 259.789}]