[{"Plan": {"Node Type": "Limit", "Parallel Aware": false, "Async Capable": false, "Startup Cost": 164707.86, "Total Cost": 164710.36, "Plan Rows": 100, "Plan Width": 132, "Actual Startup Time": 369.046, "Actual Total Time": 369.202, "Actual Rows": 44, "Actual Loops": 1, "Plans": [{"Node Type": "Aggregate", "Strategy": "Sorted", "Partial Mode": "Simple", "Parent Relationship": "Outer", "Parallel Aware": false, "Async Capable": false, "Startup Cost": 164707.86, "Total Cost": 164713.28, "Plan Rows": 217, "Plan Width": 132, "Actual Startup Time": 369.045, "Actual Total Time": 369.2, "Actual Rows": 44, "Actual Loops": 1, "Grouping Sets": [{"Group Keys": [["('store channel'::text)", "store.s_store_sk"], ["('store channel'::text)"], []]}], "Plans": [{"Node Type": "Sort", "Parent Relationship": "Outer", "Parallel Aware": false, "Async Capable": false, "Startup Cost": 164707.86, "Total Cost": 164708.13, "Plan Rows": 108, "Plan Width": 132, "Actual Startup Time": 369.039, "Actual Total Time": 369.164, "Actual Rows": 56, "Actual Loops": 1, "Sort Key": ["('store channel'::text)", "store.s_store_sk"], "Sort Method": "quicksort", "Sort Space Used": 29, "Sort Space Type": "Memory", "Plans": [{"Node Type": "Append", "Parent Relationship": "Outer", "Parallel Aware": false, "Async Capable": false, "Startup Cost": 6099.87, "Total Cost": 164704.21, "Plan Rows": 108, "Plan Width": 132, "Actual Startup Time": 151.969, "Actual Total Time": 369.133, "Actual Rows": 56, "Actual Loops": 1, "Subplans Removed": 0, "Plans": [{"Node Type": "Merge Join", "Parent Relationship": "Member", "Parallel Aware": false, "Async Capable": false, "Join Type": "Left", "Startup Cost": 6099.87, "Total Cost": 79677.17, "Plan Rows": 12, "Plan Width": 132, "Actual Startup Time": 151.969, "Actual Total Time": 205.61, "Actual Rows": 6, "Actual Loops": 1, "Inner Unique": true, "Merge Cond": "(store.s_store_sk = store_1.s_store_sk)", "Plans": [{"Node Type": "Aggregate", "Strategy": "Sorted", "Partial Mode": "Simple", "Parent Relationship": "Outer", "Parallel Aware": false, "Async Capable": false, "Startup Cost": 3049.94, "Total Cost": 70277.59, "Plan Rows": 12, "Plan Width": 68, "Actual Startup Time": 133.362, "Actual Total Time": 185.128, "Actual Rows": 6, "Actual Loops": 1, "Group Key": ["store.s_store_sk"], "Plans": [{"Node Type": "Nested Loop", "Parent Relationship": "Outer", "Parallel Aware": false, "Async Capable": false, "Join Type": "Inner", "Startup Cost": 3049.94, "Total Cost": 70268.22, "Plan Rows": 1225, "Plan Width": 16, "Actual Startup Time": 5.634, "Actual Total Time": 181.071, "Actual Rows": 59369, "Actual Loops": 1, "Inner Unique": false, "Join Filter": "(store_sales.ss_store_sk = store.s_store_sk)", "Rows Removed by Join Filter": 669487, "Plans": [{"Node Type": "Index Only Scan", "Parent Relationship": "Outer", "Parallel Aware": false, "Async Capable": false, "Scan Direction": "Forward", "Index Name": "store_pkey", "Relation Name": "store", "Alias": "store", "Startup Cost": 0.14, "Total Cost": 8.31, "Plan Rows": 12, "Plan Width": 4, "Actual Startup Time": 0.001, "Actual Total Time": 0.027, "Actual Rows": 12, "Actual Loops": 1, "Heap Fetches": 0}, {"Node Type": "Materialize", "Parent Relationship": "Inner", "Parallel Aware": false, "Async Capable": false, "Startup Cost": 3049.8, "Total Cost": 70032.53, "Plan Rows": 1281, "Plan Width": 16, "Actual Startup Time": 0.461, "Actual Total Time": 12.995, "Actual Rows": 60738, "Actual Loops": 12, "Plans": [{"Node Type": "Gather", "Parent Relationship": "Outer", "Parallel Aware": false, "Async Capable": false, "Startup Cost": 3049.8, "Total Cost": 70026.12, "Plan Rows": 1281, "Plan Width": 16, "Actual Startup Time": 5.5, "Actual Total Time": 122.71, "Actual Rows": 60738, "Actual Loops": 1, "Workers Planned": 2, "Workers Launched": 2, "Single Copy": false, "Plans": [{"Node Type": "Hash Join", "Parent Relationship": "Outer", "Parallel Aware": true, "Async Capable": false, "Join Type": "Inner", "Startup Cost": 2049.8, "Total Cost": 68898.02, "Plan Rows": 534, "Plan Width": 16, "Actual Startup Time": 3.311, "Actual Total Time": 124.018, "Actual Rows": 20246, "Actual Loops": 3, "Inner Unique": true, "Hash Cond": "(store_sales.ss_sold_date_sk = date_dim.d_date_sk)", "Workers": [], "Plans": [{"Node Type": "Seq Scan", "Parent Relationship": "Outer", "Parallel Aware": true, "Async Capable": false, "Relation Name": "store_sales", "Alias": "store_sales", "Startup Cost": 0.0, "Total Cost": 63697.62, "Plan Rows": 1200162, "Plan Width": 20, "Actual Startup Time": 0.02, "Actual Total Time": 64.001, "Actual Rows": 960135, "Actual Loops": 3, "Workers": []}, {"Node Type": "Hash", "Parent Relationship": "Inner", "Parallel Aware": true, "Async Capable": false, "Startup Cost": 2049.55, "Total Cost": 2049.55, "Plan Rows": 20, "Plan Width": 4, "Actual Startup Time": 3.027, "Actual Total Time": 3.028, "Actual Rows": 10, "Actual Loops": 3, "Hash Buckets": 1024, "Original Hash Buckets": 1024, "Hash Batches": 1, "Original Hash Batches": 1, "Peak Memory Usage": 40, "Workers": [], "Plans": [{"Node Type": "Seq Scan", "Parent Relationship": "Outer", "Parallel Aware": true, "Async Capable": false, "Relation Name": "date_dim", "Alias": "date_dim", "Startup Cost": 0.0, "Total Cost": 2049.55, "Plan Rows": 20, "Plan Width": 4, "Actual Startup Time": 2.256, "Actual Total Time": 3.01, "Actual Rows": 10, "Actual Loops": 3, "Filter": "((d_date >= '2000-08-10'::date) AND (d_date <= '2000-09-09 00:00:00'::timestamp without time zone))", "Rows Removed by Filter": 24339, "Workers": []}]}]}]}]}]}]}, {"Node Type": "Aggregate", "Strategy": "Sorted", "Partial Mode": "Simple", "Parent Relationship": "Inner", "Parallel Aware": false, "Async Capable": false, "Startup Cost": 3049.94, "Total Cost": 9399.13, "Plan Rows": 12, "Plan Width": 68, "Actual Startup Time": 18.603, "Actual Total Time": 20.469, "Actual Rows": 6, "Actual Loops": 1, "Group Key": ["store_1.s_store_sk"], "Plans": [{"Node Type": "Nested Loop", "Parent Relationship": "Outer", "Parallel Aware": false, "Async Capable": false, "Join Type": "Inner", "Startup Cost": 3049.94, "Total Cost": 9398.02, "Plan Rows": 124, "Plan Width": 16, "Actual Startup Time": 3.503, "Actual Total Time": 20.217, "Actual Rows": 3052, "Actual Loops": 1, "Inner Unique": false, "Join Filter": "(store_returns.sr_store_sk = store_1.s_store_sk)", "Rows Removed by Join Filter": 34124, "Plans": [{"Node Type": "Index Only Scan", "Parent Relationship": "Outer", "Parallel Aware": false, "Async Capable": false, "Scan Direction": "Forward", "Index Name": "store_pkey", "Relation Name": "store", "Alias": "store_1", "Startup Cost": 0.14, "Total Cost": 8.31, "Plan Rows": 12, "Plan Width": 4, "Actual Startup Time": 0.005, "Actual Total Time": 0.012, "Actual Rows": 12, "Actual Loops": 1, "Heap Fetches": 0}, {"Node Type": "Materialize", "Parent Relationship": "Inner", "Parallel Aware": false, "Async Capable": false, "Startup Cost": 3049.8, "Total Cost": 9366.81, "Plan Rows": 129, "Plan Width": 16, "Actual Startup Time": 0.28, "Actual Total Time": 1.582, "Actual Rows": 3098, "Actual Loops": 12, "Plans": [{"Node Type": "Gather", "Parent Relationship": "Outer", "Parallel Aware": false, "Async Capable": false, "Startup Cost": 3049.8, "Total Cost": 9366.17, "Plan Rows": 129, "Plan Width": 16, "Actual Startup Time": 3.362, "Actual Total Time": 18.071, "Actual Rows": 3098, "Actual Loops": 1, "Workers Planned": 2, "Workers Launched": 2, "Single Copy": false, "Plans": [{"Node Type": "Hash Join", "Parent Relationship": "Outer", "Parallel Aware": true, "Async Capable": false, "Join Type": "Inner", "Startup Cost": 2049.8, "Total Cost": 8353.27, "Plan Rows": 54, "Plan Width": 16, "Actual Startup Time": 1.695, "Actual Total Time": 16.35, "Actual Rows": 1033, "Actual Loops": 3, "Inner Unique": true, "Hash Cond": "(store_returns.sr_returned_date_sk = date_dim_1.d_date_sk)", "Workers": [], "Plans": [{"Node Type": "Seq Scan", "Parent Relationship": "Outer", "Parallel Aware": true, "Async Capable": false, "Relation Name": "store_returns", "Alias": "store_returns", "Startup Cost": 0.0, "Total Cost": 5988.98, "Plan Rows": 119798, "Plan Width": 20, "Actual Startup Time": 0.073, "Actual Total Time": 7.232, "Actual Rows": 95838, "Actual Loops": 3, "Workers": []}, {"Node Type": "Hash", "Parent Relationship": "Inner", "Parallel Aware": true, "Async Capable": false, "Startup Cost": 2049.55, "Total Cost": 2049.55, "Plan Rows": 20, "Plan Width": 4, "Actual Startup Time": 1.477, "Actual Total Time": 1.477, "Actual Rows": 10, "Actual Loops": 3, "Hash Buckets": 1024, "Original Hash Buckets": 1024, "Hash Batches": 1, "Original Hash Batches": 1, "Peak Memory Usage": 40, "Workers": [], "Plans": [{"Node Type": "Seq Scan", "Parent Relationship": "Outer", "Parallel Aware": true, "Async Capable": false, "Relation Name": "date_dim", "Alias": "date_dim_1", "Startup Cost": 0.0, "Total Cost": 2049.55, "Plan Rows": 20, "Plan Width": 4, "Actual Startup Time": 1.01, "Actual Total Time": 1.456, "Actual Rows": 10, "Actual Loops": 3, "Filter": "((d_date >= '2000-08-10'::date) AND (d_date <= '2000-09-09 00:00:00'::timestamp without time zone))", "Rows Removed by Filter": 24339, "Workers": []}]}]}]}]}]}]}]}, {"Node Type": "Nested Loop", "Parent Relationship": "Member", "Parallel Aware": false, "Async Capable": false, "Join Type": "Inner", "Startup Cost": 55047.41, "Total Cost": 55053.9, "Plan Rows": 36, "Plan Width": 132, "Actual Startup Time": 105.621, "Actual Total Time": 106.129, "Actual Rows": 20, "Actual Loops": 1, "Inner Unique": false, "Plans": [{"Node Type": "Aggregate", "Strategy": "Sorted", "Partial Mode": "Finalize", "Parent Relationship": "Outer", "Parallel Aware": false, "Async Capable": false, "Startup Cost": 48049.65, "Total Cost": 48054.15, "Plan Rows": 6, "Plan Width": 68, "Actual Startup Time": 82.989, "Actual Total Time": 83.421, "Actual Rows": 4, "Actual Loops": 1, "Group Key": ["catalog_sales.cs_call_center_sk"], "Plans": [{"Node Type": "Gather Merge", "Parent Relationship": "Outer", "Parallel Aware": false, "Async Capable": false, "Startup Cost": 48049.65, "Total Cost": 48053.91, "Plan Rows": 12, "Plan Width": 68, "Actual Startup Time": 82.557, "Actual Total Time": 83.404, "Actual Rows": 12, "Actual Loops": 1, "Workers Planned": 2, "Workers Launched": 2, "Plans": [{"Node Type": "Aggregate", "Strategy": "Sorted", "Partial Mode": "Partial", "Parent Relationship": "Outer", "Parallel Aware": false, "Async Capable": false, "Startup Cost": 47049.63, "Total Cost": 47052.5, "Plan Rows": 6, "Plan Width": 68, "Actual Startup Time": 80.554, "Actual Total Time": 81.321, "Actual Rows": 4, "Actual Loops": 3, "Group Key": ["catalog_sales.cs_call_center_sk"], "Workers": [], "Plans": [{"Node Type": "Sort", "Parent Relationship": "Outer", "Parallel Aware": false, "Async Capable": false, "Startup Cost": 47049.63, "Total Cost": 47050.32, "Plan Rows": 278, "Plan Width": 16, "Actual Startup Time": 80.182, "Actual Total Time": 80.436, "Actual Rows": 10526, "Actual Loops": 3, "Sort Key": ["catalog_sales.cs_call_center_sk"], "Sort Method": "quicksort", "Sort Space Used": 1125, "Sort Space Type": "Memory", "Workers": [{"Worker Number": 0, "Sort Method": "quicksort", "Sort Space Used": 1214, "Sort Space Type": "Memory"}, {"Worker Number": 1, "Sort Method": "quicksort", "Sort Space Used": 1187, "Sort Space Type": "Memory"}], "Plans": [{"Node Type": "Hash Join", "Parent Relationship": "Outer", "Parallel Aware": true, "Async Capable": false, "Join Type": "Inner", "Startup Cost": 2049.8, "Total Cost": 47038.34, "Plan Rows": 278, "Plan Width": 16, "Actual Startup Time": 35.216, "Actual Total Time": 79.382, "Actual Rows": 10526, "Actual Loops": 3, "Inner Unique": true, "Hash Cond": "(catalog_sales.cs_sold_date_sk = date_dim_2.d_date_sk)", "Workers": [], "Plans": [{"Node Type": "Seq Scan", "Parent Relationship": "Outer", "Parallel Aware": true, "Async Capable": false, "Relation Name": "catalog_sales", "Alias": "catalog_sales", "Startup Cost": 0.0, "Total Cost": 43411.7, "Plan Rows": 600670, "Plan Width": 20, "Actual Startup Time": 0.025, "Actual Total Time": 48.493, "Actual Rows": 480516, "Actual Loops": 3, "Workers": []}, {"Node Type": "Hash", "Parent Relationship": "Inner", "Parallel Aware": true, "Async Capable": false, "Startup Cost": 2049.55, "Total Cost": 2049.55, "Plan Rows": 20, "Plan Width": 4, "Actual Startup Time": 1.636, "Actual Total Time": 1.636, "Actual Rows": 10, "Actual Loops": 3, "Hash Buckets": 1024, "Original Hash Buckets": 1024, "Hash Batches": 1, "Original Hash Batches": 1, "Peak Memory Usage": 40, "Workers": [], "Plans": [{"Node Type": "Seq Scan", "Parent Relationship": "Outer", "Parallel Aware": true, "Async Capable": false, "Relation Name": "date_dim", "Alias": "date_dim_2", "Startup Cost": 0.0, "Total Cost": 2049.55, "Plan Rows": 20, "Plan Width": 4, "Actual Startup Time": 1.138, "Actual Total Time": 1.615, "Actual Rows": 10, "Actual Loops": 3, "Filter": "((d_date >= '2000-08-10'::date) AND (d_date <= '2000-09-09 00:00:00'::timestamp without time zone))", "Rows Removed by Filter": 24339, "Workers": []}]}]}]}]}]}]}, {"Node Type": "Materialize", "Parent Relationship": "Inner", "Parallel Aware": false, "Async Capable": false, "Startup Cost": 6997.76, "Total Cost": 6999.17, "Plan Rows": 6, "Plan Width": 64, "Actual Startup Time": 5.657, "Actual Total Time": 5.675, "Actual Rows": 5, "Actual Loops": 4, "Plans": [{"Node Type": "Subquery Scan", "Parent Relationship": "Outer", "Parallel Aware": false, "Async Capable": false, "Alias": "cr", "Startup Cost": 6997.76, "Total Cost": 6999.14, "Plan Rows": 6, "Plan Width": 64, "Actual Startup Time": 22.622, "Actual Total Time": 22.692, "Actual Rows": 5, "Actual Loops": 1, "Plans": [{"Node Type": "Aggregate", "Strategy": "Sorted", "Partial Mode": "Finalize", "Parent Relationship": "Subquery", "Parallel Aware": false, "Async Capable": false, "Startup Cost": 6997.76, "Total Cost": 6999.08, "Plan Rows": 6, "Plan Width": 68, "Actual Startup Time": 22.621, "Actual Total Time": 22.69, "Actual Rows": 5, "Actual Loops": 1, "Group Key": ["catalog_returns.cr_call_center_sk"], "Plans": [{"Node Type": "Gather Merge", "Parent Relationship": "Outer", "Parallel Aware": false, "Async Capable": false, "Startup Cost": 6997.76, "Total Cost": 6998.92, "Plan Rows": 6, "Plan Width": 68, "Actual Startup Time": 22.576, "Actual Total Time": 22.666, "Actual Rows": 10, "Actual Loops": 1, "Workers Planned": 1, "Workers Launched": 1, "Plans": [{"Node Type": "Aggregate", "Strategy": "Sorted", "Partial Mode": "Partial", "Parent Relationship": "Outer", "Parallel Aware": false, "Async Capable": false, "Startup Cost": 5997.75, "Total Cost": 5998.23, "Plan Rows": 6, "Plan Width": 68, "Actual Startup Time": 21.274, "Actual Total Time": 21.337, "Actual Rows": 5, "Actual Loops": 2, "Group Key": ["catalog_returns.cr_call_center_sk"], "Workers": [], "Plans": [{"Node Type": "Sort", "Parent Relationship": "Outer", "Parallel Aware": false, "Async Capable": false, "Startup Cost": 5997.75, "Total Cost": 5997.85, "Plan Rows": 39, "Plan Width": 16, "Actual Startup Time": 21.226, "Actual Total Time": 21.249, "Actual Rows": 792, "Actual Loops": 2, "Sort Key": ["catalog_returns.cr_call_center_sk"], "Sort Method": "quicksort", "Sort Space Used": 85, "Sort Space Type": "Memory", "Workers": [{"Worker Number": 0, "Sort Method": "quicksort", "Sort Space Used": 83, "Sort Space Type": "Memory"}], "Plans": [{"Node Type": "Hash Join", "Parent Relationship": "Outer", "Parallel Aware": true, "Async Capable": false, "Join Type": "Inner", "Startup Cost": 2049.8, "Total Cost": 5996.72, "Plan Rows": 39, "Plan Width": 16, "Actual Startup Time": 9.06, "Actual Total Time": 21.097, "Actual Rows": 792, "Actual Loops": 2, "Inner Unique": true, "Hash Cond": "(catalog_returns.cr_returned_date_sk = date_dim_3.d_date_sk)", "Workers": [], "Plans": [{"Node Type": "Seq Scan", "Parent Relationship": "Outer", "Parallel Aware": true, "Async Capable": false, "Relation Name": "catalog_returns", "Alias": "catalog_returns", "Startup Cost": 0.0, "Total Cost": 3724.45, "Plan Rows": 84745, "Plan Width": 20, "Actual Startup Time": 0.055, "Actual Total Time": 11.207, "Actual Rows": 72034, "Actual Loops": 2, "Workers": []}, {"Node Type": "Hash", "Parent Relationship": "Inner", "Parallel Aware": true, "Async Capable": false, "Startup Cost": 2049.55, "Total Cost": 2049.55, "Plan Rows": 20, "Plan Width": 4, "Actual Startup Time": 2.114, "Actual Total Time": 2.114, "Actual Rows": 16, "Actual Loops": 2, "Hash Buckets": 1024, "Original Hash Buckets": 1024, "Hash Batches": 1, "Original Hash Batches": 1, "Peak Memory Usage": 40, "Workers": [], "Plans": [{"Node Type": "Seq Scan", "Parent Relationship": "Outer", "Parallel Aware": true, "Async Capable": false, "Relation Name": "date_dim", "Alias": "date_dim_3", "Startup Cost": 0.0, "Total Cost": 2049.55, "Plan Rows": 20, "Plan Width": 4, "Actual Startup Time": 1.358, "Actual Total Time": 2.089, "Actual Rows": 16, "Actual Loops": 2, "Filter": "((d_date >= '2000-08-10'::date) AND (d_date <= '2000-09-09 00:00:00'::timestamp without time zone))", "Rows Removed by Filter": 36509, "Workers": []}]}]}]}]}]}]}]}]}]}, {"Node Type": "Merge Join", "Parent Relationship": "Member", "Parallel Aware": false, "Async Capable": false, "Join Type": "Left", "Startup Cost": 26610.93, "Total Cost": 29971.52, "Plan Rows": 60, "Plan Width": 132, "Actual Startup Time": 53.387, "Actual Total Time": 57.387, "Actual Rows": 30, "Actual Loops": 1, "Inner Unique": true, "Merge Cond": "(web_page.wp_web_page_sk = web_page_1.wp_web_page_sk)", "Plans": [{"Node Type": "Aggregate", "Strategy": "Sorted", "Partial Mode": "Finalize", "Parent Relationship": "Outer", "Parallel Aware": false, "Async Capable": false, "Startup Cost": 25610.49, "Total Cost": 25631.09, "Plan Rows": 60, "Plan Width": 68, "Actual Startup Time": 39.825, "Actual Total Time": 40.647, "Actual Rows": 30, "Actual Loops": 1, "Group Key": ["web_page.wp_web_page_sk"], "Plans": [{"Node Type": "Gather Merge", "Parent Relationship": "Outer", "Parallel Aware": false, "Async Capable": false, "Startup Cost": 25610.49, "Total Cost": 25628.69, "Plan Rows": 120, "Plan Width": 68, "Actual Startup Time": 39.782, "Actual Total Time": 40.594, "Actual Rows": 90, "Actual Loops": 1, "Workers Planned": 2, "Workers Launched": 2, "Plans": [{"Node Type": "Aggregate", "Strategy": "Sorted", "Partial Mode": "Partial", "Parent Relationship": "Outer", "Parallel Aware": false, "Async Capable": false, "Startup Cost": 24610.47, "Total Cost": 24614.82, "Plan Rows": 60, "Plan Width": 68, "Actual Startup Time": 37.541, "Actual Total Time": 38.381, "Actual Rows": 30, "Actual Loops": 3, "Group Key": ["web_page.wp_web_page_sk"], "Workers": [], "Plans": [{"Node Type": "Merge Join", "Parent Relationship": "Outer", "Parallel Aware": false, "Async Capable": false, "Join Type": "Inner", "Startup Cost": 24610.47, "Total Cost": 24612.87, "Plan Rows": 140, "Plan Width": 16, "Actual Startup Time": 37.492, "Actual Total Time": 38.004, "Actual Rows": 5318, "Actual Loops": 3, "Inner Unique": true, "Merge Cond": "(web_sales.ws_web_page_sk = web_page.wp_web_page_sk)", "Workers": [], "Plans": [{"Node Type": "Sort", "Parent Relationship": "Outer", "Parallel Aware": false, "Async Capable": false, "Startup Cost": 24606.09, "Total Cost": 24606.44, "Plan Rows": 140, "Plan Width": 16, "Actual Startup Time": 37.434, "Actual Total Time": 37.615, "Actual Rows": 5319, "Actual Loops": 3, "Sort Key": ["web_sales.ws_web_page_sk"], "Sort Method": "quicksort", "Sort Space Used": 598, "Sort Space Type": "Memory", "Workers": [{"Worker Number": 0, "Sort Method": "quicksort", "Sort Space Used": 570, "Sort Space Type": "Memory"}, {"Worker Number": 1, "Sort Method": "quicksort", "Sort Space Used": 613, "Sort Space Type": "Memory"}], "Plans": [{"Node Type": "Hash Join", "Parent Relationship": "Outer", "Parallel Aware": true, "Async Capable": false, "Join Type": "Inner", "Startup Cost": 2049.8, "Total Cost": 24601.1, "Plan Rows": 140, "Plan Width": 16, "Actual Startup Time": 1.837, "Actual Total Time": 36.821, "Actual Rows": 5319, "Actual Loops": 3, "Inner Unique": true, "Hash Cond": "(web_sales.ws_sold_date_sk = date_dim_4.d_date_sk)", "Workers": [], "Plans": [{"Node Type": "Seq Scan", "Parent Relationship": "Outer", "Parallel Aware": true, "Async Capable": false, "Relation Name": "web_sales", "Alias": "web_sales", "Startup Cost": 0.0, "Total Cost": 21764.43, "Plan Rows": 299743, "Plan Width": 20, "Actual Startup Time": 0.025, "Actual Total Time": 21.725, "Actual Rows": 239795, "Actual Loops": 3, "Workers": []}, {"Node Type": "Hash", "Parent Relationship": "Inner", "Parallel Aware": true, "Async Capable": false, "Startup Cost": 2049.55, "Total Cost": 2049.55, "Plan Rows": 20, "Plan Width": 4, "Actual Startup Time": 1.697, "Actual Total Time": 1.698, "Actual Rows": 10, "Actual Loops": 3, "Hash Buckets": 1024, "Original Hash Buckets": 1024, "Hash Batches": 1, "Original Hash Batches": 1, "Peak Memory Usage": 40, "Workers": [], "Plans": [{"Node Type": "Seq Scan", "Parent Relationship": "Outer", "Parallel Aware": true, "Async Capable": false, "Relation Name": "date_dim", "Alias": "date_dim_4", "Startup Cost": 0.0, "Total Cost": 2049.55, "Plan Rows": 20, "Plan Width": 4, "Actual Startup Time": 1.132, "Actual Total Time": 1.69, "Actual Rows": 10, "Actual Loops": 3, "Filter": "((d_date >= '2000-08-10'::date) AND (d_date <= '2000-09-09 00:00:00'::timestamp without time zone))", "Rows Removed by Filter": 24339, "Workers": []}]}]}]}, {"Node Type": "Sort", "Parent Relationship": "Inner", "Parallel Aware": false, "Async Capable": false, "Startup Cost": 4.37, "Total Cost": 4.52, "Plan Rows": 60, "Plan Width": 4, "Actual Startup Time": 0.055, "Actual Total Time": 0.056, "Actual Rows": 59, "Actual Loops": 3, "Sort Key": ["web_page.wp_web_page_sk"], "Sort Method": "quicksort", "Sort Space Used": 27, "Sort Space Type": "Memory", "Workers": [{"Worker Number": 0, "Sort Method": "quicksort", "Sort Space Used": 27, "Sort Space Type": "Memory"}, {"Worker Number": 1, "Sort Method": "quicksort", "Sort Space Used": 27, "Sort Space Type": "Memory"}], "Plans": [{"Node Type": "Seq Scan", "Parent Relationship": "Outer", "Parallel Aware": false, "Async Capable": false, "Relation Name": "web_page", "Alias": "web_page", "Startup Cost": 0.0, "Total Cost": 2.6, "Plan Rows": 60, "Plan Width": 4, "Actual Startup Time": 0.041, "Actual Total Time": 0.045, "Actual Rows": 60, "Actual Loops": 3, "Workers": []}]}]}]}]}]}, {"Node Type": "Aggregate", "Strategy": "Sorted", "Partial Mode": "Simple", "Parent Relationship": "Inner", "Parallel Aware": false, "Async Capable": false, "Startup Cost": 1000.44, "Total Cost": 4338.83, "Plan Rows": 31, "Plan Width": 68, "Actual Startup Time": 13.558, "Actual Total Time": 16.729, "Actual Rows": 40, "Actual Loops": 1, "Group Key": ["web_page_1.wp_web_page_sk"], "Plans": [{"Node Type": "Nested Loop", "Parent Relationship": "Outer", "Parallel Aware": false, "Async Capable": false, "Join Type": "Inner", "Startup Cost": 1000.44, "Total Cost": 4338.13, "Plan Rows": 31, "Plan Width": 16, "Actual Startup Time": 2.099, "Actual Total Time": 16.631, "Actual Rows": 1061, "Actual Loops": 1, "Inner Unique": false, "Join Filter": "(web_returns.wr_web_page_sk = web_page_1.wp_web_page_sk)", "Rows Removed by Join Filter": 64699, "Plans": [{"Node Type": "Index Only Scan", "Parent Relationship": "Outer", "Parallel Aware": false, "Async Capable": false, "Scan Direction": "Forward", "Index Name": "web_page_pkey", "Relation Name": "web_page", "Alias": "web_page_1", "Startup Cost": 0.14, "Total Cost": 9.04, "Plan Rows": 60, "Plan Width": 4, "Actual Startup Time": 0.006, "Actual Total Time": 0.011, "Actual Rows": 60, "Actual Loops": 1, "Heap Fetches": 0}, {"Node Type": "Materialize", "Parent Relationship": "Inner", "Parallel Aware": false, "Async Capable": false, "Startup Cost": 1000.3, "Total Cost": 4300.37, "Plan Rows": 32, "Plan Width": 16, "Actual Startup Time": 0.009, "Actual Total Time": 0.244, "Actual Rows": 1096, "Actual Loops": 60, "Plans": [{"Node Type": "Gather", "Parent Relationship": "Outer", "Parallel Aware": false, "Async Capable": false, "Startup Cost": 1000.3, "Total Cost": 4300.21, "Plan Rows": 32, "Plan Width": 16, "Actual Startup Time": 0.517, "Actual Total Time": 13.357, "Actual Rows": 1096, "Actual Loops": 1, "Workers Planned": 1, "Workers Launched": 1, "Single Copy": false, "Plans": [{"Node Type": "Nested Loop", "Parent Relationship": "Outer", "Parallel Aware": false, "Async Capable": false, "Join Type": "Inner", "Startup Cost": 0.3, "Total Cost": 3297.01, "Plan Rows": 19, "Plan Width": 16, "Actual Startup Time": 0.426, "Actual Total Time": 12.061, "Actual Rows": 548, "Actual Loops": 2, "Inner Unique": true, "Workers": [], "Plans": [{"Node Type": "Seq Scan", "Parent Relationship": "Outer", "Parallel Aware": true, "Async Capable": false, "Relation Name": "web_returns", "Alias": "web_returns", "Startup Cost": 0.0, "Total Cost": 1749.14, "Plan Rows": 42214, "Plan Width": 20, "Actual Startup Time": 0.016, "Actual Total Time": 4.162, "Actual Rows": 35882, "Actual Loops": 2, "Workers": []}, {"Node Type": "Memoize", "Parent Relationship": "Inner", "Parallel Aware": false, "Async Capable": false, "Startup Cost": 0.3, "Total Cost": 0.41, "Plan Rows": 1, "Plan Width": 4, "Actual Startup Time": 0.0, "Actual Total Time": 0.0, "Actual Rows": 0, "Actual Loops": 71763, "Cache Key": "web_returns.wr_returned_date_sk", "Cache Mode": "logical", "Cache Hits": 38774, "Cache Misses": 2095, "Cache Evictions": 0, "Cache Overflows": 0, "Peak Memory Usage": 141, "Workers": [{"Worker Number": 0, "Cache Hits": 28829, "Cache Misses": 2065, "Cache Evictions": 0, "Cache Overflows": 0, "Peak Memory Usage": 139}], "Plans": [{"Node Type": "Index Scan", "Parent Relationship": "Outer", "Parallel Aware": false, "Async Capable": false, "Scan Direction": "Forward", "Index Name": "date_dim_pkey", "Relation Name": "date_dim", "Alias": "date_dim_5", "Startup Cost": 0.29, "Total Cost": 0.4, "Plan Rows": 1, "Plan Width": 4, "Actual Startup Time": 0.001, "Actual Total Time": 0.001, "Actual Rows": 0, "Actual Loops": 4160, "Index Cond": "(d_date_sk = web_returns.wr_returned_date_sk)", "Rows Removed by Index Recheck": 0, "Filter": "((d_date >= '2000-08-10'::date) AND (d_date <= '2000-09-09 00:00:00'::timestamp without time zone))", "Rows Removed by Filter": 1, "Workers": []}]}]}]}]}]}]}]}]}]}]}]}, "Planning Time": 0.564, "Triggers": [], "Execution Time": 370.196}]