[{"Plan": {"Node Type": "Limit", "Parallel Aware": false, "Async Capable": false, "Startup Cost": 148552.59, "Total Cost": 148562.02, "Plan Rows": 100, "Plan Width": 180, "Actual Startup Time": 1990.798, "Actual Total Time": 2040.235, "Actual Rows": 100, "Actual Loops": 1, "Plans": [{"Node Type": "Incremental Sort", "Parent Relationship": "Outer", "Parallel Aware": false, "Async Capable": false, "Startup Cost": 148552.59, "Total Cost": 148590.32, "Plan Rows": 400, "Plan Width": 180, "Actual Startup Time": 1990.797, "Actual Total Time": 2040.23, "Actual Rows": 100, "Actual Loops": 1, "Sort Key": ["store_sales.ss_customer_sk", "(sum(store_sales.ss_quantity)) DESC", "(sum(store_sales.ss_wholesale_cost)) DESC", "(sum(store_sales.ss_sales_price)) DESC", "((COALESCE(ws.ws_qty, '0'::bigint) + COALESCE((sum(catalog_sales.cs_quantity)), '0'::bigint)))", "((COALESCE(ws.ws_wc, '0'::numeric) + COALESCE((sum(catalog_sales.cs_wholesale_cost)), '0'::numeric)))", "((COALESCE(ws.ws_sp, '0'::numeric) + COALESCE((sum(catalog_sales.cs_sales_price)), '0'::numeric)))", "(round((((sum(store_sales.ss_quantity)) / (COALESCE(ws.ws_qty, '0'::bigint) + COALESCE((sum(catalog_sales.cs_quantity)), '0'::bigint))))::numeric, 2))"], "Presorted Key": ["store_sales.ss_customer_sk"], "Full-sort Groups": {"Group Count": 4, "Sort Methods Used": ["quicksort"], "Sort Space Memory": {"Average Sort Space Used": 29, "Peak Sort Space Used": 29}}, "Plans": [{"Node Type": "Merge Join", "Parent Relationship": "Outer", "Parallel Aware": false, "Async Capable": false, "Join Type": "Left", "Startup Cost": 148552.44, "Total Cost": 148576.06, "Plan Rows": 400, "Plan Width": 180, "Actual Startup Time": 1964.587, "Actual Total Time": 2040.185, "Actual Rows": 101, "Actual Loops": 1, "Inner Unique": true, "Merge Cond": "((store_sales.ss_customer_sk = ws.ws_customer_sk) AND (store_sales.ss_item_sk = ws.ws_item_sk))", "Join Filter": "(ws.ws_sold_year = date_dim.d_year)", "Rows Removed by Join Filter": 0, "Filter": "((COALESCE(ws.ws_qty, '0'::bigint) > 0) OR (COALESCE((sum(catalog_sales.cs_quantity)), '0'::bigint) > 0))", "Rows Removed by Filter": 287349, "Plans": [{"Node Type": "Sort", "Parent Relationship": "Outer", "Parallel Aware": false, "Async Capable": false, "Startup Cost": 122260.98, "Total Cost": 122262.78, "Plan Rows": 720, "Plan Width": 156, "Actual Startup Time": 1664.331, "Actual Total Time": 1710.888, "Actual Rows": 287450, "Actual Loops": 1, "Sort Key": ["store_sales.ss_customer_sk", "store_sales.ss_item_sk"], "Sort Method": "external merge", "Sort Space Used": 27488, "Sort Space Type": "Disk", "Plans": [{"Node Type": "Merge Join", "Parent Relationship": "Outer", "Parallel Aware": false, "Async Capable": false, "Join Type": "Left", "Startup Cost": 121697.91, "Total Cost": 122226.8, "Plan Rows": 720, "Plan Width": 156, "Actual Startup Time": 694.206, "Actual Total Time": 1501.939, "Actual Rows": 490437, "Actual Loops": 1, "Inner Unique": true, "Merge Cond": "((store_sales.ss_item_sk = catalog_sales.cs_item_sk) AND (store_sales.ss_customer_sk = catalog_sales.cs_bill_customer_sk))", "Join Filter": "(date_dim_1.d_year = date_dim.d_year)", "Rows Removed by Join Filter": 0, "Plans": [{"Node Type": "Aggregate", "Strategy": "Sorted", "Partial Mode": "Finalize", "Parent Relationship": "Outer", "Parallel Aware": false, "Async Capable": false, "Startup Cost": 72382.46, "Total Cost": 72484.26, "Plan Rows": 720, "Plan Width": 84, "Actual Startup Time": 469.71, "Actual Total Time": 944.213, "Actual Rows": 490437, "Actual Loops": 1, "Group Key": ["date_dim.d_year", "store_sales.ss_item_sk", "store_sales.ss_customer_sk"], "Plans": [{"Node Type": "Gather Merge", "Parent Relationship": "Outer", "Parallel Aware": false, "Async Capable": false, "Startup Cost": 72382.46, "Total Cost": 72461.46, "Plan Rows": 600, "Plan Width": 84, "Actual Startup Time": 469.705, "Actual Total Time": 634.985, "Actual Rows": 493517, "Actual Loops": 1, "Workers Planned": 2, "Workers Launched": 2, "Plans": [{"Node Type": "Aggregate", "Strategy": "Sorted", "Partial Mode": "Partial", "Parent Relationship": "Outer", "Parallel Aware": false, "Async Capable": false, "Startup Cost": 71382.44, "Total Cost": 71392.19, "Plan Rows": 300, "Plan Width": 84, "Actual Startup Time": 467.689, "Actual Total Time": 577.385, "Actual Rows": 164506, "Actual Loops": 3, "Group Key": ["date_dim.d_year", "store_sales.ss_item_sk", "store_sales.ss_customer_sk"], "Workers": [], "Plans": [{"Node Type": "Sort", "Parent Relationship": "Outer", "Parallel Aware": false, "Async Capable": false, "Startup Cost": 71382.44, "Total Cost": 71383.19, "Plan Rows": 300, "Plan Width": 28, "Actual Startup Time": 467.674, "Actual Total Time": 483.494, "Actual Rows": 165252, "Actual Loops": 3, "Sort Key": ["store_sales.ss_item_sk", "store_sales.ss_customer_sk"], "Sort Method": "external merge", "Sort Space Used": 6464, "Sort Space Type": "Disk", "Workers": [{"Worker Number": 0, "Sort Method": "external merge", "Sort Space Used": 6368, "Sort Space Type": "Disk"}, {"Worker Number": 1, "Sort Method": "external merge", "Sort Space Used": 6352, "Sort Space Type": "Disk"}], "Plans": [{"Node Type": "Nested Loop", "Parent Relationship": "Outer", "Parallel Aware": false, "Async Capable": false, "Join Type": "Anti", "Startup Cost": 1945.21, "Total Cost": 71370.09, "Plan Rows": 300, "Plan Width": 28, "Actual Startup Time": 2.011, "Actual Total Time": 418.184, "Actual Rows": 165252, "Actual Loops": 3, "Inner Unique": false, "Workers": [], "Plans": [{"Node Type": "Hash Join", "Parent Relationship": "Outer", "Parallel Aware": true, "Async Capable": false, "Join Type": "Inner", "Startup Cost": 1944.79, "Total Cost": 68793.01, "Plan Rows": 5683, "Plan Width": 32, "Actual Startup Time": 1.715, "Actual Total Time": 141.215, "Actual Rows": 183532, "Actual Loops": 3, "Inner Unique": true, "Hash Cond": "(store_sales.ss_sold_date_sk = date_dim.d_date_sk)", "Workers": [], "Plans": [{"Node Type": "Seq Scan", "Parent Relationship": "Outer", "Parallel Aware": true, "Async Capable": false, "Relation Name": "store_sales", "Alias": "store_sales", "Startup Cost": 0.0, "Total Cost": 63697.62, "Plan Rows": 1200162, "Plan Width": 32, "Actual Startup Time": 0.027, "Actual Total Time": 68.407, "Actual Rows": 960135, "Actual Loops": 3, "Workers": []}, {"Node Type": "Hash", "Parent Relationship": "Inner", "Parallel Aware": true, "Async Capable": false, "Startup Cost": 1942.12, "Total Cost": 1942.12, "Plan Rows": 213, "Plan Width": 8, "Actual Startup Time": 1.649, "Actual Total Time": 1.649, "Actual Rows": 122, "Actual Loops": 3, "Hash Buckets": 1024, "Original Hash Buckets": 1024, "Hash Batches": 1, "Original Hash Batches": 1, "Peak Memory Usage": 40, "Workers": [], "Plans": [{"Node Type": "Seq Scan", "Parent Relationship": "Outer", "Parallel Aware": true, "Async Capable": false, "Relation Name": "date_dim", "Alias": "date_dim", "Startup Cost": 0.0, "Total Cost": 1942.12, "Plan Rows": 213, "Plan Width": 8, "Actual Startup Time": 1.242, "Actual Total Time": 1.623, "Actual Rows": 122, "Actual Loops": 3, "Filter": "(d_year = 1998)", "Rows Removed by Filter": 24228, "Workers": []}]}]}, {"Node Type": "Index Only Scan", "Parent Relationship": "Inner", "Parallel Aware": false, "Async Capable": false, "Scan Direction": "Forward", "Index Name": "store_returns_pkey", "Relation Name": "store_returns", "Alias": "store_returns", "Startup Cost": 0.42, "Total Cost": 0.44, "Plan Rows": 1, "Plan Width": 8, "Actual Startup Time": 0.001, "Actual Total Time": 0.001, "Actual Rows": 0, "Actual Loops": 550596, "Index Cond": "((sr_item_sk = store_sales.ss_item_sk) AND (sr_ticket_number = store_sales.ss_ticket_number))", "Rows Removed by Index Recheck": 0, "Heap Fetches": 0, "Workers": []}]}]}]}]}]}, {"Node Type": "Materialize", "Parent Relationship": "Inner", "Parallel Aware": false, "Async Capable": false, "Startup Cost": 49315.45, "Total Cost": 49718.07, "Plan Rows": 2617, "Plan Width": 84, "Actual Startup Time": 224.493, "Actual Total Time": 510.29, "Actual Rows": 257020, "Actual Loops": 1, "Plans": [{"Node Type": "Aggregate", "Strategy": "Sorted", "Partial Mode": "Finalize", "Parent Relationship": "Outer", "Parallel Aware": false, "Async Capable": false, "Startup Cost": 49315.45, "Total Cost": 49685.36, "Plan Rows": 2617, "Plan Width": 84, "Actual Startup Time": 224.491, "Actual Total Time": 470.063, "Actual Rows": 257020, "Actual Loops": 1, "Group Key": ["date_dim_1.d_year", "catalog_sales.cs_item_sk", "catalog_sales.cs_bill_customer_sk"], "Plans": [{"Node Type": "Gather Merge", "Parent Relationship": "Outer", "Parallel Aware": false, "Async Capable": false, "Startup Cost": 49315.45, "Total Cost": 49602.5, "Plan Rows": 2180, "Plan Width": 84, "Actual Startup Time": 224.486, "Actual Total Time": 310.443, "Actual Rows": 257039, "Actual Loops": 1, "Workers Planned": 2, "Workers Launched": 2, "Plans": [{"Node Type": "Aggregate", "Strategy": "Sorted", "Partial Mode": "Partial", "Parent Relationship": "Outer", "Parallel Aware": false, "Async Capable": false, "Startup Cost": 48315.43, "Total Cost": 48350.85, "Plan Rows": 1090, "Plan Width": 84, "Actual Startup Time": 222.38, "Actual Total Time": 278.348, "Actual Rows": 85680, "Actual Loops": 3, "Group Key": ["date_dim_1.d_year", "catalog_sales.cs_item_sk", "catalog_sales.cs_bill_customer_sk"], "Workers": [], "Plans": [{"Node Type": "Sort", "Parent Relationship": "Outer", "Parallel Aware": false, "Async Capable": false, "Startup Cost": 48315.43, "Total Cost": 48318.15, "Plan Rows": 1090, "Plan Width": 28, "Actual Startup Time": 222.367, "Actual Total Time": 228.936, "Actual Rows": 85687, "Actual Loops": 3, "Sort Key": ["catalog_sales.cs_item_sk", "catalog_sales.cs_bill_customer_sk"], "Sort Method": "external merge", "Sort Space Used": 3360, "Sort Space Type": "Disk", "Workers": [{"Worker Number": 0, "Sort Method": "external merge", "Sort Space Used": 3368, "Sort Space Type": "Disk"}, {"Worker Number": 1, "Sort Method": "external merge", "Sort Space Used": 3320, "Sort Space Type": "Disk"}], "Plans": [{"Node Type": "Nested Loop", "Parent Relationship": "Outer", "Parallel Aware": false, "Async Capable": false, "Join Type": "Anti", "Startup Cost": 1945.21, "Total Cost": 48260.43, "Plan Rows": 1090, "Plan Width": 28, "Actual Startup Time": 1.92, "Actual Total Time": 194.602, "Actual Rows": 85687, "Actual Loops": 3, "Inner Unique": false, "Workers": [], "Plans": [{"Node Type": "Hash Join", "Parent Relationship": "Outer", "Parallel Aware": true, "Async Capable": false, "Join Type": "Inner", "Startup Cost": 1944.79, "Total Cost": 46933.33, "Plan Rows": 2963, "Plan Width": 32, "Actual Startup Time": 1.792, "Actual Total Time": 84.761, "Actual Rows": 95229, "Actual Loops": 3, "Inner Unique": true, "Hash Cond": "(catalog_sales.cs_sold_date_sk = date_dim_1.d_date_sk)", "Workers": [], "Plans": [{"Node Type": "Seq Scan", "Parent Relationship": "Outer", "Parallel Aware": true, "Async Capable": false, "Relation Name": "catalog_sales", "Alias": "catalog_sales", "Startup Cost": 0.0, "Total Cost": 43411.7, "Plan Rows": 600670, "Plan Width": 32, "Actual Startup Time": 0.026, "Actual Total Time": 43.494, "Actual Rows": 480516, "Actual Loops": 3, "Workers": []}, {"Node Type": "Hash", "Parent Relationship": "Inner", "Parallel Aware": true, "Async Capable": false, "Startup Cost": 1942.12, "Total Cost": 1942.12, "Plan Rows": 213, "Plan Width": 8, "Actual Startup Time": 1.721, "Actual Total Time": 1.721, "Actual Rows": 122, "Actual Loops": 3, "Hash Buckets": 1024, "Original Hash Buckets": 1024, "Hash Batches": 1, "Original Hash Batches": 1, "Peak Memory Usage": 40, "Workers": [], "Plans": [{"Node Type": "Seq Scan", "Parent Relationship": "Outer", "Parallel Aware": true, "Async Capable": false, "Relation Name": "date_dim", "Alias": "date_dim_1", "Startup Cost": 0.0, "Total Cost": 1942.12, "Plan Rows": 213, "Plan Width": 8, "Actual Startup Time": 1.242, "Actual Total Time": 1.681, "Actual Rows": 122, "Actual Loops": 3, "Filter": "(d_year = 1998)", "Rows Removed by Filter": 24228, "Workers": []}]}]}, {"Node Type": "Index Only Scan", "Parent Relationship": "Inner", "Parallel Aware": false, "Async Capable": false, "Scan Direction": "Forward", "Index Name": "catalog_returns_pkey", "Relation Name": "catalog_returns", "Alias": "catalog_returns", "Startup Cost": 0.42, "Total Cost": 0.44, "Plan Rows": 1, "Plan Width": 8, "Actual Startup Time": 0.001, "Actual Total Time": 0.001, "Actual Rows": 0, "Actual Loops": 285688, "Index Cond": "((cr_item_sk = catalog_sales.cs_item_sk) AND (cr_order_number = catalog_sales.cs_order_number))", "Rows Removed by Index Recheck": 0, "Heap Fetches": 0, "Workers": []}]}]}]}]}]}]}]}]}, {"Node Type": "Sort", "Parent Relationship": "Inner", "Parallel Aware": false, "Async Capable": false, "Startup Cost": 26291.47, "Total Cost": 26295.06, "Plan Rows": 1435, "Plan Width": 84, "Actual Startup Time": 298.219, "Actual Total Time": 303.714, "Actual Rows": 76673, "Actual Loops": 1, "Sort Key": ["ws.ws_customer_sk", "ws.ws_item_sk"], "Sort Method": "external sort", "Sort Space Used": 6288, "Sort Space Type": "Disk", "Plans": [{"Node Type": "Subquery Scan", "Parent Relationship": "Outer", "Parallel Aware": false, "Async Capable": false, "Alias": "ws", "Startup Cost": 25998.95, "Total Cost": 26216.23, "Plan Rows": 1435, "Plan Width": 84, "Actual Startup Time": 112.811, "Actual Total Time": 235.948, "Actual Rows": 128881, "Actual Loops": 1, "Plans": [{"Node Type": "Aggregate", "Strategy": "Sorted", "Partial Mode": "Finalize", "Parent Relationship": "Subquery", "Parallel Aware": false, "Async Capable": false, "Startup Cost": 25998.95, "Total Cost": 26201.88, "Plan Rows": 1435, "Plan Width": 84, "Actual Startup Time": 112.81, "Actual Total Time": 230.763, "Actual Rows": 128881, "Actual Loops": 1, "Group Key": ["date_dim_2.d_year", "web_sales.ws_item_sk", "web_sales.ws_bill_customer_sk"], "Plans": [{"Node Type": "Gather Merge", "Parent Relationship": "Outer", "Parallel Aware": false, "Async Capable": false, "Startup Cost": 25998.95, "Total Cost": 26156.43, "Plan Rows": 1196, "Plan Width": 84, "Actual Startup Time": 112.804, "Actual Total Time": 152.591, "Actual Rows": 128881, "Actual Loops": 1, "Workers Planned": 2, "Workers Launched": 2, "Plans": [{"Node Type": "Aggregate", "Strategy": "Sorted", "Partial Mode": "Partial", "Parent Relationship": "Outer", "Parallel Aware": false, "Async Capable": false, "Startup Cost": 24998.92, "Total Cost": 25018.36, "Plan Rows": 598, "Plan Width": 84, "Actual Startup Time": 110.634, "Actual Total Time": 135.798, "Actual Rows": 42960, "Actual Loops": 3, "Group Key": ["date_dim_2.d_year", "web_sales.ws_item_sk", "web_sales.ws_bill_customer_sk"], "Workers": [], "Plans": [{"Node Type": "Sort", "Parent Relationship": "Outer", "Parallel Aware": false, "Async Capable": false, "Startup Cost": 24998.92, "Total Cost": 25000.42, "Plan Rows": 598, "Plan Width": 28, "Actual Startup Time": 110.621, "Actual Total Time": 112.901, "Actual Rows": 42960, "Actual Loops": 3, "Sort Key": ["web_sales.ws_item_sk", "web_sales.ws_bill_customer_sk"], "Sort Method": "external merge", "Sort Space Used": 1720, "Sort Space Type": "Disk", "Workers": [{"Worker Number": 0, "Sort Method": "external merge", "Sort Space Used": 1664, "Sort Space Type": "Disk"}, {"Worker Number": 1, "Sort Method": "external merge", "Sort Space Used": 1664, "Sort Space Type": "Disk"}], "Plans": [{"Node Type": "Nested Loop", "Parent Relationship": "Outer", "Parallel Aware": false, "Async Capable": false, "Join Type": "Anti", "Startup Cost": 1945.08, "Total Cost": 24971.34, "Plan Rows": 598, "Plan Width": 28, "Actual Startup Time": 1.796, "Actual Total Time": 96.609, "Actual Rows": 42960, "Actual Loops": 3, "Inner Unique": false, "Workers": [], "Plans": [{"Node Type": "Hash Join", "Parent Relationship": "Outer", "Parallel Aware": true, "Async Capable": false, "Join Type": "Inner", "Startup Cost": 1944.79, "Total Cost": 24496.09, "Plan Rows": 1485, "Plan Width": 32, "Actual Startup Time": 1.743, "Actual Total Time": 43.483, "Actual Rows": 47700, "Actual Loops": 3, "Inner Unique": true, "Hash Cond": "(web_sales.ws_sold_date_sk = date_dim_2.d_date_sk)", "Workers": [], "Plans": [{"Node Type": "Seq Scan", "Parent Relationship": "Outer", "Parallel Aware": true, "Async Capable": false, "Relation Name": "web_sales", "Alias": "web_sales", "Startup Cost": 0.0, "Total Cost": 21764.43, "Plan Rows": 299743, "Plan Width": 32, "Actual Startup Time": 0.027, "Actual Total Time": 22.492, "Actual Rows": 239795, "Actual Loops": 3, "Workers": []}, {"Node Type": "Hash", "Parent Relationship": "Inner", "Parallel Aware": true, "Async Capable": false, "Startup Cost": 1942.12, "Total Cost": 1942.12, "Plan Rows": 213, "Plan Width": 8, "Actual Startup Time": 1.673, "Actual Total Time": 1.673, "Actual Rows": 122, "Actual Loops": 3, "Hash Buckets": 1024, "Original Hash Buckets": 1024, "Hash Batches": 1, "Original Hash Batches": 1, "Peak Memory Usage": 40, "Workers": [], "Plans": [{"Node Type": "Seq Scan", "Parent Relationship": "Outer", "Parallel Aware": true, "Async Capable": false, "Relation Name": "date_dim", "Alias": "date_dim_2", "Startup Cost": 0.0, "Total Cost": 1942.12, "Plan Rows": 213, "Plan Width": 8, "Actual Startup Time": 1.211, "Actual Total Time": 1.633, "Actual Rows": 122, "Actual Loops": 3, "Filter": "(d_year = 1998)", "Rows Removed by Filter": 24228, "Workers": []}]}]}, {"Node Type": "Index Only Scan", "Parent Relationship": "Inner", "Parallel Aware": false, "Async Capable": false, "Scan Direction": "Forward", "Index Name": "web_returns_pkey", "Relation Name": "web_returns", "Alias": "web_returns", "Startup Cost": 0.29, "Total Cost": 0.31, "Plan Rows": 1, "Plan Width": 8, "Actual Startup Time": 0.001, "Actual Total Time": 0.001, "Actual Rows": 0, "Actual Loops": 143100, "Index Cond": "((wr_item_sk = web_sales.ws_item_sk) AND (wr_order_number = web_sales.ws_order_number))", "Rows Removed by Index Recheck": 0, "Heap Fetches": 0, "Workers": []}]}]}]}]}]}]}]}]}]}]}, "Planning Time": 0.666, "Triggers": [], "Execution Time": 2043.936}]