[{"Plan": {"Node Type": "Limit", "Parallel Aware": false, "Async Capable": false, "Startup Cost": 77145.16, "Total Cost": 77145.41, "Plan Rows": 100, "Plan Width": 152, "Actual Startup Time": 220.017, "Actual Total Time": 220.076, "Actual Rows": 100, "Actual Loops": 1, "Plans": [{"Node Type": "Sort", "Parent Relationship": "Outer", "Parallel Aware": false, "Async Capable": false, "Startup Cost": 77145.16, "Total Cost": 77156.43, "Plan Rows": 4509, "Plan Width": 152, "Actual Startup Time": 220.017, "Actual Total Time": 220.072, "Actual Rows": 100, "Actual Loops": 1, "Sort Key": ["customer.c_last_name", "customer.c_first_name", "(substr((ms.s_city)::text, 1, 30))", "ms.profit"], "Sort Method": "top-N heapsort", "Sort Space Used": 49, "Sort Space Type": "Memory", "Plans": [{"Node Type": "Merge Join", "Parent Relationship": "Outer", "Parallel Aware": false, "Async Capable": false, "Join Type": "Inner", "Startup Cost": 71263.58, "Total Cost": 76972.83, "Plan Rows": 4509, "Plan Width": 152, "Actual Startup Time": 196.727, "Actual Total Time": 211.404, "Actual Rows": 15188, "Actual Loops": 1, "Inner Unique": false, "Merge Cond": "(customer.c_customer_sk = ms.ss_customer_sk)", "Plans": [{"Node Type": "Index Scan", "Parent Relationship": "Outer", "Parallel Aware": false, "Async Capable": false, "Scan Direction": "Forward", "Index Name": "customer_pkey", "Relation Name": "customer", "Alias": "customer", "Startup Cost": 0.29, "Total Cost": 5380.63, "Plan Rows": 100000, "Plan Width": 56, "Actual Startup Time": 0.004, "Actual Total Time": 8.217, "Actual Rows": 99992, "Actual Loops": 1}, {"Node Type": "Sort", "Parent Relationship": "Inner", "Parallel Aware": false, "Async Capable": false, "Startup Cost": 71263.29, "Total Cost": 71274.56, "Plan Rows": 4509, "Plan Width": 79, "Actual Startup Time": 196.711, "Actual Total Time": 197.539, "Actual Rows": 15189, "Actual Loops": 1, "Sort Key": ["ms.ss_customer_sk"], "Sort Method": "quicksort", "Sort Space Used": 1633, "Sort Space Type": "Memory", "Plans": [{"Node Type": "Subquery Scan", "Parent Relationship": "Outer", "Parallel Aware": false, "Async Capable": false, "Alias": "ms", "Startup Cost": 70306.91, "Total Cost": 70989.63, "Plan Rows": 4509, "Plan Width": 79, "Actual Startup Time": 168.741, "Actual Total Time": 194.098, "Actual Rows": 16169, "Actual Loops": 1, "Plans": [{"Node Type": "Aggregate", "Strategy": "Sorted", "Partial Mode": "Finalize", "Parent Relationship": "Subquery", "Parallel Aware": false, "Async Capable": false, "Startup Cost": 70306.91, "Total Cost": 70944.54, "Plan Rows": 4509, "Plan Width": 83, "Actual Startup Time": 168.74, "Actual Total Time": 193.43, "Actual Rows": 16169, "Actual Loops": 1, "Group Key": ["store_sales.ss_ticket_number", "store_sales.ss_customer_sk", "store_sales.ss_addr_sk", "store.s_city"], "Plans": [{"Node Type": "Gather Merge", "Parent Relationship": "Outer", "Parallel Aware": false, "Async Capable": false, "Startup Cost": 70306.91, "Total Cost": 70801.74, "Plan Rows": 3758, "Plan Width": 83, "Actual Startup Time": 168.735, "Actual Total Time": 182.608, "Actual Rows": 16274, "Actual Loops": 1, "Workers Planned": 2, "Workers Launched": 2, "Plans": [{"Node Type": "Aggregate", "Strategy": "Sorted", "Partial Mode": "Partial", "Parent Relationship": "Outer", "Parallel Aware": false, "Async Capable": false, "Startup Cost": 69306.88, "Total Cost": 69367.95, "Plan Rows": 1879, "Plan Width": 83, "Actual Startup Time": 166.785, "Actual Total Time": 178.722, "Actual Rows": 5425, "Actual Loops": 3, "Group Key": ["store_sales.ss_ticket_number", "store_sales.ss_customer_sk", "store_sales.ss_addr_sk", "store.s_city"], "Workers": [], "Plans": [{"Node Type": "Sort", "Parent Relationship": "Outer", "Parallel Aware": false, "Async Capable": false, "Startup Cost": 69306.88, "Total Cost": 69311.58, "Plan Rows": 1879, "Plan Width": 28, "Actual Startup Time": 166.768, "Actual Total Time": 169.247, "Actual Rows": 54319, "Actual Loops": 3, "Sort Key": ["store_sales.ss_ticket_number", "store_sales.ss_customer_sk", "store_sales.ss_addr_sk", "store.s_city"], "Sort Method": "external merge", "Sort Space Used": 2272, "Sort Space Type": "Disk", "Workers": [{"Worker Number": 0, "Sort Method": "external merge", "Sort Space Used": 2152, "Sort Space Type": "Disk"}, {"Worker Number": 1, "Sort Method": "external merge", "Sort Space Used": 2200, "Sort Space Type": "Disk"}], "Plans": [{"Node Type": "Hash Join", "Parent Relationship": "Outer", "Parallel Aware": false, "Async Capable": false, "Join Type": "Inner", "Startup Cost": 2343.23, "Total Cost": 69204.71, "Plan Rows": 1879, "Plan Width": 28, "Actual Startup Time": 2.69, "Actual Total Time": 148.704, "Actual Rows": 54319, "Actual Loops": 3, "Inner Unique": true, "Hash Cond": "(store_sales.ss_store_sk = store.s_store_sk)", "Workers": [], "Plans": [{"Node Type": "Hash Join", "Parent Relationship": "Outer", "Parallel Aware": false, "Async Capable": false, "Join Type": "Inner", "Startup Cost": 2341.9, "Total Cost": 69196.47, "Plan Rows": 1965, "Plan Width": 25, "Actual Startup Time": 2.659, "Actual Total Time": 143.939, "Actual Rows": 66131, "Actual Loops": 3, "Inner Unique": true, "Hash Cond": "(store_sales.ss_hdemo_sk = household_demographics.hd_demo_sk)", "Workers": [], "Plans": [{"Node Type": "Hash Join", "Parent Relationship": "Outer", "Parallel Aware": true, "Async Capable": false, "Join Type": "Inner", "Startup Cost": 2104.4, "Total Cost": 68952.62, "Plan Rows": 2418, "Plan Width": 29, "Actual Startup Time": 1.808, "Actual Total Time": 136.152, "Actual Rows": 79713, "Actual Loops": 3, "Inner Unique": true, "Hash Cond": "(store_sales.ss_sold_date_sk = date_dim.d_date_sk)", "Workers": [], "Plans": [{"Node Type": "Seq Scan", "Parent Relationship": "Outer", "Parallel Aware": true, "Async Capable": false, "Relation Name": "store_sales", "Alias": "store_sales", "Startup Cost": 0.0, "Total Cost": 63697.62, "Plan Rows": 1200162, "Plan Width": 33, "Actual Startup Time": 0.029, "Actual Total Time": 69.818, "Actual Rows": 960135, "Actual Loops": 3, "Workers": []}, {"Node Type": "Hash", "Parent Relationship": "Inner", "Parallel Aware": true, "Async Capable": false, "Startup Cost": 2103.26, "Total Cost": 2103.26, "Plan Rows": 91, "Plan Width": 4, "Actual Startup Time": 1.756, "Actual Total Time": 1.756, "Actual Rows": 52, "Actual Loops": 3, "Hash Buckets": 1024, "Original Hash Buckets": 1024, "Hash Batches": 1, "Original Hash Batches": 1, "Peak Memory Usage": 104, "Workers": [], "Plans": [{"Node Type": "Seq Scan", "Parent Relationship": "Outer", "Parallel Aware": true, "Async Capable": false, "Relation Name": "date_dim", "Alias": "date_dim", "Startup Cost": 0.0, "Total Cost": 2103.26, "Plan Rows": 91, "Plan Width": 4, "Actual Startup Time": 0.765, "Actual Total Time": 1.728, "Actual Rows": 52, "Actual Loops": 3, "Filter": "((d_dow = 1) AND (d_year = ANY ('{2000,2001,2002}'::integer[])))", "Rows Removed by Filter": 24297, "Workers": []}]}]}, {"Node Type": "Hash", "Parent Relationship": "Inner", "Parallel Aware": false, "Async Capable": false, "Startup Cost": 161.0, "Total Cost": 161.0, "Plan Rows": 6120, "Plan Width": 4, "Actual Startup Time": 0.845, "Actual Total Time": 0.845, "Actual Rows": 6120, "Actual Loops": 3, "Hash Buckets": 8192, "Original Hash Buckets": 8192, "Hash Batches": 1, "Original Hash Batches": 1, "Peak Memory Usage": 280, "Workers": [], "Plans": [{"Node Type": "Seq Scan", "Parent Relationship": "Outer", "Parallel Aware": false, "Async Capable": false, "Relation Name": "household_demographics", "Alias": "household_demographics", "Startup Cost": 0.0, "Total Cost": 161.0, "Plan Rows": 6120, "Plan Width": 4, "Actual Startup Time": 0.025, "Actual Total Time": 0.549, "Actual Rows": 6120, "Actual Loops": 3, "Filter": "((hd_dep_count = 7) OR (hd_vehicle_count > '-1'::integer))", "Rows Removed by Filter": 1080, "Workers": []}]}]}, {"Node Type": "Hash", "Parent Relationship": "Inner", "Parallel Aware": false, "Async Capable": false, "Startup Cost": 1.18, "Total Cost": 1.18, "Plan Rows": 12, "Plan Width": 11, "Actual Startup Time": 0.02, "Actual Total Time": 0.02, "Actual Rows": 11, "Actual Loops": 3, "Hash Buckets": 1024, "Original Hash Buckets": 1024, "Hash Batches": 1, "Original Hash Batches": 1, "Peak Memory Usage": 9, "Workers": [], "Plans": [{"Node Type": "Seq Scan", "Parent Relationship": "Outer", "Parallel Aware": false, "Async Capable": false, "Relation Name": "store", "Alias": "store", "Startup Cost": 0.0, "Total Cost": 1.18, "Plan Rows": 12, "Plan Width": 11, "Actual Startup Time": 0.015, "Actual Total Time": 0.017, "Actual Rows": 11, "Actual Loops": 3, "Filter": "((s_number_employees >= 200) AND (s_number_employees <= 295))", "Rows Removed by Filter": 1, "Workers": []}]}]}]}]}]}]}]}]}]}]}]}, "Planning Time": 0.267, "Triggers": [], "Execution Time": 220.882}]