[{"Plan": {"Node Type": "Limit", "Parallel Aware": false, "Async Capable": false, "Startup Cost": 79934.13, "Total Cost": 79958.55, "Plan Rows": 8, "Plan Width": 37, "Actual Startup Time": 45.139, "Actual Total Time": 45.142, "Actual Rows": 0, "Actual Loops": 1, "Plans": [{"Node Type": "Aggregate", "Strategy": "Sorted", "Partial Mode": "Simple", "Parent Relationship": "Outer", "Parallel Aware": false, "Async Capable": false, "Startup Cost": 79934.13, "Total Cost": 79958.55, "Plan Rows": 8, "Plan Width": 37, "Actual Startup Time": 45.139, "Actual Total Time": 45.141, "Actual Rows": 0, "Actual Loops": 1, "Group Key": ["store.s_store_name"], "Plans": [{"Node Type": "Sort", "Parent Relationship": "Outer", "Parallel Aware": false, "Async Capable": false, "Startup Cost": 79934.13, "Total Cost": 79942.24, "Plan Rows": 3242, "Plan Width": 11, "Actual Startup Time": 45.138, "Actual Total Time": 45.141, "Actual Rows": 0, "Actual Loops": 1, "Sort Key": ["store.s_store_name"], "Sort Method": "quicksort", "Sort Space Used": 25, "Sort Space Type": "Memory", "Plans": [{"Node Type": "Merge Join", "Parent Relationship": "Outer", "Parallel Aware": false, "Async Capable": false, "Join Type": "Inner", "Startup Cost": 77024.49, "Total Cost": 79745.08, "Plan Rows": 3242, "Plan Width": 11, "Actual Startup Time": 45.137, "Actual Total Time": 45.139, "Actual Rows": 0, "Actual Loops": 1, "Inner Unique": false, "Merge Cond": "(store.s_store_sk = store_sales.ss_store_sk)", "Plans": [{"Node Type": "Nested Loop", "Parent Relationship": "Outer", "Parallel Aware": false, "Async Capable": false, "Join Type": "Inner", "Startup Cost": 6588.12, "Total Cost": 9793.54, "Plan Rows": 12, "Plan Width": 9, "Actual Startup Time": 45.134, "Actual Total Time": 45.136, "Actual Rows": 0, "Actual Loops": 1, "Inner Unique": false, "Join Filter": "(substr((store.s_zip)::text, 1, 2) = substr(a2.ca_zip, 1, 2))", "Rows Removed by Join Filter": 60, "Plans": [{"Node Type": "Index Scan", "Parent Relationship": "Outer", "Parallel Aware": false, "Async Capable": false, "Scan Direction": "Forward", "Index Name": "store_pkey", "Relation Name": "store", "Alias": "store", "Startup Cost": 0.14, "Total Cost": 12.31, "Plan Rows": 12, "Plan Width": 20, "Actual Startup Time": 0.002, "Actual Total Time": 0.006, "Actual Rows": 12, "Actual Loops": 1}, {"Node Type": "Materialize", "Parent Relationship": "Inner", "Parallel Aware": false, "Async Capable": false, "Startup Cost": 6587.98, "Total Cost": 9727.73, "Plan Rows": 200, "Plan Width": 32, "Actual Startup Time": 3.759, "Actual Total Time": 3.76, "Actual Rows": 5, "Actual Loops": 12, "Plans": [{"Node Type": "Subquery Scan", "Parent Relationship": "Outer", "Parallel Aware": false, "Async Capable": false, "Alias": "a2", "Startup Cost": 6587.98, "Total Cost": 9726.73, "Plan Rows": 200, "Plan Width": 32, "Actual Startup Time": 45.104, "Actual Total Time": 45.111, "Actual Rows": 5, "Actual Loops": 1, "Plans": [{"Node Type": "SetOp", "Strategy": "Hashed", "Parent Relationship": "Subquery", "Parallel Aware": false, "Async Capable": false, "Command": "Intersect", "Startup Cost": 6587.98, "Total Cost": 9724.73, "Plan Rows": 200, "Plan Width": 36, "Actual Startup Time": 45.104, "Actual Total Time": 45.111, "Actual Rows": 5, "Actual Loops": 1, "Plans": [{"Node Type": "Append", "Parent Relationship": "Outer", "Parallel Aware": false, "Async Capable": false, "Startup Cost": 6587.98, "Total Cost": 9613.87, "Plan Rows": 44342, "Plan Width": 36, "Actual Startup Time": 34.733, "Actual Total Time": 44.964, "Actual Rows": 1262, "Actual Loops": 1, "Subplans Removed": 0, "Plans": [{"Node Type": "Subquery Scan", "Parent Relationship": "Member", "Parallel Aware": false, "Async Capable": false, "Alias": "*SELECT* 2", "Startup Cost": 6587.98, "Total Cost": 6655.16, "Plan Rows": 1075, "Plan Width": 36, "Actual Startup Time": 34.733, "Actual Total Time": 35.025, "Actual Rows": 962, "Actual Loops": 1, "Plans": [{"Node Type": "Subquery Scan", "Parent Relationship": "Subquery", "Parallel Aware": false, "Async Capable": false, "Alias": "a1", "Startup Cost": 6587.98, "Total Cost": 6644.41, "Plan Rows": 1075, "Plan Width": 32, "Actual Startup Time": 34.732, "Actual Total Time": 34.992, "Actual Rows": 962, "Actual Loops": 1, "Plans": [{"Node Type": "Aggregate", "Strategy": "Hashed", "Partial Mode": "Simple", "Parent Relationship": "Subquery", "Parallel Aware": false, "Async Capable": false, "Startup Cost": 6587.98, "Total Cost": 6633.66, "Plan Rows": 1075, "Plan Width": 51, "Actual Startup Time": 34.732, "Actual Total Time": 34.956, "Actual Rows": 962, "Actual Loops": 1, "Group Key": ["customer_address.ca_zip"], "Filter": "(count(*) > 10)", "Planned Partitions": 0, "HashAgg Batches": 1, "Peak Memory Usage": 369, "Disk Usage": 0, "Rows Removed by Filter": 2184, "Plans": [{"Node Type": "Hash Join", "Parent Relationship": "Outer", "Parallel Aware": false, "Async Capable": false, "Join Type": "Inner", "Startup Cost": 2212.0, "Total Cost": 6353.25, "Plan Rows": 46947, "Plan Width": 11, "Actual Startup Time": 7.081, "Actual Total Time": 30.02, "Actual Rows": 47428, "Actual Loops": 1, "Inner Unique": true, "Hash Cond": "(customer.c_current_addr_sk = customer_address.ca_address_sk)", "Plans": [{"Node Type": "Seq Scan", "Parent Relationship": "Outer", "Parallel Aware": false, "Async Capable": false, "Relation Name": "customer", "Alias": "customer", "Startup Cost": 0.0, "Total Cost": 4018.0, "Plan Rows": 46947, "Plan Width": 4, "Actual Startup Time": 0.023, "Actual Total Time": 15.529, "Actual Rows": 47428, "Actual Loops": 1, "Filter": "(c_preferred_cust_flag = 'Y'::bpchar)", "Rows Removed by Filter": 52572}, {"Node Type": "Hash", "Parent Relationship": "Inner", "Parallel Aware": false, "Async Capable": false, "Startup Cost": 1587.0, "Total Cost": 1587.0, "Plan Rows": 50000, "Plan Width": 15, "Actual Startup Time": 7.049, "Actual Total Time": 7.049, "Actual Rows": 50000, "Actual Loops": 1, "Hash Buckets": 65536, "Original Hash Buckets": 65536, "Hash Batches": 1, "Original Hash Batches": 1, "Peak Memory Usage": 2838, "Plans": [{"Node Type": "Seq Scan", "Parent Relationship": "Outer", "Parallel Aware": false, "Async Capable": false, "Relation Name": "customer_address", "Alias": "customer_address", "Startup Cost": 0.0, "Total Cost": 1587.0, "Plan Rows": 50000, "Plan Width": 15, "Actual Startup Time": 0.002, "Actual Total Time": 4.237, "Actual Rows": 50000, "Actual Loops": 1}]}]}]}]}]}, {"Node Type": "Subquery Scan", "Parent Relationship": "Member", "Parallel Aware": false, "Async Capable": false, "Alias": "*SELECT* 1", "Startup Cost": 1.0, "Total Cost": 2737.01, "Plan Rows": 43267, "Plan Width": 36, "Actual Startup Time": 0.068, "Actual Total Time": 9.887, "Actual Rows": 300, "Actual Loops": 1, "Plans": [{"Node Type": "Seq Scan", "Parent Relationship": "Subquery", "Parallel Aware": false, "Async Capable": false, "Relation Name": "customer_address", "Alias": "customer_address_1", "Startup Cost": 1.0, "Total Cost": 2304.34, "Plan Rows": 43267, "Plan Width": 32, "Actual Startup Time": 0.067, "Actual Total Time": 9.874, "Actual Rows": 300, "Actual Loops": 1, "Filter": "(substr((ca_zip)::text, 1, 5) = ANY ('{47602,16704,35863,28577,83910,36201,58412,48162,28055,41419,80332,38607,77817,24891,16226,18410,21231,59345,13918,51089,20317,17167,54585,67881,78366,47770,18360,51717,73108,14440,21800,89338,45859,65501,34948,25973,73219,25333,17291,10374,18829,60736,82620,41351,52094,19326,25214,54207,40936,21814,79077,25178,75742,77454,30621,89193,27369,41232,48567,83041,71948,37119,68341,14073,16891,62878,49130,19833,24286,27700,40979,50412,81504,94835,84844,71954,39503,57649,18434,24987,12350,86379,27413,44529,98569,16515,27287,24255,21094,16005,56436,91110,68293,56455,54558,10298,83647,32754,27052,51766,19444,13869,45645,94791,57631,20712,37788,41807,46507,21727,71836,81070,50632,88086,63991,20244,31655,51782,29818,63792,68605,94898,36430,57025,20601,82080,33869,22728,35834,29086,92645,98584,98072,11652,78093,57553,43830,71144,53565,18700,90209,71256,38353,54364,28571,96560,57839,56355,50679,45266,84680,34306,34972,48530,30106,15371,92380,84247,92292,68852,13338,34594,82602,70073,98069,85066,47289,11686,98862,26217,47529,63294,51793,35926,24227,14196,24594,32489,99060,49472,43432,49211,14312,88137,47369,56877,20534,81755,15794,12318,21060,73134,41255,63073,81003,73873,66057,51184,51195,45676,92696,70450,90669,98338,25264,38919,59226,58581,60298,17895,19489,52301,80846,95464,68770,51634,19988,18367,18421,11618,67975,25494,41352,95430,15734,62585,97173,33773,10425,75675,53535,17879,41967,12197,67998,79658,59130,72592,14851,43933,68101,50636,25717,71286,24660,58058,72991,95042,15543,33122,69280,11912,59386,27642,65177,17672,33467,64592,36335,54010,18767,63193,42361,49254,33113,33159,36479,59080,11855,81963,31016,49140,29392,41836,32958,53163,13844,73146,23952,65148,93498,14530,46131,58454,13376,13378,83986,12320,17193,59852,46081,98533,52389,13086,68843,31013,13261,60560,13443,45533,83583,11489,58218,19753,22911,25115,86709,27156,32669,13123,51933,39214,41331,66943,14155,69998,49101,70070,35076,14242,73021,59494,15782,29752,37914,74686,83086,34473,15751,81084,49230,91894,60624,17819,28810,63180,56224,39459,55233,75752,43639,55349,86057,62361,50788,31830,58062,18218,85761,60083,45484,21204,90229,70041,41162,35390,16364,39500,68908,26689,52868,81335,40146,11340,61527,61794,71997,30415,59004,29450,58117,69952,33562,83833,27385,61860,96435,48333,23065,32961,84919,61997,99132,22815,56600,68730,48017,95694,32919,88217,27116,28239,58032,18884,16791,21343,97462,18569,75660,15475}'::text[]))", "Rows Removed by Filter": 49700}]}]}]}]}]}]}, {"Node Type": "Sort", "Parent Relationship": "Inner", "Parallel Aware": false, "Async Capable": false, "Startup Cost": 70436.38, "Total Cost": 70444.85, "Plan Rows": 3391, "Plan Width": 10, "Actual Startup Time": 0.0, "Actual Total Time": 0.0, "Actual Rows": 0, "Actual Loops": 0, "Sort Key": ["store_sales.ss_store_sk"], "Plans": [{"Node Type": "Gather", "Parent Relationship": "Outer", "Parallel Aware": false, "Async Capable": false, "Startup Cost": 3050.21, "Total Cost": 70237.54, "Plan Rows": 3391, "Plan Width": 10, "Actual Startup Time": 0.0, "Actual Total Time": 0.0, "Actual Rows": 0, "Actual Loops": 0, "Workers Planned": 2, "Workers Launched": 0, "Single Copy": false, "Plans": [{"Node Type": "Hash Join", "Parent Relationship": "Outer", "Parallel Aware": true, "Async Capable": false, "Join Type": "Inner", "Startup Cost": 2050.21, "Total Cost": 68898.44, "Plan Rows": 1413, "Plan Width": 10, "Actual Startup Time": 0.0, "Actual Total Time": 0.0, "Actual Rows": 0, "Actual Loops": 0, "Inner Unique": true, "Hash Cond": "(store_sales.ss_sold_date_sk = date_dim.d_date_sk)", "Plans": [{"Node Type": "Seq Scan", "Parent Relationship": "Outer", "Parallel Aware": true, "Async Capable": false, "Relation Name": "store_sales", "Alias": "store_sales", "Startup Cost": 0.0, "Total Cost": 63697.62, "Plan Rows": 1200162, "Plan Width": 14, "Actual Startup Time": 0.0, "Actual Total Time": 0.0, "Actual Rows": 0, "Actual Loops": 0}, {"Node Type": "Hash", "Parent Relationship": "Inner", "Parallel Aware": true, "Async Capable": false, "Startup Cost": 2049.55, "Total Cost": 2049.55, "Plan Rows": 53, "Plan Width": 4, "Actual Startup Time": 0.0, "Actual Total Time": 0.0, "Actual Rows": 0, "Actual Loops": 0, "Plans": [{"Node Type": "Seq Scan", "Parent Relationship": "Outer", "Parallel Aware": true, "Async Capable": false, "Relation Name": "date_dim", "Alias": "date_dim", "Startup Cost": 0.0, "Total Cost": 2049.55, "Plan Rows": 53, "Plan Width": 4, "Actual Startup Time": 0.0, "Actual Total Time": 0.0, "Actual Rows": 0, "Actual Loops": 0, "Filter": "((d_qoy = 2) AND (d_year = 1998))", "Rows Removed by Filter": 0}]}]}]}]}]}]}]}]}, "Planning Time": 0.335, "Triggers": [], "Execution Time": 45.327}]