[{"Plan": {"Node Type": "Limit", "Parallel Aware": false, "Async Capable": false, "Startup Cost": 143806.43, "Total Cost": 143808.92, "Plan Rows": 100, "Plan Width": 160, "Actual Startup Time": 341.832, "Actual Total Time": 342.02, "Actual Rows": 100, "Actual Loops": 1, "Plans": [{"Node Type": "Aggregate", "Strategy": "Sorted", "Partial Mode": "Simple", "Parent Relationship": "Outer", "Parallel Aware": false, "Async Capable": false, "Startup Cost": 143806.43, "Total Cost": 143809.15, "Plan Rows": 109, "Plan Width": 160, "Actual Startup Time": 341.829, "Actual Total Time": 342.014, "Actual Rows": 100, "Actual Loops": 1, "Grouping Sets": [{"Group Keys": [["('store channel'::text)", "(('store'::text || (ssr.store_id)::text))"], ["('store channel'::text)"], []]}], "Plans": [{"Node Type": "Sort", "Parent Relationship": "Outer", "Parallel Aware": false, "Async Capable": false, "Startup Cost": 143806.43, "Total Cost": 143806.56, "Plan Rows": 54, "Plan Width": 160, "Actual Startup Time": 341.825, "Actual Total Time": 341.947, "Actual Rows": 101, "Actual Loops": 1, "Sort Key": ["('store channel'::text)", "(('store'::text || (ssr.store_id)::text))"], "Sort Method": "quicksort", "Sort Space Used": 83, "Sort Space Type": "Memory", "Plans": [{"Node Type": "Append", "Parent Relationship": "Outer", "Parallel Aware": false, "Async Capable": false, "Startup Cost": 70056.33, "Total Cost": 143804.87, "Plan Rows": 54, "Plan Width": 160, "Actual Startup Time": 174.813, "Actual Total Time": 339.492, "Actual Rows": 418, "Actual Loops": 1, "Subplans Removed": 0, "Plans": [{"Node Type": "Subquery Scan", "Parent Relationship": "Member", "Parallel Aware": false, "Async Capable": false, "Alias": "ssr", "Startup Cost": 70056.33, "Total Cost": 70058.6, "Plan Rows": 6, "Plan Width": 160, "Actual Startup Time": 174.812, "Actual Total Time": 175.045, "Actual Rows": 6, "Actual Loops": 1, "Plans": [{"Node Type": "Aggregate", "Strategy": "Sorted", "Partial Mode": "Finalize", "Parent Relationship": "Subquery", "Parallel Aware": false, "Async Capable": false, "Startup Cost": 70056.33, "Total Cost": 70058.51, "Plan Rows": 6, "Plan Width": 113, "Actual Startup Time": 174.81, "Actual Total Time": 175.041, "Actual Rows": 6, "Actual Loops": 1, "Group Key": ["store.s_store_id"], "Plans": [{"Node Type": "Gather Merge", "Parent Relationship": "Outer", "Parallel Aware": false, "Async Capable": false, "Startup Cost": 70056.33, "Total Cost": 70058.2, "Plan Rows": 12, "Plan Width": 113, "Actual Startup Time": 174.761, "Actual Total Time": 175.0, "Actual Rows": 18, "Actual Loops": 1, "Workers Planned": 2, "Workers Launched": 2, "Plans": [{"Node Type": "Aggregate", "Strategy": "Sorted", "Partial Mode": "Partial", "Parent Relationship": "Outer", "Parallel Aware": false, "Async Capable": false, "Startup Cost": 69056.31, "Total Cost": 69056.79, "Plan Rows": 6, "Plan Width": 113, "Actual Startup Time": 172.813, "Actual Total Time": 172.981, "Actual Rows": 6, "Actual Loops": 3, "Group Key": ["store.s_store_id"], "Workers": [], "Plans": [{"Node Type": "Sort", "Parent Relationship": "Outer", "Parallel Aware": false, "Async Capable": false, "Startup Cost": 69056.31, "Total Cost": 69056.37, "Plan Rows": 25, "Plan Width": 41, "Actual Startup Time": 172.772, "Actual Total Time": 172.797, "Actual Rows": 1103, "Actual Loops": 3, "Sort Key": ["store.s_store_id"], "Sort Method": "quicksort", "Sort Space Used": 135, "Sort Space Type": "Memory", "Workers": [{"Worker Number": 0, "Sort Method": "quicksort", "Sort Space Used": 134, "Sort Space Type": "Memory"}, {"Worker Number": 1, "Sort Method": "quicksort", "Sort Space Used": 135, "Sort Space Type": "Memory"}], "Plans": [{"Node Type": "Nested Loop", "Parent Relationship": "Outer", "Parallel Aware": false, "Async Capable": false, "Join Type": "Left", "Startup Cost": 2051.9, "Total Cost": 69055.73, "Plan Rows": 25, "Plan Width": 41, "Actual Startup Time": 1.933, "Actual Total Time": 172.056, "Actual Rows": 1103, "Actual Loops": 3, "Inner Unique": true, "Workers": [], "Plans": [{"Node Type": "Nested Loop", "Parent Relationship": "Outer", "Parallel Aware": false, "Async Capable": false, "Join Type": "Inner", "Startup Cost": 2051.48, "Total Cost": 69044.46, "Plan Rows": 25, "Plan Width": 37, "Actual Startup Time": 1.621, "Actual Total Time": 153.553, "Actual Rows": 1103, "Actual Loops": 3, "Inner Unique": true, "Workers": [], "Plans": [{"Node Type": "Nested Loop", "Parent Relationship": "Outer", "Parallel Aware": false, "Async Capable": false, "Join Type": "Inner", "Startup Cost": 2051.33, "Total Cost": 69040.1, "Plan Rows": 26, "Plan Width": 41, "Actual Startup Time": 1.591, "Actual Total Time": 152.375, "Actual Rows": 1147, "Actual Loops": 3, "Inner Unique": true, "Workers": [], "Plans": [{"Node Type": "Hash Join", "Parent Relationship": "Outer", "Parallel Aware": false, "Async Capable": false, "Join Type": "Inner", "Startup Cost": 2051.05, "Total Cost": 68900.93, "Plan Rows": 450, "Plan Width": 41, "Actual Startup Time": 1.522, "Actual Total Time": 123.509, "Actual Rows": 19988, "Actual Loops": 3, "Inner Unique": true, "Hash Cond": "(store_sales.ss_store_sk = store.s_store_sk)", "Workers": [], "Plans": [{"Node Type": "Hash Join", "Parent Relationship": "Outer", "Parallel Aware": true, "Async Capable": false, "Join Type": "Inner", "Startup Cost": 2049.78, "Total Cost": 68898.0, "Plan Rows": 471, "Plan Width": 28, "Actual Startup Time": 1.485, "Actual Total Time": 121.586, "Actual Rows": 20466, "Actual Loops": 3, "Inner Unique": true, "Hash Cond": "(store_sales.ss_sold_date_sk = date_dim.d_date_sk)", "Workers": [], "Plans": [{"Node Type": "Seq Scan", "Parent Relationship": "Outer", "Parallel Aware": true, "Async Capable": false, "Relation Name": "store_sales", "Alias": "store_sales", "Startup Cost": 0.0, "Total Cost": 63697.62, "Plan Rows": 1200162, "Plan Width": 32, "Actual Startup Time": 0.019, "Actual Total Time": 66.391, "Actual Rows": 960135, "Actual Loops": 3, "Workers": []}, {"Node Type": "Hash", "Parent Relationship": "Inner", "Parallel Aware": true, "Async Capable": false, "Startup Cost": 2049.55, "Total Cost": 2049.55, "Plan Rows": 18, "Plan Width": 4, "Actual Startup Time": 1.426, "Actual Total Time": 1.426, "Actual Rows": 10, "Actual Loops": 3, "Hash Buckets": 1024, "Original Hash Buckets": 1024, "Hash Batches": 1, "Original Hash Batches": 1, "Peak Memory Usage": 40, "Workers": [], "Plans": [{"Node Type": "Seq Scan", "Parent Relationship": "Outer", "Parallel Aware": true, "Async Capable": false, "Relation Name": "date_dim", "Alias": "date_dim", "Startup Cost": 0.0, "Total Cost": 2049.55, "Plan Rows": 18, "Plan Width": 4, "Actual Startup Time": 0.992, "Actual Total Time": 1.407, "Actual Rows": 10, "Actual Loops": 3, "Filter": "((d_date >= '2002-08-14'::date) AND (d_date <= '2002-09-13 00:00:00'::timestamp without time zone))", "Rows Removed by Filter": 24339, "Workers": []}]}]}, {"Node Type": "Hash", "Parent Relationship": "Inner", "Parallel Aware": false, "Async Capable": false, "Startup Cost": 1.12, "Total Cost": 1.12, "Plan Rows": 12, "Plan Width": 21, "Actual Startup Time": 0.023, "Actual Total Time": 0.023, "Actual Rows": 12, "Actual Loops": 3, "Hash Buckets": 1024, "Original Hash Buckets": 1024, "Hash Batches": 1, "Original Hash Batches": 1, "Peak Memory Usage": 9, "Workers": [], "Plans": [{"Node Type": "Seq Scan", "Parent Relationship": "Outer", "Parallel Aware": false, "Async Capable": false, "Relation Name": "store", "Alias": "store", "Startup Cost": 0.0, "Total Cost": 1.12, "Plan Rows": 12, "Plan Width": 21, "Actual Startup Time": 0.016, "Actual Total Time": 0.017, "Actual Rows": 12, "Actual Loops": 3, "Workers": []}]}]}, {"Node Type": "Index Scan", "Parent Relationship": "Inner", "Parallel Aware": false, "Async Capable": false, "Scan Direction": "Forward", "Index Name": "item_pkey", "Relation Name": "item", "Alias": "item", "Startup Cost": 0.29, "Total Cost": 0.31, "Plan Rows": 1, "Plan Width": 4, "Actual Startup Time": 0.001, "Actual Total Time": 0.001, "Actual Rows": 0, "Actual Loops": 59964, "Index Cond": "(i_item_sk = store_sales.ss_item_sk)", "Rows Removed by Index Recheck": 0, "Filter": "(i_current_price > '50'::numeric)", "Rows Removed by Filter": 1, "Workers": []}]}, {"Node Type": "Index Scan", "Parent Relationship": "Inner", "Parallel Aware": false, "Async Capable": false, "Scan Direction": "Forward", "Index Name": "promotion_pkey", "Relation Name": "promotion", "Alias": "promotion", "Startup Cost": 0.15, "Total Cost": 0.17, "Plan Rows": 1, "Plan Width": 4, "Actual Startup Time": 0.001, "Actual Total Time": 0.001, "Actual Rows": 1, "Actual Loops": 3440, "Index Cond": "(p_promo_sk = store_sales.ss_promo_sk)", "Rows Removed by Index Recheck": 0, "Filter": "(p_channel_tv = 'N'::bpchar)", "Rows Removed by Filter": 0, "Workers": []}]}, {"Node Type": "Index Scan", "Parent Relationship": "Inner", "Parallel Aware": false, "Async Capable": false, "Scan Direction": "Forward", "Index Name": "store_returns_pkey", "Relation Name": "store_returns", "Alias": "store_returns", "Startup Cost": 0.42, "Total Cost": 0.45, "Plan Rows": 1, "Plan Width": 20, "Actual Startup Time": 0.017, "Actual Total Time": 0.017, "Actual Rows": 0, "Actual Loops": 3309, "Index Cond": "((sr_item_sk = store_sales.ss_item_sk) AND (sr_ticket_number = store_sales.ss_ticket_number))", "Rows Removed by Index Recheck": 0, "Workers": []}]}]}]}]}]}]}, {"Node Type": "Subquery Scan", "Parent Relationship": "Member", "Parallel Aware": false, "Async Capable": false, "Alias": "csr", "Startup Cost": 48127.7, "Total Cost": 48132.95, "Plan Rows": 33, "Plan Width": 160, "Actual Startup Time": 105.65, "Actual Total Time": 107.455, "Actual Rows": 397, "Actual Loops": 1, "Plans": [{"Node Type": "Aggregate", "Strategy": "Sorted", "Partial Mode": "Finalize", "Parent Relationship": "Subquery", "Parallel Aware": false, "Async Capable": false, "Startup Cost": 48127.7, "Total Cost": 48132.46, "Plan Rows": 33, "Plan Width": 113, "Actual Startup Time": 105.649, "Actual Total Time": 107.399, "Actual Rows": 397, "Actual Loops": 1, "Group Key": ["catalog_page.cp_catalog_page_id"], "Plans": [{"Node Type": "Gather Merge", "Parent Relationship": "Outer", "Parallel Aware": false, "Async Capable": false, "Startup Cost": 48127.7, "Total Cost": 48131.39, "Plan Rows": 28, "Plan Width": 113, "Actual Startup Time": 105.639, "Actual Total Time": 106.604, "Actual Rows": 865, "Actual Loops": 1, "Workers Planned": 2, "Workers Launched": 2, "Plans": [{"Node Type": "Aggregate", "Strategy": "Sorted", "Partial Mode": "Partial", "Parent Relationship": "Outer", "Parallel Aware": false, "Async Capable": false, "Startup Cost": 47127.68, "Total Cost": 47128.13, "Plan Rows": 14, "Plan Width": 113, "Actual Startup Time": 103.481, "Actual Total Time": 103.791, "Actual Rows": 288, "Actual Loops": 3, "Group Key": ["catalog_page.cp_catalog_page_id"], "Workers": [], "Plans": [{"Node Type": "Sort", "Parent Relationship": "Outer", "Parallel Aware": false, "Async Capable": false, "Startup Cost": 47127.68, "Total Cost": 47127.71, "Plan Rows": 14, "Plan Width": 41, "Actual Startup Time": 103.471, "Actual Total Time": 103.501, "Actual Rows": 614, "Actual Loops": 3, "Sort Key": ["catalog_page.cp_catalog_page_id"], "Sort Method": "quicksort", "Sort Space Used": 75, "Sort Space Type": "Memory", "Workers": [{"Worker Number": 0, "Sort Method": "quicksort", "Sort Space Used": 71, "Sort Space Type": "Memory"}, {"Worker Number": 1, "Sort Method": "quicksort", "Sort Space Used": 71, "Sort Space Type": "Memory"}], "Plans": [{"Node Type": "Nested Loop", "Parent Relationship": "Outer", "Parallel Aware": false, "Async Capable": false, "Join Type": "Inner", "Startup Cost": 2050.91, "Total Cost": 47127.41, "Plan Rows": 14, "Plan Width": 41, "Actual Startup Time": 65.441, "Actual Total Time": 101.24, "Actual Rows": 614, "Actual Loops": 3, "Inner Unique": true, "Workers": [], "Plans": [{"Node Type": "Nested Loop", "Parent Relationship": "Outer", "Parallel Aware": false, "Async Capable": false, "Join Type": "Inner", "Startup Cost": 2050.77, "Total Cost": 47125.07, "Plan Rows": 14, "Plan Width": 45, "Actual Startup Time": 65.43, "Actual Total Time": 100.739, "Actual Rows": 627, "Actual Loops": 3, "Inner Unique": true, "Workers": [], "Plans": [{"Node Type": "Nested Loop", "Parent Relationship": "Outer", "Parallel Aware": false, "Async Capable": false, "Join Type": "Left", "Startup Cost": 2050.48, "Total Cost": 47120.82, "Plan Rows": 14, "Plan Width": 32, "Actual Startup Time": 65.046, "Actual Total Time": 99.481, "Actual Rows": 629, "Actual Loops": 3, "Inner Unique": true, "Workers": [], "Plans": [{"Node Type": "Nested Loop", "Parent Relationship": "Outer", "Parallel Aware": false, "Async Capable": false, "Join Type": "Inner", "Startup Cost": 2050.06, "Total Cost": 47114.53, "Plan Rows": 14, "Plan Width": 28, "Actual Startup Time": 64.114, "Actual Total Time": 86.391, "Actual Rows": 629, "Actual Loops": 3, "Inner Unique": true, "Workers": [], "Plans": [{"Node Type": "Hash Join", "Parent Relationship": "Outer", "Parallel Aware": true, "Async Capable": false, "Join Type": "Inner", "Startup Cost": 2049.78, "Total Cost": 47038.32, "Plan Rows": 245, "Plan Width": 28, "Actual Startup Time": 63.769, "Actual Total Time": 74.428, "Actual Rows": 10548, "Actual Loops": 3, "Inner Unique": true, "Hash Cond": "(catalog_sales.cs_sold_date_sk = date_dim_1.d_date_sk)", "Workers": [], "Plans": [{"Node Type": "Seq Scan", "Parent Relationship": "Outer", "Parallel Aware": true, "Async Capable": false, "Relation Name": "catalog_sales", "Alias": "catalog_sales", "Startup Cost": 0.0, "Total Cost": 43411.7, "Plan Rows": 600670, "Plan Width": 32, "Actual Startup Time": 0.037, "Actual Total Time": 43.957, "Actual Rows": 480516, "Actual Loops": 3, "Workers": []}, {"Node Type": "Hash", "Parent Relationship": "Inner", "Parallel Aware": true, "Async Capable": false, "Startup Cost": 2049.55, "Total Cost": 2049.55, "Plan Rows": 18, "Plan Width": 4, "Actual Startup Time": 1.425, "Actual Total Time": 1.425, "Actual Rows": 10, "Actual Loops": 3, "Hash Buckets": 1024, "Original Hash Buckets": 1024, "Hash Batches": 1, "Original Hash Batches": 1, "Peak Memory Usage": 40, "Workers": [], "Plans": [{"Node Type": "Seq Scan", "Parent Relationship": "Outer", "Parallel Aware": true, "Async Capable": false, "Relation Name": "date_dim", "Alias": "date_dim_1", "Startup Cost": 0.0, "Total Cost": 2049.55, "Plan Rows": 18, "Plan Width": 4, "Actual Startup Time": 0.999, "Actual Total Time": 1.403, "Actual Rows": 10, "Actual Loops": 3, "Filter": "((d_date >= '2002-08-14'::date) AND (d_date <= '2002-09-13 00:00:00'::timestamp without time zone))", "Rows Removed by Filter": 24339, "Workers": []}]}]}, {"Node Type": "Index Scan", "Parent Relationship": "Inner", "Parallel Aware": false, "Async Capable": false, "Scan Direction": "Forward", "Index Name": "item_pkey", "Relation Name": "item", "Alias": "item_1", "Startup Cost": 0.29, "Total Cost": 0.31, "Plan Rows": 1, "Plan Width": 4, "Actual Startup Time": 0.001, "Actual Total Time": 0.001, "Actual Rows": 0, "Actual Loops": 31644, "Index Cond": "(i_item_sk = catalog_sales.cs_item_sk)", "Rows Removed by Index Recheck": 0, "Filter": "(i_current_price > '50'::numeric)", "Rows Removed by Filter": 1, "Workers": []}]}, {"Node Type": "Index Scan", "Parent Relationship": "Inner", "Parallel Aware": false, "Async Capable": false, "Scan Direction": "Forward", "Index Name": "catalog_returns_pkey", "Relation Name": "catalog_returns", "Alias": "catalog_returns", "Startup Cost": 0.42, "Total Cost": 0.45, "Plan Rows": 1, "Plan Width": 20, "Actual Startup Time": 0.021, "Actual Total Time": 0.021, "Actual Rows": 0, "Actual Loops": 1888, "Index Cond": "((cr_item_sk = catalog_sales.cs_item_sk) AND (cr_order_number = catalog_sales.cs_order_number))", "Rows Removed by Index Recheck": 0, "Workers": []}]}, {"Node Type": "Index Scan", "Parent Relationship": "Inner", "Parallel Aware": false, "Async Capable": false, "Scan Direction": "Forward", "Index Name": "catalog_page_pkey", "Relation Name": "catalog_page", "Alias": "catalog_page", "Startup Cost": 0.29, "Total Cost": 0.3, "Plan Rows": 1, "Plan Width": 21, "Actual Startup Time": 0.002, "Actual Total Time": 0.002, "Actual Rows": 1, "Actual Loops": 1888, "Index Cond": "(cp_catalog_page_sk = catalog_sales.cs_catalog_page_sk)", "Rows Removed by Index Recheck": 0, "Workers": []}]}, {"Node Type": "Index Scan", "Parent Relationship": "Inner", "Parallel Aware": false, "Async Capable": false, "Scan Direction": "Forward", "Index Name": "promotion_pkey", "Relation Name": "promotion", "Alias": "promotion_1", "Startup Cost": 0.15, "Total Cost": 0.17, "Plan Rows": 1, "Plan Width": 4, "Actual Startup Time": 0.001, "Actual Total Time": 0.001, "Actual Rows": 1, "Actual Loops": 1882, "Index Cond": "(p_promo_sk = catalog_sales.cs_promo_sk)", "Rows Removed by Index Recheck": 0, "Filter": "(p_channel_tv = 'N'::bpchar)", "Rows Removed by Filter": 0, "Workers": []}]}]}]}]}]}]}, {"Node Type": "Subquery Scan", "Parent Relationship": "Member", "Parallel Aware": false, "Async Capable": false, "Alias": "wsr", "Startup Cost": 25610.48, "Total Cost": 25613.05, "Plan Rows": 15, "Plan Width": 160, "Actual Startup Time": 56.84, "Actual Total Time": 56.969, "Actual Rows": 15, "Actual Loops": 1, "Plans": [{"Node Type": "Aggregate", "Strategy": "Sorted", "Partial Mode": "Finalize", "Parent Relationship": "Subquery", "Parallel Aware": false, "Async Capable": false, "Startup Cost": 25610.48, "Total Cost": 25612.83, "Plan Rows": 15, "Plan Width": 113, "Actual Startup Time": 56.838, "Actual Total Time": 56.965, "Actual Rows": 15, "Actual Loops": 1, "Group Key": ["web_site.web_site_id"], "Plans": [{"Node Type": "Gather Merge", "Parent Relationship": "Outer", "Parallel Aware": false, "Async Capable": false, "Startup Cost": 25610.48, "Total Cost": 25612.32, "Plan Rows": 14, "Plan Width": 113, "Actual Startup Time": 56.809, "Actual Total Time": 56.914, "Actual Rows": 45, "Actual Loops": 1, "Workers Planned": 2, "Workers Launched": 2, "Plans": [{"Node Type": "Aggregate", "Strategy": "Sorted", "Partial Mode": "Partial", "Parent Relationship": "Outer", "Parallel Aware": false, "Async Capable": false, "Startup Cost": 24610.45, "Total Cost": 24610.68, "Plan Rows": 7, "Plan Width": 113, "Actual Startup Time": 54.683, "Actual Total Time": 54.745, "Actual Rows": 15, "Actual Loops": 3, "Group Key": ["web_site.web_site_id"], "Workers": [], "Plans": [{"Node Type": "Sort", "Parent Relationship": "Outer", "Parallel Aware": false, "Async Capable": false, "Startup Cost": 24610.45, "Total Cost": 24610.47, "Plan Rows": 7, "Plan Width": 41, "Actual Startup Time": 54.664, "Actual Total Time": 54.672, "Actual Rows": 290, "Actual Loops": 3, "Sort Key": ["web_site.web_site_id"], "Sort Method": "quicksort", "Sort Space Used": 46, "Sort Space Type": "Memory", "Workers": [{"Worker Number": 0, "Sort Method": "quicksort", "Sort Space Used": 46, "Sort Space Type": "Memory"}, {"Worker Number": 1, "Sort Method": "quicksort", "Sort Space Used": 49, "Sort Space Type": "Memory"}], "Plans": [{"Node Type": "Nested Loop", "Parent Relationship": "Outer", "Parallel Aware": false, "Async Capable": false, "Join Type": "Inner", "Startup Cost": 1370.97, "Total Cost": 24610.35, "Plan Rows": 7, "Plan Width": 41, "Actual Startup Time": 2.072, "Actual Total Time": 54.293, "Actual Rows": 290, "Actual Loops": 3, "Inner Unique": true, "Workers": [], "Plans": [{"Node Type": "Nested Loop", "Parent Relationship": "Outer", "Parallel Aware": false, "Async Capable": false, "Join Type": "Inner", "Startup Cost": 1370.82, "Total Cost": 24609.18, "Plan Rows": 7, "Plan Width": 45, "Actual Startup Time": 2.062, "Actual Total Time": 53.987, "Actual Rows": 294, "Actual Loops": 3, "Inner Unique": true, "Workers": [], "Plans": [{"Node Type": "Nested Loop", "Parent Relationship": "Outer", "Parallel Aware": false, "Async Capable": false, "Join Type": "Left", "Startup Cost": 1370.69, "Total Cost": 24608.09, "Plan Rows": 7, "Plan Width": 32, "Actual Startup Time": 2.036, "Actual Total Time": 53.746, "Actual Rows": 294, "Actual Loops": 3, "Inner Unique": true, "Workers": [], "Plans": [{"Node Type": "Nested Loop", "Parent Relationship": "Outer", "Parallel Aware": false, "Async Capable": false, "Join Type": "Inner", "Startup Cost": 1370.39, "Total Cost": 24605.84, "Plan Rows": 7, "Plan Width": 28, "Actual Startup Time": 2.026, "Actual Total Time": 52.933, "Actual Rows": 294, "Actual Loops": 3, "Inner Unique": true, "Workers": [], "Plans": [{"Node Type": "Hash Join", "Parent Relationship": "Outer", "Parallel Aware": true, "Async Capable": false, "Join Type": "Inner", "Startup Cost": 1370.09, "Total Cost": 23921.54, "Plan Rows": 17518, "Plan Width": 32, "Actual Startup Time": 1.806, "Actual Total Time": 48.182, "Actual Rows": 13612, "Actual Loops": 3, "Inner Unique": true, "Hash Cond": "(web_sales.ws_item_sk = item_2.i_item_sk)", "Workers": [], "Plans": [{"Node Type": "Seq Scan", "Parent Relationship": "Outer", "Parallel Aware": true, "Async Capable": false, "Relation Name": "web_sales", "Alias": "web_sales", "Startup Cost": 0.0, "Total Cost": 21764.43, "Plan Rows": 299743, "Plan Width": 32, "Actual Startup Time": 0.015, "Actual Total Time": 20.371, "Actual Rows": 239795, "Actual Loops": 3, "Workers": []}, {"Node Type": "Hash", "Parent Relationship": "Inner", "Parallel Aware": true, "Async Capable": false, "Startup Cost": 1362.35, "Total Cost": 1362.35, "Plan Rows": 619, "Plan Width": 4, "Actual Startup Time": 1.748, "Actual Total Time": 1.748, "Actual Rows": 352, "Actual Loops": 3, "Hash Buckets": 2048, "Original Hash Buckets": 2048, "Hash Batches": 1, "Original Hash Batches": 1, "Peak Memory Usage": 112, "Workers": [], "Plans": [{"Node Type": "Seq Scan", "Parent Relationship": "Outer", "Parallel Aware": true, "Async Capable": false, "Relation Name": "item", "Alias": "item_2", "Startup Cost": 0.0, "Total Cost": 1362.35, "Plan Rows": 619, "Plan Width": 4, "Actual Startup Time": 0.007, "Actual Total Time": 1.678, "Actual Rows": 352, "Actual Loops": 3, "Filter": "(i_current_price > '50'::numeric)", "Rows Removed by Filter": 5648, "Workers": []}]}]}, {"Node Type": "Memoize", "Parent Relationship": "Inner", "Parallel Aware": false, "Async Capable": false, "Startup Cost": 0.3, "Total Cost": 0.33, "Plan Rows": 1, "Plan Width": 4, "Actual Startup Time": 0.0, "Actual Total Time": 0.0, "Actual Rows": 0, "Actual Loops": 40835, "Cache Key": "web_sales.ws_sold_date_sk", "Cache Mode": "logical", "Cache Hits": 12548, "Cache Misses": 1796, "Cache Evictions": 0, "Cache Overflows": 0, "Peak Memory Usage": 121, "Workers": [{"Worker Number": 0, "Cache Hits": 11510, "Cache Misses": 1775, "Cache Evictions": 0, "Cache Overflows": 0, "Peak Memory Usage": 119}, {"Worker Number": 1, "Cache Hits": 11431, "Cache Misses": 1775, "Cache Evictions": 0, "Cache Overflows": 0, "Peak Memory Usage": 119}], "Plans": [{"Node Type": "Index Scan", "Parent Relationship": "Outer", "Parallel Aware": false, "Async Capable": false, "Scan Direction": "Forward", "Index Name": "date_dim_pkey", "Relation Name": "date_dim", "Alias": "date_dim_2", "Startup Cost": 0.29, "Total Cost": 0.32, "Plan Rows": 1, "Plan Width": 4, "Actual Startup Time": 0.001, "Actual Total Time": 0.001, "Actual Rows": 0, "Actual Loops": 5346, "Index Cond": "(d_date_sk = web_sales.ws_sold_date_sk)", "Rows Removed by Index Recheck": 0, "Filter": "((d_date >= '2002-08-14'::date) AND (d_date <= '2002-09-13 00:00:00'::timestamp without time zone))", "Rows Removed by Filter": 1, "Workers": []}]}]}, {"Node Type": "Index Scan", "Parent Relationship": "Inner", "Parallel Aware": false, "Async Capable": false, "Scan Direction": "Forward", "Index Name": "web_returns_pkey", "Relation Name": "web_returns", "Alias": "web_returns", "Startup Cost": 0.29, "Total Cost": 0.32, "Plan Rows": 1, "Plan Width": 20, "Actual Startup Time": 0.003, "Actual Total Time": 0.003, "Actual Rows": 0, "Actual Loops": 883, "Index Cond": "((wr_item_sk = web_sales.ws_item_sk) AND (wr_order_number = web_sales.ws_order_number))", "Rows Removed by Index Recheck": 0, "Workers": []}]}, {"Node Type": "Index Scan", "Parent Relationship": "Inner", "Parallel Aware": false, "Async Capable": false, "Scan Direction": "Forward", "Index Name": "web_site_pkey", "Relation Name": "web_site", "Alias": "web_site", "Startup Cost": 0.14, "Total Cost": 0.16, "Plan Rows": 1, "Plan Width": 21, "Actual Startup Time": 0.001, "Actual Total Time": 0.001, "Actual Rows": 1, "Actual Loops": 883, "Index Cond": "(web_site_sk = web_sales.ws_web_site_sk)", "Rows Removed by Index Recheck": 0, "Workers": []}]}, {"Node Type": "Index Scan", "Parent Relationship": "Inner", "Parallel Aware": false, "Async Capable": false, "Scan Direction": "Forward", "Index Name": "promotion_pkey", "Relation Name": "promotion", "Alias": "promotion_2", "Startup Cost": 0.15, "Total Cost": 0.17, "Plan Rows": 1, "Plan Width": 4, "Actual Startup Time": 0.001, "Actual Total Time": 0.001, "Actual Rows": 1, "Actual Loops": 883, "Index Cond": "(p_promo_sk = web_sales.ws_promo_sk)", "Rows Removed by Index Recheck": 0, "Filter": "(p_channel_tv = 'N'::bpchar)", "Rows Removed by Filter": 0, "Workers": []}]}]}]}]}]}]}]}]}]}]}, "Planning Time": 3.51, "Triggers": [], "Execution Time": 342.358}]