[{"Plan": {"Node Type": "Limit", "Parallel Aware": false, "Async Capable": false, "Startup Cost": 5736.93, "Total Cost": 5743.17, "Plan Rows": 2, "Plan Width": 125, "Actual Startup Time": 14.841, "Actual Total Time": 15.795, "Actual Rows": 2, "Actual Loops": 1, "Plans": [{"Node Type": "Group", "Parent Relationship": "Outer", "Parallel Aware": false, "Async Capable": false, "Startup Cost": 5736.93, "Total Cost": 5743.17, "Plan Rows": 2, "Plan Width": 125, "Actual Startup Time": 14.84, "Actual Total Time": 15.793, "Actual Rows": 2, "Actual Loops": 1, "Group Key": ["item.i_item_id", "item.i_item_desc", "item.i_current_price"], "Plans": [{"Node Type": "Nested Loop", "Parent Relationship": "Outer", "Parallel Aware": false, "Async Capable": false, "Join Type": "Inner", "Startup Cost": 5736.93, "Total Cost": 5741.87, "Plan Rows": 174, "Plan Width": 125, "Actual Startup Time": 14.839, "Actual Total Time": 15.426, "Actual Rows": 4244, "Actual Loops": 1, "Inner Unique": false, "Plans": [{"Node Type": "Gather Merge", "Parent Relationship": "Outer", "Parallel Aware": false, "Async Capable": false, "Startup Cost": 5736.5, "Total Cost": 5736.62, "Plan Rows": 1, "Plan Width": 133, "Actual Startup Time": 14.8, "Actual Total Time": 14.972, "Actual Rows": 31, "Actual Loops": 1, "Workers Planned": 1, "Workers Launched": 1, "Plans": [{"Node Type": "Sort", "Parent Relationship": "Outer", "Parallel Aware": false, "Async Capable": false, "Startup Cost": 4736.49, "Total Cost": 4736.49, "Plan Rows": 1, "Plan Width": 133, "Actual Startup Time": 13.482, "Actual Total Time": 13.485, "Actual Rows": 16, "Actual Loops": 2, "Sort Key": ["item.i_item_id", "item.i_item_desc", "item.i_current_price"], "Sort Method": "quicksort", "Sort Space Used": 26, "Sort Space Type": "Memory", "Workers": [{"Worker Number": 0, "Sort Method": "quicksort", "Sort Space Used": 27, "Sort Space Type": "Memory"}], "Plans": [{"Node Type": "Nested Loop", "Parent Relationship": "Outer", "Parallel Aware": false, "Async Capable": false, "Join Type": "Inner", "Startup Cost": 0.43, "Total Cost": 4736.48, "Plan Rows": 1, "Plan Width": 133, "Actual Startup Time": 6.419, "Actual Total Time": 13.421, "Actual Rows": 16, "Actual Loops": 2, "Inner Unique": false, "Workers": [], "Plans": [{"Node Type": "Seq Scan", "Parent Relationship": "Outer", "Parallel Aware": true, "Async Capable": false, "Relation Name": "item", "Alias": "item", "Startup Cost": 0.0, "Total Cost": 1441.76, "Plan Rows": 1, "Plan Width": 129, "Actual Startup Time": 0.83, "Actual Total Time": 2.035, "Actual Rows": 2, "Actual Loops": 2, "Filter": "((i_current_price >= '58'::numeric) AND (i_current_price <= '88'::numeric) AND (i_manufact_id = ANY ('{259,559,580,485}'::integer[])))", "Rows Removed by Filter": 8998, "Workers": []}, {"Node Type": "Nested Loop", "Parent Relationship": "Inner", "Parallel Aware": false, "Async Capable": false, "Join Type": "Inner", "Startup Cost": 0.43, "Total Cost": 3294.05, "Plan Rows": 66, "Plan Width": 4, "Actual Startup Time": 3.744, "Actual Total Time": 5.688, "Actual Rows": 8, "Actual Loops": 4, "Inner Unique": false, "Workers": [], "Plans": [{"Node Type": "Seq Scan", "Parent Relationship": "Outer", "Parallel Aware": false, "Async Capable": false, "Relation Name": "date_dim", "Alias": "date_dim", "Startup Cost": 0.0, "Total Cost": 2500.73, "Plan Rows": 66, "Plan Width": 4, "Actual Startup Time": 1.782, "Actual Total Time": 3.717, "Actual Rows": 61, "Actual Loops": 4, "Filter": "((d_date >= '2001-01-13'::date) AND (d_date <= '2001-03-14 00:00:00'::timestamp without time zone))", "Rows Removed by Filter": 72988, "Workers": []}, {"Node Type": "Index Scan", "Parent Relationship": "Inner", "Parallel Aware": false, "Async Capable": false, "Scan Direction": "Forward", "Index Name": "inventory_pkey", "Relation Name": "inventory", "Alias": "inventory", "Startup Cost": 0.43, "Total Cost": 12.01, "Plan Rows": 1, "Plan Width": 8, "Actual Startup Time": 0.031, "Actual Total Time": 0.032, "Actual Rows": 0, "Actual Loops": 244, "Index Cond": "((inv_date_sk = date_dim.d_date_sk) AND (inv_item_sk = item.i_item_sk))", "Rows Removed by Index Recheck": 0, "Filter": "((inv_quantity_on_hand >= 100) AND (inv_quantity_on_hand <= 500))", "Rows Removed by Filter": 0, "Workers": []}]}]}]}]}, {"Node Type": "Index Only Scan", "Parent Relationship": "Inner", "Parallel Aware": false, "Async Capable": false, "Scan Direction": "Forward", "Index Name": "store_sales_pkey", "Relation Name": "store_sales", "Alias": "store_sales", "Startup Cost": 0.43, "Total Cost": 3.5, "Plan Rows": 175, "Plan Width": 4, "Actual Startup Time": 0.004, "Actual Total Time": 0.009, "Actual Rows": 137, "Actual Loops": 31, "Index Cond": "(ss_item_sk = inventory.inv_item_sk)", "Rows Removed by Index Recheck": 0, "Heap Fetches": 0}]}]}]}, "Planning Time": 1.498, "Triggers": [], "Execution Time": 15.824}]