[{"Plan": {"Node Type": "Limit", "Parallel Aware": false, "Async Capable": false, "Startup Cost": 32647.03, "Total Cost": 32647.05, "Plan Rows": 10, "Plan Width": 169, "Actual Startup Time": 103.099, "Actual Total Time": 103.192, "Actual Rows": 22, "Actual Loops": 1, "Plans": [{"Node Type": "Sort", "Parent Relationship": "Outer", "Parallel Aware": false, "Async Capable": false, "Startup Cost": 32647.03, "Total Cost": 32647.05, "Plan Rows": 10, "Plan Width": 169, "Actual Startup Time": 103.098, "Actual Total Time": 103.19, "Actual Rows": 22, "Actual Loops": 1, "Sort Key": ["item.i_item_id", "(sum(store_returns.sr_return_quantity))"], "Sort Method": "quicksort", "Sort Space Used": 27, "Sort Space Type": "Memory", "Plans": [{"Node Type": "Merge Join", "Parent Relationship": "Outer", "Parallel Aware": false, "Async Capable": false, "Join Type": "Inner", "Startup Cost": 32629.4, "Total Cost": 32646.86, "Plan Rows": 10, "Plan Width": 169, "Actual Startup Time": 96.681, "Actual Total Time": 103.173, "Actual Rows": 22, "Actual Loops": 1, "Inner Unique": true, "Merge Cond": "(item.i_item_id = item_2.i_item_id)", "Plans": [{"Node Type": "Merge Join", "Parent Relationship": "Outer", "Parallel Aware": false, "Async Capable": false, "Join Type": "Inner", "Startup Cost": 21686.85, "Total Cost": 21699.44, "Plan Rows": 20, "Plan Width": 50, "Actual Startup Time": 62.635, "Actual Total Time": 67.476, "Actual Rows": 161, "Actual Loops": 1, "Inner Unique": true, "Merge Cond": "(item.i_item_id = item_1.i_item_id)", "Plans": [{"Node Type": "Aggregate", "Strategy": "Sorted", "Partial Mode": "Finalize", "Parent Relationship": "Outer", "Parallel Aware": false, "Async Capable": false, "Startup Cost": 13341.35, "Total Cost": 13350.68, "Plan Rows": 80, "Plan Width": 25, "Actual Startup Time": 35.422, "Actual Total Time": 38.478, "Actual Rows": 2108, "Actual Loops": 1, "Group Key": ["item.i_item_id"], "Plans": [{"Node Type": "Gather Merge", "Parent Relationship": "Outer", "Parallel Aware": false, "Async Capable": false, "Startup Cost": 13341.35, "Total Cost": 13349.55, "Plan Rows": 66, "Plan Width": 25, "Actual Startup Time": 35.419, "Actual Total Time": 38.211, "Actual Rows": 2330, "Actual Loops": 1, "Workers Planned": 2, "Workers Launched": 2, "Plans": [{"Node Type": "Aggregate", "Strategy": "Sorted", "Partial Mode": "Partial", "Parent Relationship": "Outer", "Parallel Aware": false, "Async Capable": false, "Startup Cost": 12341.33, "Total Cost": 12341.91, "Plan Rows": 33, "Plan Width": 25, "Actual Startup Time": 32.693, "Actual Total Time": 32.834, "Actual Rows": 777, "Actual Loops": 3, "Group Key": ["item.i_item_id"], "Workers": [], "Plans": [{"Node Type": "Sort", "Parent Relationship": "Outer", "Parallel Aware": false, "Async Capable": false, "Startup Cost": 12341.33, "Total Cost": 12341.41, "Plan Rows": 33, "Plan Width": 21, "Actual Startup Time": 32.686, "Actual Total Time": 32.717, "Actual Rows": 812, "Actual Loops": 3, "Sort Key": ["item.i_item_id"], "Sort Method": "quicksort", "Sort Space Used": 90, "Sort Space Type": "Memory", "Workers": [{"Worker Number": 0, "Sort Method": "quicksort", "Sort Space Used": 87, "Sort Space Type": "Memory"}, {"Worker Number": 1, "Sort Method": "quicksort", "Sort Space Used": 87, "Sort Space Type": "Memory"}], "Plans": [{"Node Type": "Nested Loop", "Parent Relationship": "Outer", "Parallel Aware": false, "Async Capable": false, "Join Type": "Inner", "Startup Cost": 5891.72, "Total Cost": 12340.5, "Plan Rows": 33, "Plan Width": 21, "Actual Startup Time": 9.751, "Actual Total Time": 28.697, "Actual Rows": 812, "Actual Loops": 3, "Inner Unique": true, "Workers": [], "Plans": [{"Node Type": "Hash Join", "Parent Relationship": "Outer", "Parallel Aware": true, "Async Capable": false, "Join Type": "Inner", "Startup Cost": 5891.44, "Total Cost": 12329.84, "Plan Rows": 33, "Plan Width": 8, "Actual Startup Time": 9.702, "Actual Total Time": 25.999, "Actual Rows": 812, "Actual Loops": 3, "Inner Unique": false, "Hash Cond": "(store_returns.sr_returned_date_sk = date_dim.d_date_sk)", "Workers": [], "Plans": [{"Node Type": "Seq Scan", "Parent Relationship": "Outer", "Parallel Aware": true, "Async Capable": false, "Relation Name": "store_returns", "Alias": "store_returns", "Startup Cost": 0.0, "Total Cost": 5988.98, "Plan Rows": 119798, "Plan Width": 12, "Actual Startup Time": 0.054, "Actual Total Time": 6.867, "Actual Rows": 95838, "Actual Loops": 3, "Workers": []}, {"Node Type": "Hash", "Parent Relationship": "Inner", "Parallel Aware": true, "Async Capable": false, "Startup Cost": 5891.29, "Total Cost": 5891.29, "Plan Rows": 12, "Plan Width": 4, "Actual Startup Time": 9.541, "Actual Total Time": 9.543, "Actual Rows": 7, "Actual Loops": 3, "Hash Buckets": 1024, "Original Hash Buckets": 1024, "Hash Batches": 1, "Original Hash Batches": 1, "Peak Memory Usage": 104, "Workers": [], "Plans": [{"Node Type": "Hash Join", "Parent Relationship": "Outer", "Parallel Aware": true, "Async Capable": false, "Join Type": "Semi", "Startup Cost": 3943.66, "Total Cost": 5891.29, "Plan Rows": 12, "Plan Width": 4, "Actual Startup Time": 7.998, "Actual Total Time": 9.498, "Actual Rows": 7, "Actual Loops": 3, "Inner Unique": false, "Hash Cond": "(date_dim.d_date = date_dim_1.d_date)", "Workers": [], "Plans": [{"Node Type": "Seq Scan", "Parent Relationship": "Outer", "Parallel Aware": true, "Async Capable": false, "Relation Name": "date_dim", "Alias": "date_dim", "Startup Cost": 0.0, "Total Cost": 1834.7, "Plan Rows": 42970, "Plan Width": 8, "Actual Startup Time": 0.004, "Actual Total Time": 1.008, "Actual Rows": 24350, "Actual Loops": 3, "Workers": []}, {"Node Type": "Hash", "Parent Relationship": "Inner", "Parallel Aware": true, "Async Capable": false, "Startup Cost": 3943.51, "Total Cost": 3943.51, "Plan Rows": 12, "Plan Width": 4, "Actual Startup Time": 6.094, "Actual Total Time": 6.095, "Actual Rows": 7, "Actual Loops": 3, "Hash Buckets": 1024, "Original Hash Buckets": 1024, "Hash Batches": 1, "Original Hash Batches": 1, "Peak Memory Usage": 104, "Workers": [], "Plans": [{"Node Type": "Hash Join", "Parent Relationship": "Outer", "Parallel Aware": true, "Async Capable": false, "Join Type": "Semi", "Startup Cost": 1995.86, "Total Cost": 3943.51, "Plan Rows": 12, "Plan Width": 4, "Actual Startup Time": 4.618, "Actual Total Time": 6.071, "Actual Rows": 7, "Actual Loops": 3, "Inner Unique": false, "Hash Cond": "(date_dim_1.d_week_seq = date_dim_2.d_week_seq)", "Workers": [], "Plans": [{"Node Type": "Seq Scan", "Parent Relationship": "Outer", "Parallel Aware": true, "Async Capable": false, "Relation Name": "date_dim", "Alias": "date_dim_1", "Startup Cost": 0.0, "Total Cost": 1834.7, "Plan Rows": 42970, "Plan Width": 8, "Actual Startup Time": 0.003, "Actual Total Time": 1.132, "Actual Rows": 24350, "Actual Loops": 3, "Workers": []}, {"Node Type": "Hash", "Parent Relationship": "Inner", "Parallel Aware": true, "Async Capable": false, "Startup Cost": 1995.84, "Total Cost": 1995.84, "Plan Rows": 2, "Plan Width": 4, "Actual Startup Time": 2.976, "Actual Total Time": 2.976, "Actual Rows": 1, "Actual Loops": 3, "Hash Buckets": 1024, "Original Hash Buckets": 1024, "Hash Batches": 1, "Original Hash Batches": 1, "Peak Memory Usage": 40, "Workers": [], "Plans": [{"Node Type": "Seq Scan", "Parent Relationship": "Outer", "Parallel Aware": true, "Async Capable": false, "Relation Name": "date_dim", "Alias": "date_dim_2", "Startup Cost": 0.0, "Total Cost": 1995.84, "Plan Rows": 2, "Plan Width": 4, "Actual Startup Time": 2.338, "Actual Total Time": 2.96, "Actual Rows": 1, "Actual Loops": 3, "Filter": "(d_date = ANY ('{2001-07-13,2001-09-10,2001-11-16}'::date[]))", "Rows Removed by Filter": 24349, "Workers": []}]}]}]}]}]}]}, {"Node Type": "Index Scan", "Parent Relationship": "Inner", "Parallel Aware": false, "Async Capable": false, "Scan Direction": "Forward", "Index Name": "item_pkey", "Relation Name": "item", "Alias": "item", "Startup Cost": 0.29, "Total Cost": 0.32, "Plan Rows": 1, "Plan Width": 21, "Actual Startup Time": 0.003, "Actual Total Time": 0.003, "Actual Rows": 1, "Actual Loops": 2436, "Index Cond": "(i_item_sk = store_returns.sr_item_sk)", "Rows Removed by Index Recheck": 0, "Workers": []}]}]}]}]}]}, {"Node Type": "Aggregate", "Strategy": "Sorted", "Partial Mode": "Finalize", "Parent Relationship": "Inner", "Parallel Aware": false, "Async Capable": false, "Startup Cost": 8345.49, "Total Cost": 8347.31, "Plan Rows": 20, "Plan Width": 25, "Actual Startup Time": 27.155, "Actual Total Time": 27.679, "Actual Rows": 654, "Actual Loops": 1, "Group Key": ["item_1.i_item_id"], "Plans": [{"Node Type": "Gather Merge", "Parent Relationship": "Outer", "Parallel Aware": false, "Async Capable": false, "Startup Cost": 8345.49, "Total Cost": 8347.05, "Plan Rows": 12, "Plan Width": 25, "Actual Startup Time": 27.152, "Actual Total Time": 27.593, "Actual Rows": 667, "Actual Loops": 1, "Workers Planned": 1, "Workers Launched": 1, "Plans": [{"Node Type": "Aggregate", "Strategy": "Sorted", "Partial Mode": "Partial", "Parent Relationship": "Outer", "Parallel Aware": false, "Async Capable": false, "Startup Cost": 7345.48, "Total Cost": 7345.69, "Plan Rows": 12, "Plan Width": 25, "Actual Startup Time": 25.822, "Actual Total Time": 25.883, "Actual Rows": 334, "Actual Loops": 2, "Group Key": ["item_1.i_item_id"], "Workers": [], "Plans": [{"Node Type": "Sort", "Parent Relationship": "Outer", "Parallel Aware": false, "Async Capable": false, "Startup Cost": 7345.48, "Total Cost": 7345.51, "Plan Rows": 12, "Plan Width": 21, "Actual Startup Time": 25.817, "Actual Total Time": 25.831, "Actual Rows": 341, "Actual Loops": 2, "Sort Key": ["item_1.i_item_id"], "Sort Method": "quicksort", "Sort Space Used": 51, "Sort Space Type": "Memory", "Workers": [{"Worker Number": 0, "Sort Method": "quicksort", "Sort Space Used": 52, "Sort Space Type": "Memory"}], "Plans": [{"Node Type": "Nested Loop", "Parent Relationship": "Outer", "Parallel Aware": false, "Async Capable": false, "Join Type": "Inner", "Startup Cost": 3944.25, "Total Cost": 7345.27, "Plan Rows": 12, "Plan Width": 21, "Actual Startup Time": 7.122, "Actual Total Time": 24.343, "Actual Rows": 341, "Actual Loops": 2, "Inner Unique": true, "Workers": [], "Plans": [{"Node Type": "Hash Join", "Parent Relationship": "Outer", "Parallel Aware": true, "Async Capable": false, "Join Type": "Semi", "Startup Cost": 3943.96, "Total Cost": 7340.75, "Plan Rows": 12, "Plan Width": 8, "Actual Startup Time": 7.104, "Actual Total Time": 23.249, "Actual Rows": 341, "Actual Loops": 2, "Inner Unique": false, "Hash Cond": "(date_dim_3.d_date = date_dim_4.d_date)", "Workers": [], "Plans": [{"Node Type": "Nested Loop", "Parent Relationship": "Outer", "Parallel Aware": false, "Async Capable": false, "Join Type": "Inner", "Startup Cost": 0.3, "Total Cost": 3290.92, "Plan Rows": 40394, "Plan Width": 12, "Actual Startup Time": 0.079, "Actual Total Time": 13.252, "Actual Rows": 34318, "Actual Loops": 2, "Inner Unique": true, "Workers": [], "Plans": [{"Node Type": "Seq Scan", "Parent Relationship": "Outer", "Parallel Aware": true, "Async Capable": false, "Relation Name": "web_returns", "Alias": "web_returns", "Startup Cost": 0.0, "Total Cost": 1749.14, "Plan Rows": 42214, "Plan Width": 12, "Actual Startup Time": 0.051, "Actual Total Time": 3.838, "Actual Rows": 35882, "Actual Loops": 2, "Workers": []}, {"Node Type": "Memoize", "Parent Relationship": "Inner", "Parallel Aware": false, "Async Capable": false, "Startup Cost": 0.3, "Total Cost": 0.41, "Plan Rows": 1, "Plan Width": 8, "Actual Startup Time": 0.0, "Actual Total Time": 0.0, "Actual Rows": 1, "Actual Loops": 71763, "Cache Key": "web_returns.wr_returned_date_sk", "Cache Mode": "logical", "Cache Hits": 35493, "Cache Misses": 2094, "Cache Evictions": 0, "Cache Overflows": 0, "Peak Memory Usage": 221, "Workers": [{"Worker Number": 0, "Cache Hits": 32099, "Cache Misses": 2077, "Cache Evictions": 0, "Cache Overflows": 0, "Peak Memory Usage": 220}], "Plans": [{"Node Type": "Index Scan", "Parent Relationship": "Outer", "Parallel Aware": false, "Async Capable": false, "Scan Direction": "Forward", "Index Name": "date_dim_pkey", "Relation Name": "date_dim", "Alias": "date_dim_3", "Startup Cost": 0.29, "Total Cost": 0.4, "Plan Rows": 1, "Plan Width": 8, "Actual Startup Time": 0.001, "Actual Total Time": 0.001, "Actual Rows": 1, "Actual Loops": 4171, "Index Cond": "(d_date_sk = web_returns.wr_returned_date_sk)", "Rows Removed by Index Recheck": 0, "Workers": []}]}]}, {"Node Type": "Hash", "Parent Relationship": "Inner", "Parallel Aware": true, "Async Capable": false, "Startup Cost": 3943.51, "Total Cost": 3943.51, "Plan Rows": 12, "Plan Width": 4, "Actual Startup Time": 6.832, "Actual Total Time": 6.833, "Actual Rows": 10, "Actual Loops": 2, "Hash Buckets": 1024, "Original Hash Buckets": 1024, "Hash Batches": 1, "Original Hash Batches": 1, "Peak Memory Usage": 72, "Workers": [], "Plans": [{"Node Type": "Hash Join", "Parent Relationship": "Outer", "Parallel Aware": true, "Async Capable": false, "Join Type": "Semi", "Startup Cost": 1995.86, "Total Cost": 3943.51, "Plan Rows": 12, "Plan Width": 4, "Actual Startup Time": 4.697, "Actual Total Time": 6.807, "Actual Rows": 10, "Actual Loops": 2, "Inner Unique": false, "Hash Cond": "(date_dim_4.d_week_seq = date_dim_5.d_week_seq)", "Workers": [], "Plans": [{"Node Type": "Seq Scan", "Parent Relationship": "Outer", "Parallel Aware": true, "Async Capable": false, "Relation Name": "date_dim", "Alias": "date_dim_4", "Startup Cost": 0.0, "Total Cost": 1834.7, "Plan Rows": 42970, "Plan Width": 8, "Actual Startup Time": 0.005, "Actual Total Time": 1.594, "Actual Rows": 36524, "Actual Loops": 2, "Workers": []}, {"Node Type": "Hash", "Parent Relationship": "Inner", "Parallel Aware": true, "Async Capable": false, "Startup Cost": 1995.84, "Total Cost": 1995.84, "Plan Rows": 2, "Plan Width": 4, "Actual Startup Time": 2.461, "Actual Total Time": 2.462, "Actual Rows": 2, "Actual Loops": 2, "Hash Buckets": 1024, "Original Hash Buckets": 1024, "Hash Batches": 1, "Original Hash Batches": 1, "Peak Memory Usage": 72, "Workers": [], "Plans": [{"Node Type": "Seq Scan", "Parent Relationship": "Outer", "Parallel Aware": true, "Async Capable": false, "Relation Name": "date_dim", "Alias": "date_dim_5", "Startup Cost": 0.0, "Total Cost": 1995.84, "Plan Rows": 2, "Plan Width": 4, "Actual Startup Time": 1.187, "Actual Total Time": 2.445, "Actual Rows": 2, "Actual Loops": 2, "Filter": "(d_date = ANY ('{2001-07-13,2001-09-10,2001-11-16}'::date[]))", "Rows Removed by Filter": 36523, "Workers": []}]}]}]}]}, {"Node Type": "Index Scan", "Parent Relationship": "Inner", "Parallel Aware": false, "Async Capable": false, "Scan Direction": "Forward", "Index Name": "item_pkey", "Relation Name": "item", "Alias": "item_1", "Startup Cost": 0.29, "Total Cost": 0.38, "Plan Rows": 1, "Plan Width": 21, "Actual Startup Time": 0.003, "Actual Total Time": 0.003, "Actual Rows": 1, "Actual Loops": 682, "Index Cond": "(i_item_sk = web_returns.wr_item_sk)", "Rows Removed by Index Recheck": 0, "Workers": []}]}]}]}]}]}]}, {"Node Type": "Aggregate", "Strategy": "Sorted", "Partial Mode": "Finalize", "Parent Relationship": "Inner", "Parallel Aware": false, "Async Capable": false, "Startup Cost": 10942.56, "Total Cost": 10946.21, "Plan Rows": 41, "Plan Width": 25, "Actual Startup Time": 34.02, "Actual Total Time": 34.991, "Actual Rows": 1202, "Actual Loops": 1, "Group Key": ["item_2.i_item_id"], "Plans": [{"Node Type": "Gather Merge", "Parent Relationship": "Outer", "Parallel Aware": false, "Async Capable": false, "Startup Cost": 10942.56, "Total Cost": 10945.68, "Plan Rows": 24, "Plan Width": 25, "Actual Startup Time": 34.018, "Actual Total Time": 34.834, "Actual Rows": 1237, "Actual Loops": 1, "Workers Planned": 1, "Workers Launched": 1, "Plans": [{"Node Type": "Aggregate", "Strategy": "Sorted", "Partial Mode": "Partial", "Parent Relationship": "Outer", "Parallel Aware": false, "Async Capable": false, "Startup Cost": 9942.55, "Total Cost": 9942.97, "Plan Rows": 24, "Plan Width": 25, "Actual Startup Time": 31.864, "Actual Total Time": 31.975, "Actual Rows": 618, "Actual Loops": 2, "Group Key": ["item_2.i_item_id"], "Workers": [], "Plans": [{"Node Type": "Sort", "Parent Relationship": "Outer", "Parallel Aware": false, "Async Capable": false, "Startup Cost": 9942.55, "Total Cost": 9942.61, "Plan Rows": 24, "Plan Width": 21, "Actual Startup Time": 31.858, "Actual Total Time": 31.88, "Actual Rows": 639, "Actual Loops": 2, "Sort Key": ["item_2.i_item_id"], "Sort Method": "quicksort", "Sort Space Used": 83, "Sort Space Type": "Memory", "Workers": [{"Worker Number": 0, "Sort Method": "quicksort", "Sort Space Used": 66, "Sort Space Type": "Memory"}], "Plans": [{"Node Type": "Nested Loop", "Parent Relationship": "Outer", "Parallel Aware": false, "Async Capable": false, "Join Type": "Inner", "Startup Cost": 5891.72, "Total Cost": 9942.0, "Plan Rows": 24, "Plan Width": 21, "Actual Startup Time": 20.777, "Actual Total Time": 28.816, "Actual Rows": 639, "Actual Loops": 2, "Inner Unique": true, "Workers": [], "Plans": [{"Node Type": "Hash Join", "Parent Relationship": "Outer", "Parallel Aware": true, "Async Capable": false, "Join Type": "Inner", "Startup Cost": 5891.44, "Total Cost": 9933.82, "Plan Rows": 24, "Plan Width": 8, "Actual Startup Time": 20.751, "Actual Total Time": 27.495, "Actual Rows": 639, "Actual Loops": 2, "Inner Unique": false, "Hash Cond": "(catalog_returns.cr_returned_date_sk = date_dim_6.d_date_sk)", "Workers": [], "Plans": [{"Node Type": "Seq Scan", "Parent Relationship": "Outer", "Parallel Aware": true, "Async Capable": false, "Relation Name": "catalog_returns", "Alias": "catalog_returns", "Startup Cost": 0.0, "Total Cost": 3724.45, "Plan Rows": 84745, "Plan Width": 12, "Actual Startup Time": 0.027, "Actual Total Time": 8.469, "Actual Rows": 72034, "Actual Loops": 2, "Workers": []}, {"Node Type": "Hash", "Parent Relationship": "Inner", "Parallel Aware": true, "Async Capable": false, "Startup Cost": 5891.29, "Total Cost": 5891.29, "Plan Rows": 12, "Plan Width": 4, "Actual Startup Time": 12.543, "Actual Total Time": 12.545, "Actual Rows": 10, "Actual Loops": 2, "Hash Buckets": 1024, "Original Hash Buckets": 1024, "Hash Batches": 1, "Original Hash Batches": 1, "Peak Memory Usage": 72, "Workers": [], "Plans": [{"Node Type": "Hash Join", "Parent Relationship": "Outer", "Parallel Aware": true, "Async Capable": false, "Join Type": "Semi", "Startup Cost": 3943.66, "Total Cost": 5891.29, "Plan Rows": 12, "Plan Width": 4, "Actual Startup Time": 10.096, "Actual Total Time": 12.523, "Actual Rows": 10, "Actual Loops": 2, "Inner Unique": false, "Hash Cond": "(date_dim_6.d_date = date_dim_7.d_date)", "Workers": [], "Plans": [{"Node Type": "Seq Scan", "Parent Relationship": "Outer", "Parallel Aware": true, "Async Capable": false, "Relation Name": "date_dim", "Alias": "date_dim_6", "Startup Cost": 0.0, "Total Cost": 1834.7, "Plan Rows": 42970, "Plan Width": 8, "Actual Startup Time": 0.003, "Actual Total Time": 1.587, "Actual Rows": 36524, "Actual Loops": 2, "Workers": []}, {"Node Type": "Hash", "Parent Relationship": "Inner", "Parallel Aware": true, "Async Capable": false, "Startup Cost": 3943.51, "Total Cost": 3943.51, "Plan Rows": 12, "Plan Width": 4, "Actual Startup Time": 6.67, "Actual Total Time": 6.671, "Actual Rows": 10, "Actual Loops": 2, "Hash Buckets": 1024, "Original Hash Buckets": 1024, "Hash Batches": 1, "Original Hash Batches": 1, "Peak Memory Usage": 72, "Workers": [], "Plans": [{"Node Type": "Hash Join", "Parent Relationship": "Outer", "Parallel Aware": true, "Async Capable": false, "Join Type": "Semi", "Startup Cost": 1995.86, "Total Cost": 3943.51, "Plan Rows": 12, "Plan Width": 4, "Actual Startup Time": 4.709, "Actual Total Time": 6.623, "Actual Rows": 10, "Actual Loops": 2, "Inner Unique": false, "Hash Cond": "(date_dim_7.d_week_seq = date_dim_8.d_week_seq)", "Workers": [], "Plans": [{"Node Type": "Seq Scan", "Parent Relationship": "Outer", "Parallel Aware": true, "Async Capable": false, "Relation Name": "date_dim", "Alias": "date_dim_7", "Startup Cost": 0.0, "Total Cost": 1834.7, "Plan Rows": 42970, "Plan Width": 8, "Actual Startup Time": 0.003, "Actual Total Time": 1.584, "Actual Rows": 36524, "Actual Loops": 2, "Workers": []}, {"Node Type": "Hash", "Parent Relationship": "Inner", "Parallel Aware": true, "Async Capable": false, "Startup Cost": 1995.84, "Total Cost": 1995.84, "Plan Rows": 2, "Plan Width": 4, "Actual Startup Time": 2.455, "Actual Total Time": 2.456, "Actual Rows": 2, "Actual Loops": 2, "Hash Buckets": 1024, "Original Hash Buckets": 1024, "Hash Batches": 1, "Original Hash Batches": 1, "Peak Memory Usage": 40, "Workers": [], "Plans": [{"Node Type": "Seq Scan", "Parent Relationship": "Outer", "Parallel Aware": true, "Async Capable": false, "Relation Name": "date_dim", "Alias": "date_dim_8", "Startup Cost": 0.0, "Total Cost": 1995.84, "Plan Rows": 2, "Plan Width": 4, "Actual Startup Time": 1.74, "Actual Total Time": 2.44, "Actual Rows": 2, "Actual Loops": 2, "Filter": "(d_date = ANY ('{2001-07-13,2001-09-10,2001-11-16}'::date[]))", "Rows Removed by Filter": 36523, "Workers": []}]}]}]}]}]}]}, {"Node Type": "Index Scan", "Parent Relationship": "Inner", "Parallel Aware": false, "Async Capable": false, "Scan Direction": "Forward", "Index Name": "item_pkey", "Relation Name": "item", "Alias": "item_2", "Startup Cost": 0.29, "Total Cost": 0.34, "Plan Rows": 1, "Plan Width": 21, "Actual Startup Time": 0.002, "Actual Total Time": 0.002, "Actual Rows": 1, "Actual Loops": 1278, "Index Cond": "(i_item_sk = catalog_returns.cr_item_sk)", "Rows Removed by Index Recheck": 0, "Workers": []}]}]}]}]}]}]}]}]}, "Planning Time": 0.637, "Triggers": [], "Execution Time": 103.395}]