[{"Plan": {"Node Type": "Limit", "Parallel Aware": false, "Async Capable": false, "Startup Cost": 26653.84, "Total Cost": 26654.09, "Plan Rows": 100, "Plan Width": 178, "Actual Startup Time": 133.043, "Actual Total Time": 133.701, "Actual Rows": 100, "Actual Loops": 1, "Plans": [{"Node Type": "Sort", "Parent Relationship": "Outer", "Parallel Aware": false, "Async Capable": false, "Startup Cost": 26653.84, "Total Cost": 26656.34, "Plan Rows": 1001, "Plan Width": 178, "Actual Startup Time": 133.042, "Actual Total Time": 133.697, "Actual Rows": 100, "Actual Loops": 1, "Sort Key": ["tmp.lochierarchy DESC", "(CASE WHEN (tmp.lochierarchy = 0) THEN tmp.i_category ELSE NULL::bpchar END)", "tmp.rank_within_parent"], "Sort Method": "quicksort", "Sort Space Used": 57, "Sort Space Type": "Memory", "Plans": [{"Node Type": "Subquery Scan", "Parent Relationship": "Outer", "Parallel Aware": false, "Async Capable": false, "Alias": "tmp", "Startup Cost": 26575.54, "Total Cost": 26615.58, "Plan Rows": 1001, "Plan Width": 178, "Actual Startup Time": 132.781, "Actual Total Time": 133.499, "Actual Rows": 136, "Actual Loops": 1, "Plans": [{"Node Type": "WindowAgg", "Parent Relationship": "Subquery", "Parallel Aware": false, "Async Capable": false, "Startup Cost": 26575.54, "Total Cost": 26603.07, "Plan Rows": 1001, "Plan Width": 178, "Actual Startup Time": 132.781, "Actual Total Time": 133.492, "Actual Rows": 136, "Actual Loops": 1, "Plans": [{"Node Type": "Sort", "Parent Relationship": "Outer", "Parallel Aware": false, "Async Capable": false, "Startup Cost": 26575.54, "Total Cost": 26578.04, "Plan Rows": 1001, "Plan Width": 170, "Actual Startup Time": 132.773, "Actual Total Time": 133.429, "Actual Rows": 136, "Actual Loops": 1, "Sort Key": ["((GROUPING(item.i_category) + GROUPING(item.i_class)))", "(CASE WHEN (GROUPING(item.i_class) = 0) THEN item.i_category ELSE NULL::bpchar END)", "(sum(web_sales.ws_net_paid)) DESC"], "Sort Method": "quicksort", "Sort Space Used": 57, "Sort Space Type": "Memory", "Plans": [{"Node Type": "Aggregate", "Strategy": "Mixed", "Partial Mode": "Simple", "Parent Relationship": "Outer", "Parallel Aware": false, "Async Capable": false, "Startup Cost": 3052.6, "Total Cost": 26525.65, "Plan Rows": 1001, "Plan Width": 170, "Actual Startup Time": 132.546, "Actual Total Time": 133.226, "Actual Rows": 136, "Actual Loops": 1, "Grouping Sets": [{"Hash Keys": [["item.i_category", "item.i_class"]]}, {"Hash Keys": [["item.i_category"]]}, {"Group Keys": [[]]}], "Planned Partitions": 0, "HashAgg Batches": 1, "Peak Memory Usage": 201, "Disk Usage": 0, "Plans": [{"Node Type": "Gather", "Parent Relationship": "Outer", "Parallel Aware": false, "Async Capable": false, "Startup Cost": 3052.6, "Total Cost": 26452.77, "Plan Rows": 3691, "Plan Width": 108, "Actual Startup Time": 3.245, "Actual Total Time": 70.3, "Actual Rows": 143527, "Actual Loops": 1, "Workers Planned": 2, "Workers Launched": 2, "Single Copy": false, "Plans": [{"Node Type": "Nested Loop", "Parent Relationship": "Outer", "Parallel Aware": false, "Async Capable": false, "Join Type": "Inner", "Startup Cost": 2052.6, "Total Cost": 25083.67, "Plan Rows": 1538, "Plan Width": 108, "Actual Startup Time": 1.577, "Actual Total Time": 94.08, "Actual Rows": 47842, "Actual Loops": 3, "Inner Unique": true, "Workers": [], "Plans": [{"Node Type": "Hash Join", "Parent Relationship": "Outer", "Parallel Aware": true, "Async Capable": false, "Join Type": "Inner", "Startup Cost": 2052.31, "Total Cost": 24603.62, "Plan Rows": 1538, "Plan Width": 10, "Actual Startup Time": 1.558, "Actual Total Time": 41.639, "Actual Rows": 47842, "Actual Loops": 3, "Inner Unique": true, "Hash Cond": "(web_sales.ws_sold_date_sk = d1.d_date_sk)", "Workers": [], "Plans": [{"Node Type": "Seq Scan", "Parent Relationship": "Outer", "Parallel Aware": true, "Async Capable": false, "Relation Name": "web_sales", "Alias": "web_sales", "Startup Cost": 0.0, "Total Cost": 21764.43, "Plan Rows": 299743, "Plan Width": 14, "Actual Startup Time": 0.032, "Actual Total Time": 20.233, "Actual Rows": 239795, "Actual Loops": 3, "Workers": []}, {"Node Type": "Hash", "Parent Relationship": "Inner", "Parallel Aware": true, "Async Capable": false, "Startup Cost": 2049.55, "Total Cost": 2049.55, "Plan Rows": 221, "Plan Width": 4, "Actual Startup Time": 1.464, "Actual Total Time": 1.464, "Actual Rows": 122, "Actual Loops": 3, "Hash Buckets": 1024, "Original Hash Buckets": 1024, "Hash Batches": 1, "Original Hash Batches": 1, "Peak Memory Usage": 40, "Workers": [], "Plans": [{"Node Type": "Seq Scan", "Parent Relationship": "Outer", "Parallel Aware": true, "Async Capable": false, "Relation Name": "date_dim", "Alias": "d1", "Startup Cost": 0.0, "Total Cost": 2049.55, "Plan Rows": 221, "Plan Width": 4, "Actual Startup Time": 1.036, "Actual Total Time": 1.445, "Actual Rows": 122, "Actual Loops": 3, "Filter": "((d_month_seq >= 1186) AND (d_month_seq <= 1197))", "Rows Removed by Filter": 24228, "Workers": []}]}]}, {"Node Type": "Index Scan", "Parent Relationship": "Inner", "Parallel Aware": false, "Async Capable": false, "Scan Direction": "Forward", "Index Name": "item_pkey", "Relation Name": "item", "Alias": "item", "Startup Cost": 0.29, "Total Cost": 0.31, "Plan Rows": 1, "Plan Width": 106, "Actual Startup Time": 0.001, "Actual Total Time": 0.001, "Actual Rows": 1, "Actual Loops": 143527, "Index Cond": "(i_item_sk = web_sales.ws_item_sk)", "Rows Removed by Index Recheck": 0, "Workers": []}]}]}]}]}]}]}]}]}, "Planning Time": 0.213, "Triggers": [], "Execution Time": 133.873}]