[{"Plan": {"Node Type": "Aggregate", "Strategy": "Plain", "Partial Mode": "Simple", "Parallel Aware": false, "Async Capable": false, "Startup Cost": 152002.06, "Total Cost": 152002.07, "Plan Rows": 1, "Plan Width": 8, "Actual Startup Time": 2105.152, "Actual Total Time": 2105.27, "Actual Rows": 1, "Actual Loops": 1, "Plans": [{"Node Type": "Subquery Scan", "Parent Relationship": "Outer", "Parallel Aware": false, "Async Capable": false, "Alias": "cool_cust", "Startup Cost": 72226.73, "Total Cost": 151966.41, "Plan Rows": 14260, "Plan Width": 0, "Actual Startup Time": 2101.101, "Actual Total Time": 2104.261, "Actual Rows": 47049, "Actual Loops": 1, "Plans": [{"Node Type": "SetOp", "Strategy": "Hashed", "Parent Relationship": "Subquery", "Parallel Aware": false, "Async Capable": false, "Command": "Except", "Startup Cost": 72226.73, "Total Cost": 151823.81, "Plan Rows": 14260, "Plan Width": 216, "Actual Startup Time": 2101.1, "Actual Total Time": 2102.214, "Actual Rows": 47049, "Actual Loops": 1, "Plans": [{"Node Type": "Append", "Parent Relationship": "Outer", "Parallel Aware": false, "Async Capable": false, "Startup Cost": 72226.73, "Total Cost": 151687.64, "Plan Rows": 18157, "Plan Width": 216, "Actual Startup Time": 1793.635, "Actual Total Time": 2091.772, "Actual Rows": 58861, "Actual Loops": 1, "Subplans Removed": 0, "Plans": [{"Node Type": "Result", "Parent Relationship": "Member", "Parallel Aware": false, "Async Capable": false, "Startup Cost": 72226.73, "Total Cost": 124853.47, "Plan Rows": 14260, "Plan Width": 216, "Actual Startup Time": 1793.634, "Actual Total Time": 1798.229, "Actual Rows": 47117, "Actual Loops": 1, "Plans": [{"Node Type": "SetOp", "Strategy": "Hashed", "Parent Relationship": "Outer", "Parallel Aware": false, "Async Capable": false, "Command": "Except", "Startup Cost": 72226.73, "Total Cost": 124710.87, "Plan Rows": 14260, "Plan Width": 216, "Actual Startup Time": 1793.633, "Actual Total Time": 1796.22, "Actual Rows": 47117, "Actual Loops": 1, "Plans": [{"Node Type": "Append", "Parent Relationship": "Outer", "Parallel Aware": false, "Async Capable": false, "Startup Cost": 72226.73, "Total Cost": 124545.84, "Plan Rows": 22003, "Plan Width": 216, "Actual Startup Time": 707.685, "Actual Total Time": 1765.518, "Actual Rows": 79108, "Actual Loops": 1, "Subplans Removed": 0, "Plans": [{"Node Type": "Subquery Scan", "Parent Relationship": "Member", "Parallel Aware": false, "Async Capable": false, "Alias": "*SELECT* 1", "Startup Cost": 72226.73, "Total Cost": 74137.09, "Plan Rows": 14260, "Plan Width": 60, "Actual Startup Time": 707.685, "Actual Total Time": 1124.404, "Actual Rows": 47428, "Actual Loops": 1, "Plans": [{"Node Type": "Unique", "Parent Relationship": "Subquery", "Parallel Aware": false, "Async Capable": false, "Startup Cost": 72226.73, "Total Cost": 73994.49, "Plan Rows": 14260, "Plan Width": 56, "Actual Startup Time": 707.679, "Actual Total Time": 1121.819, "Actual Rows": 47428, "Actual Loops": 1, "Plans": [{"Node Type": "Gather Merge", "Parent Relationship": "Outer", "Parallel Aware": false, "Async Capable": false, "Startup Cost": 72226.73, "Total Cost": 73887.54, "Plan Rows": 14260, "Plan Width": 56, "Actual Startup Time": 707.679, "Actual Total Time": 1079.402, "Actual Rows": 537699, "Actual Loops": 1, "Workers Planned": 2, "Workers Launched": 2, "Plans": [{"Node Type": "Sort", "Parent Relationship": "Outer", "Parallel Aware": false, "Async Capable": false, "Startup Cost": 71226.7, "Total Cost": 71241.56, "Plan Rows": 5942, "Plan Width": 56, "Actual Startup Time": 700.364, "Actual Total Time": 808.148, "Actual Rows": 179233, "Actual Loops": 3, "Sort Key": ["customer.c_last_name", "customer.c_first_name", "date_dim.d_date"], "Sort Method": "external merge", "Sort Space Used": 11496, "Sort Space Type": "Disk", "Workers": [{"Worker Number": 0, "Sort Method": "external merge", "Sort Space Used": 11272, "Sort Space Type": "Disk"}, {"Worker Number": 1, "Sort Method": "external merge", "Sort Space Used": 11160, "Sort Space Type": "Disk"}], "Plans": [{"Node Type": "Nested Loop", "Parent Relationship": "Outer", "Parallel Aware": false, "Async Capable": false, "Join Type": "Inner", "Startup Cost": 2052.76, "Total Cost": 70854.24, "Plan Rows": 5942, "Plan Width": 56, "Actual Startup Time": 1.79, "Actual Total Time": 292.561, "Actual Rows": 179233, "Actual Loops": 3, "Inner Unique": true, "Workers": [], "Plans": [{"Node Type": "Hash Join", "Parent Relationship": "Outer", "Parallel Aware": true, "Async Capable": false, "Join Type": "Inner", "Startup Cost": 2052.46, "Total Cost": 68900.69, "Plan Rows": 6217, "Plan Width": 8, "Actual Startup Time": 1.715, "Actual Total Time": 131.945, "Actual Rows": 183547, "Actual Loops": 3, "Inner Unique": true, "Hash Cond": "(store_sales.ss_sold_date_sk = date_dim.d_date_sk)", "Workers": [], "Plans": [{"Node Type": "Seq Scan", "Parent Relationship": "Outer", "Parallel Aware": true, "Async Capable": false, "Relation Name": "store_sales", "Alias": "store_sales", "Startup Cost": 0.0, "Total Cost": 63697.62, "Plan Rows": 1200162, "Plan Width": 8, "Actual Startup Time": 0.041, "Actual Total Time": 67.074, "Actual Rows": 960135, "Actual Loops": 3, "Workers": []}, {"Node Type": "Hash", "Parent Relationship": "Inner", "Parallel Aware": true, "Async Capable": false, "Startup Cost": 2049.55, "Total Cost": 2049.55, "Plan Rows": 233, "Plan Width": 8, "Actual Startup Time": 1.609, "Actual Total Time": 1.61, "Actual Rows": 122, "Actual Loops": 3, "Hash Buckets": 1024, "Original Hash Buckets": 1024, "Hash Batches": 1, "Original Hash Batches": 1, "Peak Memory Usage": 40, "Workers": [], "Plans": [{"Node Type": "Seq Scan", "Parent Relationship": "Outer", "Parallel Aware": true, "Async Capable": false, "Relation Name": "date_dim", "Alias": "date_dim", "Startup Cost": 0.0, "Total Cost": 2049.55, "Plan Rows": 233, "Plan Width": 8, "Actual Startup Time": 1.246, "Actual Total Time": 1.58, "Actual Rows": 122, "Actual Loops": 3, "Filter": "((d_month_seq >= 1202) AND (d_month_seq <= 1213))", "Rows Removed by Filter": 24228, "Workers": []}]}]}, {"Node Type": "Index Scan", "Parent Relationship": "Inner", "Parallel Aware": false, "Async Capable": false, "Scan Direction": "Forward", "Index Name": "customer_pkey", "Relation Name": "customer", "Alias": "customer", "Startup Cost": 0.29, "Total Cost": 0.31, "Plan Rows": 1, "Plan Width": 56, "Actual Startup Time": 0.001, "Actual Total Time": 0.001, "Actual Rows": 1, "Actual Loops": 550641, "Index Cond": "(c_customer_sk = store_sales.ss_customer_sk)", "Rows Removed by Index Recheck": 0, "Workers": []}]}]}]}]}]}, {"Node Type": "Subquery Scan", "Parent Relationship": "Member", "Parallel Aware": false, "Async Capable": false, "Alias": "*SELECT* 2", "Startup Cost": 49261.44, "Total Cost": 50298.74, "Plan Rows": 7743, "Plan Width": 60, "Actual Startup Time": 413.864, "Actual Total Time": 638.416, "Actual Rows": 31680, "Actual Loops": 1, "Plans": [{"Node Type": "Unique", "Parent Relationship": "Subquery", "Parallel Aware": false, "Async Capable": false, "Startup Cost": 49261.44, "Total Cost": 50221.31, "Plan Rows": 7743, "Plan Width": 56, "Actual Startup Time": 413.862, "Actual Total Time": 636.707, "Actual Rows": 31680, "Actual Loops": 1, "Plans": [{"Node Type": "Gather Merge", "Parent Relationship": "Outer", "Parallel Aware": false, "Async Capable": false, "Startup Cost": 49261.44, "Total Cost": 50163.24, "Plan Rows": 7743, "Plan Width": 56, "Actual Startup Time": 413.862, "Actual Total Time": 613.945, "Actual Rows": 285976, "Actual Loops": 1, "Workers Planned": 2, "Workers Launched": 2, "Plans": [{"Node Type": "Sort", "Parent Relationship": "Outer", "Parallel Aware": false, "Async Capable": false, "Startup Cost": 48261.41, "Total Cost": 48269.48, "Plan Rows": 3226, "Plan Width": 56, "Actual Startup Time": 411.217, "Actual Total Time": 464.998, "Actual Rows": 95325, "Actual Loops": 3, "Sort Key": ["customer_1.c_last_name", "customer_1.c_first_name", "date_dim_1.d_date"], "Sort Method": "external merge", "Sort Space Used": 6016, "Sort Space Type": "Disk", "Workers": [{"Worker Number": 0, "Sort Method": "external merge", "Sort Space Used": 6008, "Sort Space Type": "Disk"}, {"Worker Number": 1, "Sort Method": "external merge", "Sort Space Used": 6000, "Sort Space Type": "Disk"}], "Plans": [{"Node Type": "Nested Loop", "Parent Relationship": "Outer", "Parallel Aware": false, "Async Capable": false, "Join Type": "Inner", "Startup Cost": 2052.76, "Total Cost": 48073.41, "Plan Rows": 3226, "Plan Width": 56, "Actual Startup Time": 28.714, "Actual Total Time": 173.756, "Actual Rows": 95325, "Actual Loops": 3, "Inner Unique": true, "Workers": [], "Plans": [{"Node Type": "Hash Join", "Parent Relationship": "Outer", "Parallel Aware": true, "Async Capable": false, "Join Type": "Inner", "Startup Cost": 2052.46, "Total Cost": 47041.01, "Plan Rows": 3242, "Plan Width": 8, "Actual Startup Time": 28.689, "Actual Total Time": 79.775, "Actual Rows": 95547, "Actual Loops": 3, "Inner Unique": true, "Hash Cond": "(catalog_sales.cs_sold_date_sk = date_dim_1.d_date_sk)", "Workers": [], "Plans": [{"Node Type": "Seq Scan", "Parent Relationship": "Outer", "Parallel Aware": true, "Async Capable": false, "Relation Name": "catalog_sales", "Alias": "catalog_sales", "Startup Cost": 0.0, "Total Cost": 43411.7, "Plan Rows": 600670, "Plan Width": 8, "Actual Startup Time": 0.03, "Actual Total Time": 44.085, "Actual Rows": 480516, "Actual Loops": 3, "Workers": []}, {"Node Type": "Hash", "Parent Relationship": "Inner", "Parallel Aware": true, "Async Capable": false, "Startup Cost": 2049.55, "Total Cost": 2049.55, "Plan Rows": 233, "Plan Width": 8, "Actual Startup Time": 1.531, "Actual Total Time": 1.531, "Actual Rows": 122, "Actual Loops": 3, "Hash Buckets": 1024, "Original Hash Buckets": 1024, "Hash Batches": 1, "Original Hash Batches": 1, "Peak Memory Usage": 40, "Workers": [], "Plans": [{"Node Type": "Seq Scan", "Parent Relationship": "Outer", "Parallel Aware": true, "Async Capable": false, "Relation Name": "date_dim", "Alias": "date_dim_1", "Startup Cost": 0.0, "Total Cost": 2049.55, "Plan Rows": 233, "Plan Width": 8, "Actual Startup Time": 1.1, "Actual Total Time": 1.507, "Actual Rows": 122, "Actual Loops": 3, "Filter": "((d_month_seq >= 1202) AND (d_month_seq <= 1213))", "Rows Removed by Filter": 24228, "Workers": []}]}]}, {"Node Type": "Index Scan", "Parent Relationship": "Inner", "Parallel Aware": false, "Async Capable": false, "Scan Direction": "Forward", "Index Name": "customer_pkey", "Relation Name": "customer", "Alias": "customer_1", "Startup Cost": 0.29, "Total Cost": 0.32, "Plan Rows": 1, "Plan Width": 56, "Actual Startup Time": 0.001, "Actual Total Time": 0.001, "Actual Rows": 1, "Actual Loops": 286642, "Index Cond": "(c_customer_sk = catalog_sales.cs_bill_customer_sk)", "Rows Removed by Index Recheck": 0, "Workers": []}]}]}]}]}]}]}]}]}, {"Node Type": "Subquery Scan", "Parent Relationship": "Member", "Parallel Aware": false, "Async Capable": false, "Alias": "*SELECT* 3", "Startup Cost": 26221.32, "Total Cost": 26743.39, "Plan Rows": 3897, "Plan Width": 60, "Actual Startup Time": 198.796, "Actual Total Time": 291.599, "Actual Rows": 11744, "Actual Loops": 1, "Plans": [{"Node Type": "Unique", "Parent Relationship": "Subquery", "Parallel Aware": false, "Async Capable": false, "Startup Cost": 26221.32, "Total Cost": 26704.42, "Plan Rows": 3897, "Plan Width": 56, "Actual Startup Time": 198.793, "Actual Total Time": 290.959, "Actual Rows": 11744, "Actual Loops": 1, "Plans": [{"Node Type": "Gather Merge", "Parent Relationship": "Outer", "Parallel Aware": false, "Async Capable": false, "Startup Cost": 26221.32, "Total Cost": 26675.19, "Plan Rows": 3897, "Plan Width": 56, "Actual Startup Time": 198.793, "Actual Total Time": 279.523, "Actual Rows": 141650, "Actual Loops": 1, "Workers Planned": 2, "Workers Launched": 2, "Plans": [{"Node Type": "Sort", "Parent Relationship": "Outer", "Parallel Aware": false, "Async Capable": false, "Startup Cost": 25221.3, "Total Cost": 25225.36, "Plan Rows": 1624, "Plan Width": 56, "Actual Startup Time": 189.766, "Actual Total Time": 196.08, "Actual Rows": 47217, "Actual Loops": 3, "Sort Key": ["customer_2.c_last_name", "customer_2.c_first_name", "date_dim_2.d_date"], "Sort Method": "external merge", "Sort Space Used": 3160, "Sort Space Type": "Disk", "Workers": [{"Worker Number": 0, "Sort Method": "external merge", "Sort Space Used": 2944, "Sort Space Type": "Disk"}, {"Worker Number": 1, "Sort Method": "external merge", "Sort Space Used": 2824, "Sort Space Type": "Disk"}], "Plans": [{"Node Type": "Nested Loop", "Parent Relationship": "Outer", "Parallel Aware": false, "Async Capable": false, "Join Type": "Inner", "Startup Cost": 2052.76, "Total Cost": 25134.69, "Plan Rows": 1624, "Plan Width": 56, "Actual Startup Time": 1.747, "Actual Total Time": 83.072, "Actual Rows": 47217, "Actual Loops": 3, "Inner Unique": true, "Workers": [], "Plans": [{"Node Type": "Hash Join", "Parent Relationship": "Outer", "Parallel Aware": true, "Async Capable": false, "Join Type": "Inner", "Startup Cost": 2052.46, "Total Cost": 24603.77, "Plan Rows": 1624, "Plan Width": 8, "Actual Startup Time": 1.731, "Actual Total Time": 39.985, "Actual Rows": 47222, "Actual Loops": 3, "Inner Unique": true, "Hash Cond": "(web_sales.ws_sold_date_sk = date_dim_2.d_date_sk)", "Workers": [], "Plans": [{"Node Type": "Seq Scan", "Parent Relationship": "Outer", "Parallel Aware": true, "Async Capable": false, "Relation Name": "web_sales", "Alias": "web_sales", "Startup Cost": 0.0, "Total Cost": 21764.43, "Plan Rows": 299743, "Plan Width": 8, "Actual Startup Time": 0.041, "Actual Total Time": 22.224, "Actual Rows": 239795, "Actual Loops": 3, "Workers": []}, {"Node Type": "Hash", "Parent Relationship": "Inner", "Parallel Aware": true, "Async Capable": false, "Startup Cost": 2049.55, "Total Cost": 2049.55, "Plan Rows": 233, "Plan Width": 8, "Actual Startup Time": 1.616, "Actual Total Time": 1.616, "Actual Rows": 122, "Actual Loops": 3, "Hash Buckets": 1024, "Original Hash Buckets": 1024, "Hash Batches": 1, "Original Hash Batches": 1, "Peak Memory Usage": 40, "Workers": [], "Plans": [{"Node Type": "Seq Scan", "Parent Relationship": "Outer", "Parallel Aware": true, "Async Capable": false, "Relation Name": "date_dim", "Alias": "date_dim_2", "Startup Cost": 0.0, "Total Cost": 2049.55, "Plan Rows": 233, "Plan Width": 8, "Actual Startup Time": 1.166, "Actual Total Time": 1.581, "Actual Rows": 122, "Actual Loops": 3, "Filter": "((d_month_seq >= 1202) AND (d_month_seq <= 1213))", "Rows Removed by Filter": 24228, "Workers": []}]}]}, {"Node Type": "Index Scan", "Parent Relationship": "Inner", "Parallel Aware": false, "Async Capable": false, "Scan Direction": "Forward", "Index Name": "customer_pkey", "Relation Name": "customer", "Alias": "customer_2", "Startup Cost": 0.29, "Total Cost": 0.33, "Plan Rows": 1, "Plan Width": 56, "Actual Startup Time": 0.001, "Actual Total Time": 0.001, "Actual Rows": 1, "Actual Loops": 141665, "Index Cond": "(c_customer_sk = web_sales.ws_bill_customer_sk)", "Rows Removed by Index Recheck": 0, "Workers": []}]}]}]}]}]}]}]}]}]}, "Planning Time": 0.275, "Triggers": [], "Execution Time": 2106.979}]