[{"Plan": {"Node Type": "Nested Loop", "Parallel Aware": false, "Async Capable": false, "Join Type": "Inner", "Startup Cost": 562765.31, "Total Cost": 562765.54, "Plan Rows": 1, "Plan Width": 64, "Actual Startup Time": 1105.583, "Actual Total Time": 1106.682, "Actual Rows": 1, "Actual Loops": 1, "Inner Unique": false, "Plans": [{"Node Type": "Nested Loop", "Parent Relationship": "Outer", "Parallel Aware": false, "Async Capable": false, "Join Type": "Inner", "Startup Cost": 492414.97, "Total Cost": 492415.17, "Plan Rows": 1, "Plan Width": 56, "Actual Startup Time": 961.774, "Actual Total Time": 962.118, "Actual Rows": 1, "Actual Loops": 1, "Inner Unique": false, "Plans": [{"Node Type": "Nested Loop", "Parent Relationship": "Outer", "Parallel Aware": false, "Async Capable": false, "Join Type": "Inner", "Startup Cost": 422071.15, "Total Cost": 422071.32, "Plan Rows": 1, "Plan Width": 48, "Actual Startup Time": 818.301, "Actual Total Time": 818.618, "Actual Rows": 1, "Actual Loops": 1, "Inner Unique": false, "Plans": [{"Node Type": "Nested Loop", "Parent Relationship": "Outer", "Parallel Aware": false, "Async Capable": false, "Join Type": "Inner", "Startup Cost": 351726.08, "Total Cost": 351726.22, "Plan Rows": 1, "Plan Width": 40, "Actual Startup Time": 681.722, "Actual Total Time": 681.915, "Actual Rows": 1, "Actual Loops": 1, "Inner Unique": false, "Plans": [{"Node Type": "Nested Loop", "Parent Relationship": "Outer", "Parallel Aware": false, "Async Capable": false, "Join Type": "Inner", "Startup Cost": 281380.82, "Total Cost": 281380.93, "Plan Rows": 1, "Plan Width": 32, "Actual Startup Time": 548.588, "Actual Total Time": 548.75, "Actual Rows": 1, "Actual Loops": 1, "Inner Unique": false, "Plans": [{"Node Type": "Nested Loop", "Parent Relationship": "Outer", "Parallel Aware": false, "Async Capable": false, "Join Type": "Inner", "Startup Cost": 211034.32, "Total Cost": 211034.4, "Plan Rows": 1, "Plan Width": 24, "Actual Startup Time": 416.761, "Actual Total Time": 416.897, "Actual Rows": 1, "Actual Loops": 1, "Inner Unique": false, "Plans": [{"Node Type": "Nested Loop", "Parent Relationship": "Outer", "Parallel Aware": false, "Async Capable": false, "Join Type": "Inner", "Startup Cost": 140691.03, "Total Cost": 140691.08, "Plan Rows": 1, "Plan Width": 16, "Actual Startup Time": 281.097, "Actual Total Time": 281.208, "Actual Rows": 1, "Actual Loops": 1, "Inner Unique": false, "Plans": [{"Node Type": "Aggregate", "Strategy": "Plain", "Partial Mode": "Finalize", "Parent Relationship": "Outer", "Parallel Aware": false, "Async Capable": false, "Startup Cost": 70346.56, "Total Cost": 70346.57, "Plan Rows": 1, "Plan Width": 8, "Actual Startup Time": 142.418, "Actual Total Time": 142.501, "Actual Rows": 1, "Actual Loops": 1, "Plans": [{"Node Type": "Gather", "Parent Relationship": "Outer", "Parallel Aware": false, "Async Capable": false, "Startup Cost": 70346.34, "Total Cost": 70346.55, "Plan Rows": 2, "Plan Width": 8, "Actual Startup Time": 142.414, "Actual Total Time": 142.498, "Actual Rows": 3, "Actual Loops": 1, "Workers Planned": 2, "Workers Launched": 2, "Single Copy": false, "Plans": [{"Node Type": "Aggregate", "Strategy": "Plain", "Partial Mode": "Partial", "Parent Relationship": "Outer", "Parallel Aware": false, "Async Capable": false, "Startup Cost": 69346.34, "Total Cost": 69346.35, "Plan Rows": 1, "Plan Width": 8, "Actual Startup Time": 140.597, "Actual Total Time": 140.599, "Actual Rows": 1, "Actual Loops": 3, "Workers": [], "Plans": [{"Node Type": "Hash Join", "Parent Relationship": "Outer", "Parallel Aware": false, "Async Capable": false, "Join Type": "Inner", "Startup Cost": 2421.27, "Total Cost": 69345.61, "Plan Rows": 293, "Plan Width": 0, "Actual Startup Time": 7.834, "Actual Total Time": 140.562, "Actual Rows": 468, "Actual Loops": 3, "Inner Unique": true, "Hash Cond": "(store_sales.ss_store_sk = store.s_store_sk)", "Workers": [], "Plans": [{"Node Type": "Hash Join", "Parent Relationship": "Outer", "Parallel Aware": false, "Async Capable": false, "Join Type": "Inner", "Startup Cost": 2420.1, "Total Cost": 69331.52, "Plan Rows": 3683, "Plan Width": 4, "Actual Startup Time": 4.838, "Actual Total Time": 140.287, "Actual Rows": 2853, "Actual Loops": 3, "Inner Unique": true, "Hash Cond": "(store_sales.ss_hdemo_sk = household_demographics.hd_demo_sk)", "Workers": [], "Plans": [{"Node Type": "Hash Join", "Parent Relationship": "Outer", "Parallel Aware": true, "Async Capable": false, "Join Type": "Inner", "Startup Cost": 2172.7, "Total Cost": 69020.89, "Plan Rows": 24073, "Plan Width": 8, "Actual Startup Time": 3.798, "Actual Total Time": 138.366, "Actual Rows": 17965, "Actual Loops": 3, "Inner Unique": true, "Hash Cond": "(store_sales.ss_sold_time_sk = time_dim.t_time_sk)", "Workers": [], "Plans": [{"Node Type": "Seq Scan", "Parent Relationship": "Outer", "Parallel Aware": true, "Async Capable": false, "Relation Name": "store_sales", "Alias": "store_sales", "Startup Cost": 0.0, "Total Cost": 63697.62, "Plan Rows": 1200162, "Plan Width": 12, "Actual Startup Time": 0.042, "Actual Total Time": 77.211, "Actual Rows": 960135, "Actual Loops": 3, "Workers": []}, {"Node Type": "Hash", "Parent Relationship": "Inner", "Parallel Aware": true, "Async Capable": false, "Startup Cost": 2159.35, "Total Cost": 2159.35, "Plan Rows": 1068, "Plan Width": 4, "Actual Startup Time": 3.518, "Actual Total Time": 3.519, "Actual Rows": 600, "Actual Loops": 3, "Hash Buckets": 2048, "Original Hash Buckets": 2048, "Hash Batches": 1, "Original Hash Batches": 1, "Peak Memory Usage": 144, "Workers": [], "Plans": [{"Node Type": "Seq Scan", "Parent Relationship": "Outer", "Parallel Aware": true, "Async Capable": false, "Relation Name": "time_dim", "Alias": "time_dim", "Startup Cost": 0.0, "Total Cost": 2159.35, "Plan Rows": 1068, "Plan Width": 4, "Actual Startup Time": 0.846, "Actual Total Time": 3.433, "Actual Rows": 600, "Actual Loops": 3, "Filter": "((t_minute >= 30) AND (t_hour = 8))", "Rows Removed by Filter": 28200, "Workers": []}]}]}, {"Node Type": "Hash", "Parent Relationship": "Inner", "Parallel Aware": false, "Async Capable": false, "Startup Cost": 233.0, "Total Cost": 233.0, "Plan Rows": 1152, "Plan Width": 4, "Actual Startup Time": 0.579, "Actual Total Time": 0.579, "Actual Rows": 1200, "Actual Loops": 3, "Hash Buckets": 2048, "Original Hash Buckets": 2048, "Hash Batches": 1, "Original Hash Batches": 1, "Peak Memory Usage": 59, "Workers": [], "Plans": [{"Node Type": "Seq Scan", "Parent Relationship": "Outer", "Parallel Aware": false, "Async Capable": false, "Relation Name": "household_demographics", "Alias": "household_demographics", "Startup Cost": 0.0, "Total Cost": 233.0, "Plan Rows": 1152, "Plan Width": 4, "Actual Startup Time": 0.02, "Actual Total Time": 0.518, "Actual Rows": 1200, "Actual Loops": 3, "Filter": "(((hd_dep_count = 0) AND (hd_vehicle_count <= 2)) OR ((hd_dep_count = '-1'::integer) AND (hd_vehicle_count <= 1)) OR ((hd_dep_count = 3) AND (hd_vehicle_count <= 5)))", "Rows Removed by Filter": 6000, "Workers": []}]}]}, {"Node Type": "Hash", "Parent Relationship": "Inner", "Parallel Aware": false, "Async Capable": false, "Startup Cost": 1.15, "Total Cost": 1.15, "Plan Rows": 1, "Plan Width": 4, "Actual Startup Time": 0.038, "Actual Total Time": 0.038, "Actual Rows": 1, "Actual Loops": 3, "Hash Buckets": 1024, "Original Hash Buckets": 1024, "Hash Batches": 1, "Original Hash Batches": 1, "Peak Memory Usage": 9, "Workers": [], "Plans": [{"Node Type": "Seq Scan", "Parent Relationship": "Outer", "Parallel Aware": false, "Async Capable": false, "Relation Name": "store", "Alias": "store", "Startup Cost": 0.0, "Total Cost": 1.15, "Plan Rows": 1, "Plan Width": 4, "Actual Startup Time": 0.032, "Actual Total Time": 0.032, "Actual Rows": 1, "Actual Loops": 3, "Filter": "((s_store_name)::text = 'ese'::text)", "Rows Removed by Filter": 11, "Workers": []}]}]}]}]}]}, {"Node Type": "Aggregate", "Strategy": "Plain", "Partial Mode": "Finalize", "Parent Relationship": "Inner", "Parallel Aware": false, "Async Capable": false, "Startup Cost": 70344.48, "Total Cost": 70344.49, "Plan Rows": 1, "Plan Width": 8, "Actual Startup Time": 138.678, "Actual Total Time": 138.706, "Actual Rows": 1, "Actual Loops": 1, "Plans": [{"Node Type": "Gather", "Parent Relationship": "Outer", "Parallel Aware": false, "Async Capable": false, "Startup Cost": 70344.26, "Total Cost": 70344.47, "Plan Rows": 2, "Plan Width": 8, "Actual Startup Time": 138.606, "Actual Total Time": 138.702, "Actual Rows": 3, "Actual Loops": 1, "Workers Planned": 2, "Workers Launched": 2, "Single Copy": false, "Plans": [{"Node Type": "Aggregate", "Strategy": "Plain", "Partial Mode": "Partial", "Parent Relationship": "Outer", "Parallel Aware": false, "Async Capable": false, "Startup Cost": 69344.26, "Total Cost": 69344.27, "Plan Rows": 1, "Plan Width": 8, "Actual Startup Time": 136.35, "Actual Total Time": 136.352, "Actual Rows": 1, "Actual Loops": 3, "Workers": [], "Plans": [{"Node Type": "Hash Join", "Parent Relationship": "Outer", "Parallel Aware": false, "Async Capable": false, "Join Type": "Inner", "Startup Cost": 2420.95, "Total Cost": 69343.54, "Plan Rows": 287, "Plan Width": 0, "Actual Startup Time": 3.148, "Actual Total Time": 136.303, "Actual Rows": 931, "Actual Loops": 3, "Inner Unique": true, "Hash Cond": "(store_sales_1.ss_store_sk = store_1.s_store_sk)", "Workers": [], "Plans": [{"Node Type": "Hash Join", "Parent Relationship": "Outer", "Parallel Aware": false, "Async Capable": false, "Join Type": "Inner", "Startup Cost": 2419.79, "Total Cost": 69329.74, "Plan Rows": 3598, "Plan Width": 4, "Actual Startup Time": 2.855, "Actual Total Time": 135.886, "Actual Rows": 6156, "Actual Loops": 3, "Inner Unique": true, "Hash Cond": "(store_sales_1.ss_hdemo_sk = household_demographics_1.hd_demo_sk)", "Workers": [], "Plans": [{"Node Type": "Hash Join", "Parent Relationship": "Outer", "Parallel Aware": true, "Async Capable": false, "Join Type": "Inner", "Startup Cost": 2172.39, "Total Cost": 69020.58, "Plan Rows": 23516, "Plan Width": 8, "Actual Startup Time": 2.048, "Actual Total Time": 132.774, "Actual Rows": 37349, "Actual Loops": 3, "Inner Unique": true, "Hash Cond": "(store_sales_1.ss_sold_time_sk = time_dim_1.t_time_sk)", "Workers": [], "Plans": [{"Node Type": "Seq Scan", "Parent Relationship": "Outer", "Parallel Aware": true, "Async Capable": false, "Relation Name": "store_sales", "Alias": "store_sales_1", "Startup Cost": 0.0, "Total Cost": 63697.62, "Plan Rows": 1200162, "Plan Width": 12, "Actual Startup Time": 0.027, "Actual Total Time": 73.444, "Actual Rows": 960135, "Actual Loops": 3, "Workers": []}, {"Node Type": "Hash", "Parent Relationship": "Inner", "Parallel Aware": true, "Async Capable": false, "Startup Cost": 2159.35, "Total Cost": 2159.35, "Plan Rows": 1043, "Plan Width": 4, "Actual Startup Time": 1.946, "Actual Total Time": 1.946, "Actual Rows": 600, "Actual Loops": 3, "Hash Buckets": 2048, "Original Hash Buckets": 2048, "Hash Batches": 1, "Original Hash Batches": 1, "Peak Memory Usage": 112, "Workers": [], "Plans": [{"Node Type": "Seq Scan", "Parent Relationship": "Outer", "Parallel Aware": true, "Async Capable": false, "Relation Name": "time_dim", "Alias": "time_dim_1", "Startup Cost": 0.0, "Total Cost": 2159.35, "Plan Rows": 1043, "Plan Width": 4, "Actual Startup Time": 1.266, "Actual Total Time": 1.879, "Actual Rows": 600, "Actual Loops": 3, "Filter": "((t_minute < 30) AND (t_hour = 9))", "Rows Removed by Filter": 28200, "Workers": []}]}]}, {"Node Type": "Hash", "Parent Relationship": "Inner", "Parallel Aware": false, "Async Capable": false, "Startup Cost": 233.0, "Total Cost": 233.0, "Plan Rows": 1152, "Plan Width": 4, "Actual Startup Time": 0.594, "Actual Total Time": 0.594, "Actual Rows": 1200, "Actual Loops": 3, "Hash Buckets": 2048, "Original Hash Buckets": 2048, "Hash Batches": 1, "Original Hash Batches": 1, "Peak Memory Usage": 59, "Workers": [], "Plans": [{"Node Type": "Seq Scan", "Parent Relationship": "Outer", "Parallel Aware": false, "Async Capable": false, "Relation Name": "household_demographics", "Alias": "household_demographics_1", "Startup Cost": 0.0, "Total Cost": 233.0, "Plan Rows": 1152, "Plan Width": 4, "Actual Startup Time": 0.014, "Actual Total Time": 0.535, "Actual Rows": 1200, "Actual Loops": 3, "Filter": "(((hd_dep_count = 0) AND (hd_vehicle_count <= 2)) OR ((hd_dep_count = '-1'::integer) AND (hd_vehicle_count <= 1)) OR ((hd_dep_count = 3) AND (hd_vehicle_count <= 5)))", "Rows Removed by Filter": 6000, "Workers": []}]}]}, {"Node Type": "Hash", "Parent Relationship": "Inner", "Parallel Aware": false, "Async Capable": false, "Startup Cost": 1.15, "Total Cost": 1.15, "Plan Rows": 1, "Plan Width": 4, "Actual Startup Time": 0.021, "Actual Total Time": 0.021, "Actual Rows": 1, "Actual Loops": 3, "Hash Buckets": 1024, "Original Hash Buckets": 1024, "Hash Batches": 1, "Original Hash Batches": 1, "Peak Memory Usage": 9, "Workers": [], "Plans": [{"Node Type": "Seq Scan", "Parent Relationship": "Outer", "Parallel Aware": false, "Async Capable": false, "Relation Name": "store", "Alias": "store_1", "Startup Cost": 0.0, "Total Cost": 1.15, "Plan Rows": 1, "Plan Width": 4, "Actual Startup Time": 0.017, "Actual Total Time": 0.019, "Actual Rows": 1, "Actual Loops": 3, "Filter": "((s_store_name)::text = 'ese'::text)", "Rows Removed by Filter": 11, "Workers": []}]}]}]}]}]}]}, {"Node Type": "Aggregate", "Strategy": "Plain", "Partial Mode": "Finalize", "Parent Relationship": "Inner", "Parallel Aware": false, "Async Capable": false, "Startup Cost": 70343.28, "Total Cost": 70343.29, "Plan Rows": 1, "Plan Width": 8, "Actual Startup Time": 135.662, "Actual Total Time": 135.685, "Actual Rows": 1, "Actual Loops": 1, "Plans": [{"Node Type": "Gather", "Parent Relationship": "Outer", "Parallel Aware": false, "Async Capable": false, "Startup Cost": 70343.07, "Total Cost": 70343.28, "Plan Rows": 2, "Plan Width": 8, "Actual Startup Time": 135.578, "Actual Total Time": 135.682, "Actual Rows": 3, "Actual Loops": 1, "Workers Planned": 2, "Workers Launched": 2, "Single Copy": false, "Plans": [{"Node Type": "Aggregate", "Strategy": "Plain", "Partial Mode": "Partial", "Parent Relationship": "Outer", "Parallel Aware": false, "Async Capable": false, "Startup Cost": 69343.07, "Total Cost": 69343.08, "Plan Rows": 1, "Plan Width": 8, "Actual Startup Time": 133.701, "Actual Total Time": 133.703, "Actual Rows": 1, "Actual Loops": 3, "Workers": [], "Plans": [{"Node Type": "Hash Join", "Parent Relationship": "Outer", "Parallel Aware": false, "Async Capable": false, "Join Type": "Inner", "Startup Cost": 2420.78, "Total Cost": 69342.36, "Plan Rows": 283, "Plan Width": 0, "Actual Startup Time": 6.182, "Actual Total Time": 133.647, "Actual Rows": 1032, "Actual Loops": 3, "Inner Unique": true, "Hash Cond": "(store_sales_2.ss_store_sk = store_2.s_store_sk)", "Workers": [], "Plans": [{"Node Type": "Hash Join", "Parent Relationship": "Outer", "Parallel Aware": false, "Async Capable": false, "Join Type": "Inner", "Startup Cost": 2419.62, "Total Cost": 69328.73, "Plan Rows": 3549, "Plan Width": 4, "Actual Startup Time": 2.955, "Actual Total Time": 133.239, "Actual Rows": 6165, "Actual Loops": 3, "Inner Unique": true, "Hash Cond": "(store_sales_2.ss_hdemo_sk = household_demographics_2.hd_demo_sk)", "Workers": [], "Plans": [{"Node Type": "Hash Join", "Parent Relationship": "Outer", "Parallel Aware": true, "Async Capable": false, "Join Type": "Inner", "Startup Cost": 2172.22, "Total Cost": 69020.41, "Plan Rows": 23198, "Plan Width": 8, "Actual Startup Time": 2.217, "Actual Total Time": 130.338, "Actual Rows": 36492, "Actual Loops": 3, "Inner Unique": true, "Hash Cond": "(store_sales_2.ss_sold_time_sk = time_dim_2.t_time_sk)", "Workers": [], "Plans": [{"Node Type": "Seq Scan", "Parent Relationship": "Outer", "Parallel Aware": true, "Async Capable": false, "Relation Name": "store_sales", "Alias": "store_sales_2", "Startup Cost": 0.0, "Total Cost": 63697.62, "Plan Rows": 1200162, "Plan Width": 12, "Actual Startup Time": 0.034, "Actual Total Time": 70.749, "Actual Rows": 960135, "Actual Loops": 3, "Workers": []}, {"Node Type": "Hash", "Parent Relationship": "Inner", "Parallel Aware": true, "Async Capable": false, "Startup Cost": 2159.35, "Total Cost": 2159.35, "Plan Rows": 1029, "Plan Width": 4, "Actual Startup Time": 1.819, "Actual Total Time": 1.819, "Actual Rows": 600, "Actual Loops": 3, "Hash Buckets": 2048, "Original Hash Buckets": 2048, "Hash Batches": 1, "Original Hash Batches": 1, "Peak Memory Usage": 112, "Workers": [], "Plans": [{"Node Type": "Seq Scan", "Parent Relationship": "Outer", "Parallel Aware": true, "Async Capable": false, "Relation Name": "time_dim", "Alias": "time_dim_2", "Startup Cost": 0.0, "Total Cost": 2159.35, "Plan Rows": 1029, "Plan Width": 4, "Actual Startup Time": 1.228, "Actual Total Time": 1.75, "Actual Rows": 600, "Actual Loops": 3, "Filter": "((t_minute >= 30) AND (t_hour = 9))", "Rows Removed by Filter": 28200, "Workers": []}]}]}, {"Node Type": "Hash", "Parent Relationship": "Inner", "Parallel Aware": false, "Async Capable": false, "Startup Cost": 233.0, "Total Cost": 233.0, "Plan Rows": 1152, "Plan Width": 4, "Actual Startup Time": 0.567, "Actual Total Time": 0.568, "Actual Rows": 1200, "Actual Loops": 3, "Hash Buckets": 2048, "Original Hash Buckets": 2048, "Hash Batches": 1, "Original Hash Batches": 1, "Peak Memory Usage": 59, "Workers": [], "Plans": [{"Node Type": "Seq Scan", "Parent Relationship": "Outer", "Parallel Aware": false, "Async Capable": false, "Relation Name": "household_demographics", "Alias": "household_demographics_2", "Startup Cost": 0.0, "Total Cost": 233.0, "Plan Rows": 1152, "Plan Width": 4, "Actual Startup Time": 0.014, "Actual Total Time": 0.512, "Actual Rows": 1200, "Actual Loops": 3, "Filter": "(((hd_dep_count = 0) AND (hd_vehicle_count <= 2)) OR ((hd_dep_count = '-1'::integer) AND (hd_vehicle_count <= 1)) OR ((hd_dep_count = 3) AND (hd_vehicle_count <= 5)))", "Rows Removed by Filter": 6000, "Workers": []}]}]}, {"Node Type": "Hash", "Parent Relationship": "Inner", "Parallel Aware": false, "Async Capable": false, "Startup Cost": 1.15, "Total Cost": 1.15, "Plan Rows": 1, "Plan Width": 4, "Actual Startup Time": 0.02, "Actual Total Time": 0.021, "Actual Rows": 1, "Actual Loops": 3, "Hash Buckets": 1024, "Original Hash Buckets": 1024, "Hash Batches": 1, "Original Hash Batches": 1, "Peak Memory Usage": 9, "Workers": [], "Plans": [{"Node Type": "Seq Scan", "Parent Relationship": "Outer", "Parallel Aware": false, "Async Capable": false, "Relation Name": "store", "Alias": "store_2", "Startup Cost": 0.0, "Total Cost": 1.15, "Plan Rows": 1, "Plan Width": 4, "Actual Startup Time": 0.017, "Actual Total Time": 0.018, "Actual Rows": 1, "Actual Loops": 3, "Filter": "((s_store_name)::text = 'ese'::text)", "Rows Removed by Filter": 11, "Workers": []}]}]}]}]}]}]}, {"Node Type": "Aggregate", "Strategy": "Plain", "Partial Mode": "Finalize", "Parent Relationship": "Inner", "Parallel Aware": false, "Async Capable": false, "Startup Cost": 70346.5, "Total Cost": 70346.51, "Plan Rows": 1, "Plan Width": 8, "Actual Startup Time": 131.825, "Actual Total Time": 131.851, "Actual Rows": 1, "Actual Loops": 1, "Plans": [{"Node Type": "Gather", "Parent Relationship": "Outer", "Parallel Aware": false, "Async Capable": false, "Startup Cost": 70346.29, "Total Cost": 70346.5, "Plan Rows": 2, "Plan Width": 8, "Actual Startup Time": 131.735, "Actual Total Time": 131.847, "Actual Rows": 3, "Actual Loops": 1, "Workers Planned": 2, "Workers Launched": 2, "Single Copy": false, "Plans": [{"Node Type": "Aggregate", "Strategy": "Plain", "Partial Mode": "Partial", "Parent Relationship": "Outer", "Parallel Aware": false, "Async Capable": false, "Startup Cost": 69346.29, "Total Cost": 69346.3, "Plan Rows": 1, "Plan Width": 8, "Actual Startup Time": 129.996, "Actual Total Time": 129.998, "Actual Rows": 1, "Actual Loops": 3, "Workers": [], "Plans": [{"Node Type": "Hash Join", "Parent Relationship": "Outer", "Parallel Aware": false, "Async Capable": false, "Join Type": "Inner", "Startup Cost": 2421.25, "Total Cost": 69345.56, "Plan Rows": 293, "Plan Width": 0, "Actual Startup Time": 3.631, "Actual Total Time": 129.937, "Actual Rows": 1435, "Actual Loops": 3, "Inner Unique": true, "Hash Cond": "(store_sales_3.ss_store_sk = store_3.s_store_sk)", "Workers": [], "Plans": [{"Node Type": "Hash Join", "Parent Relationship": "Outer", "Parallel Aware": false, "Async Capable": false, "Join Type": "Inner", "Startup Cost": 2420.09, "Total Cost": 69331.47, "Plan Rows": 3681, "Plan Width": 4, "Actual Startup Time": 2.741, "Actual Total Time": 129.358, "Actual Rows": 9122, "Actual Loops": 3, "Inner Unique": true, "Hash Cond": "(store_sales_3.ss_hdemo_sk = household_demographics_3.hd_demo_sk)", "Workers": [], "Plans": [{"Node Type": "Hash Join", "Parent Relationship": "Outer", "Parallel Aware": true, "Async Capable": false, "Join Type": "Inner", "Startup Cost": 2172.69, "Total Cost": 69020.88, "Plan Rows": 24060, "Plan Width": 8, "Actual Startup Time": 1.896, "Actual Total Time": 125.515, "Actual Rows": 55404, "Actual Loops": 3, "Inner Unique": true, "Hash Cond": "(store_sales_3.ss_sold_time_sk = time_dim_3.t_time_sk)", "Workers": [], "Plans": [{"Node Type": "Seq Scan", "Parent Relationship": "Outer", "Parallel Aware": true, "Async Capable": false, "Relation Name": "store_sales", "Alias": "store_sales_3", "Startup Cost": 0.0, "Total Cost": 63697.62, "Plan Rows": 1200162, "Plan Width": 12, "Actual Startup Time": 0.031, "Actual Total Time": 65.325, "Actual Rows": 960135, "Actual Loops": 3, "Workers": []}, {"Node Type": "Hash", "Parent Relationship": "Inner", "Parallel Aware": true, "Async Capable": false, "Startup Cost": 2159.35, "Total Cost": 2159.35, "Plan Rows": 1067, "Plan Width": 4, "Actual Startup Time": 1.8, "Actual Total Time": 1.8, "Actual Rows": 600, "Actual Loops": 3, "Hash Buckets": 2048, "Original Hash Buckets": 2048, "Hash Batches": 1, "Original Hash Batches": 1, "Peak Memory Usage": 112, "Workers": [], "Plans": [{"Node Type": "Seq Scan", "Parent Relationship": "Outer", "Parallel Aware": true, "Async Capable": false, "Relation Name": "time_dim", "Alias": "time_dim_3", "Startup Cost": 0.0, "Total Cost": 2159.35, "Plan Rows": 1067, "Plan Width": 4, "Actual Startup Time": 1.252, "Actual Total Time": 1.745, "Actual Rows": 600, "Actual Loops": 3, "Filter": "((t_minute < 30) AND (t_hour = 10))", "Rows Removed by Filter": 28200, "Workers": []}]}]}, {"Node Type": "Hash", "Parent Relationship": "Inner", "Parallel Aware": false, "Async Capable": false, "Startup Cost": 233.0, "Total Cost": 233.0, "Plan Rows": 1152, "Plan Width": 4, "Actual Startup Time": 0.625, "Actual Total Time": 0.626, "Actual Rows": 1200, "Actual Loops": 3, "Hash Buckets": 2048, "Original Hash Buckets": 2048, "Hash Batches": 1, "Original Hash Batches": 1, "Peak Memory Usage": 59, "Workers": [], "Plans": [{"Node Type": "Seq Scan", "Parent Relationship": "Outer", "Parallel Aware": false, "Async Capable": false, "Relation Name": "household_demographics", "Alias": "household_demographics_3", "Startup Cost": 0.0, "Total Cost": 233.0, "Plan Rows": 1152, "Plan Width": 4, "Actual Startup Time": 0.016, "Actual Total Time": 0.566, "Actual Rows": 1200, "Actual Loops": 3, "Filter": "(((hd_dep_count = 0) AND (hd_vehicle_count <= 2)) OR ((hd_dep_count = '-1'::integer) AND (hd_vehicle_count <= 1)) OR ((hd_dep_count = 3) AND (hd_vehicle_count <= 5)))", "Rows Removed by Filter": 6000, "Workers": []}]}]}, {"Node Type": "Hash", "Parent Relationship": "Inner", "Parallel Aware": false, "Async Capable": false, "Startup Cost": 1.15, "Total Cost": 1.15, "Plan Rows": 1, "Plan Width": 4, "Actual Startup Time": 0.024, "Actual Total Time": 0.024, "Actual Rows": 1, "Actual Loops": 3, "Hash Buckets": 1024, "Original Hash Buckets": 1024, "Hash Batches": 1, "Original Hash Batches": 1, "Peak Memory Usage": 9, "Workers": [], "Plans": [{"Node Type": "Seq Scan", "Parent Relationship": "Outer", "Parallel Aware": false, "Async Capable": false, "Relation Name": "store", "Alias": "store_3", "Startup Cost": 0.0, "Total Cost": 1.15, "Plan Rows": 1, "Plan Width": 4, "Actual Startup Time": 0.02, "Actual Total Time": 0.021, "Actual Rows": 1, "Actual Loops": 3, "Filter": "((s_store_name)::text = 'ese'::text)", "Rows Removed by Filter": 11, "Workers": []}]}]}]}]}]}]}, {"Node Type": "Aggregate", "Strategy": "Plain", "Partial Mode": "Finalize", "Parent Relationship": "Inner", "Parallel Aware": false, "Async Capable": false, "Startup Cost": 70345.26, "Total Cost": 70345.27, "Plan Rows": 1, "Plan Width": 8, "Actual Startup Time": 133.125, "Actual Total Time": 133.156, "Actual Rows": 1, "Actual Loops": 1, "Plans": [{"Node Type": "Gather", "Parent Relationship": "Outer", "Parallel Aware": false, "Async Capable": false, "Startup Cost": 70345.04, "Total Cost": 70345.25, "Plan Rows": 2, "Plan Width": 8, "Actual Startup Time": 133.053, "Actual Total Time": 133.152, "Actual Rows": 3, "Actual Loops": 1, "Workers Planned": 2, "Workers Launched": 2, "Single Copy": false, "Plans": [{"Node Type": "Aggregate", "Strategy": "Plain", "Partial Mode": "Partial", "Parent Relationship": "Outer", "Parallel Aware": false, "Async Capable": false, "Startup Cost": 69345.04, "Total Cost": 69345.05, "Plan Rows": 1, "Plan Width": 8, "Actual Startup Time": 131.19, "Actual Total Time": 131.192, "Actual Rows": 1, "Actual Loops": 3, "Workers": [], "Plans": [{"Node Type": "Hash Join", "Parent Relationship": "Outer", "Parallel Aware": false, "Async Capable": false, "Join Type": "Inner", "Startup Cost": 2421.07, "Total Cost": 69344.32, "Plan Rows": 289, "Plan Width": 0, "Actual Startup Time": 3.286, "Actual Total Time": 131.135, "Actual Rows": 1429, "Actual Loops": 3, "Inner Unique": true, "Hash Cond": "(store_sales_4.ss_store_sk = store_4.s_store_sk)", "Workers": [], "Plans": [{"Node Type": "Hash Join", "Parent Relationship": "Outer", "Parallel Aware": false, "Async Capable": false, "Join Type": "Inner", "Startup Cost": 2419.9, "Total Cost": 69330.41, "Plan Rows": 3630, "Plan Width": 4, "Actual Startup Time": 2.818, "Actual Total Time": 130.584, "Actual Rows": 8896, "Actual Loops": 3, "Inner Unique": true, "Hash Cond": "(store_sales_4.ss_hdemo_sk = household_demographics_4.hd_demo_sk)", "Workers": [], "Plans": [{"Node Type": "Hash Join", "Parent Relationship": "Outer", "Parallel Aware": true, "Async Capable": false, "Join Type": "Inner", "Startup Cost": 2172.5, "Total Cost": 69020.69, "Plan Rows": 23728, "Plan Width": 8, "Actual Startup Time": 1.946, "Actual Total Time": 126.742, "Actual Rows": 55096, "Actual Loops": 3, "Inner Unique": true, "Hash Cond": "(store_sales_4.ss_sold_time_sk = time_dim_4.t_time_sk)", "Workers": [], "Plans": [{"Node Type": "Seq Scan", "Parent Relationship": "Outer", "Parallel Aware": true, "Async Capable": false, "Relation Name": "store_sales", "Alias": "store_sales_4", "Startup Cost": 0.0, "Total Cost": 63697.62, "Plan Rows": 1200162, "Plan Width": 12, "Actual Startup Time": 0.027, "Actual Total Time": 66.533, "Actual Rows": 960135, "Actual Loops": 3, "Workers": []}, {"Node Type": "Hash", "Parent Relationship": "Inner", "Parallel Aware": true, "Async Capable": false, "Startup Cost": 2159.35, "Total Cost": 2159.35, "Plan Rows": 1052, "Plan Width": 4, "Actual Startup Time": 1.872, "Actual Total Time": 1.872, "Actual Rows": 600, "Actual Loops": 3, "Hash Buckets": 2048, "Original Hash Buckets": 2048, "Hash Batches": 1, "Original Hash Batches": 1, "Peak Memory Usage": 112, "Workers": [], "Plans": [{"Node Type": "Seq Scan", "Parent Relationship": "Outer", "Parallel Aware": true, "Async Capable": false, "Relation Name": "time_dim", "Alias": "time_dim_4", "Startup Cost": 0.0, "Total Cost": 2159.35, "Plan Rows": 1052, "Plan Width": 4, "Actual Startup Time": 1.34, "Actual Total Time": 1.808, "Actual Rows": 600, "Actual Loops": 3, "Filter": "((t_minute >= 30) AND (t_hour = 10))", "Rows Removed by Filter": 28200, "Workers": []}]}]}, {"Node Type": "Hash", "Parent Relationship": "Inner", "Parallel Aware": false, "Async Capable": false, "Startup Cost": 233.0, "Total Cost": 233.0, "Plan Rows": 1152, "Plan Width": 4, "Actual Startup Time": 0.678, "Actual Total Time": 0.678, "Actual Rows": 1200, "Actual Loops": 3, "Hash Buckets": 2048, "Original Hash Buckets": 2048, "Hash Batches": 1, "Original Hash Batches": 1, "Peak Memory Usage": 59, "Workers": [], "Plans": [{"Node Type": "Seq Scan", "Parent Relationship": "Outer", "Parallel Aware": false, "Async Capable": false, "Relation Name": "household_demographics", "Alias": "household_demographics_4", "Startup Cost": 0.0, "Total Cost": 233.0, "Plan Rows": 1152, "Plan Width": 4, "Actual Startup Time": 0.018, "Actual Total Time": 0.615, "Actual Rows": 1200, "Actual Loops": 3, "Filter": "(((hd_dep_count = 0) AND (hd_vehicle_count <= 2)) OR ((hd_dep_count = '-1'::integer) AND (hd_vehicle_count <= 1)) OR ((hd_dep_count = 3) AND (hd_vehicle_count <= 5)))", "Rows Removed by Filter": 6000, "Workers": []}]}]}, {"Node Type": "Hash", "Parent Relationship": "Inner", "Parallel Aware": false, "Async Capable": false, "Startup Cost": 1.15, "Total Cost": 1.15, "Plan Rows": 1, "Plan Width": 4, "Actual Startup Time": 0.024, "Actual Total Time": 0.024, "Actual Rows": 1, "Actual Loops": 3, "Hash Buckets": 1024, "Original Hash Buckets": 1024, "Hash Batches": 1, "Original Hash Batches": 1, "Peak Memory Usage": 9, "Workers": [], "Plans": [{"Node Type": "Seq Scan", "Parent Relationship": "Outer", "Parallel Aware": false, "Async Capable": false, "Relation Name": "store", "Alias": "store_4", "Startup Cost": 0.0, "Total Cost": 1.15, "Plan Rows": 1, "Plan Width": 4, "Actual Startup Time": 0.02, "Actual Total Time": 0.022, "Actual Rows": 1, "Actual Loops": 3, "Filter": "((s_store_name)::text = 'ese'::text)", "Rows Removed by Filter": 11, "Workers": []}]}]}]}]}]}]}, {"Node Type": "Aggregate", "Strategy": "Plain", "Partial Mode": "Finalize", "Parent Relationship": "Inner", "Parallel Aware": false, "Async Capable": false, "Startup Cost": 70345.07, "Total Cost": 70345.08, "Plan Rows": 1, "Plan Width": 8, "Actual Startup Time": 136.577, "Actual Total Time": 136.7, "Actual Rows": 1, "Actual Loops": 1, "Plans": [{"Node Type": "Gather", "Parent Relationship": "Outer", "Parallel Aware": false, "Async Capable": false, "Startup Cost": 70344.86, "Total Cost": 70345.07, "Plan Rows": 2, "Plan Width": 8, "Actual Startup Time": 136.502, "Actual Total Time": 136.696, "Actual Rows": 3, "Actual Loops": 1, "Workers Planned": 2, "Workers Launched": 2, "Single Copy": false, "Plans": [{"Node Type": "Aggregate", "Strategy": "Plain", "Partial Mode": "Partial", "Parent Relationship": "Outer", "Parallel Aware": false, "Async Capable": false, "Startup Cost": 69344.86, "Total Cost": 69344.87, "Plan Rows": 1, "Plan Width": 8, "Actual Startup Time": 134.647, "Actual Total Time": 134.65, "Actual Rows": 1, "Actual Loops": 3, "Workers": [], "Plans": [{"Node Type": "Hash Join", "Parent Relationship": "Outer", "Parallel Aware": false, "Async Capable": false, "Join Type": "Inner", "Startup Cost": 2421.04, "Total Cost": 69344.13, "Plan Rows": 289, "Plan Width": 0, "Actual Startup Time": 3.752, "Actual Total Time": 134.6, "Actual Rows": 819, "Actual Loops": 3, "Inner Unique": true, "Hash Cond": "(store_sales_5.ss_store_sk = store_5.s_store_sk)", "Workers": [], "Plans": [{"Node Type": "Hash Join", "Parent Relationship": "Outer", "Parallel Aware": false, "Async Capable": false, "Join Type": "Inner", "Startup Cost": 2419.88, "Total Cost": 69330.25, "Plan Rows": 3622, "Plan Width": 4, "Actual Startup Time": 2.546, "Actual Total Time": 134.236, "Actual Rows": 5074, "Actual Loops": 3, "Inner Unique": true, "Hash Cond": "(store_sales_5.ss_hdemo_sk = household_demographics_5.hd_demo_sk)", "Workers": [], "Plans": [{"Node Type": "Hash Join", "Parent Relationship": "Outer", "Parallel Aware": true, "Async Capable": false, "Join Type": "Inner", "Startup Cost": 2172.48, "Total Cost": 69020.67, "Plan Rows": 23675, "Plan Width": 8, "Actual Startup Time": 1.912, "Actual Total Time": 131.498, "Actual Rows": 31622, "Actual Loops": 3, "Inner Unique": true, "Hash Cond": "(store_sales_5.ss_sold_time_sk = time_dim_5.t_time_sk)", "Workers": [], "Plans": [{"Node Type": "Seq Scan", "Parent Relationship": "Outer", "Parallel Aware": true, "Async Capable": false, "Relation Name": "store_sales", "Alias": "store_sales_5", "Startup Cost": 0.0, "Total Cost": 63697.62, "Plan Rows": 1200162, "Plan Width": 12, "Actual Startup Time": 0.025, "Actual Total Time": 72.2, "Actual Rows": 960135, "Actual Loops": 3, "Workers": []}, {"Node Type": "Hash", "Parent Relationship": "Inner", "Parallel Aware": true, "Async Capable": false, "Startup Cost": 2159.35, "Total Cost": 2159.35, "Plan Rows": 1050, "Plan Width": 4, "Actual Startup Time": 1.751, "Actual Total Time": 1.751, "Actual Rows": 600, "Actual Loops": 3, "Hash Buckets": 2048, "Original Hash Buckets": 2048, "Hash Batches": 1, "Original Hash Batches": 1, "Peak Memory Usage": 112, "Workers": [], "Plans": [{"Node Type": "Seq Scan", "Parent Relationship": "Outer", "Parallel Aware": true, "Async Capable": false, "Relation Name": "time_dim", "Alias": "time_dim_5", "Startup Cost": 0.0, "Total Cost": 2159.35, "Plan Rows": 1050, "Plan Width": 4, "Actual Startup Time": 1.274, "Actual Total Time": 1.694, "Actual Rows": 600, "Actual Loops": 3, "Filter": "((t_minute < 30) AND (t_hour = 11))", "Rows Removed by Filter": 28200, "Workers": []}]}]}, {"Node Type": "Hash", "Parent Relationship": "Inner", "Parallel Aware": false, "Async Capable": false, "Startup Cost": 233.0, "Total Cost": 233.0, "Plan Rows": 1152, "Plan Width": 4, "Actual Startup Time": 0.564, "Actual Total Time": 0.565, "Actual Rows": 1200, "Actual Loops": 3, "Hash Buckets": 2048, "Original Hash Buckets": 2048, "Hash Batches": 1, "Original Hash Batches": 1, "Peak Memory Usage": 59, "Workers": [], "Plans": [{"Node Type": "Seq Scan", "Parent Relationship": "Outer", "Parallel Aware": false, "Async Capable": false, "Relation Name": "household_demographics", "Alias": "household_demographics_5", "Startup Cost": 0.0, "Total Cost": 233.0, "Plan Rows": 1152, "Plan Width": 4, "Actual Startup Time": 0.014, "Actual Total Time": 0.505, "Actual Rows": 1200, "Actual Loops": 3, "Filter": "(((hd_dep_count = 0) AND (hd_vehicle_count <= 2)) OR ((hd_dep_count = '-1'::integer) AND (hd_vehicle_count <= 1)) OR ((hd_dep_count = 3) AND (hd_vehicle_count <= 5)))", "Rows Removed by Filter": 6000, "Workers": []}]}]}, {"Node Type": "Hash", "Parent Relationship": "Inner", "Parallel Aware": false, "Async Capable": false, "Startup Cost": 1.15, "Total Cost": 1.15, "Plan Rows": 1, "Plan Width": 4, "Actual Startup Time": 0.02, "Actual Total Time": 0.02, "Actual Rows": 1, "Actual Loops": 3, "Hash Buckets": 1024, "Original Hash Buckets": 1024, "Hash Batches": 1, "Original Hash Batches": 1, "Peak Memory Usage": 9, "Workers": [], "Plans": [{"Node Type": "Seq Scan", "Parent Relationship": "Outer", "Parallel Aware": false, "Async Capable": false, "Relation Name": "store", "Alias": "store_5", "Startup Cost": 0.0, "Total Cost": 1.15, "Plan Rows": 1, "Plan Width": 4, "Actual Startup Time": 0.016, "Actual Total Time": 0.018, "Actual Rows": 1, "Actual Loops": 3, "Filter": "((s_store_name)::text = 'ese'::text)", "Rows Removed by Filter": 11, "Workers": []}]}]}]}]}]}]}, {"Node Type": "Aggregate", "Strategy": "Plain", "Partial Mode": "Finalize", "Parent Relationship": "Inner", "Parallel Aware": false, "Async Capable": false, "Startup Cost": 70343.82, "Total Cost": 70343.83, "Plan Rows": 1, "Plan Width": 8, "Actual Startup Time": 143.471, "Actual Total Time": 143.497, "Actual Rows": 1, "Actual Loops": 1, "Plans": [{"Node Type": "Gather", "Parent Relationship": "Outer", "Parallel Aware": false, "Async Capable": false, "Startup Cost": 70343.61, "Total Cost": 70343.82, "Plan Rows": 2, "Plan Width": 8, "Actual Startup Time": 143.395, "Actual Total Time": 143.476, "Actual Rows": 3, "Actual Loops": 1, "Workers Planned": 2, "Workers Launched": 2, "Single Copy": false, "Plans": [{"Node Type": "Aggregate", "Strategy": "Plain", "Partial Mode": "Partial", "Parent Relationship": "Outer", "Parallel Aware": false, "Async Capable": false, "Startup Cost": 69343.61, "Total Cost": 69343.62, "Plan Rows": 1, "Plan Width": 8, "Actual Startup Time": 141.678, "Actual Total Time": 141.681, "Actual Rows": 1, "Actual Loops": 3, "Workers": [], "Plans": [{"Node Type": "Hash Join", "Parent Relationship": "Outer", "Parallel Aware": false, "Async Capable": false, "Join Type": "Inner", "Startup Cost": 2420.85, "Total Cost": 69342.9, "Plan Rows": 285, "Plan Width": 0, "Actual Startup Time": 3.059, "Actual Total Time": 141.624, "Actual Rows": 883, "Actual Loops": 3, "Inner Unique": true, "Hash Cond": "(store_sales_6.ss_store_sk = store_6.s_store_sk)", "Workers": [], "Plans": [{"Node Type": "Hash Join", "Parent Relationship": "Outer", "Parallel Aware": false, "Async Capable": false, "Join Type": "Inner", "Startup Cost": 2419.69, "Total Cost": 69329.19, "Plan Rows": 3571, "Plan Width": 4, "Actual Startup Time": 2.792, "Actual Total Time": 141.235, "Actual Rows": 5299, "Actual Loops": 3, "Inner Unique": true, "Hash Cond": "(store_sales_6.ss_hdemo_sk = household_demographics_6.hd_demo_sk)", "Workers": [], "Plans": [{"Node Type": "Hash Join", "Parent Relationship": "Outer", "Parallel Aware": true, "Async Capable": false, "Join Type": "Inner", "Startup Cost": 2172.29, "Total Cost": 69020.48, "Plan Rows": 23343, "Plan Width": 8, "Actual Startup Time": 2.153, "Actual Total Time": 138.455, "Actual Rows": 32213, "Actual Loops": 3, "Inner Unique": true, "Hash Cond": "(store_sales_6.ss_sold_time_sk = time_dim_6.t_time_sk)", "Workers": [], "Plans": [{"Node Type": "Seq Scan", "Parent Relationship": "Outer", "Parallel Aware": true, "Async Capable": false, "Relation Name": "store_sales", "Alias": "store_sales_6", "Startup Cost": 0.0, "Total Cost": 63697.62, "Plan Rows": 1200162, "Plan Width": 12, "Actual Startup Time": 0.059, "Actual Total Time": 78.956, "Actual Rows": 960135, "Actual Loops": 3, "Workers": []}, {"Node Type": "Hash", "Parent Relationship": "Inner", "Parallel Aware": true, "Async Capable": false, "Startup Cost": 2159.35, "Total Cost": 2159.35, "Plan Rows": 1035, "Plan Width": 4, "Actual Startup Time": 1.948, "Actual Total Time": 1.949, "Actual Rows": 600, "Actual Loops": 3, "Hash Buckets": 2048, "Original Hash Buckets": 2048, "Hash Batches": 1, "Original Hash Batches": 1, "Peak Memory Usage": 112, "Workers": [], "Plans": [{"Node Type": "Seq Scan", "Parent Relationship": "Outer", "Parallel Aware": true, "Async Capable": false, "Relation Name": "time_dim", "Alias": "time_dim_6", "Startup Cost": 0.0, "Total Cost": 2159.35, "Plan Rows": 1035, "Plan Width": 4, "Actual Startup Time": 1.422, "Actual Total Time": 1.876, "Actual Rows": 600, "Actual Loops": 3, "Filter": "((t_minute >= 30) AND (t_hour = 11))", "Rows Removed by Filter": 28200, "Workers": []}]}]}, {"Node Type": "Hash", "Parent Relationship": "Inner", "Parallel Aware": false, "Async Capable": false, "Startup Cost": 233.0, "Total Cost": 233.0, "Plan Rows": 1152, "Plan Width": 4, "Actual Startup Time": 0.588, "Actual Total Time": 0.589, "Actual Rows": 1200, "Actual Loops": 3, "Hash Buckets": 2048, "Original Hash Buckets": 2048, "Hash Batches": 1, "Original Hash Batches": 1, "Peak Memory Usage": 59, "Workers": [], "Plans": [{"Node Type": "Seq Scan", "Parent Relationship": "Outer", "Parallel Aware": false, "Async Capable": false, "Relation Name": "household_demographics", "Alias": "household_demographics_6", "Startup Cost": 0.0, "Total Cost": 233.0, "Plan Rows": 1152, "Plan Width": 4, "Actual Startup Time": 0.014, "Actual Total Time": 0.53, "Actual Rows": 1200, "Actual Loops": 3, "Filter": "(((hd_dep_count = 0) AND (hd_vehicle_count <= 2)) OR ((hd_dep_count = '-1'::integer) AND (hd_vehicle_count <= 1)) OR ((hd_dep_count = 3) AND (hd_vehicle_count <= 5)))", "Rows Removed by Filter": 6000, "Workers": []}]}]}, {"Node Type": "Hash", "Parent Relationship": "Inner", "Parallel Aware": false, "Async Capable": false, "Startup Cost": 1.15, "Total Cost": 1.15, "Plan Rows": 1, "Plan Width": 4, "Actual Startup Time": 0.022, "Actual Total Time": 0.022, "Actual Rows": 1, "Actual Loops": 3, "Hash Buckets": 1024, "Original Hash Buckets": 1024, "Hash Batches": 1, "Original Hash Batches": 1, "Peak Memory Usage": 9, "Workers": [], "Plans": [{"Node Type": "Seq Scan", "Parent Relationship": "Outer", "Parallel Aware": false, "Async Capable": false, "Relation Name": "store", "Alias": "store_6", "Startup Cost": 0.0, "Total Cost": 1.15, "Plan Rows": 1, "Plan Width": 4, "Actual Startup Time": 0.018, "Actual Total Time": 0.02, "Actual Rows": 1, "Actual Loops": 3, "Filter": "((s_store_name)::text = 'ese'::text)", "Rows Removed by Filter": 11, "Workers": []}]}]}]}]}]}]}, {"Node Type": "Aggregate", "Strategy": "Plain", "Partial Mode": "Finalize", "Parent Relationship": "Inner", "Parallel Aware": false, "Async Capable": false, "Startup Cost": 70350.33, "Total Cost": 70350.34, "Plan Rows": 1, "Plan Width": 8, "Actual Startup Time": 143.805, "Actual Total Time": 144.561, "Actual Rows": 1, "Actual Loops": 1, "Plans": [{"Node Type": "Gather", "Parent Relationship": "Outer", "Parallel Aware": false, "Async Capable": false, "Startup Cost": 70350.12, "Total Cost": 70350.33, "Plan Rows": 2, "Plan Width": 8, "Actual Startup Time": 143.698, "Actual Total Time": 144.554, "Actual Rows": 3, "Actual Loops": 1, "Workers Planned": 2, "Workers Launched": 2, "Single Copy": false, "Plans": [{"Node Type": "Aggregate", "Strategy": "Plain", "Partial Mode": "Partial", "Parent Relationship": "Outer", "Parallel Aware": false, "Async Capable": false, "Startup Cost": 69350.12, "Total Cost": 69350.13, "Plan Rows": 1, "Plan Width": 8, "Actual Startup Time": 141.582, "Actual Total Time": 141.584, "Actual Rows": 1, "Actual Loops": 3, "Workers": [], "Plans": [{"Node Type": "Hash Join", "Parent Relationship": "Outer", "Parallel Aware": false, "Async Capable": false, "Join Type": "Inner", "Startup Cost": 2421.82, "Total Cost": 69349.35, "Plan Rows": 306, "Plan Width": 0, "Actual Startup Time": 3.685, "Actual Total Time": 141.527, "Actual Rows": 947, "Actual Loops": 3, "Inner Unique": true, "Hash Cond": "(store_sales_7.ss_store_sk = store_7.s_store_sk)", "Workers": [], "Plans": [{"Node Type": "Hash Join", "Parent Relationship": "Outer", "Parallel Aware": false, "Async Capable": false, "Join Type": "Inner", "Startup Cost": 2420.65, "Total Cost": 69334.71, "Plan Rows": 3837, "Plan Width": 4, "Actual Startup Time": 2.937, "Actual Total Time": 141.091, "Actual Rows": 5859, "Actual Loops": 3, "Inner Unique": true, "Hash Cond": "(store_sales_7.ss_hdemo_sk = household_demographics_7.hd_demo_sk)", "Workers": [], "Plans": [{"Node Type": "Hash Join", "Parent Relationship": "Outer", "Parallel Aware": true, "Async Capable": false, "Join Type": "Inner", "Startup Cost": 2173.25, "Total Cost": 69021.44, "Plan Rows": 25081, "Plan Width": 8, "Actual Startup Time": 2.099, "Actual Total Time": 138.049, "Actual Rows": 36083, "Actual Loops": 3, "Inner Unique": true, "Hash Cond": "(store_sales_7.ss_sold_time_sk = time_dim_7.t_time_sk)", "Workers": [], "Plans": [{"Node Type": "Seq Scan", "Parent Relationship": "Outer", "Parallel Aware": true, "Async Capable": false, "Relation Name": "store_sales", "Alias": "store_sales_7", "Startup Cost": 0.0, "Total Cost": 63697.62, "Plan Rows": 1200162, "Plan Width": 12, "Actual Startup Time": 0.036, "Actual Total Time": 76.976, "Actual Rows": 960135, "Actual Loops": 3, "Workers": []}, {"Node Type": "Hash", "Parent Relationship": "Inner", "Parallel Aware": true, "Async Capable": false, "Startup Cost": 2159.35, "Total Cost": 2159.35, "Plan Rows": 1112, "Plan Width": 4, "Actual Startup Time": 2.012, "Actual Total Time": 2.013, "Actual Rows": 600, "Actual Loops": 3, "Hash Buckets": 2048, "Original Hash Buckets": 2048, "Hash Batches": 1, "Original Hash Batches": 1, "Peak Memory Usage": 112, "Workers": [], "Plans": [{"Node Type": "Seq Scan", "Parent Relationship": "Outer", "Parallel Aware": true, "Async Capable": false, "Relation Name": "time_dim", "Alias": "time_dim_7", "Startup Cost": 0.0, "Total Cost": 2159.35, "Plan Rows": 1112, "Plan Width": 4, "Actual Startup Time": 1.54, "Actual Total Time": 1.96, "Actual Rows": 600, "Actual Loops": 3, "Filter": "((t_minute < 30) AND (t_hour = 12))", "Rows Removed by Filter": 28200, "Workers": []}]}]}, {"Node Type": "Hash", "Parent Relationship": "Inner", "Parallel Aware": false, "Async Capable": false, "Startup Cost": 233.0, "Total Cost": 233.0, "Plan Rows": 1152, "Plan Width": 4, "Actual Startup Time": 0.569, "Actual Total Time": 0.57, "Actual Rows": 1200, "Actual Loops": 3, "Hash Buckets": 2048, "Original Hash Buckets": 2048, "Hash Batches": 1, "Original Hash Batches": 1, "Peak Memory Usage": 59, "Workers": [], "Plans": [{"Node Type": "Seq Scan", "Parent Relationship": "Outer", "Parallel Aware": false, "Async Capable": false, "Relation Name": "household_demographics", "Alias": "household_demographics_7", "Startup Cost": 0.0, "Total Cost": 233.0, "Plan Rows": 1152, "Plan Width": 4, "Actual Startup Time": 0.019, "Actual Total Time": 0.513, "Actual Rows": 1200, "Actual Loops": 3, "Filter": "(((hd_dep_count = 0) AND (hd_vehicle_count <= 2)) OR ((hd_dep_count = '-1'::integer) AND (hd_vehicle_count <= 1)) OR ((hd_dep_count = 3) AND (hd_vehicle_count <= 5)))", "Rows Removed by Filter": 6000, "Workers": []}]}]}, {"Node Type": "Hash", "Parent Relationship": "Inner", "Parallel Aware": false, "Async Capable": false, "Startup Cost": 1.15, "Total Cost": 1.15, "Plan Rows": 1, "Plan Width": 4, "Actual Startup Time": 0.029, "Actual Total Time": 0.029, "Actual Rows": 1, "Actual Loops": 3, "Hash Buckets": 1024, "Original Hash Buckets": 1024, "Hash Batches": 1, "Original Hash Batches": 1, "Peak Memory Usage": 9, "Workers": [], "Plans": [{"Node Type": "Seq Scan", "Parent Relationship": "Outer", "Parallel Aware": false, "Async Capable": false, "Relation Name": "store", "Alias": "store_7", "Startup Cost": 0.0, "Total Cost": 1.15, "Plan Rows": 1, "Plan Width": 4, "Actual Startup Time": 0.023, "Actual Total Time": 0.026, "Actual Rows": 1, "Actual Loops": 3, "Filter": "((s_store_name)::text = 'ese'::text)", "Rows Removed by Filter": 11, "Workers": []}]}]}]}]}]}]}, "Planning Time": 1.123, "Triggers": [], "Execution Time": 1106.949}]