[{"Plan": {"Node Type": "Limit", "Parallel Aware": false, "Async Capable": false, "Startup Cost": 70507.9, "Total Cost": 70508.15, "Plan Rows": 100, "Plan Width": 266, "Actual Startup Time": 242.234, "Actual Total Time": 244.163, "Actual Rows": 100, "Actual Loops": 1, "Plans": [{"Node Type": "Sort", "Parent Relationship": "Outer", "Parallel Aware": false, "Async Capable": false, "Startup Cost": 70507.9, "Total Cost": 70508.2, "Plan Rows": 119, "Plan Width": 266, "Actual Startup Time": 242.234, "Actual Total Time": 244.157, "Actual Rows": 100, "Actual Loops": 1, "Sort Key": ["((tmp1.sum_sales - tmp1.avg_monthly_sales))", "tmp1.s_store_name"], "Sort Method": "top-N heapsort", "Sort Space Used": 69, "Sort Space Type": "Memory", "Plans": [{"Node Type": "Subquery Scan", "Parent Relationship": "Outer", "Parallel Aware": false, "Async Capable": false, "Alias": "tmp1", "Startup Cost": 70423.68, "Total Cost": 70503.8, "Plan Rows": 119, "Plan Width": 266, "Actual Startup Time": 229.209, "Actual Total Time": 243.687, "Actual Rows": 1863, "Actual Loops": 1, "Filter": "(CASE WHEN (tmp1.avg_monthly_sales <> '0'::numeric) THEN (abs((tmp1.sum_sales - tmp1.avg_monthly_sales)) / tmp1.avg_monthly_sales) ELSE NULL::numeric END > 0.1)", "Rows Removed by Filter": 155, "Plans": [{"Node Type": "WindowAgg", "Parent Relationship": "Subquery", "Parallel Aware": false, "Async Capable": false, "Startup Cost": 70423.68, "Total Cost": 70495.45, "Plan Rows": 358, "Plan Width": 234, "Actual Startup Time": 229.206, "Actual Total Time": 242.899, "Actual Rows": 2018, "Actual Loops": 1, "Plans": [{"Node Type": "Incremental Sort", "Parent Relationship": "Outer", "Parallel Aware": false, "Async Capable": false, "Startup Cost": 70423.68, "Total Cost": 70487.39, "Plan Rows": 358, "Plan Width": 202, "Actual Startup Time": 229.197, "Actual Total Time": 242.111, "Actual Rows": 2018, "Actual Loops": 1, "Sort Key": ["item.i_category", "item.i_brand", "store.s_store_name", "store.s_company_name"], "Presorted Key": ["item.i_category"], "Full-sort Groups": {"Group Count": 6, "Sort Methods Used": ["quicksort"], "Sort Space Memory": {"Average Sort Space Used": 42, "Peak Sort Space Used": 42}}, "Pre-sorted Groups": {"Group Count": 6, "Sort Methods Used": ["quicksort"], "Sort Space Memory": {"Average Sort Space Used": 226, "Peak Sort Space Used": 271}}, "Plans": [{"Node Type": "Aggregate", "Strategy": "Sorted", "Partial Mode": "Finalize", "Parent Relationship": "Outer", "Parallel Aware": false, "Async Capable": false, "Startup Cost": 70417.17, "Total Cost": 70466.84, "Plan Rows": 358, "Plan Width": 202, "Actual Startup Time": 227.533, "Actual Total Time": 241.357, "Actual Rows": 2018, "Actual Loops": 1, "Group Key": ["item.i_category", "item.i_class", "item.i_brand", "store.s_store_name", "store.s_company_name", "date_dim.d_moy"], "Plans": [{"Node Type": "Gather Merge", "Parent Relationship": "Outer", "Parallel Aware": false, "Async Capable": false, "Startup Cost": 70417.17, "Total Cost": 70456.41, "Plan Rows": 298, "Plan Width": 202, "Actual Startup Time": 227.522, "Actual Total Time": 239.413, "Actual Rows": 4606, "Actual Loops": 1, "Workers Planned": 2, "Workers Launched": 2, "Plans": [{"Node Type": "Aggregate", "Strategy": "Sorted", "Partial Mode": "Partial", "Parent Relationship": "Outer", "Parallel Aware": false, "Async Capable": false, "Startup Cost": 69417.14, "Total Cost": 69421.99, "Plan Rows": 149, "Plan Width": 202, "Actual Startup Time": 224.89, "Actual Total Time": 233.288, "Actual Rows": 1535, "Actual Loops": 3, "Group Key": ["item.i_category", "item.i_class", "item.i_brand", "store.s_store_name", "store.s_company_name", "date_dim.d_moy"], "Workers": [], "Plans": [{"Node Type": "Sort", "Parent Relationship": "Outer", "Parallel Aware": false, "Async Capable": false, "Startup Cost": 69417.14, "Total Cost": 69417.52, "Plan Rows": 149, "Plan Width": 176, "Actual Startup Time": 224.877, "Actual Total Time": 228.954, "Actual Rows": 16565, "Actual Loops": 3, "Sort Key": ["item.i_category", "item.i_class", "item.i_brand", "store.s_store_name", "store.s_company_name", "date_dim.d_moy"], "Sort Method": "external merge", "Sort Space Used": 3160, "Sort Space Type": "Disk", "Workers": [{"Worker Number": 0, "Sort Method": "external merge", "Sort Space Used": 3024, "Sort Space Type": "Disk"}, {"Worker Number": 1, "Sort Method": "external merge", "Sort Space Used": 3032, "Sort Space Type": "Disk"}], "Plans": [{"Node Type": "Hash Join", "Parent Relationship": "Outer", "Parallel Aware": false, "Async Capable": false, "Join Type": "Inner", "Startup Cost": 1499.92, "Total Cost": 69411.77, "Plan Rows": 149, "Plan Width": 176, "Actual Startup Time": 3.138, "Actual Total Time": 181.913, "Actual Rows": 16565, "Actual Loops": 3, "Inner Unique": true, "Hash Cond": "(store_sales.ss_store_sk = store.s_store_sk)", "Workers": [], "Plans": [{"Node Type": "Nested Loop", "Parent Relationship": "Outer", "Parallel Aware": false, "Async Capable": false, "Join Type": "Inner", "Startup Cost": 1498.65, "Total Cost": 69409.95, "Plan Rows": 156, "Plan Width": 167, "Actual Startup Time": 3.113, "Actual Total Time": 180.189, "Actual Rows": 16949, "Actual Loops": 3, "Inner Unique": true, "Workers": [], "Plans": [{"Node Type": "Hash Join", "Parent Relationship": "Outer", "Parallel Aware": true, "Async Capable": false, "Join Type": "Inner", "Startup Cost": 1498.34, "Total Cost": 68347.13, "Plan Rows": 32938, "Plan Width": 167, "Actual Startup Time": 3.083, "Actual Total Time": 162.426, "Actual Rows": 87915, "Actual Loops": 3, "Inner Unique": true, "Hash Cond": "(store_sales.ss_item_sk = item.i_item_sk)", "Workers": [], "Plans": [{"Node Type": "Seq Scan", "Parent Relationship": "Outer", "Parallel Aware": true, "Async Capable": false, "Relation Name": "store_sales", "Alias": "store_sales", "Startup Cost": 0.0, "Total Cost": 63697.62, "Plan Rows": 1200162, "Plan Width": 18, "Actual Startup Time": 0.016, "Actual Total Time": 65.672, "Actual Rows": 960135, "Actual Loops": 3, "Workers": []}, {"Node Type": "Hash", "Parent Relationship": "Inner", "Parallel Aware": true, "Async Capable": false, "Startup Cost": 1494.71, "Total Cost": 1494.71, "Plan Rows": 291, "Plan Width": 157, "Actual Startup Time": 3.031, "Actual Total Time": 3.031, "Actual Rows": 553, "Actual Loops": 3, "Hash Buckets": 2048, "Original Hash Buckets": 1024, "Hash Batches": 1, "Original Hash Batches": 1, "Peak Memory Usage": 408, "Workers": [], "Plans": [{"Node Type": "Seq Scan", "Parent Relationship": "Outer", "Parallel Aware": true, "Async Capable": false, "Relation Name": "item", "Alias": "item", "Startup Cost": 0.0, "Total Cost": 1494.71, "Plan Rows": 291, "Plan Width": 157, "Actual Startup Time": 0.007, "Actual Total Time": 2.739, "Actual Rows": 553, "Actual Loops": 3, "Filter": "(((i_category = ANY ('{Books,Children,Electronics}'::bpchar[])) AND (i_class = ANY ('{history,school-uniforms,audio}'::bpchar[]))) OR ((i_category = ANY ('{Men,Sports,Shoes}'::bpchar[])) AND (i_class = ANY ('{pants,tennis,womens}'::bpchar[]))))", "Rows Removed by Filter": 5447, "Workers": []}]}]}, {"Node Type": "Memoize", "Parent Relationship": "Inner", "Parallel Aware": false, "Async Capable": false, "Startup Cost": 0.3, "Total Cost": 0.32, "Plan Rows": 1, "Plan Width": 8, "Actual Startup Time": 0.0, "Actual Total Time": 0.0, "Actual Rows": 0, "Actual Loops": 263745, "Cache Key": "store_sales.ss_sold_date_sk", "Cache Mode": "logical", "Cache Hits": 89105, "Cache Misses": 1824, "Cache Evictions": 0, "Cache Overflows": 0, "Peak Memory Usage": 136, "Workers": [{"Worker Number": 0, "Cache Hits": 83755, "Cache Misses": 1824, "Cache Evictions": 0, "Cache Overflows": 0, "Peak Memory Usage": 136}, {"Worker Number": 1, "Cache Hits": 85413, "Cache Misses": 1824, "Cache Evictions": 0, "Cache Overflows": 0, "Peak Memory Usage": 136}], "Plans": [{"Node Type": "Index Scan", "Parent Relationship": "Outer", "Parallel Aware": false, "Async Capable": false, "Scan Direction": "Forward", "Index Name": "date_dim_pkey", "Relation Name": "date_dim", "Alias": "date_dim", "Startup Cost": 0.29, "Total Cost": 0.31, "Plan Rows": 1, "Plan Width": 8, "Actual Startup Time": 0.001, "Actual Total Time": 0.001, "Actual Rows": 0, "Actual Loops": 5472, "Index Cond": "(d_date_sk = store_sales.ss_sold_date_sk)", "Rows Removed by Index Recheck": 0, "Filter": "(d_year = 2001)", "Rows Removed by Filter": 1, "Workers": []}]}]}, {"Node Type": "Hash", "Parent Relationship": "Inner", "Parallel Aware": false, "Async Capable": false, "Startup Cost": 1.12, "Total Cost": 1.12, "Plan Rows": 12, "Plan Width": 17, "Actual Startup Time": 0.019, "Actual Total Time": 0.019, "Actual Rows": 12, "Actual Loops": 3, "Hash Buckets": 1024, "Original Hash Buckets": 1024, "Hash Batches": 1, "Original Hash Batches": 1, "Peak Memory Usage": 9, "Workers": [], "Plans": [{"Node Type": "Seq Scan", "Parent Relationship": "Outer", "Parallel Aware": false, "Async Capable": false, "Relation Name": "store", "Alias": "store", "Startup Cost": 0.0, "Total Cost": 1.12, "Plan Rows": 12, "Plan Width": 17, "Actual Startup Time": 0.013, "Actual Total Time": 0.015, "Actual Rows": 12, "Actual Loops": 3, "Workers": []}]}]}]}]}]}]}]}]}]}]}]}, "Planning Time": 0.33, "Triggers": [], "Execution Time": 244.862}]