[{"Plan": {"Node Type": "Seq Scan", "Parallel Aware": false, "Async Capable": false, "Relation Name": "reason", "Alias": "reason", "Startup Cost": 1069067.7, "Total Cost": 1069069.15, "Plan Rows": 1, "Plan Width": 160, "Actual Startup Time": 1223.859, "Actual Total Time": 1224.596, "Actual Rows": 1, "Actual Loops": 1, "Filter": "(r_reason_sk = 1)", "Rows Removed by Filter": 34, "Plans": [{"Node Type": "Aggregate", "Strategy": "Plain", "Partial Mode": "Finalize", "Parent Relationship": "InitPlan", "Subplan Name": "InitPlan 1 (returns $1)", "Parallel Aware": false, "Async Capable": false, "Startup Cost": 71282.33, "Total Cost": 71282.34, "Plan Rows": 1, "Plan Width": 8, "Actual Startup Time": 106.584, "Actual Total Time": 106.603, "Actual Rows": 1, "Actual Loops": 1, "Plans": [{"Node Type": "Gather", "Parent Relationship": "Outer", "Parallel Aware": false, "Async Capable": false, "Startup Cost": 71282.11, "Total Cost": 71282.32, "Plan Rows": 2, "Plan Width": 8, "Actual Startup Time": 106.508, "Actual Total Time": 106.598, "Actual Rows": 3, "Actual Loops": 1, "Workers Planned": 2, "Workers Launched": 2, "Single Copy": false, "Plans": [{"Node Type": "Aggregate", "Strategy": "Plain", "Partial Mode": "Partial", "Parent Relationship": "Outer", "Parallel Aware": false, "Async Capable": false, "Startup Cost": 70282.11, "Total Cost": 70282.12, "Plan Rows": 1, "Plan Width": 8, "Actual Startup Time": 104.918, "Actual Total Time": 104.918, "Actual Rows": 1, "Actual Loops": 3, "Workers": [], "Plans": [{"Node Type": "Seq Scan", "Parent Relationship": "Outer", "Parallel Aware": true, "Async Capable": false, "Relation Name": "store_sales", "Alias": "store_sales", "Startup Cost": 0.0, "Total Cost": 69698.43, "Plan Rows": 233472, "Plan Width": 0, "Actual Startup Time": 0.029, "Actual Total Time": 100.799, "Actual Rows": 183334, "Actual Loops": 3, "Filter": "((ss_quantity >= 1) AND (ss_quantity <= 20))", "Rows Removed by Filter": 776800, "Workers": []}]}]}]}, {"Node Type": "Aggregate", "Strategy": "Plain", "Partial Mode": "Finalize", "Parent Relationship": "InitPlan", "Subplan Name": "InitPlan 2 (returns $3)", "Parallel Aware": false, "Async Capable": false, "Startup Cost": 71282.34, "Total Cost": 71282.35, "Plan Rows": 1, "Plan Width": 32, "Actual Startup Time": 120.781, "Actual Total Time": 120.789, "Actual Rows": 1, "Actual Loops": 1, "Plans": [{"Node Type": "Gather", "Parent Relationship": "Outer", "Parallel Aware": false, "Async Capable": false, "Startup Cost": 71282.11, "Total Cost": 71282.32, "Plan Rows": 2, "Plan Width": 32, "Actual Startup Time": 120.721, "Actual Total Time": 120.782, "Actual Rows": 3, "Actual Loops": 1, "Workers Planned": 2, "Workers Launched": 2, "Single Copy": false, "Plans": [{"Node Type": "Aggregate", "Strategy": "Plain", "Partial Mode": "Partial", "Parent Relationship": "Outer", "Parallel Aware": false, "Async Capable": false, "Startup Cost": 70282.11, "Total Cost": 70282.12, "Plan Rows": 1, "Plan Width": 32, "Actual Startup Time": 118.741, "Actual Total Time": 118.742, "Actual Rows": 1, "Actual Loops": 3, "Workers": [], "Plans": [{"Node Type": "Seq Scan", "Parent Relationship": "Outer", "Parallel Aware": true, "Async Capable": false, "Relation Name": "store_sales", "Alias": "store_sales_1", "Startup Cost": 0.0, "Total Cost": 69698.43, "Plan Rows": 233472, "Plan Width": 6, "Actual Startup Time": 0.019, "Actual Total Time": 103.324, "Actual Rows": 183334, "Actual Loops": 3, "Filter": "((ss_quantity >= 1) AND (ss_quantity <= 20))", "Rows Removed by Filter": 776800, "Workers": []}]}]}]}, {"Node Type": "Aggregate", "Strategy": "Plain", "Partial Mode": "Finalize", "Parent Relationship": "InitPlan", "Subplan Name": "InitPlan 3 (returns $5)", "Parallel Aware": false, "Async Capable": false, "Startup Cost": 71282.34, "Total Cost": 71282.35, "Plan Rows": 1, "Plan Width": 32, "Actual Startup Time": 0.0, "Actual Total Time": 0.0, "Actual Rows": 0, "Actual Loops": 0, "Plans": [{"Node Type": "Gather", "Parent Relationship": "Outer", "Parallel Aware": false, "Async Capable": false, "Startup Cost": 71282.11, "Total Cost": 71282.32, "Plan Rows": 2, "Plan Width": 32, "Actual Startup Time": 0.0, "Actual Total Time": 0.0, "Actual Rows": 0, "Actual Loops": 0, "Workers Planned": 2, "Workers Launched": 0, "Single Copy": false, "Plans": [{"Node Type": "Aggregate", "Strategy": "Plain", "Partial Mode": "Partial", "Parent Relationship": "Outer", "Parallel Aware": false, "Async Capable": false, "Startup Cost": 70282.11, "Total Cost": 70282.12, "Plan Rows": 1, "Plan Width": 32, "Actual Startup Time": 0.0, "Actual Total Time": 0.0, "Actual Rows": 0, "Actual Loops": 0, "Plans": [{"Node Type": "Seq Scan", "Parent Relationship": "Outer", "Parallel Aware": true, "Async Capable": false, "Relation Name": "store_sales", "Alias": "store_sales_2", "Startup Cost": 0.0, "Total Cost": 69698.43, "Plan Rows": 233472, "Plan Width": 6, "Actual Startup Time": 0.0, "Actual Total Time": 0.0, "Actual Rows": 0, "Actual Loops": 0, "Filter": "((ss_quantity >= 1) AND (ss_quantity <= 20))", "Rows Removed by Filter": 0}]}]}]}, {"Node Type": "Aggregate", "Strategy": "Plain", "Partial Mode": "Finalize", "Parent Relationship": "InitPlan", "Subplan Name": "InitPlan 4 (returns $7)", "Parallel Aware": false, "Async Capable": false, "Startup Cost": 71280.92, "Total Cost": 71280.93, "Plan Rows": 1, "Plan Width": 8, "Actual Startup Time": 115.98, "Actual Total Time": 115.987, "Actual Rows": 1, "Actual Loops": 1, "Plans": [{"Node Type": "Gather", "Parent Relationship": "Outer", "Parallel Aware": false, "Async Capable": false, "Startup Cost": 71280.71, "Total Cost": 71280.92, "Plan Rows": 2, "Plan Width": 8, "Actual Startup Time": 115.875, "Actual Total Time": 115.981, "Actual Rows": 3, "Actual Loops": 1, "Workers Planned": 2, "Workers Launched": 2, "Single Copy": false, "Plans": [{"Node Type": "Aggregate", "Strategy": "Plain", "Partial Mode": "Partial", "Parent Relationship": "Outer", "Parallel Aware": false, "Async Capable": false, "Startup Cost": 70280.71, "Total Cost": 70280.72, "Plan Rows": 1, "Plan Width": 8, "Actual Startup Time": 114.244, "Actual Total Time": 114.244, "Actual Rows": 1, "Actual Loops": 3, "Workers": [], "Plans": [{"Node Type": "Seq Scan", "Parent Relationship": "Outer", "Parallel Aware": true, "Async Capable": false, "Relation Name": "store_sales", "Alias": "store_sales_3", "Startup Cost": 0.0, "Total Cost": 69698.43, "Plan Rows": 232911, "Plan Width": 0, "Actual Startup Time": 0.032, "Actual Total Time": 109.953, "Actual Rows": 183134, "Actual Loops": 3, "Filter": "((ss_quantity >= 21) AND (ss_quantity <= 40))", "Rows Removed by Filter": 777001, "Workers": []}]}]}]}, {"Node Type": "Aggregate", "Strategy": "Plain", "Partial Mode": "Finalize", "Parent Relationship": "InitPlan", "Subplan Name": "InitPlan 5 (returns $9)", "Parallel Aware": false, "Async Capable": false, "Startup Cost": 71280.93, "Total Cost": 71280.94, "Plan Rows": 1, "Plan Width": 32, "Actual Startup Time": 123.932, "Actual Total Time": 123.939, "Actual Rows": 1, "Actual Loops": 1, "Plans": [{"Node Type": "Gather", "Parent Relationship": "Outer", "Parallel Aware": false, "Async Capable": false, "Startup Cost": 71280.71, "Total Cost": 71280.92, "Plan Rows": 2, "Plan Width": 32, "Actual Startup Time": 123.813, "Actual Total Time": 123.92, "Actual Rows": 3, "Actual Loops": 1, "Workers Planned": 2, "Workers Launched": 2, "Single Copy": false, "Plans": [{"Node Type": "Aggregate", "Strategy": "Plain", "Partial Mode": "Partial", "Parent Relationship": "Outer", "Parallel Aware": false, "Async Capable": false, "Startup Cost": 70280.71, "Total Cost": 70280.72, "Plan Rows": 1, "Plan Width": 32, "Actual Startup Time": 122.142, "Actual Total Time": 122.142, "Actual Rows": 1, "Actual Loops": 3, "Workers": [], "Plans": [{"Node Type": "Seq Scan", "Parent Relationship": "Outer", "Parallel Aware": true, "Async Capable": false, "Relation Name": "store_sales", "Alias": "store_sales_4", "Startup Cost": 0.0, "Total Cost": 69698.43, "Plan Rows": 232911, "Plan Width": 6, "Actual Startup Time": 0.018, "Actual Total Time": 106.796, "Actual Rows": 183134, "Actual Loops": 3, "Filter": "((ss_quantity >= 21) AND (ss_quantity <= 40))", "Rows Removed by Filter": 777001, "Workers": []}]}]}]}, {"Node Type": "Aggregate", "Strategy": "Plain", "Partial Mode": "Finalize", "Parent Relationship": "InitPlan", "Subplan Name": "InitPlan 6 (returns $11)", "Parallel Aware": false, "Async Capable": false, "Startup Cost": 71280.93, "Total Cost": 71280.94, "Plan Rows": 1, "Plan Width": 32, "Actual Startup Time": 0.0, "Actual Total Time": 0.0, "Actual Rows": 0, "Actual Loops": 0, "Plans": [{"Node Type": "Gather", "Parent Relationship": "Outer", "Parallel Aware": false, "Async Capable": false, "Startup Cost": 71280.71, "Total Cost": 71280.92, "Plan Rows": 2, "Plan Width": 32, "Actual Startup Time": 0.0, "Actual Total Time": 0.0, "Actual Rows": 0, "Actual Loops": 0, "Workers Planned": 2, "Workers Launched": 0, "Single Copy": false, "Plans": [{"Node Type": "Aggregate", "Strategy": "Plain", "Partial Mode": "Partial", "Parent Relationship": "Outer", "Parallel Aware": false, "Async Capable": false, "Startup Cost": 70280.71, "Total Cost": 70280.72, "Plan Rows": 1, "Plan Width": 32, "Actual Startup Time": 0.0, "Actual Total Time": 0.0, "Actual Rows": 0, "Actual Loops": 0, "Plans": [{"Node Type": "Seq Scan", "Parent Relationship": "Outer", "Parallel Aware": true, "Async Capable": false, "Relation Name": "store_sales", "Alias": "store_sales_5", "Startup Cost": 0.0, "Total Cost": 69698.43, "Plan Rows": 232911, "Plan Width": 6, "Actual Startup Time": 0.0, "Actual Total Time": 0.0, "Actual Rows": 0, "Actual Loops": 0, "Filter": "((ss_quantity >= 21) AND (ss_quantity <= 40))", "Rows Removed by Filter": 0}]}]}]}, {"Node Type": "Aggregate", "Strategy": "Plain", "Partial Mode": "Finalize", "Parent Relationship": "InitPlan", "Subplan Name": "InitPlan 7 (returns $13)", "Parallel Aware": false, "Async Capable": false, "Startup Cost": 71259.92, "Total Cost": 71259.93, "Plan Rows": 1, "Plan Width": 8, "Actual Startup Time": 112.258, "Actual Total Time": 112.268, "Actual Rows": 1, "Actual Loops": 1, "Plans": [{"Node Type": "Gather", "Parent Relationship": "Outer", "Parallel Aware": false, "Async Capable": false, "Startup Cost": 71259.71, "Total Cost": 71259.92, "Plan Rows": 2, "Plan Width": 8, "Actual Startup Time": 112.191, "Actual Total Time": 112.264, "Actual Rows": 3, "Actual Loops": 1, "Workers Planned": 2, "Workers Launched": 2, "Single Copy": false, "Plans": [{"Node Type": "Aggregate", "Strategy": "Plain", "Partial Mode": "Partial", "Parent Relationship": "Outer", "Parallel Aware": false, "Async Capable": false, "Startup Cost": 70259.71, "Total Cost": 70259.72, "Plan Rows": 1, "Plan Width": 8, "Actual Startup Time": 110.367, "Actual Total Time": 110.367, "Actual Rows": 1, "Actual Loops": 3, "Workers": [], "Plans": [{"Node Type": "Seq Scan", "Parent Relationship": "Outer", "Parallel Aware": true, "Async Capable": false, "Relation Name": "store_sales", "Alias": "store_sales_6", "Startup Cost": 0.0, "Total Cost": 69698.43, "Plan Rows": 224510, "Plan Width": 0, "Actual Startup Time": 0.021, "Actual Total Time": 106.259, "Actual Rows": 183217, "Actual Loops": 3, "Filter": "((ss_quantity >= 41) AND (ss_quantity <= 60))", "Rows Removed by Filter": 776918, "Workers": []}]}]}]}, {"Node Type": "Aggregate", "Strategy": "Plain", "Partial Mode": "Finalize", "Parent Relationship": "InitPlan", "Subplan Name": "InitPlan 8 (returns $15)", "Parallel Aware": false, "Async Capable": false, "Startup Cost": 71259.93, "Total Cost": 71259.94, "Plan Rows": 1, "Plan Width": 32, "Actual Startup Time": 131.942, "Actual Total Time": 131.948, "Actual Rows": 1, "Actual Loops": 1, "Plans": [{"Node Type": "Gather", "Parent Relationship": "Outer", "Parallel Aware": false, "Async Capable": false, "Startup Cost": 71259.71, "Total Cost": 71259.92, "Plan Rows": 2, "Plan Width": 32, "Actual Startup Time": 131.86, "Actual Total Time": 131.938, "Actual Rows": 3, "Actual Loops": 1, "Workers Planned": 2, "Workers Launched": 2, "Single Copy": false, "Plans": [{"Node Type": "Aggregate", "Strategy": "Plain", "Partial Mode": "Partial", "Parent Relationship": "Outer", "Parallel Aware": false, "Async Capable": false, "Startup Cost": 70259.71, "Total Cost": 70259.72, "Plan Rows": 1, "Plan Width": 32, "Actual Startup Time": 129.85, "Actual Total Time": 129.85, "Actual Rows": 1, "Actual Loops": 3, "Workers": [], "Plans": [{"Node Type": "Seq Scan", "Parent Relationship": "Outer", "Parallel Aware": true, "Async Capable": false, "Relation Name": "store_sales", "Alias": "store_sales_7", "Startup Cost": 0.0, "Total Cost": 69698.43, "Plan Rows": 224510, "Plan Width": 6, "Actual Startup Time": 0.033, "Actual Total Time": 114.601, "Actual Rows": 183217, "Actual Loops": 3, "Filter": "((ss_quantity >= 41) AND (ss_quantity <= 60))", "Rows Removed by Filter": 776918, "Workers": []}]}]}]}, {"Node Type": "Aggregate", "Strategy": "Plain", "Partial Mode": "Finalize", "Parent Relationship": "InitPlan", "Subplan Name": "InitPlan 9 (returns $17)", "Parallel Aware": false, "Async Capable": false, "Startup Cost": 71259.93, "Total Cost": 71259.94, "Plan Rows": 1, "Plan Width": 32, "Actual Startup Time": 0.0, "Actual Total Time": 0.0, "Actual Rows": 0, "Actual Loops": 0, "Plans": [{"Node Type": "Gather", "Parent Relationship": "Outer", "Parallel Aware": false, "Async Capable": false, "Startup Cost": 71259.71, "Total Cost": 71259.92, "Plan Rows": 2, "Plan Width": 32, "Actual Startup Time": 0.0, "Actual Total Time": 0.0, "Actual Rows": 0, "Actual Loops": 0, "Workers Planned": 2, "Workers Launched": 0, "Single Copy": false, "Plans": [{"Node Type": "Aggregate", "Strategy": "Plain", "Partial Mode": "Partial", "Parent Relationship": "Outer", "Parallel Aware": false, "Async Capable": false, "Startup Cost": 70259.71, "Total Cost": 70259.72, "Plan Rows": 1, "Plan Width": 32, "Actual Startup Time": 0.0, "Actual Total Time": 0.0, "Actual Rows": 0, "Actual Loops": 0, "Plans": [{"Node Type": "Seq Scan", "Parent Relationship": "Outer", "Parallel Aware": true, "Async Capable": false, "Relation Name": "store_sales", "Alias": "store_sales_8", "Startup Cost": 0.0, "Total Cost": 69698.43, "Plan Rows": 224510, "Plan Width": 6, "Actual Startup Time": 0.0, "Actual Total Time": 0.0, "Actual Rows": 0, "Actual Loops": 0, "Filter": "((ss_quantity >= 41) AND (ss_quantity <= 60))", "Rows Removed by Filter": 0}]}]}]}, {"Node Type": "Aggregate", "Strategy": "Plain", "Partial Mode": "Finalize", "Parent Relationship": "InitPlan", "Subplan Name": "InitPlan 10 (returns $19)", "Parallel Aware": false, "Async Capable": false, "Startup Cost": 71265.52, "Total Cost": 71265.53, "Plan Rows": 1, "Plan Width": 8, "Actual Startup Time": 122.671, "Actual Total Time": 122.678, "Actual Rows": 1, "Actual Loops": 1, "Plans": [{"Node Type": "Gather", "Parent Relationship": "Outer", "Parallel Aware": false, "Async Capable": false, "Startup Cost": 71265.31, "Total Cost": 71265.52, "Plan Rows": 2, "Plan Width": 8, "Actual Startup Time": 122.501, "Actual Total Time": 122.646, "Actual Rows": 3, "Actual Loops": 1, "Workers Planned": 2, "Workers Launched": 2, "Single Copy": false, "Plans": [{"Node Type": "Aggregate", "Strategy": "Plain", "Partial Mode": "Partial", "Parent Relationship": "Outer", "Parallel Aware": false, "Async Capable": false, "Startup Cost": 70265.31, "Total Cost": 70265.32, "Plan Rows": 1, "Plan Width": 8, "Actual Startup Time": 120.883, "Actual Total Time": 120.883, "Actual Rows": 1, "Actual Loops": 3, "Workers": [], "Plans": [{"Node Type": "Seq Scan", "Parent Relationship": "Outer", "Parallel Aware": true, "Async Capable": false, "Relation Name": "store_sales", "Alias": "store_sales_9", "Startup Cost": 0.0, "Total Cost": 69698.43, "Plan Rows": 226750, "Plan Width": 0, "Actual Startup Time": 0.024, "Actual Total Time": 116.621, "Actual Rows": 183522, "Actual Loops": 3, "Filter": "((ss_quantity >= 61) AND (ss_quantity <= 80))", "Rows Removed by Filter": 776613, "Workers": []}]}]}]}, {"Node Type": "Aggregate", "Strategy": "Plain", "Partial Mode": "Finalize", "Parent Relationship": "InitPlan", "Subplan Name": "InitPlan 11 (returns $21)", "Parallel Aware": false, "Async Capable": false, "Startup Cost": 71265.53, "Total Cost": 71265.54, "Plan Rows": 1, "Plan Width": 32, "Actual Startup Time": 144.401, "Actual Total Time": 144.41, "Actual Rows": 1, "Actual Loops": 1, "Plans": [{"Node Type": "Gather", "Parent Relationship": "Outer", "Parallel Aware": false, "Async Capable": false, "Startup Cost": 71265.31, "Total Cost": 71265.52, "Plan Rows": 2, "Plan Width": 32, "Actual Startup Time": 144.333, "Actual Total Time": 144.401, "Actual Rows": 3, "Actual Loops": 1, "Workers Planned": 2, "Workers Launched": 2, "Single Copy": false, "Plans": [{"Node Type": "Aggregate", "Strategy": "Plain", "Partial Mode": "Partial", "Parent Relationship": "Outer", "Parallel Aware": false, "Async Capable": false, "Startup Cost": 70265.31, "Total Cost": 70265.32, "Plan Rows": 1, "Plan Width": 32, "Actual Startup Time": 142.355, "Actual Total Time": 142.355, "Actual Rows": 1, "Actual Loops": 3, "Workers": [], "Plans": [{"Node Type": "Seq Scan", "Parent Relationship": "Outer", "Parallel Aware": true, "Async Capable": false, "Relation Name": "store_sales", "Alias": "store_sales_10", "Startup Cost": 0.0, "Total Cost": 69698.43, "Plan Rows": 226750, "Plan Width": 6, "Actual Startup Time": 0.021, "Actual Total Time": 126.195, "Actual Rows": 183522, "Actual Loops": 3, "Filter": "((ss_quantity >= 61) AND (ss_quantity <= 80))", "Rows Removed by Filter": 776613, "Workers": []}]}]}]}, {"Node Type": "Aggregate", "Strategy": "Plain", "Partial Mode": "Finalize", "Parent Relationship": "InitPlan", "Subplan Name": "InitPlan 12 (returns $23)", "Parallel Aware": false, "Async Capable": false, "Startup Cost": 71265.53, "Total Cost": 71265.54, "Plan Rows": 1, "Plan Width": 32, "Actual Startup Time": 0.0, "Actual Total Time": 0.0, "Actual Rows": 0, "Actual Loops": 0, "Plans": [{"Node Type": "Gather", "Parent Relationship": "Outer", "Parallel Aware": false, "Async Capable": false, "Startup Cost": 71265.31, "Total Cost": 71265.52, "Plan Rows": 2, "Plan Width": 32, "Actual Startup Time": 0.0, "Actual Total Time": 0.0, "Actual Rows": 0, "Actual Loops": 0, "Workers Planned": 2, "Workers Launched": 0, "Single Copy": false, "Plans": [{"Node Type": "Aggregate", "Strategy": "Plain", "Partial Mode": "Partial", "Parent Relationship": "Outer", "Parallel Aware": false, "Async Capable": false, "Startup Cost": 70265.31, "Total Cost": 70265.32, "Plan Rows": 1, "Plan Width": 32, "Actual Startup Time": 0.0, "Actual Total Time": 0.0, "Actual Rows": 0, "Actual Loops": 0, "Plans": [{"Node Type": "Seq Scan", "Parent Relationship": "Outer", "Parallel Aware": true, "Async Capable": false, "Relation Name": "store_sales", "Alias": "store_sales_11", "Startup Cost": 0.0, "Total Cost": 69698.43, "Plan Rows": 226750, "Plan Width": 6, "Actual Startup Time": 0.0, "Actual Total Time": 0.0, "Actual Rows": 0, "Actual Loops": 0, "Filter": "((ss_quantity >= 61) AND (ss_quantity <= 80))", "Rows Removed by Filter": 0}]}]}]}, {"Node Type": "Aggregate", "Strategy": "Plain", "Partial Mode": "Finalize", "Parent Relationship": "InitPlan", "Subplan Name": "InitPlan 13 (returns $25)", "Parallel Aware": false, "Async Capable": false, "Startup Cost": 71267.12, "Total Cost": 71267.13, "Plan Rows": 1, "Plan Width": 8, "Actual Startup Time": 110.969, "Actual Total Time": 110.975, "Actual Rows": 1, "Actual Loops": 1, "Plans": [{"Node Type": "Gather", "Parent Relationship": "Outer", "Parallel Aware": false, "Async Capable": false, "Startup Cost": 71266.91, "Total Cost": 71267.12, "Plan Rows": 2, "Plan Width": 8, "Actual Startup Time": 110.889, "Actual Total Time": 110.971, "Actual Rows": 3, "Actual Loops": 1, "Workers Planned": 2, "Workers Launched": 2, "Single Copy": false, "Plans": [{"Node Type": "Aggregate", "Strategy": "Plain", "Partial Mode": "Partial", "Parent Relationship": "Outer", "Parallel Aware": false, "Async Capable": false, "Startup Cost": 70266.91, "Total Cost": 70266.92, "Plan Rows": 1, "Plan Width": 8, "Actual Startup Time": 109.238, "Actual Total Time": 109.238, "Actual Rows": 1, "Actual Loops": 3, "Workers": [], "Plans": [{"Node Type": "Seq Scan", "Parent Relationship": "Outer", "Parallel Aware": true, "Async Capable": false, "Relation Name": "store_sales", "Alias": "store_sales_12", "Startup Cost": 0.0, "Total Cost": 69698.43, "Plan Rows": 227391, "Plan Width": 0, "Actual Startup Time": 0.02, "Actual Total Time": 104.865, "Actual Rows": 183596, "Actual Loops": 3, "Filter": "((ss_quantity >= 81) AND (ss_quantity <= 100))", "Rows Removed by Filter": 776539, "Workers": []}]}]}]}, {"Node Type": "Aggregate", "Strategy": "Plain", "Partial Mode": "Finalize", "Parent Relationship": "InitPlan", "Subplan Name": "InitPlan 14 (returns $27)", "Parallel Aware": false, "Async Capable": false, "Startup Cost": 71267.13, "Total Cost": 71267.14, "Plan Rows": 1, "Plan Width": 32, "Actual Startup Time": 134.316, "Actual Total Time": 134.966, "Actual Rows": 1, "Actual Loops": 1, "Plans": [{"Node Type": "Gather", "Parent Relationship": "Outer", "Parallel Aware": false, "Async Capable": false, "Startup Cost": 71266.91, "Total Cost": 71267.12, "Plan Rows": 2, "Plan Width": 32, "Actual Startup Time": 134.221, "Actual Total Time": 134.959, "Actual Rows": 3, "Actual Loops": 1, "Workers Planned": 2, "Workers Launched": 2, "Single Copy": false, "Plans": [{"Node Type": "Aggregate", "Strategy": "Plain", "Partial Mode": "Partial", "Parent Relationship": "Outer", "Parallel Aware": false, "Async Capable": false, "Startup Cost": 70266.91, "Total Cost": 70266.92, "Plan Rows": 1, "Plan Width": 32, "Actual Startup Time": 132.639, "Actual Total Time": 132.639, "Actual Rows": 1, "Actual Loops": 3, "Workers": [], "Plans": [{"Node Type": "Seq Scan", "Parent Relationship": "Outer", "Parallel Aware": true, "Async Capable": false, "Relation Name": "store_sales", "Alias": "store_sales_13", "Startup Cost": 0.0, "Total Cost": 69698.43, "Plan Rows": 227391, "Plan Width": 6, "Actual Startup Time": 0.02, "Actual Total Time": 116.998, "Actual Rows": 183596, "Actual Loops": 3, "Filter": "((ss_quantity >= 81) AND (ss_quantity <= 100))", "Rows Removed by Filter": 776539, "Workers": []}]}]}]}, {"Node Type": "Aggregate", "Strategy": "Plain", "Partial Mode": "Finalize", "Parent Relationship": "InitPlan", "Subplan Name": "InitPlan 15 (returns $29)", "Parallel Aware": false, "Async Capable": false, "Startup Cost": 71267.13, "Total Cost": 71267.14, "Plan Rows": 1, "Plan Width": 32, "Actual Startup Time": 0.0, "Actual Total Time": 0.0, "Actual Rows": 0, "Actual Loops": 0, "Plans": [{"Node Type": "Gather", "Parent Relationship": "Outer", "Parallel Aware": false, "Async Capable": false, "Startup Cost": 71266.91, "Total Cost": 71267.12, "Plan Rows": 2, "Plan Width": 32, "Actual Startup Time": 0.0, "Actual Total Time": 0.0, "Actual Rows": 0, "Actual Loops": 0, "Workers Planned": 2, "Workers Launched": 0, "Single Copy": false, "Plans": [{"Node Type": "Aggregate", "Strategy": "Plain", "Partial Mode": "Partial", "Parent Relationship": "Outer", "Parallel Aware": false, "Async Capable": false, "Startup Cost": 70266.91, "Total Cost": 70266.92, "Plan Rows": 1, "Plan Width": 32, "Actual Startup Time": 0.0, "Actual Total Time": 0.0, "Actual Rows": 0, "Actual Loops": 0, "Plans": [{"Node Type": "Seq Scan", "Parent Relationship": "Outer", "Parallel Aware": true, "Async Capable": false, "Relation Name": "store_sales", "Alias": "store_sales_14", "Startup Cost": 0.0, "Total Cost": 69698.43, "Plan Rows": 227391, "Plan Width": 6, "Actual Startup Time": 0.0, "Actual Total Time": 0.0, "Actual Rows": 0, "Actual Loops": 0, "Filter": "((ss_quantity >= 81) AND (ss_quantity <= 100))", "Rows Removed by Filter": 0}]}]}]}]}, "Planning Time": 0.253, "Triggers": [], "Execution Time": 1224.694}]