[{"Plan": {"Node Type": "Limit", "Parallel Aware": false, "Async Capable": false, "Startup Cost": 48223.72, "Total Cost": 48223.72, "Plan Rows": 1, "Plan Width": 32, "Actual Startup Time": 84.257, "Actual Total Time": 85.293, "Actual Rows": 1, "Actual Loops": 1, "Plans": [{"Node Type": "Sort", "Parent Relationship": "Outer", "Parallel Aware": false, "Async Capable": false, "Startup Cost": 48223.72, "Total Cost": 48223.72, "Plan Rows": 1, "Plan Width": 32, "Actual Startup Time": 84.257, "Actual Total Time": 85.292, "Actual Rows": 1, "Actual Loops": 1, "Sort Key": ["((((count(*)))::numeric(15,4) / ((count(*)))::numeric(15,4)))"], "Sort Method": "quicksort", "Sort Space Used": 25, "Sort Space Type": "Memory", "Plans": [{"Node Type": "Nested Loop", "Parent Relationship": "Outer", "Parallel Aware": false, "Async Capable": false, "Join Type": "Inner", "Startup Cost": 48223.65, "Total Cost": 48223.71, "Plan Rows": 1, "Plan Width": 32, "Actual Startup Time": 84.253, "Actual Total Time": 85.289, "Actual Rows": 1, "Actual Loops": 1, "Inner Unique": false, "Plans": [{"Node Type": "Aggregate", "Strategy": "Plain", "Partial Mode": "Finalize", "Parent Relationship": "Outer", "Parallel Aware": false, "Async Capable": false, "Startup Cost": 24111.82, "Total Cost": 24111.83, "Plan Rows": 1, "Plan Width": 8, "Actual Startup Time": 45.312, "Actual Total Time": 45.333, "Actual Rows": 1, "Actual Loops": 1, "Plans": [{"Node Type": "Gather", "Parent Relationship": "Outer", "Parallel Aware": false, "Async Capable": false, "Startup Cost": 24111.61, "Total Cost": 24111.82, "Plan Rows": 2, "Plan Width": 8, "Actual Startup Time": 45.242, "Actual Total Time": 45.33, "Actual Rows": 3, "Actual Loops": 1, "Workers Planned": 2, "Workers Launched": 2, "Single Copy": false, "Plans": [{"Node Type": "Aggregate", "Strategy": "Plain", "Partial Mode": "Partial", "Parent Relationship": "Outer", "Parallel Aware": false, "Async Capable": false, "Startup Cost": 23111.61, "Total Cost": 23111.62, "Plan Rows": 1, "Plan Width": 8, "Actual Startup Time": 43.614, "Actual Total Time": 43.615, "Actual Rows": 1, "Actual Loops": 3, "Workers": [], "Plans": [{"Node Type": "Nested Loop", "Parent Relationship": "Outer", "Parallel Aware": false, "Async Capable": false, "Join Type": "Inner", "Startup Cost": 155.22, "Total Cost": 23111.4, "Plan Rows": 84, "Plan Width": 0, "Actual Startup Time": 2.364, "Actual Total Time": 43.605, "Actual Rows": 64, "Actual Loops": 3, "Inner Unique": true, "Workers": [], "Plans": [{"Node Type": "Hash Join", "Parent Relationship": "Outer", "Parallel Aware": false, "Async Capable": false, "Join Type": "Inner", "Startup Cost": 154.93, "Total Cost": 22787.96, "Plan Rows": 998, "Plan Width": 4, "Actual Startup Time": 0.597, "Actual Total Time": 37.363, "Actual Rows": 470, "Actual Loops": 3, "Inner Unique": true, "Hash Cond": "(web_sales.ws_ship_hdemo_sk = household_demographics.hd_demo_sk)", "Workers": [], "Plans": [{"Node Type": "Hash Join", "Parent Relationship": "Outer", "Parallel Aware": false, "Async Capable": false, "Join Type": "Inner", "Startup Cost": 2.92, "Total Cost": 22609.73, "Plan Rows": 9986, "Plan Width": 8, "Actual Startup Time": 0.075, "Actual Total Time": 36.553, "Actual Rows": 4684, "Actual Loops": 3, "Inner Unique": true, "Hash Cond": "(web_sales.ws_web_page_sk = web_page.wp_web_page_sk)", "Workers": [], "Plans": [{"Node Type": "Seq Scan", "Parent Relationship": "Outer", "Parallel Aware": true, "Async Capable": false, "Relation Name": "web_sales", "Alias": "web_sales", "Startup Cost": 0.0, "Total Cost": 21764.43, "Plan Rows": 299743, "Plan Width": 12, "Actual Startup Time": 0.016, "Actual Total Time": 19.098, "Actual Rows": 239795, "Actual Loops": 3, "Workers": []}, {"Node Type": "Hash", "Parent Relationship": "Inner", "Parallel Aware": false, "Async Capable": false, "Startup Cost": 2.9, "Total Cost": 2.9, "Plan Rows": 2, "Plan Width": 4, "Actual Startup Time": 0.022, "Actual Total Time": 0.022, "Actual Rows": 1, "Actual Loops": 3, "Hash Buckets": 1024, "Original Hash Buckets": 1024, "Hash Batches": 1, "Original Hash Batches": 1, "Peak Memory Usage": 9, "Workers": [], "Plans": [{"Node Type": "Seq Scan", "Parent Relationship": "Outer", "Parallel Aware": false, "Async Capable": false, "Relation Name": "web_page", "Alias": "web_page", "Startup Cost": 0.0, "Total Cost": 2.9, "Plan Rows": 2, "Plan Width": 4, "Actual Startup Time": 0.015, "Actual Total Time": 0.019, "Actual Rows": 1, "Actual Loops": 3, "Filter": "((wp_char_count >= 5000) AND (wp_char_count <= 5200))", "Rows Removed by Filter": 59, "Workers": []}]}]}, {"Node Type": "Hash", "Parent Relationship": "Inner", "Parallel Aware": false, "Async Capable": false, "Startup Cost": 143.0, "Total Cost": 143.0, "Plan Rows": 720, "Plan Width": 4, "Actual Startup Time": 0.374, "Actual Total Time": 0.374, "Actual Rows": 720, "Actual Loops": 3, "Hash Buckets": 1024, "Original Hash Buckets": 1024, "Hash Batches": 1, "Original Hash Batches": 1, "Peak Memory Usage": 34, "Workers": [], "Plans": [{"Node Type": "Seq Scan", "Parent Relationship": "Outer", "Parallel Aware": false, "Async Capable": false, "Relation Name": "household_demographics", "Alias": "household_demographics", "Startup Cost": 0.0, "Total Cost": 143.0, "Plan Rows": 720, "Plan Width": 4, "Actual Startup Time": 0.044, "Actual Total Time": 0.341, "Actual Rows": 720, "Actual Loops": 3, "Filter": "(hd_dep_count = 6)", "Rows Removed by Filter": 6480, "Workers": []}]}]}, {"Node Type": "Index Scan", "Parent Relationship": "Inner", "Parallel Aware": false, "Async Capable": false, "Scan Direction": "Forward", "Index Name": "time_dim_pkey", "Relation Name": "time_dim", "Alias": "time_dim", "Startup Cost": 0.29, "Total Cost": 0.32, "Plan Rows": 1, "Plan Width": 4, "Actual Startup Time": 0.013, "Actual Total Time": 0.013, "Actual Rows": 0, "Actual Loops": 1411, "Index Cond": "(t_time_sk = web_sales.ws_sold_time_sk)", "Rows Removed by Index Recheck": 0, "Filter": "((t_hour >= 12) AND (t_hour <= 13))", "Rows Removed by Filter": 1, "Workers": []}]}]}]}]}, {"Node Type": "Aggregate", "Strategy": "Plain", "Partial Mode": "Finalize", "Parent Relationship": "Inner", "Parallel Aware": false, "Async Capable": false, "Startup Cost": 24111.82, "Total Cost": 24111.83, "Plan Rows": 1, "Plan Width": 8, "Actual Startup Time": 38.934, "Actual Total Time": 39.948, "Actual Rows": 1, "Actual Loops": 1, "Plans": [{"Node Type": "Gather", "Parent Relationship": "Outer", "Parallel Aware": false, "Async Capable": false, "Startup Cost": 24111.61, "Total Cost": 24111.82, "Plan Rows": 2, "Plan Width": 8, "Actual Startup Time": 38.871, "Actual Total Time": 39.945, "Actual Rows": 3, "Actual Loops": 1, "Workers Planned": 2, "Workers Launched": 2, "Single Copy": false, "Plans": [{"Node Type": "Aggregate", "Strategy": "Plain", "Partial Mode": "Partial", "Parent Relationship": "Outer", "Parallel Aware": false, "Async Capable": false, "Startup Cost": 23111.61, "Total Cost": 23111.62, "Plan Rows": 1, "Plan Width": 8, "Actual Startup Time": 37.059, "Actual Total Time": 37.06, "Actual Rows": 1, "Actual Loops": 3, "Workers": [], "Plans": [{"Node Type": "Nested Loop", "Parent Relationship": "Outer", "Parallel Aware": false, "Async Capable": false, "Join Type": "Inner", "Startup Cost": 155.22, "Total Cost": 23111.4, "Plan Rows": 84, "Plan Width": 0, "Actual Startup Time": 1.118, "Actual Total Time": 37.054, "Actual Rows": 33, "Actual Loops": 3, "Inner Unique": true, "Workers": [], "Plans": [{"Node Type": "Hash Join", "Parent Relationship": "Outer", "Parallel Aware": false, "Async Capable": false, "Join Type": "Inner", "Startup Cost": 154.93, "Total Cost": 22787.96, "Plan Rows": 998, "Plan Width": 4, "Actual Startup Time": 0.605, "Actual Total Time": 35.658, "Actual Rows": 470, "Actual Loops": 3, "Inner Unique": true, "Hash Cond": "(web_sales_1.ws_ship_hdemo_sk = household_demographics_1.hd_demo_sk)", "Workers": [], "Plans": [{"Node Type": "Hash Join", "Parent Relationship": "Outer", "Parallel Aware": false, "Async Capable": false, "Join Type": "Inner", "Startup Cost": 2.92, "Total Cost": 22609.73, "Plan Rows": 9986, "Plan Width": 8, "Actual Startup Time": 0.078, "Actual Total Time": 34.893, "Actual Rows": 4684, "Actual Loops": 3, "Inner Unique": true, "Hash Cond": "(web_sales_1.ws_web_page_sk = web_page_1.wp_web_page_sk)", "Workers": [], "Plans": [{"Node Type": "Seq Scan", "Parent Relationship": "Outer", "Parallel Aware": true, "Async Capable": false, "Relation Name": "web_sales", "Alias": "web_sales_1", "Startup Cost": 0.0, "Total Cost": 21764.43, "Plan Rows": 299743, "Plan Width": 12, "Actual Startup Time": 0.017, "Actual Total Time": 17.538, "Actual Rows": 239795, "Actual Loops": 3, "Workers": []}, {"Node Type": "Hash", "Parent Relationship": "Inner", "Parallel Aware": false, "Async Capable": false, "Startup Cost": 2.9, "Total Cost": 2.9, "Plan Rows": 2, "Plan Width": 4, "Actual Startup Time": 0.026, "Actual Total Time": 0.026, "Actual Rows": 1, "Actual Loops": 3, "Hash Buckets": 1024, "Original Hash Buckets": 1024, "Hash Batches": 1, "Original Hash Batches": 1, "Peak Memory Usage": 9, "Workers": [], "Plans": [{"Node Type": "Seq Scan", "Parent Relationship": "Outer", "Parallel Aware": false, "Async Capable": false, "Relation Name": "web_page", "Alias": "web_page_1", "Startup Cost": 0.0, "Total Cost": 2.9, "Plan Rows": 2, "Plan Width": 4, "Actual Startup Time": 0.02, "Actual Total Time": 0.024, "Actual Rows": 1, "Actual Loops": 3, "Filter": "((wp_char_count >= 5000) AND (wp_char_count <= 5200))", "Rows Removed by Filter": 59, "Workers": []}]}]}, {"Node Type": "Hash", "Parent Relationship": "Inner", "Parallel Aware": false, "Async Capable": false, "Startup Cost": 143.0, "Total Cost": 143.0, "Plan Rows": 720, "Plan Width": 4, "Actual Startup Time": 0.375, "Actual Total Time": 0.375, "Actual Rows": 720, "Actual Loops": 3, "Hash Buckets": 1024, "Original Hash Buckets": 1024, "Hash Batches": 1, "Original Hash Batches": 1, "Peak Memory Usage": 34, "Workers": [], "Plans": [{"Node Type": "Seq Scan", "Parent Relationship": "Outer", "Parallel Aware": false, "Async Capable": false, "Relation Name": "household_demographics", "Alias": "household_demographics_1", "Startup Cost": 0.0, "Total Cost": 143.0, "Plan Rows": 720, "Plan Width": 4, "Actual Startup Time": 0.043, "Actual Total Time": 0.338, "Actual Rows": 720, "Actual Loops": 3, "Filter": "(hd_dep_count = 6)", "Rows Removed by Filter": 6480, "Workers": []}]}]}, {"Node Type": "Index Scan", "Parent Relationship": "Inner", "Parallel Aware": false, "Async Capable": false, "Scan Direction": "Forward", "Index Name": "time_dim_pkey", "Relation Name": "time_dim", "Alias": "time_dim_1", "Startup Cost": 0.29, "Total Cost": 0.32, "Plan Rows": 1, "Plan Width": 4, "Actual Startup Time": 0.003, "Actual Total Time": 0.003, "Actual Rows": 0, "Actual Loops": 1411, "Index Cond": "(t_time_sk = web_sales_1.ws_sold_time_sk)", "Rows Removed by Index Recheck": 0, "Filter": "((t_hour >= 14) AND (t_hour <= 15))", "Rows Removed by Filter": 1, "Workers": []}]}]}]}]}]}]}]}, "Planning Time": 0.768, "Triggers": [], "Execution Time": 85.33}]