[{"Plan": {"Node Type": "Sort", "Parallel Aware": false, "Async Capable": false, "Startup Cost": 7025.59, "Total Cost": 7025.6, "Plan Rows": 1, "Plan Width": 97, "Actual Startup Time": 22.934, "Actual Total Time": 24.076, "Actual Rows": 1, "Actual Loops": 1, "Sort Key": ["(sum(catalog_returns.cr_net_loss)) DESC"], "Sort Method": "quicksort", "Sort Space Used": 25, "Sort Space Type": "Memory", "Plans": [{"Node Type": "Aggregate", "Strategy": "Sorted", "Partial Mode": "Simple", "Parent Relationship": "Outer", "Parallel Aware": false, "Async Capable": false, "Startup Cost": 7025.55, "Total Cost": 7025.58, "Plan Rows": 1, "Plan Width": 97, "Actual Startup Time": 22.931, "Actual Total Time": 24.073, "Actual Rows": 1, "Actual Loops": 1, "Group Key": ["call_center.cc_call_center_id", "call_center.cc_name", "call_center.cc_manager", "customer_demographics.cd_marital_status", "customer_demographics.cd_education_status"], "Plans": [{"Node Type": "Sort", "Parent Relationship": "Outer", "Parallel Aware": false, "Async Capable": false, "Startup Cost": 7025.55, "Total Cost": 7025.55, "Plan Rows": 1, "Plan Width": 71, "Actual Startup Time": 22.924, "Actual Total Time": 24.066, "Actual Rows": 1, "Actual Loops": 1, "Sort Key": ["call_center.cc_call_center_id", "call_center.cc_name", "call_center.cc_manager", "customer_demographics.cd_marital_status", "customer_demographics.cd_education_status"], "Sort Method": "quicksort", "Sort Space Used": 25, "Sort Space Type": "Memory", "Plans": [{"Node Type": "Nested Loop", "Parent Relationship": "Outer", "Parallel Aware": false, "Async Capable": false, "Join Type": "Inner", "Startup Cost": 3051.2, "Total Cost": 7025.54, "Plan Rows": 1, "Plan Width": 71, "Actual Startup Time": 11.383, "Actual Total Time": 24.062, "Actual Rows": 1, "Actual Loops": 1, "Inner Unique": true, "Plans": [{"Node Type": "Nested Loop", "Parent Relationship": "Outer", "Parallel Aware": false, "Async Capable": false, "Join Type": "Inner", "Startup Cost": 3050.77, "Total Cost": 7024.0, "Plan Rows": 1, "Plan Width": 52, "Actual Startup Time": 9.198, "Actual Total Time": 23.671, "Actual Rows": 43, "Actual Loops": 1, "Inner Unique": true, "Plans": [{"Node Type": "Gather", "Parent Relationship": "Outer", "Parallel Aware": false, "Async Capable": false, "Startup Cost": 3050.64, "Total Cost": 7023.84, "Plan Rows": 1, "Plan Width": 14, "Actual Startup Time": 9.191, "Actual Total Time": 23.618, "Actual Rows": 43, "Actual Loops": 1, "Workers Planned": 1, "Workers Launched": 1, "Single Copy": false, "Plans": [{"Node Type": "Nested Loop", "Parent Relationship": "Outer", "Parallel Aware": false, "Async Capable": false, "Join Type": "Inner", "Startup Cost": 2050.64, "Total Cost": 6023.74, "Plan Rows": 1, "Plan Width": 14, "Actual Startup Time": 7.901, "Actual Total Time": 21.19, "Actual Rows": 22, "Actual Loops": 2, "Inner Unique": true, "Workers": [], "Plans": [{"Node Type": "Nested Loop", "Parent Relationship": "Outer", "Parallel Aware": false, "Async Capable": false, "Join Type": "Inner", "Startup Cost": 2050.35, "Total Cost": 6021.59, "Plan Rows": 6, "Plan Width": 18, "Actual Startup Time": 7.637, "Actual Total Time": 20.467, "Actual Rows": 198, "Actual Loops": 2, "Inner Unique": true, "Workers": [], "Plans": [{"Node Type": "Nested Loop", "Parent Relationship": "Outer", "Parallel Aware": false, "Async Capable": false, "Join Type": "Inner", "Startup Cost": 2050.07, "Total Cost": 6010.9, "Plan Rows": 35, "Plan Width": 22, "Actual Startup Time": 5.582, "Actual Total Time": 18.959, "Actual Rows": 1198, "Actual Loops": 2, "Inner Unique": true, "Workers": [], "Plans": [{"Node Type": "Hash Join", "Parent Relationship": "Outer", "Parallel Aware": true, "Async Capable": false, "Join Type": "Inner", "Startup Cost": 2049.78, "Total Cost": 5996.69, "Plan Rows": 36, "Plan Width": 14, "Actual Startup Time": 5.555, "Actual Total Time": 15.709, "Actual Rows": 1222, "Actual Loops": 2, "Inner Unique": true, "Hash Cond": "(catalog_returns.cr_returned_date_sk = date_dim.d_date_sk)", "Workers": [], "Plans": [{"Node Type": "Seq Scan", "Parent Relationship": "Outer", "Parallel Aware": true, "Async Capable": false, "Relation Name": "catalog_returns", "Alias": "catalog_returns", "Startup Cost": 0.0, "Total Cost": 3724.45, "Plan Rows": 84745, "Plan Width": 18, "Actual Startup Time": 0.019, "Actual Total Time": 7.76, "Actual Rows": 72034, "Actual Loops": 2, "Workers": []}, {"Node Type": "Hash", "Parent Relationship": "Inner", "Parallel Aware": true, "Async Capable": false, "Startup Cost": 2049.55, "Total Cost": 2049.55, "Plan Rows": 18, "Plan Width": 4, "Actual Startup Time": 2.399, "Actual Total Time": 2.399, "Actual Rows": 16, "Actual Loops": 2, "Hash Buckets": 1024, "Original Hash Buckets": 1024, "Hash Batches": 1, "Original Hash Batches": 1, "Peak Memory Usage": 40, "Workers": [], "Plans": [{"Node Type": "Seq Scan", "Parent Relationship": "Outer", "Parallel Aware": true, "Async Capable": false, "Relation Name": "date_dim", "Alias": "date_dim", "Startup Cost": 0.0, "Total Cost": 2049.55, "Plan Rows": 18, "Plan Width": 4, "Actual Startup Time": 1.679, "Actual Total Time": 2.39, "Actual Rows": 16, "Actual Loops": 2, "Filter": "((d_year = 2000) AND (d_moy = 12))", "Rows Removed by Filter": 36509, "Workers": []}]}]}, {"Node Type": "Index Scan", "Parent Relationship": "Inner", "Parallel Aware": false, "Async Capable": false, "Scan Direction": "Forward", "Index Name": "customer_pkey", "Relation Name": "customer", "Alias": "customer", "Startup Cost": 0.29, "Total Cost": 0.39, "Plan Rows": 1, "Plan Width": 16, "Actual Startup Time": 0.002, "Actual Total Time": 0.002, "Actual Rows": 1, "Actual Loops": 2443, "Index Cond": "(c_customer_sk = catalog_returns.cr_returning_customer_sk)", "Rows Removed by Index Recheck": 0, "Workers": []}]}, {"Node Type": "Index Scan", "Parent Relationship": "Inner", "Parallel Aware": false, "Async Capable": false, "Scan Direction": "Forward", "Index Name": "household_demographics_pkey", "Relation Name": "household_demographics", "Alias": "household_demographics", "Startup Cost": 0.28, "Total Cost": 0.31, "Plan Rows": 1, "Plan Width": 4, "Actual Startup Time": 0.001, "Actual Total Time": 0.001, "Actual Rows": 0, "Actual Loops": 2397, "Index Cond": "(hd_demo_sk = customer.c_current_hdemo_sk)", "Rows Removed by Index Recheck": 0, "Filter": "(hd_buy_potential ~~ 'Unknown%'::text)", "Rows Removed by Filter": 1, "Workers": []}]}, {"Node Type": "Index Scan", "Parent Relationship": "Inner", "Parallel Aware": false, "Async Capable": false, "Scan Direction": "Forward", "Index Name": "customer_address_pkey", "Relation Name": "customer_address", "Alias": "customer_address", "Startup Cost": 0.29, "Total Cost": 0.36, "Plan Rows": 1, "Plan Width": 4, "Actual Startup Time": 0.003, "Actual Total Time": 0.003, "Actual Rows": 0, "Actual Loops": 397, "Index Cond": "(ca_address_sk = customer.c_current_addr_sk)", "Rows Removed by Index Recheck": 0, "Filter": "(ca_gmt_offset = '-7'::numeric)", "Rows Removed by Filter": 1, "Workers": []}]}]}, {"Node Type": "Index Scan", "Parent Relationship": "Inner", "Parallel Aware": false, "Async Capable": false, "Scan Direction": "Forward", "Index Name": "call_center_pkey", "Relation Name": "call_center", "Alias": "call_center", "Startup Cost": 0.13, "Total Cost": 0.15, "Plan Rows": 1, "Plan Width": 46, "Actual Startup Time": 0.001, "Actual Total Time": 0.001, "Actual Rows": 1, "Actual Loops": 43, "Index Cond": "(cc_call_center_sk = catalog_returns.cr_call_center_sk)", "Rows Removed by Index Recheck": 0}]}, {"Node Type": "Index Scan", "Parent Relationship": "Inner", "Parallel Aware": false, "Async Capable": false, "Scan Direction": "Forward", "Index Name": "customer_demographics_pkey", "Relation Name": "customer_demographics", "Alias": "customer_demographics", "Startup Cost": 0.43, "Total Cost": 1.54, "Plan Rows": 1, "Plan Width": 27, "Actual Startup Time": 0.009, "Actual Total Time": 0.009, "Actual Rows": 0, "Actual Loops": 43, "Index Cond": "(cd_demo_sk = customer.c_current_cdemo_sk)", "Rows Removed by Index Recheck": 0, "Filter": "(((cd_marital_status = 'M'::bpchar) AND (cd_education_status = 'Unknown'::bpchar)) OR ((cd_marital_status = 'W'::bpchar) AND (cd_education_status = 'Advanced Degree'::bpchar)))", "Rows Removed by Filter": 1}]}]}]}]}, "Planning Time": 0.616, "Triggers": [], "Execution Time": 24.109}]