[{"Plan": {"Node Type": "Limit", "Parallel Aware": false, "Async Capable": false, "Startup Cost": 27153.76, "Total Cost": 27153.76, "Plan Rows": 1, "Plan Width": 32, "Actual Startup Time": 42.055, "Actual Total Time": 42.94, "Actual Rows": 1, "Actual Loops": 1, "Plans": [{"Node Type": "Sort", "Parent Relationship": "Outer", "Parallel Aware": false, "Async Capable": false, "Startup Cost": 27153.76, "Total Cost": 27153.76, "Plan Rows": 1, "Plan Width": 32, "Actual Startup Time": 42.054, "Actual Total Time": 42.939, "Actual Rows": 1, "Actual Loops": 1, "Sort Key": ["(sum(web_sales.ws_ext_discount_amt))"], "Sort Method": "quicksort", "Sort Space Used": 25, "Sort Space Type": "Memory", "Plans": [{"Node Type": "Aggregate", "Strategy": "Plain", "Partial Mode": "Simple", "Parent Relationship": "Outer", "Parallel Aware": false, "Async Capable": false, "Startup Cost": 27153.74, "Total Cost": 27153.75, "Plan Rows": 1, "Plan Width": 32, "Actual Startup Time": 42.05, "Actual Total Time": 42.935, "Actual Rows": 1, "Actual Loops": 1, "Plans": [{"Node Type": "Hash Join", "Parent Relationship": "Outer", "Parallel Aware": false, "Async Capable": false, "Join Type": "Inner", "Startup Cost": 4505.45, "Total Cost": 27153.73, "Plan Rows": 1, "Plan Width": 6, "Actual Startup Time": 42.048, "Actual Total Time": 42.933, "Actual Rows": 0, "Actual Loops": 1, "Inner Unique": true, "Hash Cond": "(web_sales.ws_item_sk = item.i_item_sk)", "Join Filter": "(web_sales.ws_ext_discount_amt > (SubPlan 1))", "Rows Removed by Join Filter": 1, "Plans": [{"Node Type": "Gather", "Parent Relationship": "Outer", "Parallel Aware": false, "Async Capable": false, "Startup Cost": 3050.25, "Total Cost": 25696.05, "Plan Rows": 945, "Plan Width": 10, "Actual Startup Time": 2.922, "Actual Total Time": 38.708, "Actual Rows": 20500, "Actual Loops": 1, "Workers Planned": 2, "Workers Launched": 2, "Single Copy": false, "Plans": [{"Node Type": "Hash Join", "Parent Relationship": "Outer", "Parallel Aware": true, "Async Capable": false, "Join Type": "Inner", "Startup Cost": 2050.25, "Total Cost": 24601.55, "Plan Rows": 394, "Plan Width": 10, "Actual Startup Time": 1.551, "Actual Total Time": 36.032, "Actual Rows": 6833, "Actual Loops": 3, "Inner Unique": true, "Hash Cond": "(web_sales.ws_sold_date_sk = date_dim.d_date_sk)", "Workers": [], "Plans": [{"Node Type": "Seq Scan", "Parent Relationship": "Outer", "Parallel Aware": true, "Async Capable": false, "Relation Name": "web_sales", "Alias": "web_sales", "Startup Cost": 0.0, "Total Cost": 21764.43, "Plan Rows": 299743, "Plan Width": 14, "Actual Startup Time": 0.021, "Actual Total Time": 21.026, "Actual Rows": 239795, "Actual Loops": 3, "Workers": []}, {"Node Type": "Hash", "Parent Relationship": "Inner", "Parallel Aware": true, "Async Capable": false, "Startup Cost": 2049.55, "Total Cost": 2049.55, "Plan Rows": 56, "Plan Width": 4, "Actual Startup Time": 1.364, "Actual Total Time": 1.364, "Actual Rows": 30, "Actual Loops": 3, "Hash Buckets": 1024, "Original Hash Buckets": 1024, "Hash Batches": 1, "Original Hash Batches": 1, "Peak Memory Usage": 40, "Workers": [], "Plans": [{"Node Type": "Seq Scan", "Parent Relationship": "Outer", "Parallel Aware": true, "Async Capable": false, "Relation Name": "date_dim", "Alias": "date_dim", "Startup Cost": 0.0, "Total Cost": 2049.55, "Plan Rows": 56, "Plan Width": 4, "Actual Startup Time": 1.006, "Actual Total Time": 1.355, "Actual Rows": 30, "Actual Loops": 3, "Filter": "((d_date >= '2000-02-01'::date) AND (d_date <= '2000-05-01 00:00:00'::timestamp without time zone))", "Rows Removed by Filter": 24319, "Workers": []}]}]}]}, {"Node Type": "Hash", "Parent Relationship": "Inner", "Parallel Aware": false, "Async Capable": false, "Startup Cost": 1455.0, "Total Cost": 1455.0, "Plan Rows": 16, "Plan Width": 4, "Actual Startup Time": 2.982, "Actual Total Time": 2.982, "Actual Rows": 4, "Actual Loops": 1, "Hash Buckets": 1024, "Original Hash Buckets": 1024, "Hash Batches": 1, "Original Hash Batches": 1, "Peak Memory Usage": 9, "Plans": [{"Node Type": "Seq Scan", "Parent Relationship": "Outer", "Parallel Aware": false, "Async Capable": false, "Relation Name": "item", "Alias": "item", "Startup Cost": 0.0, "Total Cost": 1455.0, "Plan Rows": 16, "Plan Width": 4, "Actual Startup Time": 0.446, "Actual Total Time": 2.98, "Actual Rows": 4, "Actual Loops": 1, "Filter": "(i_manufact_id = 714)", "Rows Removed by Filter": 17996}]}, {"Node Type": "Aggregate", "Strategy": "Plain", "Partial Mode": "Simple", "Parent Relationship": "SubPlan", "Subplan Name": "SubPlan 1", "Parallel Aware": false, "Async Capable": false, "Startup Cost": 518.11, "Total Cost": 518.13, "Plan Rows": 1, "Plan Width": 32, "Actual Startup Time": 0.263, "Actual Total Time": 0.264, "Actual Rows": 1, "Actual Loops": 1, "Plans": [{"Node Type": "Nested Loop", "Parent Relationship": "Outer", "Parallel Aware": false, "Async Capable": false, "Join Type": "Inner", "Startup Cost": 5.07, "Total Cost": 518.11, "Plan Rows": 1, "Plan Width": 6, "Actual Startup Time": 0.127, "Actual Total Time": 0.256, "Actual Rows": 1, "Actual Loops": 1, "Inner Unique": true, "Plans": [{"Node Type": "Bitmap Heap Scan", "Parent Relationship": "Outer", "Parallel Aware": false, "Async Capable": false, "Relation Name": "web_sales", "Alias": "web_sales_1", "Startup Cost": 4.77, "Total Cost": 174.92, "Plan Rows": 44, "Plan Width": 10, "Actual Startup Time": 0.022, "Actual Total Time": 0.185, "Actual Rows": 46, "Actual Loops": 1, "Recheck Cond": "(ws_item_sk = item.i_item_sk)", "Rows Removed by Index Recheck": 0, "Exact Heap Blocks": 46, "Lossy Heap Blocks": 0, "Plans": [{"Node Type": "Bitmap Index Scan", "Parent Relationship": "Outer", "Parallel Aware": false, "Async Capable": false, "Index Name": "web_sales_pkey", "Startup Cost": 0.0, "Total Cost": 4.75, "Plan Rows": 44, "Plan Width": 0, "Actual Startup Time": 0.015, "Actual Total Time": 0.015, "Actual Rows": 46, "Actual Loops": 1, "Index Cond": "(ws_item_sk = item.i_item_sk)"}]}, {"Node Type": "Memoize", "Parent Relationship": "Inner", "Parallel Aware": false, "Async Capable": false, "Startup Cost": 0.3, "Total Cost": 7.96, "Plan Rows": 1, "Plan Width": 4, "Actual Startup Time": 0.001, "Actual Total Time": 0.001, "Actual Rows": 0, "Actual Loops": 46, "Cache Key": "web_sales_1.ws_sold_date_sk", "Cache Mode": "logical", "Cache Hits": 1, "Cache Misses": 45, "Cache Evictions": 0, "Cache Overflows": 0, "Peak Memory Usage": 4, "Plans": [{"Node Type": "Index Scan", "Parent Relationship": "Outer", "Parallel Aware": false, "Async Capable": false, "Scan Direction": "Forward", "Index Name": "date_dim_pkey", "Relation Name": "date_dim", "Alias": "date_dim_1", "Startup Cost": 0.29, "Total Cost": 7.95, "Plan Rows": 1, "Plan Width": 4, "Actual Startup Time": 0.001, "Actual Total Time": 0.001, "Actual Rows": 0, "Actual Loops": 45, "Index Cond": "(d_date_sk = web_sales_1.ws_sold_date_sk)", "Rows Removed by Index Recheck": 0, "Filter": "((d_date >= '2000-02-01'::date) AND (d_date <= '2000-05-01 00:00:00'::timestamp without time zone))", "Rows Removed by Filter": 1}]}]}]}]}]}]}]}, "Planning Time": 0.208, "Triggers": [], "Execution Time": 43.122}]