[{"Plan": {"Node Type": "Limit", "Parallel Aware": false, "Async Capable": false, "Startup Cost": 11711.11, "Total Cost": 11711.13, "Plan Rows": 10, "Plan Width": 36, "Actual Startup Time": 2.592, "Actual Total Time": 3.224, "Actual Rows": 0, "Actual Loops": 1, "Plans": [{"Node Type": "Sort", "Parent Relationship": "Outer", "Parallel Aware": false, "Async Capable": false, "Startup Cost": 11711.11, "Total Cost": 11711.13, "Plan Rows": 10, "Plan Width": 36, "Actual Startup Time": 2.591, "Actual Total Time": 3.223, "Actual Rows": 0, "Actual Loops": 1, "Sort Key": ["(sum(CASE WHEN (store_returns.sr_return_quantity IS NOT NULL) THEN (((store_sales.ss_quantity - store_returns.sr_return_quantity))::numeric * store_sales.ss_sales_price) ELSE ((store_sales.ss_quantity)::numeric * store_sales.ss_sales_price) END))", "store_sales.ss_customer_sk"], "Sort Method": "quicksort", "Sort Space Used": 25, "Sort Space Type": "Memory", "Plans": [{"Node Type": "Aggregate", "Strategy": "Sorted", "Partial Mode": "Finalize", "Parent Relationship": "Outer", "Parallel Aware": false, "Async Capable": false, "Startup Cost": 11709.7, "Total Cost": 11710.94, "Plan Rows": 10, "Plan Width": 36, "Actual Startup Time": 2.59, "Actual Total Time": 3.221, "Actual Rows": 0, "Actual Loops": 1, "Group Key": ["store_sales.ss_customer_sk"], "Plans": [{"Node Type": "Gather Merge", "Parent Relationship": "Outer", "Parallel Aware": false, "Async Capable": false, "Startup Cost": 11709.7, "Total Cost": 11710.76, "Plan Rows": 8, "Plan Width": 36, "Actual Startup Time": 2.589, "Actual Total Time": 3.221, "Actual Rows": 0, "Actual Loops": 1, "Workers Planned": 2, "Workers Launched": 2, "Plans": [{"Node Type": "Aggregate", "Strategy": "Sorted", "Partial Mode": "Partial", "Parent Relationship": "Outer", "Parallel Aware": false, "Async Capable": false, "Startup Cost": 10709.68, "Total Cost": 10709.81, "Plan Rows": 4, "Plan Width": 36, "Actual Startup Time": 0.053, "Actual Total Time": 0.054, "Actual Rows": 0, "Actual Loops": 3, "Group Key": ["store_sales.ss_customer_sk"], "Workers": [], "Plans": [{"Node Type": "Sort", "Parent Relationship": "Outer", "Parallel Aware": false, "Async Capable": false, "Startup Cost": 10709.68, "Total Cost": 10709.69, "Plan Rows": 4, "Plan Width": 18, "Actual Startup Time": 0.053, "Actual Total Time": 0.053, "Actual Rows": 0, "Actual Loops": 3, "Sort Key": ["store_sales.ss_customer_sk"], "Sort Method": "quicksort", "Sort Space Used": 25, "Sort Space Type": "Memory", "Workers": [{"Worker Number": 0, "Sort Method": "quicksort", "Sort Space Used": 25, "Sort Space Type": "Memory"}, {"Worker Number": 1, "Sort Method": "quicksort", "Sort Space Used": 25, "Sort Space Type": "Memory"}], "Plans": [{"Node Type": "Nested Loop", "Parent Relationship": "Outer", "Parallel Aware": false, "Async Capable": false, "Join Type": "Inner", "Startup Cost": 1.88, "Total Cost": 10709.64, "Plan Rows": 4, "Plan Width": 18, "Actual Startup Time": 0.043, "Actual Total Time": 0.043, "Actual Rows": 0, "Actual Loops": 3, "Inner Unique": true, "Workers": [], "Plans": [{"Node Type": "Hash Join", "Parent Relationship": "Outer", "Parallel Aware": false, "Async Capable": false, "Join Type": "Inner", "Startup Cost": 1.45, "Total Cost": 6341.64, "Plan Rows": 3302, "Plan Width": 12, "Actual Startup Time": 0.043, "Actual Total Time": 0.043, "Actual Rows": 0, "Actual Loops": 3, "Inner Unique": true, "Hash Cond": "(store_returns.sr_reason_sk = reason.r_reason_sk)", "Workers": [], "Plans": [{"Node Type": "Seq Scan", "Parent Relationship": "Outer", "Parallel Aware": true, "Async Capable": false, "Relation Name": "store_returns", "Alias": "store_returns", "Startup Cost": 0.0, "Total Cost": 5988.98, "Plan Rows": 119798, "Plan Width": 16, "Actual Startup Time": 0.016, "Actual Total Time": 0.016, "Actual Rows": 1, "Actual Loops": 3, "Workers": []}, {"Node Type": "Hash", "Parent Relationship": "Inner", "Parallel Aware": false, "Async Capable": false, "Startup Cost": 1.44, "Total Cost": 1.44, "Plan Rows": 1, "Plan Width": 4, "Actual Startup Time": 0.016, "Actual Total Time": 0.016, "Actual Rows": 0, "Actual Loops": 3, "Hash Buckets": 1024, "Original Hash Buckets": 1024, "Hash Batches": 1, "Original Hash Batches": 1, "Peak Memory Usage": 8, "Workers": [], "Plans": [{"Node Type": "Seq Scan", "Parent Relationship": "Outer", "Parallel Aware": false, "Async Capable": false, "Relation Name": "reason", "Alias": "reason", "Startup Cost": 0.0, "Total Cost": 1.44, "Plan Rows": 1, "Plan Width": 4, "Actual Startup Time": 0.015, "Actual Total Time": 0.015, "Actual Rows": 0, "Actual Loops": 3, "Filter": "(r_reason_desc = 'reason 58'::bpchar)", "Rows Removed by Filter": 35, "Workers": []}]}]}, {"Node Type": "Index Scan", "Parent Relationship": "Inner", "Parallel Aware": false, "Async Capable": false, "Scan Direction": "Forward", "Index Name": "store_sales_pkey", "Relation Name": "store_sales", "Alias": "store_sales", "Startup Cost": 0.43, "Total Cost": 1.32, "Plan Rows": 1, "Plan Width": 22, "Actual Startup Time": 0.0, "Actual Total Time": 0.0, "Actual Rows": 0, "Actual Loops": 0, "Index Cond": "((ss_item_sk = store_returns.sr_item_sk) AND (ss_ticket_number = store_returns.sr_ticket_number))", "Rows Removed by Index Recheck": 0, "Workers": []}]}]}]}]}]}]}]}, "Planning Time": 0.88, "Triggers": [], "Execution Time": 3.252}]