[{"Plan": {"Node Type": "Limit", "Parallel Aware": false, "Async Capable": false, "Startup Cost": 30949.48, "Total Cost": 30949.48, "Plan Rows": 1, "Plan Width": 72, "Actual Startup Time": 102.844, "Actual Total Time": 102.915, "Actual Rows": 1, "Actual Loops": 1, "Plans": [{"Node Type": "Sort", "Parent Relationship": "Outer", "Parallel Aware": false, "Async Capable": false, "Startup Cost": 30949.48, "Total Cost": 30949.48, "Plan Rows": 1, "Plan Width": 72, "Actual Startup Time": 102.844, "Actual Total Time": 102.914, "Actual Rows": 1, "Actual Loops": 1, "Sort Key": ["(count(DISTINCT ws1.ws_order_number))"], "Sort Method": "quicksort", "Sort Space Used": 25, "Sort Space Type": "Memory", "Plans": [{"Node Type": "Aggregate", "Strategy": "Plain", "Partial Mode": "Simple", "Parent Relationship": "Outer", "Parallel Aware": false, "Async Capable": false, "Startup Cost": 30949.46, "Total Cost": 30949.47, "Plan Rows": 1, "Plan Width": 72, "Actual Startup Time": 102.841, "Actual Total Time": 102.911, "Actual Rows": 1, "Actual Loops": 1, "Plans": [{"Node Type": "Nested Loop", "Parent Relationship": "Outer", "Parallel Aware": false, "Async Capable": false, "Join Type": "Semi", "Startup Cost": 1003.75, "Total Cost": 30949.45, "Plan Rows": 1, "Plan Width": 16, "Actual Startup Time": 52.567, "Actual Total Time": 102.882, "Actual Rows": 11, "Actual Loops": 1, "Inner Unique": false, "Plans": [{"Node Type": "Gather", "Parent Relationship": "Outer", "Parallel Aware": false, "Async Capable": false, "Startup Cost": 1003.32, "Total Cost": 25553.34, "Plan Rows": 1, "Plan Width": 20, "Actual Startup Time": 42.975, "Actual Total Time": 43.186, "Actual Rows": 11, "Actual Loops": 1, "Workers Planned": 2, "Workers Launched": 2, "Single Copy": false, "Plans": [{"Node Type": "Nested Loop", "Parent Relationship": "Outer", "Parallel Aware": false, "Async Capable": false, "Join Type": "Anti", "Startup Cost": 3.32, "Total Cost": 24553.24, "Plan Rows": 1, "Plan Width": 20, "Actual Startup Time": 37.779, "Actual Total Time": 61.169, "Actual Rows": 4, "Actual Loops": 3, "Inner Unique": false, "Workers": [], "Plans": [{"Node Type": "Nested Loop", "Parent Relationship": "Outer", "Parallel Aware": false, "Async Capable": false, "Join Type": "Inner", "Startup Cost": 3.03, "Total Cost": 24187.86, "Plan Rows": 1, "Plan Width": 20, "Actual Startup Time": 10.948, "Actual Total Time": 55.148, "Actual Rows": 11, "Actual Loops": 3, "Inner Unique": true, "Workers": [], "Plans": [{"Node Type": "Nested Loop", "Parent Relationship": "Outer", "Parallel Aware": false, "Async Capable": false, "Join Type": "Inner", "Startup Cost": 2.74, "Total Cost": 24175.19, "Plan Rows": 40, "Plan Width": 24, "Actual Startup Time": 0.325, "Actual Total Time": 52.599, "Actual Rows": 566, "Actual Loops": 3, "Inner Unique": true, "Workers": [], "Plans": [{"Node Type": "Hash Join", "Parent Relationship": "Outer", "Parallel Aware": false, "Async Capable": false, "Join Type": "Inner", "Startup Cost": 2.44, "Total Cost": 22664.8, "Plan Rows": 49935, "Plan Width": 28, "Actual Startup Time": 0.068, "Actual Total Time": 44.301, "Actual Rows": 31830, "Actual Loops": 3, "Inner Unique": true, "Hash Cond": "(ws1.ws_web_site_sk = web_site.web_site_sk)", "Workers": [], "Plans": [{"Node Type": "Seq Scan", "Parent Relationship": "Outer", "Parallel Aware": true, "Async Capable": false, "Relation Name": "web_sales", "Alias": "ws1", "Startup Cost": 0.0, "Total Cost": 21764.43, "Plan Rows": 299743, "Plan Width": 32, "Actual Startup Time": 0.016, "Actual Total Time": 21.344, "Actual Rows": 239795, "Actual Loops": 3, "Workers": []}, {"Node Type": "Hash", "Parent Relationship": "Inner", "Parallel Aware": false, "Async Capable": false, "Startup Cost": 2.38, "Total Cost": 2.38, "Plan Rows": 5, "Plan Width": 4, "Actual Startup Time": 0.03, "Actual Total Time": 0.03, "Actual Rows": 5, "Actual Loops": 3, "Hash Buckets": 1024, "Original Hash Buckets": 1024, "Hash Batches": 1, "Original Hash Batches": 1, "Peak Memory Usage": 9, "Workers": [], "Plans": [{"Node Type": "Seq Scan", "Parent Relationship": "Outer", "Parallel Aware": false, "Async Capable": false, "Relation Name": "web_site", "Alias": "web_site", "Startup Cost": 0.0, "Total Cost": 2.38, "Plan Rows": 5, "Plan Width": 4, "Actual Startup Time": 0.024, "Actual Total Time": 0.027, "Actual Rows": 5, "Actual Loops": 3, "Filter": "(web_company_name = 'pri'::bpchar)", "Rows Removed by Filter": 25, "Workers": []}]}]}, {"Node Type": "Memoize", "Parent Relationship": "Inner", "Parallel Aware": false, "Async Capable": false, "Startup Cost": 0.3, "Total Cost": 0.33, "Plan Rows": 1, "Plan Width": 4, "Actual Startup Time": 0.0, "Actual Total Time": 0.0, "Actual Rows": 0, "Actual Loops": 95491, "Cache Key": "ws1.ws_ship_date_sk", "Cache Mode": "logical", "Cache Hits": 20281, "Cache Misses": 1923, "Cache Evictions": 0, "Cache Overflows": 0, "Peak Memory Usage": 130, "Workers": [{"Worker Number": 0, "Cache Hits": 34253, "Cache Misses": 1938, "Cache Evictions": 0, "Cache Overflows": 0, "Peak Memory Usage": 131}, {"Worker Number": 1, "Cache Hits": 35163, "Cache Misses": 1933, "Cache Evictions": 0, "Cache Overflows": 0, "Peak Memory Usage": 131}], "Plans": [{"Node Type": "Index Scan", "Parent Relationship": "Outer", "Parallel Aware": false, "Async Capable": false, "Scan Direction": "Forward", "Index Name": "date_dim_pkey", "Relation Name": "date_dim", "Alias": "date_dim", "Startup Cost": 0.29, "Total Cost": 0.32, "Plan Rows": 1, "Plan Width": 4, "Actual Startup Time": 0.001, "Actual Total Time": 0.001, "Actual Rows": 0, "Actual Loops": 5794, "Index Cond": "(d_date_sk = ws1.ws_ship_date_sk)", "Rows Removed by Index Recheck": 0, "Filter": "((d_date >= '2002-05-01'::date) AND (d_date <= '2002-06-30 00:00:00'::timestamp without time zone))", "Rows Removed by Filter": 1, "Workers": []}]}]}, {"Node Type": "Index Scan", "Parent Relationship": "Inner", "Parallel Aware": false, "Async Capable": false, "Scan Direction": "Forward", "Index Name": "customer_address_pkey", "Relation Name": "customer_address", "Alias": "customer_address", "Startup Cost": 0.29, "Total Cost": 0.32, "Plan Rows": 1, "Plan Width": 4, "Actual Startup Time": 0.004, "Actual Total Time": 0.004, "Actual Rows": 0, "Actual Loops": 1698, "Index Cond": "(ca_address_sk = ws1.ws_ship_addr_sk)", "Rows Removed by Index Recheck": 0, "Filter": "(ca_state = 'OK'::bpchar)", "Rows Removed by Filter": 1, "Workers": []}]}, {"Node Type": "Index Only Scan", "Parent Relationship": "Inner", "Parallel Aware": false, "Async Capable": false, "Scan Direction": "Forward", "Index Name": "web_returns_pkey", "Relation Name": "web_returns", "Alias": "wr1", "Startup Cost": 0.29, "Total Cost": 538.54, "Plan Rows": 2, "Plan Width": 4, "Actual Startup Time": 0.546, "Actual Total Time": 0.546, "Actual Rows": 1, "Actual Loops": 33, "Index Cond": "(wr_order_number = ws1.ws_order_number)", "Rows Removed by Index Recheck": 0, "Heap Fetches": 0, "Workers": []}]}]}, {"Node Type": "Index Scan", "Parent Relationship": "Inner", "Parallel Aware": false, "Async Capable": false, "Scan Direction": "Forward", "Index Name": "web_sales_pkey", "Relation Name": "web_sales", "Alias": "ws2", "Startup Cost": 0.42, "Total Cost": 5396.09, "Plan Rows": 10, "Plan Width": 8, "Actual Startup Time": 5.426, "Actual Total Time": 5.426, "Actual Rows": 1, "Actual Loops": 11, "Index Cond": "(ws_order_number = ws1.ws_order_number)", "Rows Removed by Index Recheck": 0, "Filter": "(ws1.ws_warehouse_sk <> ws_warehouse_sk)", "Rows Removed by Filter": 0}]}]}]}]}, "Planning Time": 0.636, "Triggers": [], "Execution Time": 103.017}]