[{"Plan": {"Node Type": "Limit", "Parallel Aware": false, "Async Capable": false, "Startup Cost": 678166.6, "Total Cost": 678166.61, "Plan Rows": 1, "Plan Width": 72, "Actual Startup Time": 19537.916, "Actual Total Time": 19537.939, "Actual Rows": 1, "Actual Loops": 1, "Plans": [{"Node Type": "Hash Join", "Parent Relationship": "InitPlan", "Subplan Name": "CTE ws_wh", "Parallel Aware": false, "Async Capable": false, "Join Type": "Inner", "Startup Cost": 37764.14, "Total Cost": 316581.64, "Plan Rows": 7242090, "Plan Width": 12, "Actual Startup Time": 149.862, "Actual Total Time": 790.594, "Actual Rows": 6644004, "Actual Loops": 1, "Inner Unique": false, "Hash Cond": "(ws1_1.ws_order_number = ws2.ws_order_number)", "Join Filter": "(ws1_1.ws_warehouse_sk <> ws2.ws_warehouse_sk)", "Rows Removed by Join Filter": 2381030, "Plans": [{"Node Type": "Seq Scan", "Parent Relationship": "Outer", "Parallel Aware": false, "Async Capable": false, "Relation Name": "web_sales", "Alias": "ws1_1", "Startup Cost": 0.0, "Total Cost": 25960.84, "Plan Rows": 719384, "Plan Width": 8, "Actual Startup Time": 0.01, "Actual Total Time": 90.905, "Actual Rows": 719384, "Actual Loops": 1}, {"Node Type": "Hash", "Parent Relationship": "Inner", "Parallel Aware": false, "Async Capable": false, "Startup Cost": 25960.84, "Total Cost": 25960.84, "Plan Rows": 719384, "Plan Width": 8, "Actual Startup Time": 148.303, "Actual Total Time": 148.303, "Actual Rows": 719384, "Actual Loops": 1, "Hash Buckets": 131072, "Original Hash Buckets": 131072, "Hash Batches": 16, "Original Hash Batches": 16, "Peak Memory Usage": 2768, "Plans": [{"Node Type": "Seq Scan", "Parent Relationship": "Outer", "Parallel Aware": false, "Async Capable": false, "Relation Name": "web_sales", "Alias": "ws2", "Startup Cost": 0.0, "Total Cost": 25960.84, "Plan Rows": 719384, "Plan Width": 8, "Actual Startup Time": 0.002, "Actual Total Time": 96.894, "Actual Rows": 719384, "Actual Loops": 1}]}]}, {"Node Type": "Sort", "Parent Relationship": "Outer", "Parallel Aware": false, "Async Capable": false, "Startup Cost": 361584.97, "Total Cost": 361584.97, "Plan Rows": 1, "Plan Width": 72, "Actual Startup Time": 19537.915, "Actual Total Time": 19537.938, "Actual Rows": 1, "Actual Loops": 1, "Sort Key": ["(count(DISTINCT ws1.ws_order_number))"], "Sort Method": "quicksort", "Sort Space Used": 25, "Sort Space Type": "Memory", "Plans": [{"Node Type": "Aggregate", "Strategy": "Plain", "Partial Mode": "Simple", "Parent Relationship": "Outer", "Parallel Aware": false, "Async Capable": false, "Startup Cost": 361584.95, "Total Cost": 361584.96, "Plan Rows": 1, "Plan Width": 72, "Actual Startup Time": 19537.91, "Actual Total Time": 19537.932, "Actual Rows": 1, "Actual Loops": 1, "Plans": [{"Node Type": "Nested Loop", "Parent Relationship": "Outer", "Parallel Aware": false, "Async Capable": false, "Join Type": "Semi", "Startup Cost": 164493.12, "Total Cost": 361584.93, "Plan Rows": 2, "Plan Width": 16, "Actual Startup Time": 2439.945, "Actual Total Time": 19537.71, "Actual Rows": 73, "Actual Loops": 1, "Inner Unique": false, "Join Filter": "(ws1.ws_order_number = web_returns.wr_order_number)", "Rows Removed by Join Filter": 0, "Plans": [{"Node Type": "Hash Join", "Parent Relationship": "Outer", "Parallel Aware": false, "Async Capable": false, "Join Type": "Inner", "Startup Cost": 163954.56, "Total Cost": 188141.5, "Plan Rows": 2, "Plan Width": 20, "Actual Startup Time": 2123.964, "Actual Total Time": 2124.328, "Actual Rows": 102, "Actual Loops": 1, "Inner Unique": true, "Hash Cond": "(ws1.ws_order_number = ws_wh.ws_order_number)", "Plans": [{"Node Type": "Gather", "Parent Relationship": "Outer", "Parallel Aware": false, "Async Capable": false, "Startup Cost": 1003.03, "Total Cost": 25189.94, "Plan Rows": 5, "Plan Width": 16, "Actual Startup Time": 4.861, "Actual Total Time": 5.097, "Actual Rows": 102, "Actual Loops": 1, "Workers Planned": 2, "Workers Launched": 2, "Single Copy": false, "Plans": [{"Node Type": "Nested Loop", "Parent Relationship": "Outer", "Parallel Aware": false, "Async Capable": false, "Join Type": "Inner", "Startup Cost": 3.03, "Total Cost": 24189.44, "Plan Rows": 2, "Plan Width": 16, "Actual Startup Time": 2.695, "Actual Total Time": 54.018, "Actual Rows": 34, "Actual Loops": 3, "Inner Unique": true, "Workers": [], "Plans": [{"Node Type": "Nested Loop", "Parent Relationship": "Outer", "Parallel Aware": false, "Async Capable": false, "Join Type": "Inner", "Startup Cost": 2.74, "Total Cost": 24175.19, "Plan Rows": 45, "Plan Width": 20, "Actual Startup Time": 0.585, "Actual Total Time": 51.58, "Actual Rows": 739, "Actual Loops": 3, "Inner Unique": true, "Workers": [], "Plans": [{"Node Type": "Hash Join", "Parent Relationship": "Outer", "Parallel Aware": false, "Async Capable": false, "Join Type": "Inner", "Startup Cost": 2.44, "Total Cost": 22664.8, "Plan Rows": 49935, "Plan Width": 24, "Actual Startup Time": 0.064, "Actual Total Time": 44.077, "Actual Rows": 31830, "Actual Loops": 3, "Inner Unique": true, "Hash Cond": "(ws1.ws_web_site_sk = web_site.web_site_sk)", "Workers": [], "Plans": [{"Node Type": "Seq Scan", "Parent Relationship": "Outer", "Parallel Aware": true, "Async Capable": false, "Relation Name": "web_sales", "Alias": "ws1", "Startup Cost": 0.0, "Total Cost": 21764.43, "Plan Rows": 299743, "Plan Width": 28, "Actual Startup Time": 0.021, "Actual Total Time": 22.809, "Actual Rows": 239795, "Actual Loops": 3, "Workers": []}, {"Node Type": "Hash", "Parent Relationship": "Inner", "Parallel Aware": false, "Async Capable": false, "Startup Cost": 2.38, "Total Cost": 2.38, "Plan Rows": 5, "Plan Width": 4, "Actual Startup Time": 0.024, "Actual Total Time": 0.024, "Actual Rows": 5, "Actual Loops": 3, "Hash Buckets": 1024, "Original Hash Buckets": 1024, "Hash Batches": 1, "Original Hash Batches": 1, "Peak Memory Usage": 9, "Workers": [], "Plans": [{"Node Type": "Seq Scan", "Parent Relationship": "Outer", "Parallel Aware": false, "Async Capable": false, "Relation Name": "web_site", "Alias": "web_site", "Startup Cost": 0.0, "Total Cost": 2.38, "Plan Rows": 5, "Plan Width": 4, "Actual Startup Time": 0.016, "Actual Total Time": 0.02, "Actual Rows": 5, "Actual Loops": 3, "Filter": "(web_company_name = 'pri'::bpchar)", "Rows Removed by Filter": 25, "Workers": []}]}]}, {"Node Type": "Memoize", "Parent Relationship": "Inner", "Parallel Aware": false, "Async Capable": false, "Startup Cost": 0.3, "Total Cost": 0.33, "Plan Rows": 1, "Plan Width": 4, "Actual Startup Time": 0.0, "Actual Total Time": 0.0, "Actual Rows": 0, "Actual Loops": 95491, "Cache Key": "ws1.ws_ship_date_sk", "Cache Mode": "logical", "Cache Hits": 737, "Cache Misses": 1125, "Cache Evictions": 0, "Cache Overflows": 0, "Peak Memory Usage": 77, "Workers": [{"Worker Number": 0, "Cache Hits": 44792, "Cache Misses": 1937, "Cache Evictions": 0, "Cache Overflows": 0, "Peak Memory Usage": 131}, {"Worker Number": 1, "Cache Hits": 44964, "Cache Misses": 1936, "Cache Evictions": 0, "Cache Overflows": 0, "Peak Memory Usage": 131}], "Plans": [{"Node Type": "Index Scan", "Parent Relationship": "Outer", "Parallel Aware": false, "Async Capable": false, "Scan Direction": "Forward", "Index Name": "date_dim_pkey", "Relation Name": "date_dim", "Alias": "date_dim", "Startup Cost": 0.29, "Total Cost": 0.32, "Plan Rows": 1, "Plan Width": 4, "Actual Startup Time": 0.001, "Actual Total Time": 0.001, "Actual Rows": 0, "Actual Loops": 4998, "Index Cond": "(d_date_sk = ws1.ws_ship_date_sk)", "Rows Removed by Index Recheck": 0, "Filter": "((d_date >= '2001-04-01'::date) AND (d_date <= '2001-05-31 00:00:00'::timestamp without time zone))", "Rows Removed by Filter": 1, "Workers": []}]}]}, {"Node Type": "Index Scan", "Parent Relationship": "Inner", "Parallel Aware": false, "Async Capable": false, "Scan Direction": "Forward", "Index Name": "customer_address_pkey", "Relation Name": "customer_address", "Alias": "customer_address", "Startup Cost": 0.29, "Total Cost": 0.32, "Plan Rows": 1, "Plan Width": 4, "Actual Startup Time": 0.003, "Actual Total Time": 0.003, "Actual Rows": 0, "Actual Loops": 2216, "Index Cond": "(ca_address_sk = ws1.ws_ship_addr_sk)", "Rows Removed by Index Recheck": 0, "Filter": "(ca_state = 'VA'::bpchar)", "Rows Removed by Filter": 1, "Workers": []}]}]}, {"Node Type": "Hash", "Parent Relationship": "Inner", "Parallel Aware": false, "Async Capable": false, "Startup Cost": 162949.03, "Total Cost": 162949.03, "Plan Rows": 200, "Plan Width": 4, "Actual Startup Time": 2119.095, "Actual Total Time": 2119.095, "Actual Rows": 60000, "Actual Loops": 1, "Hash Buckets": 65536, "Original Hash Buckets": 1024, "Hash Batches": 1, "Original Hash Batches": 1, "Peak Memory Usage": 2622, "Plans": [{"Node Type": "Aggregate", "Strategy": "Hashed", "Partial Mode": "Simple", "Parent Relationship": "Outer", "Parallel Aware": false, "Async Capable": false, "Startup Cost": 162947.03, "Total Cost": 162949.03, "Plan Rows": 200, "Plan Width": 4, "Actual Startup Time": 2036.874, "Actual Total Time": 2116.331, "Actual Rows": 60000, "Actual Loops": 1, "Group Key": ["ws_wh.ws_order_number"], "Planned Partitions": 0, "HashAgg Batches": 5, "Peak Memory Usage": 4161, "Disk Usage": 29456, "Plans": [{"Node Type": "CTE Scan", "Parent Relationship": "Outer", "Parallel Aware": false, "Async Capable": false, "CTE Name": "ws_wh", "Alias": "ws_wh", "Startup Cost": 0.0, "Total Cost": 144841.8, "Plan Rows": 7242090, "Plan Width": 4, "Actual Startup Time": 149.863, "Actual Total Time": 1629.415, "Actual Rows": 6644004, "Actual Loops": 1}]}]}]}, {"Node Type": "Hash Join", "Parent Relationship": "Inner", "Parallel Aware": false, "Async Capable": false, "Join Type": "Inner", "Startup Cost": 538.56, "Total Cost": 172543.11, "Plan Rows": 393, "Plan Width": 8, "Actual Startup Time": 170.713, "Actual Total Time": 170.713, "Actual Rows": 1, "Actual Loops": 102, "Inner Unique": false, "Hash Cond": "(ws_wh_1.ws_order_number = web_returns.wr_order_number)", "Join Filter": "(ws_wh.ws_order_number = ws_wh_1.ws_order_number)", "Rows Removed by Join Filter": 0, "Plans": [{"Node Type": "CTE Scan", "Parent Relationship": "Outer", "Parallel Aware": false, "Async Capable": false, "CTE Name": "ws_wh", "Alias": "ws_wh_1", "Startup Cost": 0.0, "Total Cost": 144841.8, "Plan Rows": 7242090, "Plan Width": 4, "Actual Startup Time": 0.004, "Actual Total Time": 114.626, "Actual Rows": 2792872, "Actual Loops": 74}, {"Node Type": "Hash", "Parent Relationship": "Inner", "Parallel Aware": false, "Async Capable": false, "Startup Cost": 538.54, "Total Cost": 538.54, "Plan Rows": 2, "Plan Width": 4, "Actual Startup Time": 0.761, "Actual Total Time": 0.761, "Actual Rows": 1, "Actual Loops": 102, "Hash Buckets": 1024, "Original Hash Buckets": 1024, "Hash Batches": 1, "Original Hash Batches": 1, "Peak Memory Usage": 9, "Plans": [{"Node Type": "Index Only Scan", "Parent Relationship": "Outer", "Parallel Aware": false, "Async Capable": false, "Scan Direction": "Forward", "Index Name": "web_returns_pkey", "Relation Name": "web_returns", "Alias": "web_returns", "Startup Cost": 0.29, "Total Cost": 538.54, "Plan Rows": 2, "Plan Width": 4, "Actual Startup Time": 0.42, "Actual Total Time": 0.758, "Actual Rows": 1, "Actual Loops": 102, "Index Cond": "(wr_order_number = ws_wh.ws_order_number)", "Rows Removed by Index Recheck": 0, "Heap Fetches": 0}]}]}]}]}]}]}, "Planning Time": 0.731, "Triggers": [], "Execution Time": 19541.225}]