[{"Plan": {"Node Type": "Limit", "Parallel Aware": false, "Async Capable": false, "Startup Cost": 70246.05, "Total Cost": 70246.06, "Plan Rows": 1, "Plan Width": 8, "Actual Startup Time": 136.668, "Actual Total Time": 137.777, "Actual Rows": 1, "Actual Loops": 1, "Plans": [{"Node Type": "Sort", "Parent Relationship": "Outer", "Parallel Aware": false, "Async Capable": false, "Startup Cost": 70246.05, "Total Cost": 70246.06, "Plan Rows": 1, "Plan Width": 8, "Actual Startup Time": 136.667, "Actual Total Time": 137.776, "Actual Rows": 1, "Actual Loops": 1, "Sort Key": ["(count(*))"], "Sort Method": "quicksort", "Sort Space Used": 25, "Sort Space Type": "Memory", "Plans": [{"Node Type": "Aggregate", "Strategy": "Plain", "Partial Mode": "Finalize", "Parent Relationship": "Outer", "Parallel Aware": false, "Async Capable": false, "Startup Cost": 70246.03, "Total Cost": 70246.04, "Plan Rows": 1, "Plan Width": 8, "Actual Startup Time": 136.663, "Actual Total Time": 137.772, "Actual Rows": 1, "Actual Loops": 1, "Plans": [{"Node Type": "Gather", "Parent Relationship": "Outer", "Parallel Aware": false, "Async Capable": false, "Startup Cost": 70245.82, "Total Cost": 70246.03, "Plan Rows": 2, "Plan Width": 8, "Actual Startup Time": 136.576, "Actual Total Time": 137.769, "Actual Rows": 3, "Actual Loops": 1, "Workers Planned": 2, "Workers Launched": 2, "Single Copy": false, "Plans": [{"Node Type": "Aggregate", "Strategy": "Plain", "Partial Mode": "Partial", "Parent Relationship": "Outer", "Parallel Aware": false, "Async Capable": false, "Startup Cost": 69245.82, "Total Cost": 69245.83, "Plan Rows": 1, "Plan Width": 8, "Actual Startup Time": 134.913, "Actual Total Time": 134.914, "Actual Rows": 1, "Actual Loops": 3, "Workers": [], "Plans": [{"Node Type": "Hash Join", "Parent Relationship": "Outer", "Parallel Aware": false, "Async Capable": false, "Join Type": "Inner", "Startup Cost": 2325.87, "Total Cost": 69245.36, "Plan Rows": 183, "Plan Width": 0, "Actual Startup Time": 10.239, "Actual Total Time": 134.891, "Actual Rows": 266, "Actual Loops": 3, "Inner Unique": true, "Hash Cond": "(store_sales.ss_store_sk = store.s_store_sk)", "Workers": [], "Plans": [{"Node Type": "Hash Join", "Parent Relationship": "Outer", "Parallel Aware": false, "Async Capable": false, "Join Type": "Inner", "Startup Cost": 2324.7, "Total Cost": 69236.12, "Plan Rows": 2302, "Plan Width": 4, "Actual Startup Time": 4.614, "Actual Total Time": 134.699, "Actual Rows": 1737, "Actual Loops": 3, "Inner Unique": true, "Hash Cond": "(store_sales.ss_hdemo_sk = household_demographics.hd_demo_sk)", "Workers": [], "Plans": [{"Node Type": "Hash Join", "Parent Relationship": "Outer", "Parallel Aware": true, "Async Capable": false, "Join Type": "Inner", "Startup Cost": 2172.7, "Total Cost": 69020.89, "Plan Rows": 24073, "Plan Width": 8, "Actual Startup Time": 3.859, "Actual Total Time": 133.173, "Actual Rows": 17965, "Actual Loops": 3, "Inner Unique": true, "Hash Cond": "(store_sales.ss_sold_time_sk = time_dim.t_time_sk)", "Workers": [], "Plans": [{"Node Type": "Seq Scan", "Parent Relationship": "Outer", "Parallel Aware": true, "Async Capable": false, "Relation Name": "store_sales", "Alias": "store_sales", "Startup Cost": 0.0, "Total Cost": 63697.62, "Plan Rows": 1200162, "Plan Width": 12, "Actual Startup Time": 0.038, "Actual Total Time": 72.746, "Actual Rows": 960135, "Actual Loops": 3, "Workers": []}, {"Node Type": "Hash", "Parent Relationship": "Inner", "Parallel Aware": true, "Async Capable": false, "Startup Cost": 2159.35, "Total Cost": 2159.35, "Plan Rows": 1068, "Plan Width": 4, "Actual Startup Time": 3.533, "Actual Total Time": 3.534, "Actual Rows": 600, "Actual Loops": 3, "Hash Buckets": 2048, "Original Hash Buckets": 2048, "Hash Batches": 1, "Original Hash Batches": 1, "Peak Memory Usage": 112, "Workers": [], "Plans": [{"Node Type": "Seq Scan", "Parent Relationship": "Outer", "Parallel Aware": true, "Async Capable": false, "Relation Name": "time_dim", "Alias": "time_dim", "Startup Cost": 0.0, "Total Cost": 2159.35, "Plan Rows": 1068, "Plan Width": 4, "Actual Startup Time": 0.876, "Actual Total Time": 3.455, "Actual Rows": 600, "Actual Loops": 3, "Filter": "((t_minute >= 30) AND (t_hour = 8))", "Rows Removed by Filter": 28200, "Workers": []}]}]}, {"Node Type": "Hash", "Parent Relationship": "Inner", "Parallel Aware": false, "Async Capable": false, "Startup Cost": 143.0, "Total Cost": 143.0, "Plan Rows": 720, "Plan Width": 4, "Actual Startup Time": 0.417, "Actual Total Time": 0.417, "Actual Rows": 720, "Actual Loops": 3, "Hash Buckets": 1024, "Original Hash Buckets": 1024, "Hash Batches": 1, "Original Hash Batches": 1, "Peak Memory Usage": 34, "Workers": [], "Plans": [{"Node Type": "Seq Scan", "Parent Relationship": "Outer", "Parallel Aware": false, "Async Capable": false, "Relation Name": "household_demographics", "Alias": "household_demographics", "Startup Cost": 0.0, "Total Cost": 143.0, "Plan Rows": 720, "Plan Width": 4, "Actual Startup Time": 0.022, "Actual Total Time": 0.384, "Actual Rows": 720, "Actual Loops": 3, "Filter": "(hd_dep_count = 0)", "Rows Removed by Filter": 6480, "Workers": []}]}]}, {"Node Type": "Hash", "Parent Relationship": "Inner", "Parallel Aware": false, "Async Capable": false, "Startup Cost": 1.15, "Total Cost": 1.15, "Plan Rows": 1, "Plan Width": 4, "Actual Startup Time": 0.019, "Actual Total Time": 0.019, "Actual Rows": 1, "Actual Loops": 3, "Hash Buckets": 1024, "Original Hash Buckets": 1024, "Hash Batches": 1, "Original Hash Batches": 1, "Peak Memory Usage": 9, "Workers": [], "Plans": [{"Node Type": "Seq Scan", "Parent Relationship": "Outer", "Parallel Aware": false, "Async Capable": false, "Relation Name": "store", "Alias": "store", "Startup Cost": 0.0, "Total Cost": 1.15, "Plan Rows": 1, "Plan Width": 4, "Actual Startup Time": 0.015, "Actual Total Time": 0.017, "Actual Rows": 1, "Actual Loops": 3, "Filter": "((s_store_name)::text = 'ese'::text)", "Rows Removed by Filter": 11, "Workers": []}]}]}]}]}]}]}]}, "Planning Time": 2.206, "Triggers": [], "Execution Time": 137.958}]