[{"Plan": {"Node Type": "Limit", "Parallel Aware": false, "Async Capable": false, "Startup Cost": 121273.27, "Total Cost": 121273.28, "Plan Rows": 1, "Plan Width": 24, "Actual Startup Time": 476.293, "Actual Total Time": 476.92, "Actual Rows": 1, "Actual Loops": 1, "Plans": [{"Node Type": "Aggregate", "Strategy": "Plain", "Partial Mode": "Simple", "Parent Relationship": "Outer", "Parallel Aware": false, "Async Capable": false, "Startup Cost": 121273.27, "Total Cost": 121273.28, "Plan Rows": 1, "Plan Width": 24, "Actual Startup Time": 476.292, "Actual Total Time": 476.919, "Actual Rows": 1, "Actual Loops": 1, "Plans": [{"Node Type": "Merge Join", "Parent Relationship": "Outer", "Parallel Aware": false, "Async Capable": false, "Join Type": "Full", "Startup Cost": 118507.67, "Total Cost": 121163.91, "Plan Rows": 14582, "Plan Width": 8, "Actual Startup Time": 274.575, "Actual Total Time": 440.633, "Actual Rows": 836302, "Actual Loops": 1, "Inner Unique": true, "Merge Cond": "((store_sales.ss_customer_sk = catalog_sales.cs_bill_customer_sk) AND (store_sales.ss_item_sk = catalog_sales.cs_item_sk))", "Plans": [{"Node Type": "Group", "Parent Relationship": "Outer", "Parallel Aware": false, "Async Capable": false, "Startup Cost": 70282.49, "Total Cost": 71791.46, "Plan Rows": 14582, "Plan Width": 8, "Actual Startup Time": 172.259, "Actual Total Time": 255.291, "Actual Rows": 548694, "Actual Loops": 1, "Group Key": ["store_sales.ss_customer_sk", "store_sales.ss_item_sk"], "Plans": [{"Node Type": "Gather Merge", "Parent Relationship": "Outer", "Parallel Aware": false, "Async Capable": false, "Startup Cost": 70282.49, "Total Cost": 71730.7, "Plan Rows": 12152, "Plan Width": 8, "Actual Startup Time": 172.255, "Actual Total Time": 228.331, "Actual Rows": 552087, "Actual Loops": 1, "Workers Planned": 2, "Workers Launched": 2, "Plans": [{"Node Type": "Group", "Parent Relationship": "Outer", "Parallel Aware": false, "Async Capable": false, "Startup Cost": 69282.47, "Total Cost": 69328.04, "Plan Rows": 6076, "Plan Width": 8, "Actual Startup Time": 170.236, "Actual Total Time": 190.712, "Actual Rows": 184029, "Actual Loops": 3, "Group Key": ["store_sales.ss_customer_sk", "store_sales.ss_item_sk"], "Workers": [], "Plans": [{"Node Type": "Sort", "Parent Relationship": "Outer", "Parallel Aware": false, "Async Capable": false, "Startup Cost": 69282.47, "Total Cost": 69297.66, "Plan Rows": 6076, "Plan Width": 8, "Actual Startup Time": 170.234, "Actual Total Time": 177.768, "Actual Rows": 184865, "Actual Loops": 3, "Sort Key": ["store_sales.ss_customer_sk", "store_sales.ss_item_sk"], "Sort Method": "external merge", "Sort Space Used": 3264, "Sort Space Type": "Disk", "Workers": [{"Worker Number": 0, "Sort Method": "external merge", "Sort Space Used": 3232, "Sort Space Type": "Disk"}, {"Worker Number": 1, "Sort Method": "external merge", "Sort Space Used": 3264, "Sort Space Type": "Disk"}], "Plans": [{"Node Type": "Hash Join", "Parent Relationship": "Outer", "Parallel Aware": true, "Async Capable": false, "Join Type": "Inner", "Startup Cost": 2052.4, "Total Cost": 68900.62, "Plan Rows": 6076, "Plan Width": 8, "Actual Startup Time": 1.704, "Actual Total Time": 131.527, "Actual Rows": 184865, "Actual Loops": 3, "Inner Unique": true, "Hash Cond": "(store_sales.ss_sold_date_sk = date_dim.d_date_sk)", "Workers": [], "Plans": [{"Node Type": "Seq Scan", "Parent Relationship": "Outer", "Parallel Aware": true, "Async Capable": false, "Relation Name": "store_sales", "Alias": "store_sales", "Startup Cost": 0.0, "Total Cost": 63697.62, "Plan Rows": 1200162, "Plan Width": 12, "Actual Startup Time": 0.035, "Actual Total Time": 69.383, "Actual Rows": 960135, "Actual Loops": 3, "Workers": []}, {"Node Type": "Hash", "Parent Relationship": "Inner", "Parallel Aware": true, "Async Capable": false, "Startup Cost": 2049.55, "Total Cost": 2049.55, "Plan Rows": 228, "Plan Width": 4, "Actual Startup Time": 1.625, "Actual Total Time": 1.625, "Actual Rows": 122, "Actual Loops": 3, "Hash Buckets": 1024, "Original Hash Buckets": 1024, "Hash Batches": 1, "Original Hash Batches": 1, "Peak Memory Usage": 40, "Workers": [], "Plans": [{"Node Type": "Seq Scan", "Parent Relationship": "Outer", "Parallel Aware": true, "Async Capable": false, "Relation Name": "date_dim", "Alias": "date_dim", "Startup Cost": 0.0, "Total Cost": 2049.55, "Plan Rows": 228, "Plan Width": 4, "Actual Startup Time": 1.176, "Actual Total Time": 1.592, "Actual Rows": 122, "Actual Loops": 3, "Filter": "((d_month_seq >= 1199) AND (d_month_seq <= 1210))", "Rows Removed by Filter": 24228, "Workers": []}]}]}]}]}]}]}, {"Node Type": "Group", "Parent Relationship": "Inner", "Parallel Aware": false, "Async Capable": false, "Startup Cost": 48225.18, "Total Cost": 49011.95, "Plan Rows": 7603, "Plan Width": 8, "Actual Startup Time": 102.313, "Actual Total Time": 144.958, "Actual Rows": 287769, "Actual Loops": 1, "Group Key": ["catalog_sales.cs_bill_customer_sk", "catalog_sales.cs_item_sk"], "Plans": [{"Node Type": "Gather Merge", "Parent Relationship": "Outer", "Parallel Aware": false, "Async Capable": false, "Startup Cost": 48225.18, "Total Cost": 48980.27, "Plan Rows": 6336, "Plan Width": 8, "Actual Startup Time": 102.312, "Actual Total Time": 130.697, "Actual Rows": 287802, "Actual Loops": 1, "Workers Planned": 2, "Workers Launched": 2, "Plans": [{"Node Type": "Group", "Parent Relationship": "Outer", "Parallel Aware": false, "Async Capable": false, "Startup Cost": 47225.15, "Total Cost": 47248.91, "Plan Rows": 3168, "Plan Width": 8, "Actual Startup Time": 100.27, "Actual Total Time": 110.536, "Actual Rows": 95934, "Actual Loops": 3, "Group Key": ["catalog_sales.cs_bill_customer_sk", "catalog_sales.cs_item_sk"], "Workers": [], "Plans": [{"Node Type": "Sort", "Parent Relationship": "Outer", "Parallel Aware": false, "Async Capable": false, "Startup Cost": 47225.15, "Total Cost": 47233.07, "Plan Rows": 3168, "Plan Width": 8, "Actual Startup Time": 100.268, "Actual Total Time": 103.802, "Actual Rows": 95941, "Actual Loops": 3, "Sort Key": ["catalog_sales.cs_bill_customer_sk", "catalog_sales.cs_item_sk"], "Sort Method": "external merge", "Sort Space Used": 1736, "Sort Space Type": "Disk", "Workers": [{"Worker Number": 0, "Sort Method": "external merge", "Sort Space Used": 1696, "Sort Space Type": "Disk"}, {"Worker Number": 1, "Sort Method": "external merge", "Sort Space Used": 1664, "Sort Space Type": "Disk"}], "Plans": [{"Node Type": "Hash Join", "Parent Relationship": "Outer", "Parallel Aware": true, "Async Capable": false, "Join Type": "Inner", "Startup Cost": 2052.4, "Total Cost": 47040.94, "Plan Rows": 3168, "Plan Width": 8, "Actual Startup Time": 28.039, "Actual Total Time": 81.21, "Actual Rows": 95941, "Actual Loops": 3, "Inner Unique": true, "Hash Cond": "(catalog_sales.cs_sold_date_sk = date_dim_1.d_date_sk)", "Workers": [], "Plans": [{"Node Type": "Seq Scan", "Parent Relationship": "Outer", "Parallel Aware": true, "Async Capable": false, "Relation Name": "catalog_sales", "Alias": "catalog_sales", "Startup Cost": 0.0, "Total Cost": 43411.7, "Plan Rows": 600670, "Plan Width": 12, "Actual Startup Time": 0.022, "Actual Total Time": 44.25, "Actual Rows": 480516, "Actual Loops": 3, "Workers": []}, {"Node Type": "Hash", "Parent Relationship": "Inner", "Parallel Aware": true, "Async Capable": false, "Startup Cost": 2049.55, "Total Cost": 2049.55, "Plan Rows": 228, "Plan Width": 4, "Actual Startup Time": 1.594, "Actual Total Time": 1.594, "Actual Rows": 122, "Actual Loops": 3, "Hash Buckets": 1024, "Original Hash Buckets": 1024, "Hash Batches": 1, "Original Hash Batches": 1, "Peak Memory Usage": 40, "Workers": [], "Plans": [{"Node Type": "Seq Scan", "Parent Relationship": "Outer", "Parallel Aware": true, "Async Capable": false, "Relation Name": "date_dim", "Alias": "date_dim_1", "Startup Cost": 0.0, "Total Cost": 2049.55, "Plan Rows": 228, "Plan Width": 4, "Actual Startup Time": 1.175, "Actual Total Time": 1.567, "Actual Rows": 122, "Actual Loops": 3, "Filter": "((d_month_seq >= 1199) AND (d_month_seq <= 1210))", "Rows Removed by Filter": 24228, "Workers": []}]}]}]}]}]}]}]}]}]}, "Planning Time": 0.222, "Triggers": [], "Execution Time": 478.052}]