[{"Plan": {"Node Type": "Sort", "Parallel Aware": false, "Async Capable": false, "Startup Cost": 70153.95, "Total Cost": 70154.87, "Plan Rows": 368, "Plan Width": 291, "Actual Startup Time": 194.025, "Actual Total Time": 194.194, "Actual Rows": 2531, "Actual Loops": 1, "Sort Key": ["item.i_category", "item.i_class", "item.i_item_id", "item.i_item_desc", "((((sum(store_sales.ss_ext_sales_price)) * '100'::numeric) / sum((sum(store_sales.ss_ext_sales_price))) OVER (?)))"], "Sort Method": "quicksort", "Sort Space Used": 1095, "Sort Space Type": "Memory", "Plans": [{"Node Type": "WindowAgg", "Parent Relationship": "Outer", "Parallel Aware": false, "Async Capable": false, "Startup Cost": 70129.99, "Total Cost": 70138.27, "Plan Rows": 368, "Plan Width": 291, "Actual Startup Time": 181.419, "Actual Total Time": 182.964, "Actual Rows": 2531, "Actual Loops": 1, "Plans": [{"Node Type": "Sort", "Parent Relationship": "Outer", "Parallel Aware": false, "Async Capable": false, "Startup Cost": 70129.99, "Total Cost": 70130.91, "Plan Rows": 368, "Plan Width": 259, "Actual Startup Time": 181.348, "Actual Total Time": 181.523, "Actual Rows": 2531, "Actual Loops": 1, "Sort Key": ["item.i_class"], "Sort Method": "quicksort", "Sort Space Used": 1046, "Sort Space Type": "Memory", "Plans": [{"Node Type": "Aggregate", "Strategy": "Sorted", "Partial Mode": "Finalize", "Parent Relationship": "Outer", "Parallel Aware": false, "Async Capable": false, "Startup Cost": 70064.44, "Total Cost": 70114.31, "Plan Rows": 368, "Plan Width": 259, "Actual Startup Time": 170.282, "Actual Total Time": 178.0, "Actual Rows": 2531, "Actual Loops": 1, "Group Key": ["item.i_item_id", "item.i_item_desc", "item.i_category", "item.i_class", "item.i_current_price"], "Plans": [{"Node Type": "Gather Merge", "Parent Relationship": "Outer", "Parallel Aware": false, "Async Capable": false, "Startup Cost": 70064.44, "Total Cost": 70104.35, "Plan Rows": 306, "Plan Width": 259, "Actual Startup Time": 170.266, "Actual Total Time": 175.676, "Actual Rows": 5010, "Actual Loops": 1, "Workers Planned": 2, "Workers Launched": 2, "Plans": [{"Node Type": "Aggregate", "Strategy": "Sorted", "Partial Mode": "Partial", "Parent Relationship": "Outer", "Parallel Aware": false, "Async Capable": false, "Startup Cost": 69064.42, "Total Cost": 69069.01, "Plan Rows": 153, "Plan Width": 259, "Actual Startup Time": 167.313, "Actual Total Time": 168.683, "Actual Rows": 1670, "Actual Loops": 3, "Group Key": ["item.i_item_id", "item.i_item_desc", "item.i_category", "item.i_class", "item.i_current_price"], "Workers": [], "Plans": [{"Node Type": "Sort", "Parent Relationship": "Outer", "Parallel Aware": false, "Async Capable": false, "Startup Cost": 69064.42, "Total Cost": 69064.8, "Plan Rows": 153, "Plan Width": 233, "Actual Startup Time": 167.283, "Actual Total Time": 167.395, "Actual Rows": 2666, "Actual Loops": 3, "Sort Key": ["item.i_item_id", "item.i_item_desc", "item.i_category", "item.i_class", "item.i_current_price"], "Sort Method": "quicksort", "Sort Space Used": 1137, "Sort Space Type": "Memory", "Workers": [{"Worker Number": 0, "Sort Method": "quicksort", "Sort Space Used": 1096, "Sort Space Type": "Memory"}, {"Worker Number": 1, "Sort Method": "quicksort", "Sort Space Used": 1048, "Sort Space Type": "Memory"}], "Plans": [{"Node Type": "Nested Loop", "Parent Relationship": "Outer", "Parallel Aware": false, "Async Capable": false, "Join Type": "Inner", "Startup Cost": 2050.08, "Total Cost": 69058.87, "Plan Rows": 153, "Plan Width": 233, "Actual Startup Time": 1.657, "Actual Total Time": 151.524, "Actual Rows": 2666, "Actual Loops": 3, "Inner Unique": true, "Workers": [], "Plans": [{"Node Type": "Hash Join", "Parent Relationship": "Outer", "Parallel Aware": true, "Async Capable": false, "Join Type": "Inner", "Startup Cost": 2049.79, "Total Cost": 68898.01, "Plan Rows": 518, "Plan Width": 10, "Actual Startup Time": 1.621, "Actual Total Time": 133.393, "Actual Rows": 8966, "Actual Loops": 3, "Inner Unique": true, "Hash Cond": "(store_sales.ss_sold_date_sk = date_dim.d_date_sk)", "Workers": [], "Plans": [{"Node Type": "Seq Scan", "Parent Relationship": "Outer", "Parallel Aware": true, "Async Capable": false, "Relation Name": "store_sales", "Alias": "store_sales", "Startup Cost": 0.0, "Total Cost": 63697.62, "Plan Rows": 1200162, "Plan Width": 14, "Actual Startup Time": 0.035, "Actual Total Time": 77.374, "Actual Rows": 960135, "Actual Loops": 3, "Workers": []}, {"Node Type": "Hash", "Parent Relationship": "Inner", "Parallel Aware": true, "Async Capable": false, "Startup Cost": 2049.55, "Total Cost": 2049.55, "Plan Rows": 19, "Plan Width": 4, "Actual Startup Time": 1.391, "Actual Total Time": 1.391, "Actual Rows": 10, "Actual Loops": 3, "Hash Buckets": 1024, "Original Hash Buckets": 1024, "Hash Batches": 1, "Original Hash Batches": 1, "Peak Memory Usage": 40, "Workers": [], "Plans": [{"Node Type": "Seq Scan", "Parent Relationship": "Outer", "Parallel Aware": true, "Async Capable": false, "Relation Name": "date_dim", "Alias": "date_dim", "Startup Cost": 0.0, "Total Cost": 2049.55, "Plan Rows": 19, "Plan Width": 4, "Actual Startup Time": 0.944, "Actual Total Time": 1.372, "Actual Rows": 10, "Actual Loops": 3, "Filter": "((d_date >= '1999-02-05'::date) AND (d_date <= '1999-03-07 00:00:00'::timestamp without time zone))", "Rows Removed by Filter": 24339, "Workers": []}]}]}, {"Node Type": "Index Scan", "Parent Relationship": "Inner", "Parallel Aware": false, "Async Capable": false, "Scan Direction": "Forward", "Index Name": "item_pkey", "Relation Name": "item", "Alias": "item", "Startup Cost": 0.29, "Total Cost": 0.31, "Plan Rows": 1, "Plan Width": 231, "Actual Startup Time": 0.002, "Actual Total Time": 0.002, "Actual Rows": 0, "Actual Loops": 26898, "Index Cond": "(i_item_sk = store_sales.ss_item_sk)", "Rows Removed by Index Recheck": 0, "Filter": "(i_category = ANY ('{Men,Sports,Jewelry}'::bpchar[]))", "Rows Removed by Filter": 1, "Workers": []}]}]}]}]}]}]}]}]}, "Planning Time": 0.194, "Triggers": [], "Execution Time": 194.462}]