[{"Plan": {"Node Type": "Limit", "Parallel Aware": false, "Async Capable": false, "Startup Cost": 48264.77, "Total Cost": 48474.82, "Plan Rows": 72, "Plan Width": 115, "Actual Startup Time": 252.605, "Actual Total Time": 294.316, "Actual Rows": 90, "Actual Loops": 1, "Plans": [{"Node Type": "Aggregate", "Strategy": "Sorted", "Partial Mode": "Finalize", "Parent Relationship": "Outer", "Parallel Aware": false, "Async Capable": false, "Startup Cost": 48264.77, "Total Cost": 48474.82, "Plan Rows": 72, "Plan Width": 115, "Actual Startup Time": 252.604, "Actual Total Time": 294.308, "Actual Rows": 90, "Actual Loops": 1, "Group Key": ["(substr((warehouse.w_warehouse_name)::text, 1, 20))", "ship_mode.sm_type", "call_center.cc_name"], "Plans": [{"Node Type": "Gather Merge", "Parent Relationship": "Outer", "Parallel Aware": false, "Async Capable": false, "Startup Cost": 48264.77, "Total Cost": 48471.04, "Plan Rows": 144, "Plan Width": 115, "Actual Startup Time": 252.106, "Actual Total Time": 294.234, "Actual Rows": 270, "Actual Loops": 1, "Workers Planned": 2, "Workers Launched": 2, "Plans": [{"Node Type": "Aggregate", "Strategy": "Sorted", "Partial Mode": "Partial", "Parent Relationship": "Outer", "Parallel Aware": false, "Async Capable": false, "Startup Cost": 47264.75, "Total Cost": 47454.4, "Plan Rows": 72, "Plan Width": 115, "Actual Startup Time": 249.781, "Actual Total Time": 285.398, "Actual Rows": 90, "Actual Loops": 3, "Group Key": ["(substr((warehouse.w_warehouse_name)::text, 1, 20))", "ship_mode.sm_type", "call_center.cc_name"], "Workers": [], "Plans": [{"Node Type": "Sort", "Parent Relationship": "Outer", "Parallel Aware": false, "Async Capable": false, "Startup Cost": 47264.75, "Total Cost": 47272.3, "Plan Rows": 3020, "Plan Width": 83, "Actual Startup Time": 249.288, "Actual Total Time": 267.354, "Actual Rows": 95348, "Actual Loops": 3, "Sort Key": ["(substr((warehouse.w_warehouse_name)::text, 1, 20))", "ship_mode.sm_type", "call_center.cc_name"], "Sort Method": "external merge", "Sort Space Used": 7320, "Sort Space Type": "Disk", "Workers": [{"Worker Number": 0, "Sort Method": "external merge", "Sort Space Used": 7200, "Sort Space Type": "Disk"}, {"Worker Number": 1, "Sort Method": "external merge", "Sort Space Used": 7200, "Sort Space Type": "Disk"}], "Plans": [{"Node Type": "Hash Join", "Parent Relationship": "Outer", "Parallel Aware": false, "Async Capable": false, "Join Type": "Inner", "Startup Cost": 2056.01, "Total Cost": 47090.19, "Plan Rows": 3020, "Plan Width": 83, "Actual Startup Time": 24.614, "Actual Total Time": 121.728, "Actual Rows": 95348, "Actual Loops": 3, "Inner Unique": true, "Hash Cond": "(catalog_sales.cs_warehouse_sk = warehouse.w_warehouse_sk)", "Workers": [], "Plans": [{"Node Type": "Hash Join", "Parent Relationship": "Outer", "Parallel Aware": false, "Async Capable": false, "Join Type": "Inner", "Startup Cost": 2054.9, "Total Cost": 47066.84, "Plan Rows": 3035, "Plan Width": 55, "Actual Startup Time": 24.574, "Actual Total Time": 109.068, "Actual Rows": 95402, "Actual Loops": 3, "Inner Unique": true, "Hash Cond": "(catalog_sales.cs_call_center_sk = call_center.cc_call_center_sk)", "Workers": [], "Plans": [{"Node Type": "Hash Join", "Parent Relationship": "Outer", "Parallel Aware": false, "Async Capable": false, "Join Type": "Inner", "Startup Cost": 2053.76, "Total Cost": 47052.06, "Plan Rows": 3052, "Plan Width": 47, "Actual Startup Time": 24.553, "Actual Total Time": 102.038, "Actual Rows": 95515, "Actual Loops": 3, "Inner Unique": true, "Hash Cond": "(catalog_sales.cs_ship_mode_sk = ship_mode.sm_ship_mode_sk)", "Workers": [], "Plans": [{"Node Type": "Hash Join", "Parent Relationship": "Outer", "Parallel Aware": true, "Async Capable": false, "Join Type": "Inner", "Startup Cost": 2052.31, "Total Cost": 47040.86, "Plan Rows": 3068, "Plan Width": 20, "Actual Startup Time": 24.533, "Actual Total Time": 94.905, "Actual Rows": 95741, "Actual Loops": 3, "Inner Unique": true, "Hash Cond": "(catalog_sales.cs_ship_date_sk = date_dim.d_date_sk)", "Workers": [], "Plans": [{"Node Type": "Seq Scan", "Parent Relationship": "Outer", "Parallel Aware": true, "Async Capable": false, "Relation Name": "catalog_sales", "Alias": "catalog_sales", "Startup Cost": 0.0, "Total Cost": 43411.7, "Plan Rows": 600670, "Plan Width": 20, "Actual Startup Time": 0.023, "Actual Total Time": 49.929, "Actual Rows": 480516, "Actual Loops": 3, "Workers": []}, {"Node Type": "Hash", "Parent Relationship": "Inner", "Parallel Aware": true, "Async Capable": false, "Startup Cost": 2049.55, "Total Cost": 2049.55, "Plan Rows": 221, "Plan Width": 4, "Actual Startup Time": 1.482, "Actual Total Time": 1.482, "Actual Rows": 122, "Actual Loops": 3, "Hash Buckets": 1024, "Original Hash Buckets": 1024, "Hash Batches": 1, "Original Hash Batches": 1, "Peak Memory Usage": 40, "Workers": [], "Plans": [{"Node Type": "Seq Scan", "Parent Relationship": "Outer", "Parallel Aware": true, "Async Capable": false, "Relation Name": "date_dim", "Alias": "date_dim", "Startup Cost": 0.0, "Total Cost": 2049.55, "Plan Rows": 221, "Plan Width": 4, "Actual Startup Time": 1.037, "Actual Total Time": 1.458, "Actual Rows": 122, "Actual Loops": 3, "Filter": "((d_month_seq >= 1194) AND (d_month_seq <= 1205))", "Rows Removed by Filter": 24228, "Workers": []}]}]}, {"Node Type": "Hash", "Parent Relationship": "Inner", "Parallel Aware": false, "Async Capable": false, "Startup Cost": 1.2, "Total Cost": 1.2, "Plan Rows": 20, "Plan Width": 35, "Actual Startup Time": 0.017, "Actual Total Time": 0.017, "Actual Rows": 20, "Actual Loops": 3, "Hash Buckets": 1024, "Original Hash Buckets": 1024, "Hash Batches": 1, "Original Hash Batches": 1, "Peak Memory Usage": 10, "Workers": [], "Plans": [{"Node Type": "Seq Scan", "Parent Relationship": "Outer", "Parallel Aware": false, "Async Capable": false, "Relation Name": "ship_mode", "Alias": "ship_mode", "Startup Cost": 0.0, "Total Cost": 1.2, "Plan Rows": 20, "Plan Width": 35, "Actual Startup Time": 0.013, "Actual Total Time": 0.015, "Actual Rows": 20, "Actual Loops": 3, "Workers": []}]}]}, {"Node Type": "Hash", "Parent Relationship": "Inner", "Parallel Aware": false, "Async Capable": false, "Startup Cost": 1.06, "Total Cost": 1.06, "Plan Rows": 6, "Plan Width": 16, "Actual Startup Time": 0.017, "Actual Total Time": 0.017, "Actual Rows": 6, "Actual Loops": 3, "Hash Buckets": 1024, "Original Hash Buckets": 1024, "Hash Batches": 1, "Original Hash Batches": 1, "Peak Memory Usage": 9, "Workers": [], "Plans": [{"Node Type": "Seq Scan", "Parent Relationship": "Outer", "Parallel Aware": false, "Async Capable": false, "Relation Name": "call_center", "Alias": "call_center", "Startup Cost": 0.0, "Total Cost": 1.06, "Plan Rows": 6, "Plan Width": 16, "Actual Startup Time": 0.015, "Actual Total Time": 0.016, "Actual Rows": 6, "Actual Loops": 3, "Workers": []}]}]}, {"Node Type": "Hash", "Parent Relationship": "Inner", "Parallel Aware": false, "Async Capable": false, "Startup Cost": 1.05, "Total Cost": 1.05, "Plan Rows": 5, "Plan Width": 22, "Actual Startup Time": 0.023, "Actual Total Time": 0.023, "Actual Rows": 5, "Actual Loops": 3, "Hash Buckets": 1024, "Original Hash Buckets": 1024, "Hash Batches": 1, "Original Hash Batches": 1, "Peak Memory Usage": 9, "Workers": [], "Plans": [{"Node Type": "Seq Scan", "Parent Relationship": "Outer", "Parallel Aware": false, "Async Capable": false, "Relation Name": "warehouse", "Alias": "warehouse", "Startup Cost": 0.0, "Total Cost": 1.05, "Plan Rows": 5, "Plan Width": 22, "Actual Startup Time": 0.019, "Actual Total Time": 0.02, "Actual Rows": 5, "Actual Loops": 3, "Workers": []}]}]}]}]}]}]}]}, "Planning Time": 0.391, "Triggers": [], "Execution Time": 295.635}]